# JRE version: Java(TM) SE Runtime Environment (8.0_91-b15) (build 1.8.0_91-b15)
# Java VM: Java HotSpot(TM) 64-Bit Server VM (25.91-b15 mixed mode windows-amd64 compressed oops)
Heap:
 PSYoungGen      total 75776K, used 46453K [0x000000076b580000, 0x0000000770a00000, 0x00000007c0000000)
  eden space 65024K, 54% used [0x000000076b580000,0x000000076d860320,0x000000076f500000)
  from space 10752K, 99% used [0x000000076ff80000,0x00000007709fd398,0x0000000770a00000)
  to   space 10752K, 0% used [0x000000076f500000,0x000000076f500000,0x000000076ff80000)
 ParOldGen       total 173568K, used 88317K [0x00000006c2000000, 0x00000006cc980000, 0x000000076b580000)
  object space 173568K, 50% used [0x00000006c2000000,0x00000006c763f700,0x00000006cc980000)
 Metaspace       used 12502K, capacity 12732K, committed 13056K, reserved 1060864K
  class space    used 1372K, capacity 1440K, committed 1536K, reserved 1048576K
GC Heap History (8 events):
Event: 1.378 GC heap before
{Heap before GC invocations=1 (full 0):
 PSYoungGen      total 75776K, used 65024K [0x000000076b580000, 0x0000000770a00000, 0x00000007c0000000)
  eden space 65024K, 100% used [0x000000076b580000,0x000000076f500000,0x000000076f500000)
  from space 10752K, 0% used [0x000000076ff80000,0x000000076ff80000,0x0000000770a00000)
  to   space 10752K, 0% used [0x000000076f500000,0x000000076f500000,0x000000076ff80000)
 ParOldGen       total 173568K, used 1K [0x00000006c2000000, 0x00000006cc980000, 0x000000076b580000)
  object space 173568K, 0% used [0x00000006c2000000,0x00000006c2000508,0x00000006cc980000)
 Metaspace       used 12194K, capacity 12340K, committed 12544K, reserved 1060864K
  class space    used 1369K, capacity 1440K, committed 1536K, reserved 1048576K
Event: 1.387 GC heap after
Heap after GC invocations=1 (full 0):
 PSYoungGen      total 75776K, used 10730K [0x000000076b580000, 0x0000000770a00000, 0x00000007c0000000)
  eden space 65024K, 0% used [0x000000076b580000,0x000000076b580000,0x000000076f500000)
  from space 10752K, 99% used [0x000000076f500000,0x000000076ff7a9e8,0x000000076ff80000)
  to   space 10752K, 0% used [0x000000076ff80000,0x000000076ff80000,0x0000000770a00000)
 ParOldGen       total 173568K, used 11804K [0x00000006c2000000, 0x00000006cc980000, 0x000000076b580000)
  object space 173568K, 6% used [0x00000006c2000000,0x00000006c2b871e8,0x00000006cc980000)
 Metaspace       used 12194K, capacity 12340K, committed 12544K, reserved 1060864K
  class space    used 1369K, capacity 1440K, committed 1536K, reserved 1048576K
}
Event: 2.465 GC heap before
{Heap before GC invocations=2 (full 0):
 PSYoungGen      total 75776K, used 75754K [0x000000076b580000, 0x0000000770a00000, 0x00000007c0000000)
  eden space 65024K, 100% used [0x000000076b580000,0x000000076f500000,0x000000076f500000)
  from space 10752K, 99% used [0x000000076f500000,0x000000076ff7a9e8,0x000000076ff80000)
  to   space 10752K, 0% used [0x000000076ff80000,0x000000076ff80000,0x0000000770a00000)
 ParOldGen       total 173568K, used 11879K [0x00000006c2000000, 0x00000006cc980000, 0x000000076b580000)
  object space 173568K, 6% used [0x00000006c2000000,0x00000006c2b99d70,0x00000006cc980000)
 Metaspace       used 12297K, capacity 12532K, committed 12800K, reserved 1060864K
  class space    used 1369K, capacity 1440K, committed 1536K, reserved 1048576K
Event: 2.473 GC heap after
Heap after GC invocations=2 (full 0):
 PSYoungGen      total 75776K, used 10743K [0x000000076b580000, 0x0000000770a00000, 0x00000007c0000000)
  eden space 65024K, 0% used [0x000000076b580000,0x000000076b580000,0x000000076f500000)
  from space 10752K, 99% used [0x000000076ff80000,0x00000007709fdea8,0x0000000770a00000)
  to   space 10752K, 0% used [0x000000076f500000,0x000000076f500000,0x000000076ff80000)
 ParOldGen       total 173568K, used 37122K [0x00000006c2000000, 0x00000006cc980000, 0x000000076b580000)
  object space 173568K, 21% used [0x00000006c2000000,0x00000006c44408f0,0x00000006cc980000)
 Metaspace       used 12297K, capacity 12532K, committed 12800K, reserved 1060864K
  class space    used 1369K, capacity 1440K, committed 1536K, reserved 1048576K
}
Event: 4.421 GC heap before
{Heap before GC invocations=3 (full 0):
 PSYoungGen      total 75776K, used 75767K [0x000000076b580000, 0x0000000770a00000, 0x00000007c0000000)
  eden space 65024K, 100% used [0x000000076b580000,0x000000076f500000,0x000000076f500000)
  from space 10752K, 99% used [0x000000076ff80000,0x00000007709fdea8,0x0000000770a00000)
  to   space 10752K, 0% used [0x000000076f500000,0x000000076f500000,0x000000076ff80000)
 ParOldGen       total 173568K, used 37201K [0x00000006c2000000, 0x00000006cc980000, 0x000000076b580000)
  object space 173568K, 21% used [0x00000006c2000000,0x00000006c4454490,0x00000006cc980000)
 Metaspace       used 12411K, capacity 12604K, committed 12800K, reserved 1060864K
  class space    used 1370K, capacity 1440K, committed 1536K, reserved 1048576K
Event: 4.428 GC heap after
Heap after GC invocations=3 (full 0):
 PSYoungGen      total 75776K, used 10724K [0x000000076b580000, 0x0000000770a00000, 0x00000007c0000000)
  eden space 65024K, 0% used [0x000000076b580000,0x000000076b580000,0x000000076f500000)
  from space 10752K, 99% used [0x000000076f500000,0x000000076ff79388,0x000000076ff80000)
  to   space 10752K, 0% used [0x000000076ff80000,0x000000076ff80000,0x0000000770a00000)
 ParOldGen       total 173568K, used 65128K [0x00000006c2000000, 0x00000006cc980000, 0x000000076b580000)
  object space 173568K, 37% used [0x00000006c2000000,0x00000006c5f9a230,0x00000006cc980000)
 Metaspace       used 12411K, capacity 12604K, committed 12800K, reserved 1060864K
  class space    used 1370K, capacity 1440K, committed 1536K, reserved 1048576K
}
Event: 7.174 GC heap before
{Heap before GC invocations=4 (full 0):
 PSYoungGen      total 75776K, used 75748K [0x000000076b580000, 0x0000000770a00000, 0x00000007c0000000)
  eden space 65024K, 100% used [0x000000076b580000,0x000000076f500000,0x000000076f500000)
  from space 10752K, 99% used [0x000000076f500000,0x000000076ff79388,0x000000076ff80000)
  to   space 10752K, 0% used [0x000000076ff80000,0x000000076ff80000,0x0000000770a00000)
 ParOldGen       total 173568K, used 65212K [0x00000006c2000000, 0x00000006cc980000, 0x000000076b580000)
  object space 173568K, 37% used [0x00000006c2000000,0x00000006c5faf3e0,0x00000006cc980000)
 Metaspace       used 12455K, capacity 12668K, committed 12800K, reserved 1060864K
  class space    used 1370K, capacity 1440K, committed 1536K, reserved 1048576K
Event: 7.181 GC heap after
Heap after GC invocations=4 (full 0):
 PSYoungGen      total 75776K, used 10740K [0x000000076b580000, 0x0000000770a00000, 0x00000007c0000000)
  eden space 65024K, 0% used [0x000000076b580000,0x000000076b580000,0x000000076f500000)
  from space 10752K, 99% used [0x000000076ff80000,0x00000007709fd398,0x0000000770a00000)
  to   space 10752K, 0% used [0x000000076f500000,0x000000076f500000,0x000000076ff80000)
 ParOldGen       total 173568K, used 88317K [0x00000006c2000000, 0x00000006cc980000, 0x000000076b580000)
  object space 173568K, 50% used [0x00000006c2000000,0x00000006c763f700,0x00000006cc980000)
 Metaspace       used 12455K, capacity 12668K, committed 12800K, reserved 1060864K
  class space    used 1370K, capacity 1440K, committed 1536K, reserved 1048576K
}

