# JRE version: Java(TM) SE Runtime Environment (8.0_91-b15) (build 1.8.0_91-b15)
# Java VM: Java HotSpot(TM) 64-Bit Server VM (25.91-b15 mixed mode windows-amd64 compressed oops)
Heap:
 PSYoungGen      total 897024K, used 736796K [0x000000076b580000, 0x00000007b8580000, 0x00000007c0000000)
  eden space 611840K, 81% used [0x000000076b580000,0x0000000789c0fad0,0x0000000790b00000)
  from space 285184K, 83% used [0x00000007a3b80000,0x00000007b24775a0,0x00000007b5200000)
  to   space 311808K, 0% used [0x0000000790b00000,0x0000000790b00000,0x00000007a3b80000)
 ParOldGen       total 1447424K, used 1118332K [0x00000006c2000000, 0x000000071a580000, 0x000000076b580000)
  object space 1447424K, 77% used [0x00000006c2000000,0x000000070641f1e8,0x000000071a580000)
 Metaspace       used 12682K, capacity 12860K, committed 13056K, reserved 1060864K
  class space    used 1378K, capacity 1440K, committed 1536K, reserved 1048576K
GC Heap History (10 events):
Event: 9.997 GC heap before
{Heap before GC invocations=15 (full 4):
 PSYoungGen      total 650752K, used 145266K [0x000000076b580000, 0x00000007ab400000, 0x00000007c0000000)
  eden space 383488K, 0% used [0x000000076b580000,0x000000076b580000,0x0000000782c00000)
  from space 267264K, 54% used [0x0000000782c00000,0x000000078b9dca80,0x0000000793100000)
  to   space 266240K, 0% used [0x000000079b000000,0x000000079b000000,0x00000007ab400000)
 ParOldGen       total 726528K, used 629597K [0x00000006c2000000, 0x00000006ee580000, 0x000000076b580000)
  object space 726528K, 86% used [0x00000006c2000000,0x00000006e86d7680,0x00000006ee580000)
 Metaspace       used 12539K, capacity 12732K, committed 13056K, reserved 1060864K
  class space    used 1378K, capacity 1440K, committed 1536K, reserved 1048576K
Event: 10.068 GC heap after
Heap after GC invocations=15 (full 4):
 PSYoungGen      total 650752K, used 43946K [0x000000076b580000, 0x00000007ab400000, 0x00000007c0000000)
  eden space 383488K, 0% used [0x000000076b580000,0x000000076b580000,0x0000000782c00000)
  from space 267264K, 16% used [0x0000000782c00000,0x00000007856eabd0,0x0000000793100000)
  to   space 266240K, 0% used [0x000000079b000000,0x000000079b000000,0x00000007ab400000)
 ParOldGen       total 1055232K, used 725933K [0x00000006c2000000, 0x0000000702680000, 0x000000076b580000)
  object space 1055232K, 68% used [0x00000006c2000000,0x00000006ee4eb5d0,0x0000000702680000)
 Metaspace       used 12539K, capacity 12732K, committed 13056K, reserved 1060864K
  class space    used 1378K, capacity 1440K, committed 1536K, reserved 1048576K
}
Event: 11.685 GC heap before
{Heap before GC invocations=16 (full 4):
 PSYoungGen      total 650752K, used 427434K [0x000000076b580000, 0x00000007ab400000, 0x00000007c0000000)
  eden space 383488K, 100% used [0x000000076b580000,0x0000000782c00000,0x0000000782c00000)
  from space 267264K, 16% used [0x0000000782c00000,0x00000007856eabd0,0x0000000793100000)
  to   space 266240K, 0% used [0x000000079b000000,0x000000079b000000,0x00000007ab400000)
 ParOldGen       total 1055232K, used 725933K [0x00000006c2000000, 0x0000000702680000, 0x000000076b580000)
  object space 1055232K, 68% used [0x00000006c2000000,0x00000006ee4eb5d0,0x0000000702680000)
 Metaspace       used 12624K, capacity 12796K, committed 13056K, reserved 1060864K
  class space    used 1378K, capacity 1440K, committed 1536K, reserved 1048576K
Event: 11.715 GC heap after
Heap after GC invocations=16 (full 4):
 PSYoungGen      total 755200K, used 170133K [0x000000076b580000, 0x00000007aae00000, 0x00000007c0000000)
  eden space 495104K, 0% used [0x000000076b580000,0x000000076b580000,0x0000000789900000)
  from space 260096K, 65% used [0x000000079b000000,0x00000007a5625600,0x00000007aae00000)
  to   space 272896K, 0% used [0x0000000789900000,0x0000000789900000,0x000000079a380000)
 ParOldGen       total 1055232K, used 779732K [0x00000006c2000000, 0x0000000702680000, 0x000000076b580000)
  object space 1055232K, 73% used [0x00000006c2000000,0x00000006f1975270,0x0000000702680000)
 Metaspace       used 12624K, capacity 12796K, committed 13056K, reserved 1060864K
  class space    used 1378K, capacity 1440K, committed 1536K, reserved 1048576K
}
Event: 13.782 GC heap before
{Heap before GC invocations=17 (full 4):
 PSYoungGen      total 755200K, used 665237K [0x000000076b580000, 0x00000007aae00000, 0x00000007c0000000)
  eden space 495104K, 100% used [0x000000076b580000,0x0000000789900000,0x0000000789900000)
  from space 260096K, 65% used [0x000000079b000000,0x00000007a5625600,0x00000007aae00000)
  to   space 272896K, 0% used [0x0000000789900000,0x0000000789900000,0x000000079a380000)
 ParOldGen       total 1055232K, used 779732K [0x00000006c2000000, 0x0000000702680000, 0x000000076b580000)
  object space 1055232K, 73% used [0x00000006c2000000,0x00000006f1975270,0x0000000702680000)
 Metaspace       used 12626K, capacity 12796K, committed 13056K, reserved 1060864K
  class space    used 1378K, capacity 1440K, committed 1536K, reserved 1048576K
Event: 13.828 GC heap after
Heap after GC invocations=17 (full 4):
 PSYoungGen      total 768000K, used 191492K [0x000000076b580000, 0x00000007b5200000, 0x00000007c0000000)
  eden space 495104K, 0% used [0x000000076b580000,0x000000076b580000,0x0000000789900000)
  from space 272896K, 70% used [0x0000000789900000,0x00000007954011e0,0x000000079a380000)
  to   space 285184K, 0% used [0x00000007a3b80000,0x00000007a3b80000,0x00000007b5200000)
 ParOldGen       total 1055232K, used 928507K [0x00000006c2000000, 0x0000000702680000, 0x000000076b580000)
  object space 1055232K, 87% used [0x00000006c2000000,0x00000006faabedc0,0x0000000702680000)
 Metaspace       used 12626K, capacity 12796K, committed 13056K, reserved 1060864K
  class space    used 1378K, capacity 1440K, committed 1536K, reserved 1048576K
}
Event: 13.829 GC heap before
{Heap before GC invocations=18 (full 5):
 PSYoungGen      total 768000K, used 191492K [0x000000076b580000, 0x00000007b5200000, 0x00000007c0000000)
  eden space 495104K, 0% used [0x000000076b580000,0x000000076b580000,0x0000000789900000)
  from space 272896K, 70% used [0x0000000789900000,0x00000007954011e0,0x000000079a380000)
  to   space 285184K, 0% used [0x00000007a3b80000,0x00000007a3b80000,0x00000007b5200000)
 ParOldGen       total 1055232K, used 928507K [0x00000006c2000000, 0x0000000702680000, 0x000000076b580000)
  object space 1055232K, 87% used [0x00000006c2000000,0x00000006faabedc0,0x0000000702680000)
 Metaspace       used 12626K, capacity 12796K, committed 13056K, reserved 1060864K
  class space    used 1378K, capacity 1440K, committed 1536K, reserved 1048576K
Event: 13.918 GC heap after
Heap after GC invocations=18 (full 5):
 PSYoungGen      total 768000K, used 54213K [0x000000076b580000, 0x00000007b5200000, 0x00000007c0000000)
  eden space 495104K, 0% used [0x000000076b580000,0x000000076b580000,0x0000000789900000)
  from space 272896K, 19% used [0x0000000789900000,0x000000078cdf15c8,0x000000079a380000)
  to   space 285184K, 0% used [0x00000007a3b80000,0x00000007a3b80000,0x00000007b5200000)
 ParOldGen       total 1447424K, used 1054648K [0x00000006c2000000, 0x000000071a580000, 0x000000076b580000)
  object space 1447424K, 72% used [0x00000006c2000000,0x00000007025ee1a8,0x000000071a580000)
 Metaspace       used 12626K, capacity 12796K, committed 13056K, reserved 1060864K
  class space    used 1378K, capacity 1440K, committed 1536K, reserved 1048576K
}
Event: 16.018 GC heap before
{Heap before GC invocations=19 (full 5):
 PSYoungGen      total 768000K, used 549317K [0x000000076b580000, 0x00000007b5200000, 0x00000007c0000000)
  eden space 495104K, 100% used [0x000000076b580000,0x0000000789900000,0x0000000789900000)
  from space 272896K, 19% used [0x0000000789900000,0x000000078cdf15c8,0x000000079a380000)
  to   space 285184K, 0% used [0x00000007a3b80000,0x00000007a3b80000,0x00000007b5200000)
 ParOldGen       total 1447424K, used 1054648K [0x00000006c2000000, 0x000000071a580000, 0x000000076b580000)
  object space 1447424K, 72% used [0x00000006c2000000,0x00000007025ee1a8,0x000000071a580000)
 Metaspace       used 12677K, capacity 12860K, committed 13056K, reserved 1060864K
  class space    used 1378K, capacity 1440K, committed 1536K, reserved 1048576K
Event: 16.064 GC heap after
Heap after GC invocations=19 (full 5):
 PSYoungGen      total 897024K, used 238557K [0x000000076b580000, 0x00000007b8580000, 0x00000007c0000000)
  eden space 611840K, 0% used [0x000000076b580000,0x000000076b580000,0x0000000790b00000)
  from space 285184K, 83% used [0x00000007a3b80000,0x00000007b24775a0,0x00000007b5200000)
  to   space 311808K, 0% used [0x0000000790b00000,0x0000000790b00000,0x00000007a3b80000)
 ParOldGen       total 1447424K, used 1118332K [0x00000006c2000000, 0x000000071a580000, 0x000000076b580000)
  object space 1447424K, 77% used [0x00000006c2000000,0x000000070641f1e8,0x000000071a580000)
 Metaspace       used 12677K, capacity 12860K, committed 13056K, reserved 1060864K
  class space    used 1378K, capacity 1440K, committed 1536K, reserved 1048576K
}

