# JRE version: Java(TM) SE Runtime Environment (8.0_91-b15) (build 1.8.0_91-b15)
# Java VM: Java HotSpot(TM) 64-Bit Server VM (25.91-b15 mixed mode windows-amd64 compressed oops)
Heap:
 PSYoungGen      total 1302016K, used 470923K [0x000000076b580000, 0x00000007c0000000, 0x00000007c0000000)
  eden space 1226240K, 34% used [0x000000076b580000,0x0000000784cbac60,0x00000007b6300000)
  from space 75776K, 71% used [0x00000007bb600000,0x00000007beaa8000,0x00000007c0000000)
  to   space 80384K, 0% used [0x00000007b6300000,0x00000007b6300000,0x00000007bb180000)
 ParOldGen       total 173568K, used 97926K [0x00000006c2000000, 0x00000006cc980000, 0x000000076b580000)
  object space 173568K, 56% used [0x00000006c2000000,0x00000006c7fa1870,0x00000006cc980000)
 Metaspace       used 10873K, capacity 11064K, committed 11392K, reserved 1058816K
  class space    used 1222K, capacity 1315K, committed 1408K, reserved 1048576K
GC Heap History (10 events):
Event: 12.272 GC heap before
{Heap before GC invocations=12 (full 0):
 PSYoungGen      total 845824K, used 845824K [0x000000076b580000, 0x00000007bff80000, 0x00000007c0000000)
  eden space 814080K, 100% used [0x000000076b580000,0x000000079d080000,0x000000079d080000)
  from space 31744K, 100% used [0x000000079d080000,0x000000079ef80000,0x000000079ef80000)
  to   space 41984K, 0% used [0x00000007bd680000,0x00000007bd680000,0x00000007bff80000)
 ParOldGen       total 173568K, used 50574K [0x00000006c2000000, 0x00000006cc980000, 0x000000076b580000)
  object space 173568K, 29% used [0x00000006c2000000,0x00000006c5163870,0x00000006cc980000)
 Metaspace       used 10851K, capacity 11032K, committed 11392K, reserved 1058816K
  class space    used 1219K, capacity 1283K, committed 1408K, reserved 1048576K
Event: 12.369 GC heap after
Heap after GC invocations=12 (full 0):
 PSYoungGen      total 1335808K, used 35264K [0x000000076b580000, 0x00000007c0000000, 0x00000007c0000000)
  eden space 1293824K, 0% used [0x000000076b580000,0x000000076b580000,0x00000007ba500000)
  from space 41984K, 83% used [0x00000007bd680000,0x00000007bf8f0000,0x00000007bff80000)
  to   space 46592K, 0% used [0x00000007ba500000,0x00000007ba500000,0x00000007bd280000)
 ParOldGen       total 173568K, used 56086K [0x00000006c2000000, 0x00000006cc980000, 0x000000076b580000)
  object space 173568K, 32% used [0x00000006c2000000,0x00000006c56c5870,0x00000006cc980000)
 Metaspace       used 10851K, capacity 11032K, committed 11392K, reserved 1058816K
  class space    used 1219K, capacity 1283K, committed 1408K, reserved 1048576K
}
Event: 16.139 GC heap before
{Heap before GC invocations=13 (full 0):
 PSYoungGen      total 1335808K, used 1329088K [0x000000076b580000, 0x00000007c0000000, 0x00000007c0000000)
  eden space 1293824K, 100% used [0x000000076b580000,0x00000007ba500000,0x00000007ba500000)
  from space 41984K, 83% used [0x00000007bd680000,0x00000007bf8f0000,0x00000007bff80000)
  to   space 46592K, 0% used [0x00000007ba500000,0x00000007ba500000,0x00000007bd280000)
 ParOldGen       total 173568K, used 56086K [0x00000006c2000000, 0x00000006cc980000, 0x000000076b580000)
  object space 173568K, 32% used [0x00000006c2000000,0x00000006c56c5870,0x00000006cc980000)
 Metaspace       used 10851K, capacity 11032K, committed 11392K, reserved 1058816K
  class space    used 1219K, capacity 1283K, committed 1408K, reserved 1048576K
Event: 16.290 GC heap after
Heap after GC invocations=13 (full 0):
 PSYoungGen      total 1340416K, used 46592K [0x000000076b580000, 0x00000007c0000000, 0x00000007c0000000)
  eden space 1293824K, 0% used [0x000000076b580000,0x000000076b580000,0x00000007ba500000)
  from space 46592K, 100% used [0x00000007ba500000,0x00000007bd280000,0x00000007bd280000)
  to   space 46592K, 0% used [0x00000007bd280000,0x00000007bd280000,0x00000007c0000000)
 ParOldGen       total 173568K, used 65454K [0x00000006c2000000, 0x00000006cc980000, 0x000000076b580000)
  object space 173568K, 37% used [0x00000006c2000000,0x00000006c5feb870,0x00000006cc980000)
 Metaspace       used 10851K, capacity 11032K, committed 11392K, reserved 1058816K
  class space    used 1219K, capacity 1283K, committed 1408K, reserved 1048576K
}
Event: 20.235 GC heap before
{Heap before GC invocations=14 (full 0):
 PSYoungGen      total 1340416K, used 1340416K [0x000000076b580000, 0x00000007c0000000, 0x00000007c0000000)
  eden space 1293824K, 100% used [0x000000076b580000,0x00000007ba500000,0x00000007ba500000)
  from space 46592K, 100% used [0x00000007ba500000,0x00000007bd280000,0x00000007bd280000)
  to   space 46592K, 0% used [0x00000007bd280000,0x00000007bd280000,0x00000007c0000000)
 ParOldGen       total 173568K, used 65454K [0x00000006c2000000, 0x00000006cc980000, 0x000000076b580000)
  object space 173568K, 37% used [0x00000006c2000000,0x00000006c5feb870,0x00000006cc980000)
 Metaspace       used 10851K, capacity 11032K, committed 11392K, reserved 1058816K
  class space    used 1219K, capacity 1283K, committed 1408K, reserved 1048576K
Event: 20.389 GC heap after
Heap after GC invocations=14 (full 0):
 PSYoungGen      total 1293312K, used 46592K [0x000000076b580000, 0x00000007c0000000, 0x00000007c0000000)
  eden space 1246720K, 0% used [0x000000076b580000,0x000000076b580000,0x00000007b7700000)
  from space 46592K, 100% used [0x00000007bd280000,0x00000007c0000000,0x00000007c0000000)
  to   space 70144K, 0% used [0x00000007b7700000,0x00000007b7700000,0x00000007bbb80000)
 ParOldGen       total 173568K, used 84198K [0x00000006c2000000, 0x00000006cc980000, 0x000000076b580000)
  object space 173568K, 48% used [0x00000006c2000000,0x00000006c7239870,0x00000006cc980000)
 Metaspace       used 10851K, capacity 11032K, committed 11392K, reserved 1058816K
  class space    used 1219K, capacity 1283K, committed 1408K, reserved 1048576K
}
Event: 24.117 GC heap before
{Heap before GC invocations=15 (full 0):
 PSYoungGen      total 1293312K, used 1293312K [0x000000076b580000, 0x00000007c0000000, 0x00000007c0000000)
  eden space 1246720K, 100% used [0x000000076b580000,0x00000007b7700000,0x00000007b7700000)
  from space 46592K, 100% used [0x00000007bd280000,0x00000007c0000000,0x00000007c0000000)
  to   space 70144K, 0% used [0x00000007b7700000,0x00000007b7700000,0x00000007bbb80000)
 ParOldGen       total 173568K, used 84198K [0x00000006c2000000, 0x00000006cc980000, 0x000000076b580000)
  object space 173568K, 48% used [0x00000006c2000000,0x00000006c7239870,0x00000006cc980000)
 Metaspace       used 10851K, capacity 11032K, committed 11392K, reserved 1058816K
  class space    used 1219K, capacity 1283K, committed 1408K, reserved 1048576K
Event: 24.257 GC heap after
Heap after GC invocations=15 (full 0):
 PSYoungGen      total 1300992K, used 53888K [0x000000076b580000, 0x00000007c0000000, 0x00000007c0000000)
  eden space 1246720K, 0% used [0x000000076b580000,0x000000076b580000,0x00000007b7700000)
  from space 54272K, 99% used [0x00000007b7700000,0x00000007baba0000,0x00000007bac00000)
  to   space 75776K, 0% used [0x00000007bb600000,0x00000007bb600000,0x00000007c0000000)
 ParOldGen       total 173568K, used 97926K [0x00000006c2000000, 0x00000006cc980000, 0x000000076b580000)
  object space 173568K, 56% used [0x00000006c2000000,0x00000006c7fa1870,0x00000006cc980000)
 Metaspace       used 10851K, capacity 11032K, committed 11392K, reserved 1058816K
  class space    used 1219K, capacity 1283K, committed 1408K, reserved 1048576K
}
Event: 27.700 GC heap before
{Heap before GC invocations=16 (full 0):
 PSYoungGen      total 1300992K, used 1300608K [0x000000076b580000, 0x00000007c0000000, 0x00000007c0000000)
  eden space 1246720K, 100% used [0x000000076b580000,0x00000007b7700000,0x00000007b7700000)
  from space 54272K, 99% used [0x00000007b7700000,0x00000007baba0000,0x00000007bac00000)
  to   space 75776K, 0% used [0x00000007bb600000,0x00000007bb600000,0x00000007c0000000)
 ParOldGen       total 173568K, used 97926K [0x00000006c2000000, 0x00000006cc980000, 0x000000076b580000)
  object space 173568K, 56% used [0x00000006c2000000,0x00000006c7fa1870,0x00000006cc980000)
 Metaspace       used 10851K, capacity 11032K, committed 11392K, reserved 1058816K
  class space    used 1219K, capacity 1283K, committed 1408K, reserved 1048576K
Event: 27.835 GC heap after
Heap after GC invocations=16 (full 0):
 PSYoungGen      total 1302016K, used 53920K [0x000000076b580000, 0x00000007c0000000, 0x00000007c0000000)
  eden space 1226240K, 0% used [0x000000076b580000,0x000000076b580000,0x00000007b6300000)
  from space 75776K, 71% used [0x00000007bb600000,0x00000007beaa8000,0x00000007c0000000)
  to   space 80384K, 0% used [0x00000007b6300000,0x00000007b6300000,0x00000007bb180000)
 ParOldGen       total 173568K, used 97926K [0x00000006c2000000, 0x00000006cc980000, 0x000000076b580000)
  object space 173568K, 56% used [0x00000006c2000000,0x00000006c7fa1870,0x00000006cc980000)
 Metaspace       used 10851K, capacity 11032K, committed 11392K, reserved 1058816K
  class space    used 1219K, capacity 1283K, committed 1408K, reserved 1048576K
}

