# JRE version: Java(TM) SE Runtime Environment (8.0_91-b15) (build 1.8.0_91-b15)
# Java VM: Java HotSpot(TM) 64-Bit Server VM (25.91-b15 mixed mode windows-amd64 compressed oops)
Heap:
 PSYoungGen      total 1317376K, used 1104409K [0x000000076b580000, 0x00000007c0000000, 0x00000007c0000000)
  eden space 1248768K, 85% used [0x000000076b580000,0x00000007ac326410,0x00000007b7900000)
  from space 68608K, 61% used [0x00000007bbd00000,0x00000007be5e0000,0x00000007c0000000)
  to   space 69120K, 0% used [0x00000007b7900000,0x00000007b7900000,0x00000007bbc80000)
 ParOldGen       total 173568K, used 72386K [0x00000006c2000000, 0x00000006cc980000, 0x000000076b580000)
  object space 173568K, 41% used [0x00000006c2000000,0x00000006c66b0880,0x00000006cc980000)
 Metaspace       used 10901K, capacity 11064K, committed 11392K, reserved 1058816K
  class space    used 1223K, capacity 1315K, committed 1408K, reserved 1048576K
GC Heap History (10 events):
Event: 52.392 GC heap before
{Heap before GC invocations=16 (full 0):
 PSYoungGen      total 1322496K, used 1322080K [0x000000076b580000, 0x00000007c0000000, 0x00000007c0000000)
  eden space 1279488K, 100% used [0x000000076b580000,0x00000007b9700000,0x00000007b9700000)
  from space 43008K, 99% used [0x00000007b9700000,0x00000007bc098000,0x00000007bc100000)
  to   space 58880K, 0% used [0x00000007bc680000,0x00000007bc680000,0x00000007c0000000)
 ParOldGen       total 173568K, used 72370K [0x00000006c2000000, 0x00000006cc980000, 0x000000076b580000)
  object space 173568K, 41% used [0x00000006c2000000,0x00000006c66ac880,0x00000006cc980000)
 Metaspace       used 10854K, capacity 11032K, committed 11392K, reserved 1058816K
  class space    used 1220K, capacity 1283K, committed 1408K, reserved 1048576K
Event: 52.509 GC heap after
Heap after GC invocations=16 (full 0):
 PSYoungGen      total 1320960K, used 42752K [0x000000076b580000, 0x00000007c0000000, 0x00000007c0000000)
  eden space 1262080K, 0% used [0x000000076b580000,0x000000076b580000,0x00000007b8600000)
  from space 58880K, 72% used [0x00000007bc680000,0x00000007bf040000,0x00000007c0000000)
  to   space 62464K, 0% used [0x00000007b8600000,0x00000007b8600000,0x00000007bc300000)
 ParOldGen       total 173568K, used 72386K [0x00000006c2000000, 0x00000006cc980000, 0x000000076b580000)
  object space 173568K, 41% used [0x00000006c2000000,0x00000006c66b0880,0x00000006cc980000)
 Metaspace       used 10854K, capacity 11032K, committed 11392K, reserved 1058816K
  class space    used 1220K, capacity 1283K, committed 1408K, reserved 1048576K
}
Event: 59.018 GC heap before
{Heap before GC invocations=17 (full 0):
 PSYoungGen      total 1320960K, used 1304832K [0x000000076b580000, 0x00000007c0000000, 0x00000007c0000000)
  eden space 1262080K, 100% used [0x000000076b580000,0x00000007b8600000,0x00000007b8600000)
  from space 58880K, 72% used [0x00000007bc680000,0x00000007bf040000,0x00000007c0000000)
  to   space 62464K, 0% used [0x00000007b8600000,0x00000007b8600000,0x00000007bc300000)
 ParOldGen       total 173568K, used 72386K [0x00000006c2000000, 0x00000006cc980000, 0x000000076b580000)
  object space 173568K, 41% used [0x00000006c2000000,0x00000006c66b0880,0x00000006cc980000)
 Metaspace       used 10854K, capacity 11032K, committed 11392K, reserved 1058816K
  class space    used 1220K, capacity 1283K, committed 1408K, reserved 1048576K
Event: 59.128 GC heap after
Heap after GC invocations=17 (full 0):
 PSYoungGen      total 1304576K, used 42144K [0x000000076b580000, 0x00000007c0000000, 0x00000007c0000000)
  eden space 1262080K, 0% used [0x000000076b580000,0x000000076b580000,0x00000007b8600000)
  from space 42496K, 99% used [0x00000007b8600000,0x00000007baf28000,0x00000007baf80000)
  to   space 65024K, 0% used [0x00000007bc080000,0x00000007bc080000,0x00000007c0000000)
 ParOldGen       total 173568K, used 72386K [0x00000006c2000000, 0x00000006cc980000, 0x000000076b580000)
  object space 173568K, 41% used [0x00000006c2000000,0x00000006c66b0880,0x00000006cc980000)
 Metaspace       used 10854K, capacity 11032K, committed 11392K, reserved 1058816K
  class space    used 1220K, capacity 1283K, committed 1408K, reserved 1048576K
}
Event: 65.589 GC heap before
{Heap before GC invocations=18 (full 0):
 PSYoungGen      total 1304576K, used 1304224K [0x000000076b580000, 0x00000007c0000000, 0x00000007c0000000)
  eden space 1262080K, 100% used [0x000000076b580000,0x00000007b8600000,0x00000007b8600000)
  from space 42496K, 99% used [0x00000007b8600000,0x00000007baf28000,0x00000007baf80000)
  to   space 65024K, 0% used [0x00000007bc080000,0x00000007bc080000,0x00000007c0000000)
 ParOldGen       total 173568K, used 72386K [0x00000006c2000000, 0x00000006cc980000, 0x000000076b580000)
  object space 173568K, 41% used [0x00000006c2000000,0x00000006c66b0880,0x00000006cc980000)
 Metaspace       used 10854K, capacity 11032K, committed 11392K, reserved 1058816K
  class space    used 1220K, capacity 1283K, committed 1408K, reserved 1048576K
Event: 65.708 GC heap after
Heap after GC invocations=18 (full 0):
 PSYoungGen      total 1317888K, used 42208K [0x000000076b580000, 0x00000007c0000000, 0x00000007c0000000)
  eden space 1252864K, 0% used [0x000000076b580000,0x000000076b580000,0x00000007b7d00000)
  from space 65024K, 64% used [0x00000007bc080000,0x00000007be9b8000,0x00000007c0000000)
  to   space 67072K, 0% used [0x00000007b7d00000,0x00000007b7d00000,0x00000007bbe80000)
 ParOldGen       total 173568K, used 72386K [0x00000006c2000000, 0x00000006cc980000, 0x000000076b580000)
  object space 173568K, 41% used [0x00000006c2000000,0x00000006c66b0880,0x00000006cc980000)
 Metaspace       used 10854K, capacity 11032K, committed 11392K, reserved 1058816K
  class space    used 1220K, capacity 1283K, committed 1408K, reserved 1048576K
}
Event: 72.132 GC heap before
{Heap before GC invocations=19 (full 0):
 PSYoungGen      total 1317888K, used 1295072K [0x000000076b580000, 0x00000007c0000000, 0x00000007c0000000)
  eden space 1252864K, 100% used [0x000000076b580000,0x00000007b7d00000,0x00000007b7d00000)
  from space 65024K, 64% used [0x00000007bc080000,0x00000007be9b8000,0x00000007c0000000)
  to   space 67072K, 0% used [0x00000007b7d00000,0x00000007b7d00000,0x00000007bbe80000)
 ParOldGen       total 173568K, used 72386K [0x00000006c2000000, 0x00000006cc980000, 0x000000076b580000)
  object space 173568K, 41% used [0x00000006c2000000,0x00000006c66b0880,0x00000006cc980000)
 Metaspace       used 10854K, capacity 11032K, committed 11392K, reserved 1058816K
  class space    used 1220K, capacity 1283K, committed 1408K, reserved 1048576K
Event: 72.246 GC heap after
Heap after GC invocations=19 (full 0):
 PSYoungGen      total 1294848K, used 41824K [0x000000076b580000, 0x00000007c0000000, 0x00000007c0000000)
  eden space 1252864K, 0% used [0x000000076b580000,0x000000076b580000,0x00000007b7d00000)
  from space 41984K, 99% used [0x00000007b7d00000,0x00000007ba5d8000,0x00000007ba600000)
  to   space 68608K, 0% used [0x00000007bbd00000,0x00000007bbd00000,0x00000007c0000000)
 ParOldGen       total 173568K, used 72386K [0x00000006c2000000, 0x00000006cc980000, 0x000000076b580000)
  object space 173568K, 41% used [0x00000006c2000000,0x00000006c66b0880,0x00000006cc980000)
 Metaspace       used 10854K, capacity 11032K, committed 11392K, reserved 1058816K
  class space    used 1220K, capacity 1283K, committed 1408K, reserved 1048576K
}
Event: 78.650 GC heap before
{Heap before GC invocations=20 (full 0):
 PSYoungGen      total 1294848K, used 1294688K [0x000000076b580000, 0x00000007c0000000, 0x00000007c0000000)
  eden space 1252864K, 100% used [0x000000076b580000,0x00000007b7d00000,0x00000007b7d00000)
  from space 41984K, 99% used [0x00000007b7d00000,0x00000007ba5d8000,0x00000007ba600000)
  to   space 68608K, 0% used [0x00000007bbd00000,0x00000007bbd00000,0x00000007c0000000)
 ParOldGen       total 173568K, used 72386K [0x00000006c2000000, 0x00000006cc980000, 0x000000076b580000)
  object space 173568K, 41% used [0x00000006c2000000,0x00000006c66b0880,0x00000006cc980000)
 Metaspace       used 10854K, capacity 11032K, committed 11392K, reserved 1058816K
  class space    used 1220K, capacity 1283K, committed 1408K, reserved 1048576K
Event: 78.763 GC heap after
Heap after GC invocations=20 (full 0):
 PSYoungGen      total 1317376K, used 41856K [0x000000076b580000, 0x00000007c0000000, 0x00000007c0000000)
  eden space 1248768K, 0% used [0x000000076b580000,0x000000076b580000,0x00000007b7900000)
  from space 68608K, 61% used [0x00000007bbd00000,0x00000007be5e0000,0x00000007c0000000)
  to   space 69120K, 0% used [0x00000007b7900000,0x00000007b7900000,0x00000007bbc80000)
 ParOldGen       total 173568K, used 72386K [0x00000006c2000000, 0x00000006cc980000, 0x000000076b580000)
  object space 173568K, 41% used [0x00000006c2000000,0x00000006c66b0880,0x00000006cc980000)
 Metaspace       used 10854K, capacity 11032K, committed 11392K, reserved 1058816K
  class space    used 1220K, capacity 1283K, committed 1408K, reserved 1048576K
}

