# JRE version: Java(TM) SE Runtime Environment (8.0_91-b15) (build 1.8.0_91-b15)
# Java VM: Java HotSpot(TM) 64-Bit Server VM (25.91-b15 mixed mode windows-amd64 compressed oops)
Heap:
 PSYoungGen      total 262656K, used 251547K [0x000000076b580000, 0x0000000781080000, 0x00000007c0000000)
  eden space 215040K, 94% used [0x000000076b580000,0x0000000777cd4960,0x0000000778780000)
  from space 47616K, 99% used [0x000000077e200000,0x00000007810524e0,0x0000000781080000)
  to   space 57344K, 0% used [0x000000077a080000,0x000000077a080000,0x000000077d880000)
 ParOldGen       total 282624K, used 160117K [0x00000006c2000000, 0x00000006d3400000, 0x000000076b580000)
  object space 282624K, 56% used [0x00000006c2000000,0x00000006cbc5d578,0x00000006d3400000)
 Metaspace       used 12351K, capacity 12536K, committed 12800K, reserved 1060864K
  class space    used 1377K, capacity 1440K, committed 1536K, reserved 1048576K
GC Heap History (10 events):
Event: 1.887 GC heap before
{Heap before GC invocations=3 (full 0):
 PSYoungGen      total 75776K, used 75726K [0x000000076b580000, 0x0000000774980000, 0x00000007c0000000)
  eden space 65024K, 99% used [0x000000076b580000,0x000000076f4f91d0,0x000000076f500000)
  from space 10752K, 99% used [0x000000076ff80000,0x00000007709fa9e8,0x0000000770a00000)
  to   space 10752K, 0% used [0x000000076f500000,0x000000076f500000,0x000000076ff80000)
 ParOldGen       total 173568K, used 39609K [0x00000006c2000000, 0x00000006cc980000, 0x000000076b580000)
  object space 173568K, 22% used [0x00000006c2000000,0x00000006c46ae7d8,0x00000006cc980000)
 Metaspace       used 12089K, capacity 12280K, committed 12544K, reserved 1060864K
  class space    used 1374K, capacity 1440K, committed 1536K, reserved 1048576K
Event: 1.893 GC heap after
Heap after GC invocations=3 (full 0):
 PSYoungGen      total 75776K, used 10740K [0x000000076b580000, 0x0000000774980000, 0x00000007c0000000)
  eden space 65024K, 0% used [0x000000076b580000,0x000000076b580000,0x000000076f500000)
  from space 10752K, 99% used [0x000000076f500000,0x000000076ff7d398,0x000000076ff80000)
  to   space 10752K, 0% used [0x0000000773f00000,0x0000000773f00000,0x0000000774980000)
 ParOldGen       total 173568K, used 65642K [0x00000006c2000000, 0x00000006cc980000, 0x000000076b580000)
  object space 173568K, 37% used [0x00000006c2000000,0x00000006c601a838,0x00000006cc980000)
 Metaspace       used 12089K, capacity 12280K, committed 12544K, reserved 1060864K
  class space    used 1374K, capacity 1440K, committed 1536K, reserved 1048576K
}
Event: 2.176 GC heap before
{Heap before GC invocations=4 (full 0):
 PSYoungGen      total 75776K, used 75764K [0x000000076b580000, 0x0000000774980000, 0x00000007c0000000)
  eden space 65024K, 100% used [0x000000076b580000,0x000000076f500000,0x000000076f500000)
  from space 10752K, 99% used [0x000000076f500000,0x000000076ff7d398,0x000000076ff80000)
  to   space 10752K, 0% used [0x0000000773f00000,0x0000000773f00000,0x0000000774980000)
 ParOldGen       total 173568K, used 65642K [0x00000006c2000000, 0x00000006cc980000, 0x000000076b580000)
  object space 173568K, 37% used [0x00000006c2000000,0x00000006c601a838,0x00000006cc980000)
 Metaspace       used 12137K, capacity 12344K, committed 12544K, reserved 1060864K
  class space    used 1374K, capacity 1440K, committed 1536K, reserved 1048576K
Event: 2.185 GC heap after
Heap after GC invocations=4 (full 0):
 PSYoungGen      total 140800K, used 10551K [0x000000076b580000, 0x0000000774980000, 0x00000007c0000000)
  eden space 130048K, 0% used [0x000000076b580000,0x000000076b580000,0x0000000773480000)
  from space 10752K, 98% used [0x0000000773f00000,0x000000077494dec8,0x0000000774980000)
  to   space 10752K, 0% used [0x0000000773480000,0x0000000773480000,0x0000000773f00000)
 ParOldGen       total 173568K, used 92311K [0x00000006c2000000, 0x00000006cc980000, 0x000000076b580000)
  object space 173568K, 53% used [0x00000006c2000000,0x00000006c7a25c18,0x00000006cc980000)
 Metaspace       used 12137K, capacity 12344K, committed 12544K, reserved 1060864K
  class space    used 1374K, capacity 1440K, committed 1536K, reserved 1048576K
}
Event: 2.754 GC heap before
{Heap before GC invocations=5 (full 0):
 PSYoungGen      total 140800K, used 140599K [0x000000076b580000, 0x0000000774980000, 0x00000007c0000000)
  eden space 130048K, 100% used [0x000000076b580000,0x0000000773480000,0x0000000773480000)
  from space 10752K, 98% used [0x0000000773f00000,0x000000077494dec8,0x0000000774980000)
  to   space 10752K, 0% used [0x0000000773480000,0x0000000773480000,0x0000000773f00000)
 ParOldGen       total 173568K, used 92311K [0x00000006c2000000, 0x00000006cc980000, 0x000000076b580000)
  object space 173568K, 53% used [0x00000006c2000000,0x00000006c7a25c18,0x00000006cc980000)
 Metaspace       used 12247K, capacity 12408K, committed 12544K, reserved 1060864K
  class space    used 1374K, capacity 1440K, committed 1536K, reserved 1048576K
Event: 2.765 GC heap after
Heap after GC invocations=5 (full 0):
 PSYoungGen      total 140800K, used 10711K [0x000000076b580000, 0x0000000781080000, 0x00000007c0000000)
  eden space 130048K, 0% used [0x000000076b580000,0x000000076b580000,0x0000000773480000)
  from space 10752K, 99% used [0x0000000773480000,0x0000000773ef5ec8,0x0000000773f00000)
  to   space 47616K, 0% used [0x000000077e200000,0x000000077e200000,0x0000000781080000)
 ParOldGen       total 173568K, used 142719K [0x00000006c2000000, 0x00000006cc980000, 0x000000076b580000)
  object space 173568K, 82% used [0x00000006c2000000,0x00000006cab5fcd8,0x00000006cc980000)
 Metaspace       used 12247K, capacity 12408K, committed 12544K, reserved 1060864K
  class space    used 1374K, capacity 1440K, committed 1536K, reserved 1048576K
}
Event: 2.765 GC heap before
{Heap before GC invocations=6 (full 1):
 PSYoungGen      total 140800K, used 10711K [0x000000076b580000, 0x0000000781080000, 0x00000007c0000000)
  eden space 130048K, 0% used [0x000000076b580000,0x000000076b580000,0x0000000773480000)
  from space 10752K, 99% used [0x0000000773480000,0x0000000773ef5ec8,0x0000000773f00000)
  to   space 47616K, 0% used [0x000000077e200000,0x000000077e200000,0x0000000781080000)
 ParOldGen       total 173568K, used 142719K [0x00000006c2000000, 0x00000006cc980000, 0x000000076b580000)
  object space 173568K, 82% used [0x00000006c2000000,0x00000006cab5fcd8,0x00000006cc980000)
 Metaspace       used 12247K, capacity 12408K, committed 12544K, reserved 1060864K
  class space    used 1374K, capacity 1440K, committed 1536K, reserved 1048576K
Event: 2.793 GC heap after
Heap after GC invocations=6 (full 1):
 PSYoungGen      total 140800K, used 0K [0x000000076b580000, 0x0000000781080000, 0x00000007c0000000)
  eden space 130048K, 0% used [0x000000076b580000,0x000000076b580000,0x0000000773480000)
  from space 10752K, 0% used [0x0000000773480000,0x0000000773480000,0x0000000773f00000)
  to   space 47616K, 0% used [0x000000077e200000,0x000000077e200000,0x0000000781080000)
 ParOldGen       total 282624K, used 145135K [0x00000006c2000000, 0x00000006d3400000, 0x000000076b580000)
  object space 282624K, 51% used [0x00000006c2000000,0x00000006cadbbd98,0x00000006d3400000)
 Metaspace       used 12247K, capacity 12408K, committed 12544K, reserved 1060864K
  class space    used 1374K, capacity 1440K, committed 1536K, reserved 1048576K
}
Event: 3.336 GC heap before
{Heap before GC invocations=7 (full 1):
 PSYoungGen      total 140800K, used 130048K [0x000000076b580000, 0x0000000781080000, 0x00000007c0000000)
  eden space 130048K, 100% used [0x000000076b580000,0x0000000773480000,0x0000000773480000)
  from space 10752K, 0% used [0x0000000773480000,0x0000000773480000,0x0000000773f00000)
  to   space 47616K, 0% used [0x000000077e200000,0x000000077e200000,0x0000000781080000)
 ParOldGen       total 282624K, used 145135K [0x00000006c2000000, 0x00000006d3400000, 0x000000076b580000)
  object space 282624K, 51% used [0x00000006c2000000,0x00000006cadbbd98,0x00000006d3400000)
 Metaspace       used 12319K, capacity 12472K, committed 12800K, reserved 1060864K
  class space    used 1377K, capacity 1440K, committed 1536K, reserved 1048576K
Event: 3.347 GC heap after
Heap after GC invocations=7 (full 1):
 PSYoungGen      total 262656K, used 47433K [0x000000076b580000, 0x0000000781080000, 0x00000007c0000000)
  eden space 215040K, 0% used [0x000000076b580000,0x000000076b580000,0x0000000778780000)
  from space 47616K, 99% used [0x000000077e200000,0x00000007810524e0,0x0000000781080000)
  to   space 57344K, 0% used [0x000000077a080000,0x000000077a080000,0x000000077d880000)
 ParOldGen       total 282624K, used 160117K [0x00000006c2000000, 0x00000006d3400000, 0x000000076b580000)
  object space 282624K, 56% used [0x00000006c2000000,0x00000006cbc5d578,0x00000006d3400000)
 Metaspace       used 12319K, capacity 12472K, committed 12800K, reserved 1060864K
  class space    used 1377K, capacity 1440K, committed 1536K, reserved 1048576K
}

