# JRE version: Java(TM) SE Runtime Environment (8.0_91-b15) (build 1.8.0_91-b15)
# Java VM: Java HotSpot(TM) 64-Bit Server VM (25.91-b15 mixed mode windows-amd64 compressed oops)
Heap:
 PSYoungGen      total 65536K, used 21281K [0x000000076b580000, 0x0000000770c80000, 0x00000007c0000000)
  eden space 52736K, 40% used [0x000000076b580000,0x000000076ca48450,0x000000076e900000)
  from space 12800K, 0% used [0x000000076f380000,0x000000076f380000,0x0000000770000000)
  to   space 12288K, 0% used [0x0000000770080000,0x0000000770080000,0x0000000770c80000)
 ParOldGen       total 173568K, used 10086K [0x00000006c2000000, 0x00000006cc980000, 0x000000076b580000)
  object space 173568K, 5% used [0x00000006c2000000,0x00000006c29d9ab8,0x00000006cc980000)
 Metaspace       used 11364K, capacity 11548K, committed 11648K, reserved 1058816K
  class space    used 1289K, capacity 1372K, committed 1408K, reserved 1048576K
GC Heap History (10 events):
Event: 5.347 GC heap before
{Heap before GC invocations=11 (full 0):
 PSYoungGen      total 58368K, used 57888K [0x000000076b580000, 0x0000000772500000, 0x00000007c0000000)
  eden space 57856K, 100% used [0x000000076b580000,0x000000076ee00000,0x000000076ee00000)
  from space 512K, 6% used [0x0000000772480000,0x0000000772488000,0x0000000772500000)
  to   space 13312K, 0% used [0x0000000770b00000,0x0000000770b00000,0x0000000771800000)
 ParOldGen       total 173568K, used 10030K [0x00000006c2000000, 0x00000006cc980000, 0x000000076b580000)
  object space 173568K, 5% used [0x00000006c2000000,0x00000006c29cbab8,0x00000006cc980000)
 Metaspace       used 11340K, capacity 11544K, committed 11648K, reserved 1058816K
  class space    used 1289K, capacity 1372K, committed 1408K, reserved 1048576K
Event: 5.347 GC heap after
Heap after GC invocations=11 (full 0):
 PSYoungGen      total 70144K, used 128K [0x000000076b580000, 0x0000000772500000, 0x00000007c0000000)
  eden space 56832K, 0% used [0x000000076b580000,0x000000076b580000,0x000000076ed00000)
  from space 13312K, 0% used [0x0000000770b00000,0x0000000770b20000,0x0000000771800000)
  to   space 13312K, 0% used [0x0000000771800000,0x0000000771800000,0x0000000772500000)
 ParOldGen       total 173568K, used 10038K [0x00000006c2000000, 0x00000006cc980000, 0x000000076b580000)
  object space 173568K, 5% used [0x00000006c2000000,0x00000006c29cdab8,0x00000006cc980000)
 Metaspace       used 11340K, capacity 11544K, committed 11648K, reserved 1058816K
  class space    used 1289K, capacity 1372K, committed 1408K, reserved 1048576K
}
Event: 5.661 GC heap before
{Heap before GC invocations=12 (full 0):
 PSYoungGen      total 70144K, used 56960K [0x000000076b580000, 0x0000000772500000, 0x00000007c0000000)
  eden space 56832K, 100% used [0x000000076b580000,0x000000076ed00000,0x000000076ed00000)
  from space 13312K, 0% used [0x0000000770b00000,0x0000000770b20000,0x0000000771800000)
  to   space 13312K, 0% used [0x0000000771800000,0x0000000771800000,0x0000000772500000)
 ParOldGen       total 173568K, used 10038K [0x00000006c2000000, 0x00000006cc980000, 0x000000076b580000)
  object space 173568K, 5% used [0x00000006c2000000,0x00000006c29cdab8,0x00000006cc980000)
 Metaspace       used 11349K, capacity 11544K, committed 11648K, reserved 1058816K
  class space    used 1289K, capacity 1372K, committed 1408K, reserved 1048576K
Event: 5.661 GC heap after
Heap after GC invocations=12 (full 0):
 PSYoungGen      total 56320K, used 96K [0x000000076b580000, 0x0000000771880000, 0x00000007c0000000)
  eden space 55808K, 0% used [0x000000076b580000,0x000000076b580000,0x000000076ec00000)
  from space 512K, 18% used [0x0000000771800000,0x0000000771818000,0x0000000771880000)
  to   space 13312K, 0% used [0x000000076fe80000,0x000000076fe80000,0x0000000770b80000)
 ParOldGen       total 173568K, used 10070K [0x00000006c2000000, 0x00000006cc980000, 0x000000076b580000)
  object space 173568K, 5% used [0x00000006c2000000,0x00000006c29d5ab8,0x00000006cc980000)
 Metaspace       used 11349K, capacity 11544K, committed 11648K, reserved 1058816K
  class space    used 1289K, capacity 1372K, committed 1408K, reserved 1048576K
}
Event: 5.973 GC heap before
{Heap before GC invocations=13 (full 0):
 PSYoungGen      total 56320K, used 55904K [0x000000076b580000, 0x0000000771880000, 0x00000007c0000000)
  eden space 55808K, 100% used [0x000000076b580000,0x000000076ec00000,0x000000076ec00000)
  from space 512K, 18% used [0x0000000771800000,0x0000000771818000,0x0000000771880000)
  to   space 13312K, 0% used [0x000000076fe80000,0x000000076fe80000,0x0000000770b80000)
 ParOldGen       total 173568K, used 10070K [0x00000006c2000000, 0x00000006cc980000, 0x000000076b580000)
  object space 173568K, 5% used [0x00000006c2000000,0x00000006c29d5ab8,0x00000006cc980000)
 Metaspace       used 11360K, capacity 11548K, committed 11648K, reserved 1058816K
  class space    used 1289K, capacity 1372K, committed 1408K, reserved 1048576K
Event: 5.974 GC heap after
Heap after GC invocations=13 (full 0):
 PSYoungGen      total 68096K, used 64K [0x000000076b580000, 0x0000000771880000, 0x00000007c0000000)
  eden space 54784K, 0% used [0x000000076b580000,0x000000076b580000,0x000000076eb00000)
  from space 13312K, 0% used [0x000000076fe80000,0x000000076fe90000,0x0000000770b80000)
  to   space 12800K, 0% used [0x0000000770c00000,0x0000000770c00000,0x0000000771880000)
 ParOldGen       total 173568K, used 10078K [0x00000006c2000000, 0x00000006cc980000, 0x000000076b580000)
  object space 173568K, 5% used [0x00000006c2000000,0x00000006c29d7ab8,0x00000006cc980000)
 Metaspace       used 11360K, capacity 11548K, committed 11648K, reserved 1058816K
  class space    used 1289K, capacity 1372K, committed 1408K, reserved 1048576K
}
Event: 6.284 GC heap before
{Heap before GC invocations=14 (full 0):
 PSYoungGen      total 68096K, used 54848K [0x000000076b580000, 0x0000000771880000, 0x00000007c0000000)
  eden space 54784K, 100% used [0x000000076b580000,0x000000076eb00000,0x000000076eb00000)
  from space 13312K, 0% used [0x000000076fe80000,0x000000076fe90000,0x0000000770b80000)
  to   space 12800K, 0% used [0x0000000770c00000,0x0000000770c00000,0x0000000771880000)
 ParOldGen       total 173568K, used 10078K [0x00000006c2000000, 0x00000006cc980000, 0x000000076b580000)
  object space 173568K, 5% used [0x00000006c2000000,0x00000006c29d7ab8,0x00000006cc980000)
 Metaspace       used 11360K, capacity 11548K, committed 11648K, reserved 1058816K
  class space    used 1289K, capacity 1372K, committed 1408K, reserved 1048576K
Event: 6.284 GC heap after
Heap after GC invocations=14 (full 0):
 PSYoungGen      total 54272K, used 32K [0x000000076b580000, 0x0000000770c80000, 0x00000007c0000000)
  eden space 53760K, 0% used [0x000000076b580000,0x000000076b580000,0x000000076ea00000)
  from space 512K, 6% used [0x0000000770c00000,0x0000000770c08000,0x0000000770c80000)
  to   space 12800K, 0% used [0x000000076f380000,0x000000076f380000,0x0000000770000000)
 ParOldGen       total 173568K, used 10086K [0x00000006c2000000, 0x00000006cc980000, 0x000000076b580000)
  object space 173568K, 5% used [0x00000006c2000000,0x00000006c29d9ab8,0x00000006cc980000)
 Metaspace       used 11360K, capacity 11548K, committed 11648K, reserved 1058816K
  class space    used 1289K, capacity 1372K, committed 1408K, reserved 1048576K
}
Event: 6.589 GC heap before
{Heap before GC invocations=15 (full 0):
 PSYoungGen      total 54272K, used 53792K [0x000000076b580000, 0x0000000770c80000, 0x00000007c0000000)
  eden space 53760K, 100% used [0x000000076b580000,0x000000076ea00000,0x000000076ea00000)
  from space 512K, 6% used [0x0000000770c00000,0x0000000770c08000,0x0000000770c80000)
  to   space 12800K, 0% used [0x000000076f380000,0x000000076f380000,0x0000000770000000)
 ParOldGen       total 173568K, used 10086K [0x00000006c2000000, 0x00000006cc980000, 0x000000076b580000)
  object space 173568K, 5% used [0x00000006c2000000,0x00000006c29d9ab8,0x00000006cc980000)
 Metaspace       used 11360K, capacity 11548K, committed 11648K, reserved 1058816K
  class space    used 1289K, capacity 1372K, committed 1408K, reserved 1048576K
Event: 6.590 GC heap after
Heap after GC invocations=15 (full 0):
 PSYoungGen      total 65536K, used 0K [0x000000076b580000, 0x0000000770c80000, 0x00000007c0000000)
  eden space 52736K, 0% used [0x000000076b580000,0x000000076b580000,0x000000076e900000)
  from space 12800K, 0% used [0x000000076f380000,0x000000076f380000,0x0000000770000000)
  to   space 12288K, 0% used [0x0000000770080000,0x0000000770080000,0x0000000770c80000)
 ParOldGen       total 173568K, used 10086K [0x00000006c2000000, 0x00000006cc980000, 0x000000076b580000)
  object space 173568K, 5% used [0x00000006c2000000,0x00000006c29d9ab8,0x00000006cc980000)
 Metaspace       used 11360K, capacity 11548K, committed 11648K, reserved 1058816K
  class space    used 1289K, capacity 1372K, committed 1408K, reserved 1048576K
}

