# JRE version: Java(TM) SE Runtime Environment (8.0_91-b15) (build 1.8.0_91-b15)
# Java VM: Java HotSpot(TM) 64-Bit Server VM (25.91-b15 mixed mode windows-amd64 compressed oops)
Heap:
 PSYoungGen      total 998912K, used 618831K [0x000000076b580000, 0x00000007c0000000, 0x00000007c0000000)
  eden space 691712K, 50% used [0x000000076b580000,0x0000000780ce4c38,0x0000000795900000)
  from space 307200K, 86% used [0x0000000795900000,0x00000007a5def388,0x00000007a8500000)
  to   space 342016K, 0% used [0x00000007ab200000,0x00000007ab200000,0x00000007c0000000)
 ParOldGen       total 1891328K, used 1398664K [0x00000006c2000000, 0x0000000735700000, 0x000000076b580000)
  object space 1891328K, 73% used [0x00000006c2000000,0x00000007175e23b0,0x0000000735700000)
 Metaspace       used 12710K, capacity 12880K, committed 13056K, reserved 1060864K
  class space    used 1376K, capacity 1448K, committed 1536K, reserved 1048576K
GC Heap History (10 events):
Event: 14.653 GC heap before
{Heap before GC invocations=17 (full 4):
 PSYoungGen      total 768512K, used 737244K [0x000000076b580000, 0x00000007ad300000, 0x00000007c0000000)
  eden space 538624K, 100% used [0x000000076b580000,0x000000078c380000,0x000000078c380000)
  from space 229888K, 86% used [0x000000079be00000,0x00000007a7ff7240,0x00000007a9e80000)
  to   space 256512K, 0% used [0x000000078c380000,0x000000078c380000,0x000000079be00000)
 ParOldGen       total 1029632K, used 846232K [0x00000006c2000000, 0x0000000700d80000, 0x000000076b580000)
  object space 1029632K, 82% used [0x00000006c2000000,0x00000006f5a66228,0x0000000700d80000)
 Metaspace       used 12480K, capacity 12688K, committed 13056K, reserved 1060864K
  class space    used 1376K, capacity 1448K, committed 1536K, reserved 1048576K
Event: 14.714 GC heap after
Heap after GC invocations=17 (full 4):
 PSYoungGen      total 795136K, used 207863K [0x000000076b580000, 0x00000007b9700000, 0x00000007c0000000)
  eden space 538624K, 0% used [0x000000076b580000,0x000000076b580000,0x000000078c380000)
  from space 256512K, 81% used [0x000000078c380000,0x0000000798e7dd40,0x000000079be00000)
  to   space 280576K, 0% used [0x00000007a8500000,0x00000007a8500000,0x00000007b9700000)
 ParOldGen       total 1029632K, used 1011045K [0x00000006c2000000, 0x0000000700d80000, 0x000000076b580000)
  object space 1029632K, 98% used [0x00000006c2000000,0x00000006ffb59408,0x0000000700d80000)
 Metaspace       used 12480K, capacity 12688K, committed 13056K, reserved 1060864K
  class space    used 1376K, capacity 1448K, committed 1536K, reserved 1048576K
}
Event: 14.714 GC heap before
{Heap before GC invocations=18 (full 5):
 PSYoungGen      total 795136K, used 207863K [0x000000076b580000, 0x00000007b9700000, 0x00000007c0000000)
  eden space 538624K, 0% used [0x000000076b580000,0x000000076b580000,0x000000078c380000)
  from space 256512K, 81% used [0x000000078c380000,0x0000000798e7dd40,0x000000079be00000)
  to   space 280576K, 0% used [0x00000007a8500000,0x00000007a8500000,0x00000007b9700000)
 ParOldGen       total 1029632K, used 1011045K [0x00000006c2000000, 0x0000000700d80000, 0x000000076b580000)
  object space 1029632K, 98% used [0x00000006c2000000,0x00000006ffb59408,0x0000000700d80000)
 Metaspace       used 12480K, capacity 12688K, committed 13056K, reserved 1060864K
  class space    used 1376K, capacity 1448K, committed 1536K, reserved 1048576K
Event: 14.850 GC heap after
Heap after GC invocations=18 (full 5):
 PSYoungGen      total 795136K, used 161477K [0x000000076b580000, 0x00000007b9700000, 0x00000007c0000000)
  eden space 538624K, 0% used [0x000000076b580000,0x000000076b580000,0x000000078c380000)
  from space 256512K, 62% used [0x000000078c380000,0x0000000796131708,0x000000079be00000)
  to   space 280576K, 0% used [0x00000007a8500000,0x00000007a8500000,0x00000007b9700000)
 ParOldGen       total 1442304K, used 1029461K [0x00000006c2000000, 0x000000071a080000, 0x000000076b580000)
  object space 1442304K, 71% used [0x00000006c2000000,0x0000000700d557f0,0x000000071a080000)
 Metaspace       used 12480K, capacity 12688K, committed 13056K, reserved 1060864K
  class space    used 1376K, capacity 1448K, committed 1536K, reserved 1048576K
}
Event: 17.090 GC heap before
{Heap before GC invocations=19 (full 5):
 PSYoungGen      total 795136K, used 700101K [0x000000076b580000, 0x00000007b9700000, 0x00000007c0000000)
  eden space 538624K, 100% used [0x000000076b580000,0x000000078c380000,0x000000078c380000)
  from space 256512K, 62% used [0x000000078c380000,0x0000000796131708,0x000000079be00000)
  to   space 280576K, 0% used [0x00000007a8500000,0x00000007a8500000,0x00000007b9700000)
 ParOldGen       total 1442304K, used 1029461K [0x00000006c2000000, 0x000000071a080000, 0x000000076b580000)
  object space 1442304K, 71% used [0x00000006c2000000,0x0000000700d557f0,0x000000071a080000)
 Metaspace       used 12562K, capacity 12752K, committed 13056K, reserved 1060864K
  class space    used 1376K, capacity 1448K, committed 1536K, reserved 1048576K
Event: 17.176 GC heap after
Heap after GC invocations=19 (full 5):
 PSYoungGen      total 972288K, used 227568K [0x000000076b580000, 0x00000007bc780000, 0x00000007c0000000)
  eden space 691712K, 0% used [0x000000076b580000,0x000000076b580000,0x0000000795900000)
  from space 280576K, 81% used [0x00000007a8500000,0x00000007b633c360,0x00000007b9700000)
  to   space 307200K, 0% used [0x0000000795900000,0x0000000795900000,0x00000007a8500000)
 ParOldGen       total 1442304K, used 1233264K [0x00000006c2000000, 0x000000071a080000, 0x000000076b580000)
  object space 1442304K, 85% used [0x00000006c2000000,0x000000070d45c350,0x000000071a080000)
 Metaspace       used 12562K, capacity 12752K, committed 13056K, reserved 1060864K
  class space    used 1376K, capacity 1448K, committed 1536K, reserved 1048576K
}
Event: 17.176 GC heap before
{Heap before GC invocations=20 (full 6):
 PSYoungGen      total 972288K, used 227568K [0x000000076b580000, 0x00000007bc780000, 0x00000007c0000000)
  eden space 691712K, 0% used [0x000000076b580000,0x000000076b580000,0x0000000795900000)
  from space 280576K, 81% used [0x00000007a8500000,0x00000007b633c360,0x00000007b9700000)
  to   space 307200K, 0% used [0x0000000795900000,0x0000000795900000,0x00000007a8500000)
 ParOldGen       total 1442304K, used 1233264K [0x00000006c2000000, 0x000000071a080000, 0x000000076b580000)
  object space 1442304K, 85% used [0x00000006c2000000,0x000000070d45c350,0x000000071a080000)
 Metaspace       used 12562K, capacity 12752K, committed 13056K, reserved 1060864K
  class space    used 1376K, capacity 1448K, committed 1536K, reserved 1048576K
Event: 17.243 GC heap after
Heap after GC invocations=20 (full 6):
 PSYoungGen      total 972288K, used 0K [0x000000076b580000, 0x00000007bc780000, 0x00000007c0000000)
  eden space 691712K, 0% used [0x000000076b580000,0x000000076b580000,0x0000000795900000)
  from space 280576K, 0% used [0x00000007a8500000,0x00000007a8500000,0x00000007b9700000)
  to   space 307200K, 0% used [0x0000000795900000,0x0000000795900000,0x00000007a8500000)
 ParOldGen       total 1891328K, used 1398656K [0x00000006c2000000, 0x0000000735700000, 0x000000076b580000)
  object space 1891328K, 73% used [0x00000006c2000000,0x00000007175e03b0,0x0000000735700000)
 Metaspace       used 12562K, capacity 12752K, committed 13056K, reserved 1060864K
  class space    used 1376K, capacity 1448K, committed 1536K, reserved 1048576K
}
Event: 20.119 GC heap before
{Heap before GC invocations=21 (full 6):
 PSYoungGen      total 972288K, used 691712K [0x000000076b580000, 0x00000007bc780000, 0x00000007c0000000)
  eden space 691712K, 100% used [0x000000076b580000,0x0000000795900000,0x0000000795900000)
  from space 280576K, 0% used [0x00000007a8500000,0x00000007a8500000,0x00000007b9700000)
  to   space 307200K, 0% used [0x0000000795900000,0x0000000795900000,0x00000007a8500000)
 ParOldGen       total 1891328K, used 1398656K [0x00000006c2000000, 0x0000000735700000, 0x000000076b580000)
  object space 1891328K, 73% used [0x00000006c2000000,0x00000007175e03b0,0x0000000735700000)
 Metaspace       used 12671K, capacity 12880K, committed 13056K, reserved 1060864K
  class space    used 1376K, capacity 1448K, committed 1536K, reserved 1048576K
Event: 20.147 GC heap after
Heap after GC invocations=21 (full 6):
 PSYoungGen      total 998912K, used 267196K [0x000000076b580000, 0x00000007c0000000, 0x00000007c0000000)
  eden space 691712K, 0% used [0x000000076b580000,0x000000076b580000,0x0000000795900000)
  from space 307200K, 86% used [0x0000000795900000,0x00000007a5def388,0x00000007a8500000)
  to   space 342016K, 0% used [0x00000007ab200000,0x00000007ab200000,0x00000007c0000000)
 ParOldGen       total 1891328K, used 1398664K [0x00000006c2000000, 0x0000000735700000, 0x000000076b580000)
  object space 1891328K, 73% used [0x00000006c2000000,0x00000007175e23b0,0x0000000735700000)
 Metaspace       used 12671K, capacity 12880K, committed 13056K, reserved 1060864K
  class space    used 1376K, capacity 1448K, committed 1536K, reserved 1048576K
}

