# JRE version: Java(TM) SE Runtime Environment (8.0_91-b15) (build 1.8.0_91-b15)
# Java VM: Java HotSpot(TM) 64-Bit Server VM (25.91-b15 mixed mode windows-amd64 compressed oops)
Heap:
 PSYoungGen      total 110592K, used 54580K [0x000000076b580000, 0x0000000775280000, 0x00000007c0000000)
  eden space 62464K, 39% used [0x000000076b580000,0x000000076cdbced8,0x000000076f280000)
  from space 48128K, 61% used [0x0000000772380000,0x0000000774090450,0x0000000775280000)
  to   space 49152K, 0% used [0x000000076f280000,0x000000076f280000,0x0000000772280000)
 ParOldGen       total 266240K, used 138440K [0x00000006c2000000, 0x00000006d2400000, 0x000000076b580000)
  object space 266240K, 51% used [0x00000006c2000000,0x00000006ca732050,0x00000006d2400000)
 Metaspace       used 12317K, capacity 12492K, committed 12672K, reserved 1060864K
  class space    used 1319K, capacity 1376K, committed 1408K, reserved 1048576K
GC Heap History (10 events):
Event: 3.728 GC heap before
{Heap before GC invocations=3 (full 0):
 PSYoungGen      total 75776K, used 75761K [0x000000076b580000, 0x0000000770a00000, 0x00000007c0000000)
  eden space 65024K, 100% used [0x000000076b580000,0x000000076f500000,0x000000076f500000)
  from space 10752K, 99% used [0x000000076ff80000,0x00000007709fc668,0x0000000770a00000)
  to   space 10752K, 0% used [0x000000076f500000,0x000000076f500000,0x000000076ff80000)
 ParOldGen       total 173568K, used 48178K [0x00000006c2000000, 0x00000006cc980000, 0x000000076b580000)
  object space 173568K, 27% used [0x00000006c2000000,0x00000006c4f0cb50,0x00000006cc980000)
 Metaspace       used 12074K, capacity 12300K, committed 12416K, reserved 1060864K
  class space    used 1316K, capacity 1376K, committed 1408K, reserved 1048576K
Event: 3.736 GC heap after
Heap after GC invocations=3 (full 0):
 PSYoungGen      total 75776K, used 10737K [0x000000076b580000, 0x0000000770a00000, 0x00000007c0000000)
  eden space 65024K, 0% used [0x000000076b580000,0x000000076b580000,0x000000076f500000)
  from space 10752K, 99% used [0x000000076f500000,0x000000076ff7c680,0x000000076ff80000)
  to   space 10752K, 0% used [0x000000076ff80000,0x000000076ff80000,0x0000000770a00000)
 ParOldGen       total 173568K, used 78467K [0x00000006c2000000, 0x00000006cc980000, 0x000000076b580000)
  object space 173568K, 45% used [0x00000006c2000000,0x00000006c6ca0fa0,0x00000006cc980000)
 Metaspace       used 12074K, capacity 12300K, committed 12416K, reserved 1060864K
  class space    used 1316K, capacity 1376K, committed 1408K, reserved 1048576K
}
Event: 4.797 GC heap before
{Heap before GC invocations=4 (full 0):
 PSYoungGen      total 75776K, used 75761K [0x000000076b580000, 0x0000000770a00000, 0x00000007c0000000)
  eden space 65024K, 100% used [0x000000076b580000,0x000000076f500000,0x000000076f500000)
  from space 10752K, 99% used [0x000000076f500000,0x000000076ff7c680,0x000000076ff80000)
  to   space 10752K, 0% used [0x000000076ff80000,0x000000076ff80000,0x0000000770a00000)
 ParOldGen       total 173568K, used 79172K [0x00000006c2000000, 0x00000006cc980000, 0x000000076b580000)
  object space 173568K, 45% used [0x00000006c2000000,0x00000006c6d511e8,0x00000006cc980000)
 Metaspace       used 12143K, capacity 12364K, committed 12672K, reserved 1060864K
  class space    used 1316K, capacity 1376K, committed 1408K, reserved 1048576K
Event: 4.804 GC heap after
Heap after GC invocations=4 (full 0):
 PSYoungGen      total 75776K, used 10737K [0x000000076b580000, 0x0000000770a00000, 0x00000007c0000000)
  eden space 65024K, 0% used [0x000000076b580000,0x000000076b580000,0x000000076f500000)
  from space 10752K, 99% used [0x000000076ff80000,0x00000007709fc680,0x0000000770a00000)
  to   space 10752K, 0% used [0x000000076f500000,0x000000076f500000,0x000000076ff80000)
 ParOldGen       total 173568K, used 108797K [0x00000006c2000000, 0x00000006cc980000, 0x000000076b580000)
  object space 173568K, 62% used [0x00000006c2000000,0x00000006c8a3f638,0x00000006cc980000)
 Metaspace       used 12143K, capacity 12364K, committed 12672K, reserved 1060864K
  class space    used 1316K, capacity 1376K, committed 1408K, reserved 1048576K
}
Event: 5.874 GC heap before
{Heap before GC invocations=5 (full 0):
 PSYoungGen      total 75776K, used 75761K [0x000000076b580000, 0x0000000770a00000, 0x00000007c0000000)
  eden space 65024K, 100% used [0x000000076b580000,0x000000076f500000,0x000000076f500000)
  from space 10752K, 99% used [0x000000076ff80000,0x00000007709fc680,0x0000000770a00000)
  to   space 10752K, 0% used [0x000000076f500000,0x000000076f500000,0x000000076ff80000)
 ParOldGen       total 173568K, used 108801K [0x00000006c2000000, 0x00000006cc980000, 0x000000076b580000)
  object space 173568K, 62% used [0x00000006c2000000,0x00000006c8a405e8,0x00000006cc980000)
 Metaspace       used 12193K, capacity 12428K, committed 12672K, reserved 1060864K
  class space    used 1316K, capacity 1376K, committed 1408K, reserved 1048576K
Event: 5.881 GC heap after
Heap after GC invocations=5 (full 0):
 PSYoungGen      total 74240K, used 10721K [0x000000076b580000, 0x0000000775380000, 0x00000007c0000000)
  eden space 63488K, 0% used [0x000000076b580000,0x000000076b580000,0x000000076f380000)
  from space 10752K, 99% used [0x000000076f500000,0x000000076ff78670,0x000000076ff80000)
  to   space 49152K, 0% used [0x0000000772380000,0x0000000772380000,0x0000000775380000)
 ParOldGen       total 173568K, used 139098K [0x00000006c2000000, 0x00000006cc980000, 0x000000076b580000)
  object space 173568K, 80% used [0x00000006c2000000,0x00000006ca7d6a50,0x00000006cc980000)
 Metaspace       used 12193K, capacity 12428K, committed 12672K, reserved 1060864K
  class space    used 1316K, capacity 1376K, committed 1408K, reserved 1048576K
}
Event: 5.881 GC heap before
{Heap before GC invocations=6 (full 1):
 PSYoungGen      total 74240K, used 10721K [0x000000076b580000, 0x0000000775380000, 0x00000007c0000000)
  eden space 63488K, 0% used [0x000000076b580000,0x000000076b580000,0x000000076f380000)
  from space 10752K, 99% used [0x000000076f500000,0x000000076ff78670,0x000000076ff80000)
  to   space 49152K, 0% used [0x0000000772380000,0x0000000772380000,0x0000000775380000)
 ParOldGen       total 173568K, used 139098K [0x00000006c2000000, 0x00000006cc980000, 0x000000076b580000)
  object space 173568K, 80% used [0x00000006c2000000,0x00000006ca7d6a50,0x00000006cc980000)
 Metaspace       used 12193K, capacity 12428K, committed 12672K, reserved 1060864K
  class space    used 1316K, capacity 1376K, committed 1408K, reserved 1048576K
Event: 5.905 GC heap after
Heap after GC invocations=6 (full 1):
 PSYoungGen      total 74240K, used 0K [0x000000076b580000, 0x0000000775380000, 0x00000007c0000000)
  eden space 63488K, 0% used [0x000000076b580000,0x000000076b580000,0x000000076f380000)
  from space 10752K, 0% used [0x000000076f500000,0x000000076f500000,0x000000076ff80000)
  to   space 49152K, 0% used [0x0000000772380000,0x0000000772380000,0x0000000775380000)
 ParOldGen       total 266240K, used 137680K [0x00000006c2000000, 0x00000006d2400000, 0x000000076b580000)
  object space 266240K, 51% used [0x00000006c2000000,0x00000006ca6741c0,0x00000006d2400000)
 Metaspace       used 12193K, capacity 12428K, committed 12672K, reserved 1060864K
  class space    used 1316K, capacity 1376K, committed 1408K, reserved 1048576K
}
Event: 6.984 GC heap before
{Heap before GC invocations=7 (full 1):
 PSYoungGen      total 74240K, used 63488K [0x000000076b580000, 0x0000000775380000, 0x00000007c0000000)
  eden space 63488K, 100% used [0x000000076b580000,0x000000076f380000,0x000000076f380000)
  from space 10752K, 0% used [0x000000076f500000,0x000000076f500000,0x000000076ff80000)
  to   space 49152K, 0% used [0x0000000772380000,0x0000000772380000,0x0000000775380000)
 ParOldGen       total 266240K, used 138440K [0x00000006c2000000, 0x00000006d2400000, 0x000000076b580000)
  object space 266240K, 51% used [0x00000006c2000000,0x00000006ca732050,0x00000006d2400000)
 Metaspace       used 12271K, capacity 12492K, committed 12672K, reserved 1060864K
  class space    used 1319K, capacity 1376K, committed 1408K, reserved 1048576K
Event: 6.989 GC heap after
Heap after GC invocations=7 (full 1):
 PSYoungGen      total 110592K, used 29761K [0x000000076b580000, 0x0000000775280000, 0x00000007c0000000)
  eden space 62464K, 0% used [0x000000076b580000,0x000000076b580000,0x000000076f280000)
  from space 48128K, 61% used [0x0000000772380000,0x0000000774090450,0x0000000775280000)
  to   space 49152K, 0% used [0x000000076f280000,0x000000076f280000,0x0000000772280000)
 ParOldGen       total 266240K, used 138440K [0x00000006c2000000, 0x00000006d2400000, 0x000000076b580000)
  object space 266240K, 51% used [0x00000006c2000000,0x00000006ca732050,0x00000006d2400000)
 Metaspace       used 12271K, capacity 12492K, committed 12672K, reserved 1060864K
  class space    used 1319K, capacity 1376K, committed 1408K, reserved 1048576K
}

