# JRE version: Java(TM) SE Runtime Environment (8.0_91-b15) (build 1.8.0_91-b15)
# Java VM: Java HotSpot(TM) 64-Bit Server VM (25.91-b15 mixed mode windows-amd64 compressed oops)
Heap:
 PSYoungGen      total 556032K, used 147584K [0x000000076b580000, 0x000000079f380000, 0x00000007c0000000)
  eden space 405504K, 12% used [0x000000076b580000,0x000000076e7cafd0,0x0000000784180000)
  from space 150528K, 63% used [0x0000000790080000,0x0000000795e55090,0x0000000799380000)
  to   space 195584K, 0% used [0x0000000784180000,0x0000000784180000,0x0000000790080000)
 ParOldGen       total 674816K, used 451910K [0x00000006c2000000, 0x00000006eb300000, 0x000000076b580000)
  object space 674816K, 66% used [0x00000006c2000000,0x00000006dd951a68,0x00000006eb300000)
 Metaspace       used 12837K, capacity 13004K, committed 13312K, reserved 1060864K
  class space    used 1372K, capacity 1440K, committed 1536K, reserved 1048576K
GC Heap History (10 events):
Event: 31.814 GC heap before
{Heap before GC invocations=9 (full 1):
 PSYoungGen      total 301568K, used 301563K [0x000000076b580000, 0x0000000788e00000, 0x00000007c0000000)
  eden space 243712K, 100% used [0x000000076b580000,0x000000077a380000,0x000000077a380000)
  from space 57856K, 99% used [0x000000077a380000,0x000000077dbfed60,0x000000077dc00000)
  to   space 66560K, 0% used [0x0000000784d00000,0x0000000784d00000,0x0000000788e00000)
 ParOldGen       total 276992K, used 185713K [0x00000006c2000000, 0x00000006d2e80000, 0x000000076b580000)
  object space 276992K, 67% used [0x00000006c2000000,0x00000006cd55c610,0x00000006d2e80000)
 Metaspace       used 12817K, capacity 13004K, committed 13312K, reserved 1060864K
  class space    used 1371K, capacity 1440K, committed 1536K, reserved 1048576K
Event: 31.834 GC heap after
Heap after GC invocations=9 (full 1):
 PSYoungGen      total 382464K, used 66552K [0x000000076b580000, 0x000000078ec80000, 0x00000007c0000000)
  eden space 315904K, 0% used [0x000000076b580000,0x000000076b580000,0x000000077ea00000)
  from space 66560K, 99% used [0x0000000784d00000,0x0000000788dfe260,0x0000000788e00000)
  to   space 101376K, 0% used [0x000000077ea00000,0x000000077ea00000,0x0000000784d00000)
 ParOldGen       total 276992K, used 242831K [0x00000006c2000000, 0x00000006d2e80000, 0x000000076b580000)
  object space 276992K, 87% used [0x00000006c2000000,0x00000006d0d23e90,0x00000006d2e80000)
 Metaspace       used 12817K, capacity 13004K, committed 13312K, reserved 1060864K
  class space    used 1371K, capacity 1440K, committed 1536K, reserved 1048576K
}
Event: 31.834 GC heap before
{Heap before GC invocations=10 (full 2):
 PSYoungGen      total 382464K, used 66552K [0x000000076b580000, 0x000000078ec80000, 0x00000007c0000000)
  eden space 315904K, 0% used [0x000000076b580000,0x000000076b580000,0x000000077ea00000)
  from space 66560K, 99% used [0x0000000784d00000,0x0000000788dfe260,0x0000000788e00000)
  to   space 101376K, 0% used [0x000000077ea00000,0x000000077ea00000,0x0000000784d00000)
 ParOldGen       total 276992K, used 242831K [0x00000006c2000000, 0x00000006d2e80000, 0x000000076b580000)
  object space 276992K, 87% used [0x00000006c2000000,0x00000006d0d23e90,0x00000006d2e80000)
 Metaspace       used 12817K, capacity 13004K, committed 13312K, reserved 1060864K
  class space    used 1371K, capacity 1440K, committed 1536K, reserved 1048576K
Event: 31.886 GC heap after
Heap after GC invocations=10 (full 2):
 PSYoungGen      total 382464K, used 29036K [0x000000076b580000, 0x000000078ec80000, 0x00000007c0000000)
  eden space 315904K, 0% used [0x000000076b580000,0x000000076b580000,0x000000077ea00000)
  from space 66560K, 43% used [0x0000000784d00000,0x000000078695b200,0x0000000788e00000)
  to   space 101376K, 0% used [0x000000077ea00000,0x000000077ea00000,0x0000000784d00000)
 ParOldGen       total 452096K, used 276496K [0x00000006c2000000, 0x00000006dd980000, 0x000000076b580000)
  object space 452096K, 61% used [0x00000006c2000000,0x00000006d2e04288,0x00000006dd980000)
 Metaspace       used 12817K, capacity 13004K, committed 13312K, reserved 1060864K
  class space    used 1371K, capacity 1440K, committed 1536K, reserved 1048576K
}
Event: 33.193 GC heap before
{Heap before GC invocations=11 (full 2):
 PSYoungGen      total 382464K, used 344940K [0x000000076b580000, 0x000000078ec80000, 0x00000007c0000000)
  eden space 315904K, 100% used [0x000000076b580000,0x000000077ea00000,0x000000077ea00000)
  from space 66560K, 43% used [0x0000000784d00000,0x000000078695b200,0x0000000788e00000)
  to   space 101376K, 0% used [0x000000077ea00000,0x000000077ea00000,0x0000000784d00000)
 ParOldGen       total 452096K, used 276496K [0x00000006c2000000, 0x00000006dd980000, 0x000000076b580000)
  object space 452096K, 61% used [0x00000006c2000000,0x00000006d2e04288,0x00000006dd980000)
 Metaspace       used 12833K, capacity 13004K, committed 13312K, reserved 1060864K
  class space    used 1372K, capacity 1440K, committed 1536K, reserved 1048576K
Event: 33.220 GC heap after
Heap after GC invocations=11 (full 2):
 PSYoungGen      total 417280K, used 101344K [0x000000076b580000, 0x0000000799380000, 0x00000007c0000000)
  eden space 315904K, 0% used [0x000000076b580000,0x000000076b580000,0x000000077ea00000)
  from space 101376K, 99% used [0x000000077ea00000,0x0000000784cf8180,0x0000000784d00000)
  to   space 150528K, 0% used [0x0000000790080000,0x0000000790080000,0x0000000799380000)
 ParOldGen       total 452096K, used 359172K [0x00000006c2000000, 0x00000006dd980000, 0x000000076b580000)
  object space 452096K, 79% used [0x00000006c2000000,0x00000006d7ec1048,0x00000006dd980000)
 Metaspace       used 12833K, capacity 13004K, committed 13312K, reserved 1060864K
  class space    used 1372K, capacity 1440K, committed 1536K, reserved 1048576K
}
Event: 34.524 GC heap before
{Heap before GC invocations=12 (full 2):
 PSYoungGen      total 417280K, used 417248K [0x000000076b580000, 0x0000000799380000, 0x00000007c0000000)
  eden space 315904K, 100% used [0x000000076b580000,0x000000077ea00000,0x000000077ea00000)
  from space 101376K, 99% used [0x000000077ea00000,0x0000000784cf8180,0x0000000784d00000)
  to   space 150528K, 0% used [0x0000000790080000,0x0000000790080000,0x0000000799380000)
 ParOldGen       total 452096K, used 359172K [0x00000006c2000000, 0x00000006dd980000, 0x000000076b580000)
  object space 452096K, 79% used [0x00000006c2000000,0x00000006d7ec1048,0x00000006dd980000)
 Metaspace       used 12833K, capacity 13004K, committed 13312K, reserved 1060864K
  class space    used 1372K, capacity 1440K, committed 1536K, reserved 1048576K
Event: 34.559 GC heap after
Heap after GC invocations=12 (full 2):
 PSYoungGen      total 556032K, used 150507K [0x000000076b580000, 0x000000079f380000, 0x00000007c0000000)
  eden space 405504K, 0% used [0x000000076b580000,0x000000076b580000,0x0000000784180000)
  from space 150528K, 99% used [0x0000000790080000,0x000000079937aec0,0x0000000799380000)
  to   space 195584K, 0% used [0x0000000784180000,0x0000000784180000,0x0000000790080000)
 ParOldGen       total 452096K, used 416719K [0x00000006c2000000, 0x00000006dd980000, 0x000000076b580000)
  object space 452096K, 92% used [0x00000006c2000000,0x00000006db6f3da8,0x00000006dd980000)
 Metaspace       used 12833K, capacity 13004K, committed 13312K, reserved 1060864K
  class space    used 1372K, capacity 1440K, committed 1536K, reserved 1048576K
}
Event: 34.559 GC heap before
{Heap before GC invocations=13 (full 3):
 PSYoungGen      total 556032K, used 150507K [0x000000076b580000, 0x000000079f380000, 0x00000007c0000000)
  eden space 405504K, 0% used [0x000000076b580000,0x000000076b580000,0x0000000784180000)
  from space 150528K, 99% used [0x0000000790080000,0x000000079937aec0,0x0000000799380000)
  to   space 195584K, 0% used [0x0000000784180000,0x0000000784180000,0x0000000790080000)
 ParOldGen       total 452096K, used 416719K [0x00000006c2000000, 0x00000006dd980000, 0x000000076b580000)
  object space 452096K, 92% used [0x00000006c2000000,0x00000006db6f3da8,0x00000006dd980000)
 Metaspace       used 12833K, capacity 13004K, committed 13312K, reserved 1060864K
  class space    used 1372K, capacity 1440K, committed 1536K, reserved 1048576K
Event: 34.616 GC heap after
Heap after GC invocations=13 (full 3):
 PSYoungGen      total 556032K, used 96084K [0x000000076b580000, 0x000000079f380000, 0x00000007c0000000)
  eden space 405504K, 0% used [0x000000076b580000,0x000000076b580000,0x0000000784180000)
  from space 150528K, 63% used [0x0000000790080000,0x0000000795e55090,0x0000000799380000)
  to   space 195584K, 0% used [0x0000000784180000,0x0000000784180000,0x0000000790080000)
 ParOldGen       total 674816K, used 451910K [0x00000006c2000000, 0x00000006eb300000, 0x000000076b580000)
  object space 674816K, 66% used [0x00000006c2000000,0x00000006dd951a68,0x00000006eb300000)
 Metaspace       used 12833K, capacity 13004K, committed 13312K, reserved 1060864K
  class space    used 1372K, capacity 1440K, committed 1536K, reserved 1048576K
}

