# JRE version: Java(TM) SE Runtime Environment (8.0_91-b15) (build 1.8.0_91-b15)
# Java VM: Java HotSpot(TM) 64-Bit Server VM (25.91-b15 mixed mode windows-amd64 compressed oops)
Heap:
 PSYoungGen      total 32256K, used 24195K [0x000000076b580000, 0x000000076d600000, 0x00000007c0000000)
  eden space 31232K, 75% used [0x000000076b580000,0x000000076cca0ee0,0x000000076d400000)
  from space 1024K, 50% used [0x000000076d500000,0x000000076d580010,0x000000076d600000)
  to   space 1024K, 0% used [0x000000076d400000,0x000000076d400000,0x000000076d500000)
 ParOldGen       total 173568K, used 10070K [0x00000006c2000000, 0x00000006cc980000, 0x000000076b580000)
  object space 173568K, 5% used [0x00000006c2000000,0x00000006c29d58e8,0x00000006cc980000)
 Metaspace       used 16994K, capacity 17210K, committed 17280K, reserved 1064960K
  class space    used 1812K, capacity 1877K, committed 1920K, reserved 1048576K
GC Heap History (10 events):
Event: 21.367 GC heap before
{Heap before GC invocations=68 (full 0):
 PSYoungGen      total 32256K, used 31498K [0x000000076b580000, 0x000000076d600000, 0x00000007c0000000)
  eden space 31232K, 99% used [0x000000076b580000,0x000000076d3e2b68,0x000000076d400000)
  from space 1024K, 37% used [0x000000076d400000,0x000000076d460000,0x000000076d500000)
  to   space 1024K, 0% used [0x000000076d500000,0x000000076d500000,0x000000076d600000)
 ParOldGen       total 173568K, used 9934K [0x00000006c2000000, 0x00000006cc980000, 0x000000076b580000)
  object space 173568K, 5% used [0x00000006c2000000,0x00000006c29b38e8,0x00000006cc980000)
 Metaspace       used 16992K, capacity 17210K, committed 17280K, reserved 1064960K
  class space    used 1812K, capacity 1877K, committed 1920K, reserved 1048576K
Event: 21.368 GC heap after
Heap after GC invocations=68 (full 0):
 PSYoungGen      total 32256K, used 416K [0x000000076b580000, 0x000000076d600000, 0x00000007c0000000)
  eden space 31232K, 0% used [0x000000076b580000,0x000000076b580000,0x000000076d400000)
  from space 1024K, 40% used [0x000000076d500000,0x000000076d568010,0x000000076d600000)
  to   space 1024K, 0% used [0x000000076d400000,0x000000076d400000,0x000000076d500000)
 ParOldGen       total 173568K, used 9966K [0x00000006c2000000, 0x00000006cc980000, 0x000000076b580000)
  object space 173568K, 5% used [0x00000006c2000000,0x00000006c29bb8e8,0x00000006cc980000)
 Metaspace       used 16992K, capacity 17210K, committed 17280K, reserved 1064960K
  class space    used 1812K, capacity 1877K, committed 1920K, reserved 1048576K
}
Event: 21.586 GC heap before
{Heap before GC invocations=69 (full 0):
 PSYoungGen      total 32256K, used 31648K [0x000000076b580000, 0x000000076d600000, 0x00000007c0000000)
  eden space 31232K, 100% used [0x000000076b580000,0x000000076d400000,0x000000076d400000)
  from space 1024K, 40% used [0x000000076d500000,0x000000076d568010,0x000000076d600000)
  to   space 1024K, 0% used [0x000000076d400000,0x000000076d400000,0x000000076d500000)
 ParOldGen       total 173568K, used 9966K [0x00000006c2000000, 0x00000006cc980000, 0x000000076b580000)
  object space 173568K, 5% used [0x00000006c2000000,0x00000006c29bb8e8,0x00000006cc980000)
 Metaspace       used 16992K, capacity 17210K, committed 17280K, reserved 1064960K
  class space    used 1812K, capacity 1877K, committed 1920K, reserved 1048576K
Event: 21.587 GC heap after
Heap after GC invocations=69 (full 0):
 PSYoungGen      total 32256K, used 384K [0x000000076b580000, 0x000000076d600000, 0x00000007c0000000)
  eden space 31232K, 0% used [0x000000076b580000,0x000000076b580000,0x000000076d400000)
  from space 1024K, 37% used [0x000000076d400000,0x000000076d460000,0x000000076d500000)
  to   space 1024K, 0% used [0x000000076d500000,0x000000076d500000,0x000000076d600000)
 ParOldGen       total 173568K, used 9998K [0x00000006c2000000, 0x00000006cc980000, 0x000000076b580000)
  object space 173568K, 5% used [0x00000006c2000000,0x00000006c29c38e8,0x00000006cc980000)
 Metaspace       used 16992K, capacity 17210K, committed 17280K, reserved 1064960K
  class space    used 1812K, capacity 1877K, committed 1920K, reserved 1048576K
}
Event: 21.792 GC heap before
{Heap before GC invocations=70 (full 0):
 PSYoungGen      total 32256K, used 31616K [0x000000076b580000, 0x000000076d600000, 0x00000007c0000000)
  eden space 31232K, 100% used [0x000000076b580000,0x000000076d400000,0x000000076d400000)
  from space 1024K, 37% used [0x000000076d400000,0x000000076d460000,0x000000076d500000)
  to   space 1024K, 0% used [0x000000076d500000,0x000000076d500000,0x000000076d600000)
 ParOldGen       total 173568K, used 9998K [0x00000006c2000000, 0x00000006cc980000, 0x000000076b580000)
  object space 173568K, 5% used [0x00000006c2000000,0x00000006c29c38e8,0x00000006cc980000)
 Metaspace       used 16992K, capacity 17210K, committed 17280K, reserved 1064960K
  class space    used 1812K, capacity 1877K, committed 1920K, reserved 1048576K
Event: 21.793 GC heap after
Heap after GC invocations=70 (full 0):
 PSYoungGen      total 32256K, used 448K [0x000000076b580000, 0x000000076d600000, 0x00000007c0000000)
  eden space 31232K, 0% used [0x000000076b580000,0x000000076b580000,0x000000076d400000)
  from space 1024K, 43% used [0x000000076d500000,0x000000076d570010,0x000000076d600000)
  to   space 1024K, 0% used [0x000000076d400000,0x000000076d400000,0x000000076d500000)
 ParOldGen       total 173568K, used 10022K [0x00000006c2000000, 0x00000006cc980000, 0x000000076b580000)
  object space 173568K, 5% used [0x00000006c2000000,0x00000006c29c98e8,0x00000006cc980000)
 Metaspace       used 16992K, capacity 17210K, committed 17280K, reserved 1064960K
  class space    used 1812K, capacity 1877K, committed 1920K, reserved 1048576K
}
Event: 21.997 GC heap before
{Heap before GC invocations=71 (full 0):
 PSYoungGen      total 32256K, used 31680K [0x000000076b580000, 0x000000076d600000, 0x00000007c0000000)
  eden space 31232K, 100% used [0x000000076b580000,0x000000076d400000,0x000000076d400000)
  from space 1024K, 43% used [0x000000076d500000,0x000000076d570010,0x000000076d600000)
  to   space 1024K, 0% used [0x000000076d400000,0x000000076d400000,0x000000076d500000)
 ParOldGen       total 173568K, used 10022K [0x00000006c2000000, 0x00000006cc980000, 0x000000076b580000)
  object space 173568K, 5% used [0x00000006c2000000,0x00000006c29c98e8,0x00000006cc980000)
 Metaspace       used 16992K, capacity 17210K, committed 17280K, reserved 1064960K
  class space    used 1812K, capacity 1877K, committed 1920K, reserved 1048576K
Event: 21.998 GC heap after
Heap after GC invocations=71 (full 0):
 PSYoungGen      total 32256K, used 416K [0x000000076b580000, 0x000000076d600000, 0x00000007c0000000)
  eden space 31232K, 0% used [0x000000076b580000,0x000000076b580000,0x000000076d400000)
  from space 1024K, 40% used [0x000000076d400000,0x000000076d468010,0x000000076d500000)
  to   space 1024K, 0% used [0x000000076d500000,0x000000076d500000,0x000000076d600000)
 ParOldGen       total 173568K, used 10046K [0x00000006c2000000, 0x00000006cc980000, 0x000000076b580000)
  object space 173568K, 5% used [0x00000006c2000000,0x00000006c29cf8e8,0x00000006cc980000)
 Metaspace       used 16992K, capacity 17210K, committed 17280K, reserved 1064960K
  class space    used 1812K, capacity 1877K, committed 1920K, reserved 1048576K
}
Event: 22.203 GC heap before
{Heap before GC invocations=72 (full 0):
 PSYoungGen      total 32256K, used 31648K [0x000000076b580000, 0x000000076d600000, 0x00000007c0000000)
  eden space 31232K, 100% used [0x000000076b580000,0x000000076d400000,0x000000076d400000)
  from space 1024K, 40% used [0x000000076d400000,0x000000076d468010,0x000000076d500000)
  to   space 1024K, 0% used [0x000000076d500000,0x000000076d500000,0x000000076d600000)
 ParOldGen       total 173568K, used 10046K [0x00000006c2000000, 0x00000006cc980000, 0x000000076b580000)
  object space 173568K, 5% used [0x00000006c2000000,0x00000006c29cf8e8,0x00000006cc980000)
 Metaspace       used 16992K, capacity 17210K, committed 17280K, reserved 1064960K
  class space    used 1812K, capacity 1877K, committed 1920K, reserved 1048576K
Event: 22.204 GC heap after
Heap after GC invocations=72 (full 0):
 PSYoungGen      total 32256K, used 512K [0x000000076b580000, 0x000000076d600000, 0x00000007c0000000)
  eden space 31232K, 0% used [0x000000076b580000,0x000000076b580000,0x000000076d400000)
  from space 1024K, 50% used [0x000000076d500000,0x000000076d580010,0x000000076d600000)
  to   space 1024K, 0% used [0x000000076d400000,0x000000076d400000,0x000000076d500000)
 ParOldGen       total 173568K, used 10070K [0x00000006c2000000, 0x00000006cc980000, 0x000000076b580000)
  object space 173568K, 5% used [0x00000006c2000000,0x00000006c29d58e8,0x00000006cc980000)
 Metaspace       used 16992K, capacity 17210K, committed 17280K, reserved 1064960K
  class space    used 1812K, capacity 1877K, committed 1920K, reserved 1048576K
}

