# JRE version: Java(TM) SE Runtime Environment (8.0_91-b15) (build 1.8.0_91-b15)
# Java VM: Java HotSpot(TM) 64-Bit Server VM (25.91-b15 mixed mode windows-amd64 compressed oops)
Heap:
 PSYoungGen      total 32256K, used 16183K [0x000000076b580000, 0x000000076d600000, 0x00000007c0000000)
  eden space 31232K, 50% used [0x000000076b580000,0x000000076c4f5cc0,0x000000076d400000)
  from space 1024K, 34% used [0x000000076d400000,0x000000076d458000,0x000000076d500000)
  to   space 1024K, 0% used [0x000000076d500000,0x000000076d500000,0x000000076d600000)
 ParOldGen       total 173568K, used 10960K [0x00000006c2000000, 0x00000006cc980000, 0x000000076b580000)
  object space 173568K, 6% used [0x00000006c2000000,0x00000006c2ab42a0,0x00000006cc980000)
 Metaspace       used 16992K, capacity 17202K, committed 17280K, reserved 1064960K
  class space    used 1812K, capacity 1877K, committed 1920K, reserved 1048576K
GC Heap History (10 events):
Event: 29.062 GC heap before
{Heap before GC invocations=105 (full 0):
 PSYoungGen      total 32256K, used 31616K [0x000000076b580000, 0x000000076d600000, 0x00000007c0000000)
  eden space 31232K, 100% used [0x000000076b580000,0x000000076d400000,0x000000076d400000)
  from space 1024K, 37% used [0x000000076d500000,0x000000076d560010,0x000000076d600000)
  to   space 1024K, 0% used [0x000000076d400000,0x000000076d400000,0x000000076d500000)
 ParOldGen       total 173568K, used 10840K [0x00000006c2000000, 0x00000006cc980000, 0x000000076b580000)
  object space 173568K, 6% used [0x00000006c2000000,0x00000006c2a962a0,0x00000006cc980000)
 Metaspace       used 16991K, capacity 17202K, committed 17280K, reserved 1064960K
  class space    used 1812K, capacity 1877K, committed 1920K, reserved 1048576K
Event: 29.063 GC heap after
Heap after GC invocations=105 (full 0):
 PSYoungGen      total 32256K, used 480K [0x000000076b580000, 0x000000076d600000, 0x00000007c0000000)
  eden space 31232K, 0% used [0x000000076b580000,0x000000076b580000,0x000000076d400000)
  from space 1024K, 46% used [0x000000076d400000,0x000000076d478010,0x000000076d500000)
  to   space 1024K, 0% used [0x000000076d500000,0x000000076d500000,0x000000076d600000)
 ParOldGen       total 173568K, used 10872K [0x00000006c2000000, 0x00000006cc980000, 0x000000076b580000)
  object space 173568K, 6% used [0x00000006c2000000,0x00000006c2a9e2a0,0x00000006cc980000)
 Metaspace       used 16991K, capacity 17202K, committed 17280K, reserved 1064960K
  class space    used 1812K, capacity 1877K, committed 1920K, reserved 1048576K
}
Event: 29.278 GC heap before
{Heap before GC invocations=106 (full 0):
 PSYoungGen      total 32256K, used 31712K [0x000000076b580000, 0x000000076d600000, 0x00000007c0000000)
  eden space 31232K, 100% used [0x000000076b580000,0x000000076d400000,0x000000076d400000)
  from space 1024K, 46% used [0x000000076d400000,0x000000076d478010,0x000000076d500000)
  to   space 1024K, 0% used [0x000000076d500000,0x000000076d500000,0x000000076d600000)
 ParOldGen       total 173568K, used 10872K [0x00000006c2000000, 0x00000006cc980000, 0x000000076b580000)
  object space 173568K, 6% used [0x00000006c2000000,0x00000006c2a9e2a0,0x00000006cc980000)
 Metaspace       used 16991K, capacity 17202K, committed 17280K, reserved 1064960K
  class space    used 1812K, capacity 1877K, committed 1920K, reserved 1048576K
Event: 29.279 GC heap after
Heap after GC invocations=106 (full 0):
 PSYoungGen      total 32256K, used 416K [0x000000076b580000, 0x000000076d600000, 0x00000007c0000000)
  eden space 31232K, 0% used [0x000000076b580000,0x000000076b580000,0x000000076d400000)
  from space 1024K, 40% used [0x000000076d500000,0x000000076d568010,0x000000076d600000)
  to   space 1024K, 0% used [0x000000076d400000,0x000000076d400000,0x000000076d500000)
 ParOldGen       total 173568K, used 10896K [0x00000006c2000000, 0x00000006cc980000, 0x000000076b580000)
  object space 173568K, 6% used [0x00000006c2000000,0x00000006c2aa42a0,0x00000006cc980000)
 Metaspace       used 16991K, capacity 17202K, committed 17280K, reserved 1064960K
  class space    used 1812K, capacity 1877K, committed 1920K, reserved 1048576K
}
Event: 29.484 GC heap before
{Heap before GC invocations=107 (full 0):
 PSYoungGen      total 32256K, used 31648K [0x000000076b580000, 0x000000076d600000, 0x00000007c0000000)
  eden space 31232K, 100% used [0x000000076b580000,0x000000076d400000,0x000000076d400000)
  from space 1024K, 40% used [0x000000076d500000,0x000000076d568010,0x000000076d600000)
  to   space 1024K, 0% used [0x000000076d400000,0x000000076d400000,0x000000076d500000)
 ParOldGen       total 173568K, used 10896K [0x00000006c2000000, 0x00000006cc980000, 0x000000076b580000)
  object space 173568K, 6% used [0x00000006c2000000,0x00000006c2aa42a0,0x00000006cc980000)
 Metaspace       used 16991K, capacity 17202K, committed 17280K, reserved 1064960K
  class space    used 1812K, capacity 1877K, committed 1920K, reserved 1048576K
Event: 29.485 GC heap after
Heap after GC invocations=107 (full 0):
 PSYoungGen      total 32256K, used 352K [0x000000076b580000, 0x000000076d600000, 0x00000007c0000000)
  eden space 31232K, 0% used [0x000000076b580000,0x000000076b580000,0x000000076d400000)
  from space 1024K, 34% used [0x000000076d400000,0x000000076d458000,0x000000076d500000)
  to   space 1024K, 0% used [0x000000076d500000,0x000000076d500000,0x000000076d600000)
 ParOldGen       total 173568K, used 10912K [0x00000006c2000000, 0x00000006cc980000, 0x000000076b580000)
  object space 173568K, 6% used [0x00000006c2000000,0x00000006c2aa82a0,0x00000006cc980000)
 Metaspace       used 16991K, capacity 17202K, committed 17280K, reserved 1064960K
  class space    used 1812K, capacity 1877K, committed 1920K, reserved 1048576K
}
Event: 29.690 GC heap before
{Heap before GC invocations=108 (full 0):
 PSYoungGen      total 32256K, used 31541K [0x000000076b580000, 0x000000076d600000, 0x00000007c0000000)
  eden space 31232K, 99% used [0x000000076b580000,0x000000076d3f5498,0x000000076d400000)
  from space 1024K, 34% used [0x000000076d400000,0x000000076d458000,0x000000076d500000)
  to   space 1024K, 0% used [0x000000076d500000,0x000000076d500000,0x000000076d600000)
 ParOldGen       total 173568K, used 10912K [0x00000006c2000000, 0x00000006cc980000, 0x000000076b580000)
  object space 173568K, 6% used [0x00000006c2000000,0x00000006c2aa82a0,0x00000006cc980000)
 Metaspace       used 16991K, capacity 17202K, committed 17280K, reserved 1064960K
  class space    used 1812K, capacity 1877K, committed 1920K, reserved 1048576K
Event: 29.691 GC heap after
Heap after GC invocations=108 (full 0):
 PSYoungGen      total 32256K, used 448K [0x000000076b580000, 0x000000076d600000, 0x00000007c0000000)
  eden space 31232K, 0% used [0x000000076b580000,0x000000076b580000,0x000000076d400000)
  from space 1024K, 43% used [0x000000076d500000,0x000000076d570010,0x000000076d600000)
  to   space 1024K, 0% used [0x000000076d400000,0x000000076d400000,0x000000076d500000)
 ParOldGen       total 173568K, used 10936K [0x00000006c2000000, 0x00000006cc980000, 0x000000076b580000)
  object space 173568K, 6% used [0x00000006c2000000,0x00000006c2aae2a0,0x00000006cc980000)
 Metaspace       used 16991K, capacity 17202K, committed 17280K, reserved 1064960K
  class space    used 1812K, capacity 1877K, committed 1920K, reserved 1048576K
}
Event: 29.909 GC heap before
{Heap before GC invocations=109 (full 0):
 PSYoungGen      total 32256K, used 31680K [0x000000076b580000, 0x000000076d600000, 0x00000007c0000000)
  eden space 31232K, 100% used [0x000000076b580000,0x000000076d400000,0x000000076d400000)
  from space 1024K, 43% used [0x000000076d500000,0x000000076d570010,0x000000076d600000)
  to   space 1024K, 0% used [0x000000076d400000,0x000000076d400000,0x000000076d500000)
 ParOldGen       total 173568K, used 10936K [0x00000006c2000000, 0x00000006cc980000, 0x000000076b580000)
  object space 173568K, 6% used [0x00000006c2000000,0x00000006c2aae2a0,0x00000006cc980000)
 Metaspace       used 16991K, capacity 17202K, committed 17280K, reserved 1064960K
  class space    used 1812K, capacity 1877K, committed 1920K, reserved 1048576K
Event: 29.910 GC heap after
Heap after GC invocations=109 (full 0):
 PSYoungGen      total 32256K, used 352K [0x000000076b580000, 0x000000076d600000, 0x00000007c0000000)
  eden space 31232K, 0% used [0x000000076b580000,0x000000076b580000,0x000000076d400000)
  from space 1024K, 34% used [0x000000076d400000,0x000000076d458000,0x000000076d500000)
  to   space 1024K, 0% used [0x000000076d500000,0x000000076d500000,0x000000076d600000)
 ParOldGen       total 173568K, used 10960K [0x00000006c2000000, 0x00000006cc980000, 0x000000076b580000)
  object space 173568K, 6% used [0x00000006c2000000,0x00000006c2ab42a0,0x00000006cc980000)
 Metaspace       used 16991K, capacity 17202K, committed 17280K, reserved 1064960K
  class space    used 1812K, capacity 1877K, committed 1920K, reserved 1048576K
}

