# JRE version: Java(TM) SE Runtime Environment (8.0_91-b15) (build 1.8.0_91-b15)
# Java VM: Java HotSpot(TM) 64-Bit Server VM (25.91-b15 mixed mode windows-amd64 compressed oops)
Heap:
 PSYoungGen      total 835584K, used 602515K [0x000000076b580000, 0x00000007c0000000, 0x00000007c0000000)
  eden space 602624K, 99% used [0x000000076b580000,0x00000007901e4f98,0x0000000790200000)
  from space 232960K, 0% used [0x0000000790200000,0x0000000790200000,0x000000079e580000)
  to   space 395264K, 0% used [0x00000007a7e00000,0x00000007a7e00000,0x00000007c0000000)
 ParOldGen       total 2774528K, used 2774319K [0x00000006c2000000, 0x000000076b580000, 0x000000076b580000)
  object space 2774528K, 99% used [0x00000006c2000000,0x000000076b54beb0,0x000000076b580000)
 Metaspace       used 12705K, capacity 12860K, committed 13056K, reserved 1060864K
  class space    used 1376K, capacity 1434K, committed 1536K, reserved 1048576K
GC Heap History (10 events):
Event: 656.066 GC heap before
{Heap before GC invocations=63 (full 42):
 PSYoungGen      total 835584K, used 602624K [0x000000076b580000, 0x00000007c0000000, 0x00000007c0000000)
  eden space 602624K, 100% used [0x000000076b580000,0x0000000790200000,0x0000000790200000)
  from space 232960K, 0% used [0x0000000790200000,0x0000000790200000,0x000000079e580000)
  to   space 395264K, 0% used [0x00000007a7e00000,0x00000007a7e00000,0x00000007c0000000)
 ParOldGen       total 2774528K, used 2774325K [0x00000006c2000000, 0x000000076b580000, 0x000000076b580000)
  object space 2774528K, 99% used [0x00000006c2000000,0x000000076b54d408,0x000000076b580000)
 Metaspace       used 12701K, capacity 12860K, committed 13056K, reserved 1060864K
  class space    used 1376K, capacity 1434K, committed 1536K, reserved 1048576K
Event: 656.089 GC heap after
Heap after GC invocations=63 (full 42):
 PSYoungGen      total 835584K, used 602345K [0x000000076b580000, 0x00000007c0000000, 0x00000007c0000000)
  eden space 602624K, 99% used [0x000000076b580000,0x00000007901ba478,0x0000000790200000)
  from space 232960K, 0% used [0x0000000790200000,0x0000000790200000,0x000000079e580000)
  to   space 395264K, 0% used [0x00000007a7e00000,0x00000007a7e00000,0x00000007c0000000)
 ParOldGen       total 2774528K, used 2774325K [0x00000006c2000000, 0x000000076b580000, 0x000000076b580000)
  object space 2774528K, 99% used [0x00000006c2000000,0x000000076b54d408,0x000000076b580000)
 Metaspace       used 12701K, capacity 12860K, committed 13056K, reserved 1060864K
  class space    used 1376K, capacity 1434K, committed 1536K, reserved 1048576K
}
Event: 657.257 GC heap before
{Heap before GC invocations=64 (full 43):
 PSYoungGen      total 835584K, used 602624K [0x000000076b580000, 0x00000007c0000000, 0x00000007c0000000)
  eden space 602624K, 100% used [0x000000076b580000,0x0000000790200000,0x0000000790200000)
  from space 232960K, 0% used [0x0000000790200000,0x0000000790200000,0x000000079e580000)
  to   space 395264K, 0% used [0x00000007a7e00000,0x00000007a7e00000,0x00000007c0000000)
 ParOldGen       total 2774528K, used 2774325K [0x00000006c2000000, 0x000000076b580000, 0x000000076b580000)
  object space 2774528K, 99% used [0x00000006c2000000,0x000000076b54d408,0x000000076b580000)
 Metaspace       used 12701K, capacity 12860K, committed 13056K, reserved 1060864K
  class space    used 1376K, capacity 1434K, committed 1536K, reserved 1048576K
Event: 658.542 GC heap after
Heap after GC invocations=64 (full 43):
 PSYoungGen      total 835584K, used 602346K [0x000000076b580000, 0x00000007c0000000, 0x00000007c0000000)
  eden space 602624K, 99% used [0x000000076b580000,0x00000007901babf8,0x0000000790200000)
  from space 232960K, 0% used [0x0000000790200000,0x0000000790200000,0x000000079e580000)
  to   space 395264K, 0% used [0x00000007a7e00000,0x00000007a7e00000,0x00000007c0000000)
 ParOldGen       total 2774528K, used 2774324K [0x00000006c2000000, 0x000000076b580000, 0x000000076b580000)
  object space 2774528K, 99% used [0x00000006c2000000,0x000000076b54d3d8,0x000000076b580000)
 Metaspace       used 12701K, capacity 12860K, committed 13056K, reserved 1060864K
  class space    used 1376K, capacity 1434K, committed 1536K, reserved 1048576K
}
Event: 658.542 GC heap before
{Heap before GC invocations=65 (full 44):
 PSYoungGen      total 835584K, used 602624K [0x000000076b580000, 0x00000007c0000000, 0x00000007c0000000)
  eden space 602624K, 100% used [0x000000076b580000,0x0000000790200000,0x0000000790200000)
  from space 232960K, 0% used [0x0000000790200000,0x0000000790200000,0x000000079e580000)
  to   space 395264K, 0% used [0x00000007a7e00000,0x00000007a7e00000,0x00000007c0000000)
 ParOldGen       total 2774528K, used 2774324K [0x00000006c2000000, 0x000000076b580000, 0x000000076b580000)
  object space 2774528K, 99% used [0x00000006c2000000,0x000000076b54d3d8,0x000000076b580000)
 Metaspace       used 12702K, capacity 12860K, committed 13056K, reserved 1060864K
  class space    used 1376K, capacity 1434K, committed 1536K, reserved 1048576K
Event: 659.031 GC heap after
Heap after GC invocations=65 (full 44):
 PSYoungGen      total 835584K, used 602347K [0x000000076b580000, 0x00000007c0000000, 0x00000007c0000000)
  eden space 602624K, 99% used [0x000000076b580000,0x00000007901bad28,0x0000000790200000)
  from space 232960K, 0% used [0x0000000790200000,0x0000000790200000,0x000000079e580000)
  to   space 395264K, 0% used [0x00000007a7e00000,0x00000007a7e00000,0x00000007c0000000)
 ParOldGen       total 2774528K, used 2774322K [0x00000006c2000000, 0x000000076b580000, 0x000000076b580000)
  object space 2774528K, 99% used [0x00000006c2000000,0x000000076b54cbd0,0x000000076b580000)
 Metaspace       used 12702K, capacity 12860K, committed 13056K, reserved 1060864K
  class space    used 1376K, capacity 1434K, committed 1536K, reserved 1048576K
}
Event: 659.031 GC heap before
{Heap before GC invocations=66 (full 45):
 PSYoungGen      total 835584K, used 602624K [0x000000076b580000, 0x00000007c0000000, 0x00000007c0000000)
  eden space 602624K, 100% used [0x000000076b580000,0x0000000790200000,0x0000000790200000)
  from space 232960K, 0% used [0x0000000790200000,0x0000000790200000,0x000000079e580000)
  to   space 395264K, 0% used [0x00000007a7e00000,0x00000007a7e00000,0x00000007c0000000)
 ParOldGen       total 2774528K, used 2774322K [0x00000006c2000000, 0x000000076b580000, 0x000000076b580000)
  object space 2774528K, 99% used [0x00000006c2000000,0x000000076b54cbd0,0x000000076b580000)
 Metaspace       used 12702K, capacity 12860K, committed 13056K, reserved 1060864K
  class space    used 1376K, capacity 1434K, committed 1536K, reserved 1048576K
Event: 659.052 GC heap after
Heap after GC invocations=66 (full 45):
 PSYoungGen      total 835584K, used 602347K [0x000000076b580000, 0x00000007c0000000, 0x00000007c0000000)
  eden space 602624K, 99% used [0x000000076b580000,0x00000007901bada0,0x0000000790200000)
  from space 232960K, 0% used [0x0000000790200000,0x0000000790200000,0x000000079e580000)
  to   space 395264K, 0% used [0x00000007a7e00000,0x00000007a7e00000,0x00000007c0000000)
 ParOldGen       total 2774528K, used 2774322K [0x00000006c2000000, 0x000000076b580000, 0x000000076b580000)
  object space 2774528K, 99% used [0x00000006c2000000,0x000000076b54cbd0,0x000000076b580000)
 Metaspace       used 12702K, capacity 12860K, committed 13056K, reserved 1060864K
  class space    used 1376K, capacity 1434K, committed 1536K, reserved 1048576K
}
Event: 659.154 GC heap before
{Heap before GC invocations=67 (full 46):
 PSYoungGen      total 835584K, used 602624K [0x000000076b580000, 0x00000007c0000000, 0x00000007c0000000)
  eden space 602624K, 100% used [0x000000076b580000,0x0000000790200000,0x0000000790200000)
  from space 232960K, 0% used [0x0000000790200000,0x0000000790200000,0x000000079e580000)
  to   space 395264K, 0% used [0x00000007a7e00000,0x00000007a7e00000,0x00000007c0000000)
 ParOldGen       total 2774528K, used 2774322K [0x00000006c2000000, 0x000000076b580000, 0x000000076b580000)
  object space 2774528K, 99% used [0x00000006c2000000,0x000000076b54cbd0,0x000000076b580000)
 Metaspace       used 12705K, capacity 12860K, committed 13056K, reserved 1060864K
  class space    used 1376K, capacity 1434K, committed 1536K, reserved 1048576K
Event: 659.648 GC heap after
Heap after GC invocations=67 (full 46):
 PSYoungGen      total 835584K, used 602348K [0x000000076b580000, 0x00000007c0000000, 0x00000007c0000000)
  eden space 602624K, 99% used [0x000000076b580000,0x00000007901bb190,0x0000000790200000)
  from space 232960K, 0% used [0x0000000790200000,0x0000000790200000,0x000000079e580000)
  to   space 395264K, 0% used [0x00000007a7e00000,0x00000007a7e00000,0x00000007c0000000)
 ParOldGen       total 2774528K, used 2774319K [0x00000006c2000000, 0x000000076b580000, 0x000000076b580000)
  object space 2774528K, 99% used [0x00000006c2000000,0x000000076b54beb0,0x000000076b580000)
 Metaspace       used 12705K, capacity 12860K, committed 13056K, reserved 1060864K
  class space    used 1376K, capacity 1434K, committed 1536K, reserved 1048576K
}

