# JRE version: Java(TM) SE Runtime Environment (8.0_91-b15) (build 1.8.0_91-b15)
# Java VM: Java HotSpot(TM) 64-Bit Server VM (25.91-b15 mixed mode windows-amd64 compressed oops)
Heap:
 PSYoungGen      total 1330176K, used 298151K [0x000000076b580000, 0x00000007bfd80000, 0x00000007c0000000)
  eden space 1275904K, 20% used [0x000000076b580000,0x000000077afb1c18,0x00000007b9380000)
  from space 54272K, 77% used [0x00000007bc880000,0x00000007bf178000,0x00000007bfd80000)
  to   space 54272K, 0% used [0x00000007b9380000,0x00000007b9380000,0x00000007bc880000)
 ParOldGen       total 173568K, used 86620K [0x00000006c2000000, 0x00000006cc980000, 0x000000076b580000)
  object space 173568K, 49% used [0x00000006c2000000,0x00000006c74972a0,0x00000006cc980000)
 Metaspace       used 11547K, capacity 11728K, committed 11904K, reserved 1060864K
  class space    used 1267K, capacity 1342K, committed 1408K, reserved 1048576K
GC Heap History (10 events):
Event: 169.231 GC heap before
{Heap before GC invocations=34 (full 0):
 PSYoungGen      total 1323008K, used 1305408K [0x000000076b580000, 0x00000007bfd80000, 0x00000007c0000000)
  eden space 1263616K, 100% used [0x000000076b580000,0x00000007b8780000,0x00000007b8780000)
  from space 59392K, 70% used [0x00000007b8780000,0x00000007bb050000,0x00000007bc180000)
  to   space 58368K, 0% used [0x00000007bc480000,0x00000007bc480000,0x00000007bfd80000)
 ParOldGen       total 173568K, used 86596K [0x00000006c2000000, 0x00000006cc980000, 0x000000076b580000)
  object space 173568K, 49% used [0x00000006c2000000,0x00000006c74912a0,0x00000006cc980000)
 Metaspace       used 11540K, capacity 11728K, committed 11904K, reserved 1060864K
  class space    used 1267K, capacity 1342K, committed 1408K, reserved 1048576K
Event: 169.337 GC heap after
Heap after GC invocations=34 (full 0):
 PSYoungGen      total 1326592K, used 41760K [0x000000076b580000, 0x00000007bfe00000, 0x00000007c0000000)
  eden space 1268224K, 0% used [0x000000076b580000,0x000000076b580000,0x00000007b8c00000)
  from space 58368K, 71% used [0x00000007bc480000,0x00000007bed48000,0x00000007bfd80000)
  to   space 57856K, 0% used [0x00000007b8c00000,0x00000007b8c00000,0x00000007bc480000)
 ParOldGen       total 173568K, used 86596K [0x00000006c2000000, 0x00000006cc980000, 0x000000076b580000)
  object space 173568K, 49% used [0x00000006c2000000,0x00000006c74912a0,0x00000006cc980000)
 Metaspace       used 11540K, capacity 11728K, committed 11904K, reserved 1060864K
  class space    used 1267K, capacity 1342K, committed 1408K, reserved 1048576K
}
Event: 176.190 GC heap before
{Heap before GC invocations=35 (full 0):
 PSYoungGen      total 1326592K, used 1309984K [0x000000076b580000, 0x00000007bfe00000, 0x00000007c0000000)
  eden space 1268224K, 100% used [0x000000076b580000,0x00000007b8c00000,0x00000007b8c00000)
  from space 58368K, 71% used [0x00000007bc480000,0x00000007bed48000,0x00000007bfd80000)
  to   space 57856K, 0% used [0x00000007b8c00000,0x00000007b8c00000,0x00000007bc480000)
 ParOldGen       total 173568K, used 86596K [0x00000006c2000000, 0x00000006cc980000, 0x000000076b580000)
  object space 173568K, 49% used [0x00000006c2000000,0x00000006c74912a0,0x00000006cc980000)
 Metaspace       used 11540K, capacity 11728K, committed 11904K, reserved 1060864K
  class space    used 1267K, capacity 1342K, committed 1408K, reserved 1048576K
Event: 176.298 GC heap after
Heap after GC invocations=35 (full 0):
 PSYoungGen      total 1326080K, used 41984K [0x000000076b580000, 0x00000007bfd80000, 0x00000007c0000000)
  eden space 1268224K, 0% used [0x000000076b580000,0x000000076b580000,0x00000007b8c00000)
  from space 57856K, 72% used [0x00000007b8c00000,0x00000007bb500000,0x00000007bc480000)
  to   space 56832K, 0% used [0x00000007bc600000,0x00000007bc600000,0x00000007bfd80000)
 ParOldGen       total 173568K, used 86596K [0x00000006c2000000, 0x00000006cc980000, 0x000000076b580000)
  object space 173568K, 49% used [0x00000006c2000000,0x00000006c74912a0,0x00000006cc980000)
 Metaspace       used 11540K, capacity 11728K, committed 11904K, reserved 1060864K
  class space    used 1267K, capacity 1342K, committed 1408K, reserved 1048576K
}
Event: 182.971 GC heap before
{Heap before GC invocations=36 (full 0):
 PSYoungGen      total 1326080K, used 1310208K [0x000000076b580000, 0x00000007bfd80000, 0x00000007c0000000)
  eden space 1268224K, 100% used [0x000000076b580000,0x00000007b8c00000,0x00000007b8c00000)
  from space 57856K, 72% used [0x00000007b8c00000,0x00000007bb500000,0x00000007bc480000)
  to   space 56832K, 0% used [0x00000007bc600000,0x00000007bc600000,0x00000007bfd80000)
 ParOldGen       total 173568K, used 86596K [0x00000006c2000000, 0x00000006cc980000, 0x000000076b580000)
  object space 173568K, 49% used [0x00000006c2000000,0x00000006c74912a0,0x00000006cc980000)
 Metaspace       used 11540K, capacity 11728K, committed 11904K, reserved 1060864K
  class space    used 1267K, capacity 1342K, committed 1408K, reserved 1048576K
Event: 183.077 GC heap after
Heap after GC invocations=36 (full 0):
 PSYoungGen      total 1328128K, used 41952K [0x000000076b580000, 0x00000007bfd00000, 0x00000007c0000000)
  eden space 1271808K, 0% used [0x000000076b580000,0x000000076b580000,0x00000007b8f80000)
  from space 56320K, 74% used [0x00000007bc600000,0x00000007beef8000,0x00000007bfd00000)
  to   space 55808K, 0% used [0x00000007b8f80000,0x00000007b8f80000,0x00000007bc600000)
 ParOldGen       total 173568K, used 86596K [0x00000006c2000000, 0x00000006cc980000, 0x000000076b580000)
  object space 173568K, 49% used [0x00000006c2000000,0x00000006c74912a0,0x00000006cc980000)
 Metaspace       used 11540K, capacity 11728K, committed 11904K, reserved 1060864K
  class space    used 1267K, capacity 1342K, committed 1408K, reserved 1048576K
}
Event: 189.790 GC heap before
{Heap before GC invocations=37 (full 0):
 PSYoungGen      total 1328128K, used 1313760K [0x000000076b580000, 0x00000007bfd00000, 0x00000007c0000000)
  eden space 1271808K, 100% used [0x000000076b580000,0x00000007b8f80000,0x00000007b8f80000)
  from space 56320K, 74% used [0x00000007bc600000,0x00000007beef8000,0x00000007bfd00000)
  to   space 55808K, 0% used [0x00000007b8f80000,0x00000007b8f80000,0x00000007bc600000)
 ParOldGen       total 173568K, used 86596K [0x00000006c2000000, 0x00000006cc980000, 0x000000076b580000)
  object space 173568K, 49% used [0x00000006c2000000,0x00000006c74912a0,0x00000006cc980000)
 Metaspace       used 11540K, capacity 11728K, committed 11904K, reserved 1060864K
  class space    used 1267K, capacity 1342K, committed 1408K, reserved 1048576K
Event: 189.895 GC heap after
Heap after GC invocations=37 (full 0):
 PSYoungGen      total 1327616K, used 42080K [0x000000076b580000, 0x00000007bfe80000, 0x00000007c0000000)
  eden space 1271808K, 0% used [0x000000076b580000,0x000000076b580000,0x00000007b8f80000)
  from space 55808K, 75% used [0x00000007b8f80000,0x00000007bb898000,0x00000007bc600000)
  to   space 55296K, 0% used [0x00000007bc880000,0x00000007bc880000,0x00000007bfe80000)
 ParOldGen       total 173568K, used 86612K [0x00000006c2000000, 0x00000006cc980000, 0x000000076b580000)
  object space 173568K, 49% used [0x00000006c2000000,0x00000006c74952a0,0x00000006cc980000)
 Metaspace       used 11540K, capacity 11728K, committed 11904K, reserved 1060864K
  class space    used 1267K, capacity 1342K, committed 1408K, reserved 1048576K
}
Event: 197.497 GC heap before
{Heap before GC invocations=38 (full 0):
 PSYoungGen      total 1327616K, used 1313888K [0x000000076b580000, 0x00000007bfe80000, 0x00000007c0000000)
  eden space 1271808K, 100% used [0x000000076b580000,0x00000007b8f80000,0x00000007b8f80000)
  from space 55808K, 75% used [0x00000007b8f80000,0x00000007bb898000,0x00000007bc600000)
  to   space 55296K, 0% used [0x00000007bc880000,0x00000007bc880000,0x00000007bfe80000)
 ParOldGen       total 173568K, used 86612K [0x00000006c2000000, 0x00000006cc980000, 0x000000076b580000)
  object space 173568K, 49% used [0x00000006c2000000,0x00000006c74952a0,0x00000006cc980000)
 Metaspace       used 11540K, capacity 11728K, committed 11904K, reserved 1060864K
  class space    used 1267K, capacity 1342K, committed 1408K, reserved 1048576K
Event: 197.610 GC heap after
Heap after GC invocations=38 (full 0):
 PSYoungGen      total 1330176K, used 41952K [0x000000076b580000, 0x00000007bfd80000, 0x00000007c0000000)
  eden space 1275904K, 0% used [0x000000076b580000,0x000000076b580000,0x00000007b9380000)
  from space 54272K, 77% used [0x00000007bc880000,0x00000007bf178000,0x00000007bfd80000)
  to   space 54272K, 0% used [0x00000007b9380000,0x00000007b9380000,0x00000007bc880000)
 ParOldGen       total 173568K, used 86620K [0x00000006c2000000, 0x00000006cc980000, 0x000000076b580000)
  object space 173568K, 49% used [0x00000006c2000000,0x00000006c74972a0,0x00000006cc980000)
 Metaspace       used 11540K, capacity 11728K, committed 11904K, reserved 1060864K
  class space    used 1267K, capacity 1342K, committed 1408K, reserved 1048576K
}

