# JRE version: Java(TM) SE Runtime Environment (8.0_91-b15) (build 1.8.0_91-b15)
# Java VM: Java HotSpot(TM) 64-Bit Server VM (25.91-b15 mixed mode windows-amd64 compressed oops)
Heap:
 PSYoungGen      total 269312K, used 213344K [0x000000076b580000, 0x000000078c480000, 0x00000007c0000000)
  eden space 259584K, 78% used [0x000000076b580000,0x0000000777ce02b0,0x000000077b300000)
  from space 9728K, 94% used [0x000000077b300000,0x000000077bbf8000,0x000000077bc80000)
  to   space 10240K, 0% used [0x000000078ba80000,0x000000078ba80000,0x000000078c480000)
 ParOldGen       total 173568K, used 5264K [0x00000006c2000000, 0x00000006cc980000, 0x000000076b580000)
  object space 173568K, 3% used [0x00000006c2000000,0x00000006c2524290,0x00000006cc980000)
 Metaspace       used 11079K, capacity 11268K, committed 11392K, reserved 1058816K
  class space    used 1266K, capacity 1342K, committed 1408K, reserved 1048576K
GC Heap History (10 events):
Event: 3.042 GC heap before
{Heap before GC invocations=3 (full 0):
 PSYoungGen      total 75776K, used 72052K [0x000000076b580000, 0x0000000774980000, 0x00000007c0000000)
  eden space 65024K, 100% used [0x000000076b580000,0x000000076f500000,0x000000076f500000)
  from space 10752K, 65% used [0x000000076ff80000,0x000000077065d0b8,0x0000000770a00000)
  to   space 10752K, 0% used [0x000000076f500000,0x000000076f500000,0x000000076ff80000)
 ParOldGen       total 173568K, used 24K [0x00000006c2000000, 0x00000006cc980000, 0x000000076b580000)
  object space 173568K, 0% used [0x00000006c2000000,0x00000006c2006000,0x00000006cc980000)
 Metaspace       used 11045K, capacity 11204K, committed 11392K, reserved 1058816K
  class space    used 1263K, capacity 1342K, committed 1408K, reserved 1048576K
Event: 3.052 GC heap after
Heap after GC invocations=3 (full 0):
 PSYoungGen      total 75776K, used 7076K [0x000000076b580000, 0x0000000774980000, 0x00000007c0000000)
  eden space 65024K, 0% used [0x000000076b580000,0x000000076b580000,0x000000076f500000)
  from space 10752K, 65% used [0x000000076f500000,0x000000076fbe90c8,0x000000076ff80000)
  to   space 10752K, 0% used [0x0000000773f00000,0x0000000773f00000,0x0000000774980000)
 ParOldGen       total 173568K, used 32K [0x00000006c2000000, 0x00000006cc980000, 0x000000076b580000)
  object space 173568K, 0% used [0x00000006c2000000,0x00000006c2008000,0x00000006cc980000)
 Metaspace       used 11045K, capacity 11204K, committed 11392K, reserved 1058816K
  class space    used 1263K, capacity 1342K, committed 1408K, reserved 1048576K
}
Event: 3.434 GC heap before
{Heap before GC invocations=4 (full 0):
 PSYoungGen      total 75776K, used 72100K [0x000000076b580000, 0x0000000774980000, 0x00000007c0000000)
  eden space 65024K, 100% used [0x000000076b580000,0x000000076f500000,0x000000076f500000)
  from space 10752K, 65% used [0x000000076f500000,0x000000076fbe90c8,0x000000076ff80000)
  to   space 10752K, 0% used [0x0000000773f00000,0x0000000773f00000,0x0000000774980000)
 ParOldGen       total 173568K, used 32K [0x00000006c2000000, 0x00000006cc980000, 0x000000076b580000)
  object space 173568K, 0% used [0x00000006c2000000,0x00000006c2008000,0x00000006cc980000)
 Metaspace       used 11073K, capacity 11268K, committed 11392K, reserved 1058816K
  class space    used 1266K, capacity 1342K, committed 1408K, reserved 1048576K
Event: 3.444 GC heap after
Heap after GC invocations=4 (full 0):
 PSYoungGen      total 140800K, used 7060K [0x000000076b580000, 0x0000000774980000, 0x00000007c0000000)
  eden space 130048K, 0% used [0x000000076b580000,0x000000076b580000,0x0000000773480000)
  from space 10752K, 65% used [0x0000000773f00000,0x00000007745e50b8,0x0000000774980000)
  to   space 10752K, 0% used [0x0000000773480000,0x0000000773480000,0x0000000773f00000)
 ParOldGen       total 173568K, used 40K [0x00000006c2000000, 0x00000006cc980000, 0x000000076b580000)
  object space 173568K, 0% used [0x00000006c2000000,0x00000006c200a000,0x00000006cc980000)
 Metaspace       used 11073K, capacity 11268K, committed 11392K, reserved 1058816K
  class space    used 1266K, capacity 1342K, committed 1408K, reserved 1048576K
}
Event: 4.184 GC heap before
{Heap before GC invocations=5 (full 0):
 PSYoungGen      total 140800K, used 137108K [0x000000076b580000, 0x0000000774980000, 0x00000007c0000000)
  eden space 130048K, 100% used [0x000000076b580000,0x0000000773480000,0x0000000773480000)
  from space 10752K, 65% used [0x0000000773f00000,0x00000007745e50b8,0x0000000774980000)
  to   space 10752K, 0% used [0x0000000773480000,0x0000000773480000,0x0000000773f00000)
 ParOldGen       total 173568K, used 40K [0x00000006c2000000, 0x00000006cc980000, 0x000000076b580000)
  object space 173568K, 0% used [0x00000006c2000000,0x00000006c200a000,0x00000006cc980000)
 Metaspace       used 11075K, capacity 11268K, committed 11392K, reserved 1058816K
  class space    used 1266K, capacity 1342K, committed 1408K, reserved 1048576K
Event: 4.203 GC heap after
Heap after GC invocations=5 (full 0):
 PSYoungGen      total 140800K, used 9340K [0x000000076b580000, 0x000000077c580000, 0x00000007c0000000)
  eden space 130048K, 0% used [0x000000076b580000,0x000000076b580000,0x0000000773480000)
  from space 10752K, 86% used [0x0000000773480000,0x0000000773d9f0d8,0x0000000773f00000)
  to   space 9216K, 0% used [0x000000077bc80000,0x000000077bc80000,0x000000077c580000)
 ParOldGen       total 173568K, used 48K [0x00000006c2000000, 0x00000006cc980000, 0x000000076b580000)
  object space 173568K, 0% used [0x00000006c2000000,0x00000006c200c000,0x00000006cc980000)
 Metaspace       used 11075K, capacity 11268K, committed 11392K, reserved 1058816K
  class space    used 1266K, capacity 1342K, committed 1408K, reserved 1048576K
}
Event: 4.882 GC heap before
{Heap before GC invocations=6 (full 0):
 PSYoungGen      total 140800K, used 139388K [0x000000076b580000, 0x000000077c580000, 0x00000007c0000000)
  eden space 130048K, 100% used [0x000000076b580000,0x0000000773480000,0x0000000773480000)
  from space 10752K, 86% used [0x0000000773480000,0x0000000773d9f0d8,0x0000000773f00000)
  to   space 9216K, 0% used [0x000000077bc80000,0x000000077bc80000,0x000000077c580000)
 ParOldGen       total 173568K, used 48K [0x00000006c2000000, 0x00000006cc980000, 0x000000076b580000)
  object space 173568K, 0% used [0x00000006c2000000,0x00000006c200c000,0x00000006cc980000)
 Metaspace       used 11075K, capacity 11268K, committed 11392K, reserved 1058816K
  class space    used 1266K, capacity 1342K, committed 1408K, reserved 1048576K
Event: 4.900 GC heap after
Heap after GC invocations=6 (full 0):
 PSYoungGen      total 268800K, used 9188K [0x000000076b580000, 0x000000077c680000, 0x00000007c0000000)
  eden space 259584K, 0% used [0x000000076b580000,0x000000076b580000,0x000000077b300000)
  from space 9216K, 99% used [0x000000077bc80000,0x000000077c5790a8,0x000000077c580000)
  to   space 9728K, 0% used [0x000000077b300000,0x000000077b300000,0x000000077bc80000)
 ParOldGen       total 173568K, used 288K [0x00000006c2000000, 0x00000006cc980000, 0x000000076b580000)
  object space 173568K, 0% used [0x00000006c2000000,0x00000006c2048000,0x00000006cc980000)
 Metaspace       used 11075K, capacity 11268K, committed 11392K, reserved 1058816K
  class space    used 1266K, capacity 1342K, committed 1408K, reserved 1048576K
}
Event: 6.342 GC heap before
{Heap before GC invocations=7 (full 0):
 PSYoungGen      total 268800K, used 268772K [0x000000076b580000, 0x000000077c680000, 0x00000007c0000000)
  eden space 259584K, 100% used [0x000000076b580000,0x000000077b300000,0x000000077b300000)
  from space 9216K, 99% used [0x000000077bc80000,0x000000077c5790a8,0x000000077c580000)
  to   space 9728K, 0% used [0x000000077b300000,0x000000077b300000,0x000000077bc80000)
 ParOldGen       total 173568K, used 288K [0x00000006c2000000, 0x00000006cc980000, 0x000000076b580000)
  object space 173568K, 0% used [0x00000006c2000000,0x00000006c2048000,0x00000006cc980000)
 Metaspace       used 11075K, capacity 11268K, committed 11392K, reserved 1058816K
  class space    used 1266K, capacity 1342K, committed 1408K, reserved 1048576K
Event: 6.377 GC heap after
Heap after GC invocations=7 (full 0):
 PSYoungGen      total 269312K, used 9184K [0x000000076b580000, 0x000000078c480000, 0x00000007c0000000)
  eden space 259584K, 0% used [0x000000076b580000,0x000000076b580000,0x000000077b300000)
  from space 9728K, 94% used [0x000000077b300000,0x000000077bbf8000,0x000000077bc80000)
  to   space 10240K, 0% used [0x000000078ba80000,0x000000078ba80000,0x000000078c480000)
 ParOldGen       total 173568K, used 5264K [0x00000006c2000000, 0x00000006cc980000, 0x000000076b580000)
  object space 173568K, 3% used [0x00000006c2000000,0x00000006c2524290,0x00000006cc980000)
 Metaspace       used 11075K, capacity 11268K, committed 11392K, reserved 1058816K
  class space    used 1266K, capacity 1342K, committed 1408K, reserved 1048576K
}

