# JRE version: Java(TM) SE Runtime Environment (8.0_91-b15) (build 1.8.0_91-b15)
# Java VM: Java HotSpot(TM) 64-Bit Server VM (25.91-b15 mixed mode windows-amd64 compressed oops)
Heap:
 PSYoungGen      total 1337856K, used 1091690K [0x000000076b580000, 0x00000007c0000000, 0x00000007c0000000)
  eden space 1288704K, 82% used [0x000000076b580000,0x00000007ac2e2aa0,0x00000007ba000000)
  from space 49152K, 59% used [0x00000007ba000000,0x00000007bbcb8000,0x00000007bd000000)
  to   space 49152K, 0% used [0x00000007bd000000,0x00000007bd000000,0x00000007c0000000)
 ParOldGen       total 173568K, used 49014K [0x00000006c2000000, 0x00000006cc980000, 0x000000076b580000)
  object space 173568K, 28% used [0x00000006c2000000,0x00000006c4fdda08,0x00000006cc980000)
 Metaspace       used 10924K, capacity 11134K, committed 11392K, reserved 1058816K
  class space    used 1224K, capacity 1316K, committed 1408K, reserved 1048576K
GC Heap History (10 events):
Event: 23.772 GC heap before
{Heap before GC invocations=15 (full 0):
 PSYoungGen      total 1337344K, used 1320384K [0x000000076b580000, 0x00000007c0000000, 0x00000007c0000000)
  eden space 1290752K, 100% used [0x000000076b580000,0x00000007ba200000,0x00000007ba200000)
  from space 46592K, 63% used [0x00000007bd280000,0x00000007bef70000,0x00000007c0000000)
  to   space 48128K, 0% used [0x00000007ba200000,0x00000007ba200000,0x00000007bd100000)
 ParOldGen       total 173568K, used 48998K [0x00000006c2000000, 0x00000006cc980000, 0x000000076b580000)
  object space 173568K, 28% used [0x00000006c2000000,0x00000006c4fd9a08,0x00000006cc980000)
 Metaspace       used 10884K, capacity 11038K, committed 11392K, reserved 1058816K
  class space    used 1221K, capacity 1284K, committed 1408K, reserved 1048576K
Event: 23.846 GC heap after
Heap after GC invocations=15 (full 0):
 PSYoungGen      total 1320448K, used 29472K [0x000000076b580000, 0x00000007c0000000, 0x00000007c0000000)
  eden space 1290752K, 0% used [0x000000076b580000,0x000000076b580000,0x00000007ba200000)
  from space 29696K, 99% used [0x00000007ba200000,0x00000007bbec8000,0x00000007bbf00000)
  to   space 48640K, 0% used [0x00000007bd080000,0x00000007bd080000,0x00000007c0000000)
 ParOldGen       total 173568K, used 48998K [0x00000006c2000000, 0x00000006cc980000, 0x000000076b580000)
  object space 173568K, 28% used [0x00000006c2000000,0x00000006c4fd9a08,0x00000006cc980000)
 Metaspace       used 10884K, capacity 11038K, committed 11392K, reserved 1058816K
  class space    used 1221K, capacity 1284K, committed 1408K, reserved 1048576K
}
Event: 26.388 GC heap before
{Heap before GC invocations=16 (full 0):
 PSYoungGen      total 1320448K, used 1320224K [0x000000076b580000, 0x00000007c0000000, 0x00000007c0000000)
  eden space 1290752K, 100% used [0x000000076b580000,0x00000007ba200000,0x00000007ba200000)
  from space 29696K, 99% used [0x00000007ba200000,0x00000007bbec8000,0x00000007bbf00000)
  to   space 48640K, 0% used [0x00000007bd080000,0x00000007bd080000,0x00000007c0000000)
 ParOldGen       total 173568K, used 48998K [0x00000006c2000000, 0x00000006cc980000, 0x000000076b580000)
  object space 173568K, 28% used [0x00000006c2000000,0x00000006c4fd9a08,0x00000006cc980000)
 Metaspace       used 10884K, capacity 11038K, committed 11392K, reserved 1058816K
  class space    used 1221K, capacity 1284K, committed 1408K, reserved 1048576K
Event: 26.461 GC heap after
Heap after GC invocations=16 (full 0):
 PSYoungGen      total 1337344K, used 29472K [0x000000076b580000, 0x00000007c0000000, 0x00000007c0000000)
  eden space 1288704K, 0% used [0x000000076b580000,0x000000076b580000,0x00000007ba000000)
  from space 48640K, 60% used [0x00000007bd080000,0x00000007bed48000,0x00000007c0000000)
  to   space 49152K, 0% used [0x00000007ba000000,0x00000007ba000000,0x00000007bd000000)
 ParOldGen       total 173568K, used 48998K [0x00000006c2000000, 0x00000006cc980000, 0x000000076b580000)
  object space 173568K, 28% used [0x00000006c2000000,0x00000006c4fd9a08,0x00000006cc980000)
 Metaspace       used 10884K, capacity 11038K, committed 11392K, reserved 1058816K
  class space    used 1221K, capacity 1284K, committed 1408K, reserved 1048576K
}
Event: 29.111 GC heap before
{Heap before GC invocations=17 (full 0):
 PSYoungGen      total 1337344K, used 1318176K [0x000000076b580000, 0x00000007c0000000, 0x00000007c0000000)
  eden space 1288704K, 100% used [0x000000076b580000,0x00000007ba000000,0x00000007ba000000)
  from space 48640K, 60% used [0x00000007bd080000,0x00000007bed48000,0x00000007c0000000)
  to   space 49152K, 0% used [0x00000007ba000000,0x00000007ba000000,0x00000007bd000000)
 ParOldGen       total 173568K, used 48998K [0x00000006c2000000, 0x00000006cc980000, 0x000000076b580000)
  object space 173568K, 28% used [0x00000006c2000000,0x00000006c4fd9a08,0x00000006cc980000)
 Metaspace       used 10884K, capacity 11038K, committed 11392K, reserved 1058816K
  class space    used 1221K, capacity 1284K, committed 1408K, reserved 1048576K
Event: 29.191 GC heap after
Heap after GC invocations=17 (full 0):
 PSYoungGen      total 1337856K, used 29408K [0x000000076b580000, 0x00000007c0000000, 0x00000007c0000000)
  eden space 1288704K, 0% used [0x000000076b580000,0x000000076b580000,0x00000007ba000000)
  from space 49152K, 59% used [0x00000007ba000000,0x00000007bbcb8000,0x00000007bd000000)
  to   space 49152K, 0% used [0x00000007bd000000,0x00000007bd000000,0x00000007c0000000)
 ParOldGen       total 173568K, used 48998K [0x00000006c2000000, 0x00000006cc980000, 0x000000076b580000)
  object space 173568K, 28% used [0x00000006c2000000,0x00000006c4fd9a08,0x00000006cc980000)
 Metaspace       used 10884K, capacity 11038K, committed 11392K, reserved 1058816K
  class space    used 1221K, capacity 1284K, committed 1408K, reserved 1048576K
}
Event: 31.874 GC heap before
{Heap before GC invocations=18 (full 0):
 PSYoungGen      total 1337856K, used 1318112K [0x000000076b580000, 0x00000007c0000000, 0x00000007c0000000)
  eden space 1288704K, 100% used [0x000000076b580000,0x00000007ba000000,0x00000007ba000000)
  from space 49152K, 59% used [0x00000007ba000000,0x00000007bbcb8000,0x00000007bd000000)
  to   space 49152K, 0% used [0x00000007bd000000,0x00000007bd000000,0x00000007c0000000)
 ParOldGen       total 173568K, used 48998K [0x00000006c2000000, 0x00000006cc980000, 0x000000076b580000)
  object space 173568K, 28% used [0x00000006c2000000,0x00000006c4fd9a08,0x00000006cc980000)
 Metaspace       used 10884K, capacity 11038K, committed 11392K, reserved 1058816K
  class space    used 1221K, capacity 1284K, committed 1408K, reserved 1048576K
Event: 31.953 GC heap after
Heap after GC invocations=18 (full 0):
 PSYoungGen      total 1337856K, used 29440K [0x000000076b580000, 0x00000007c0000000, 0x00000007c0000000)
  eden space 1288704K, 0% used [0x000000076b580000,0x000000076b580000,0x00000007ba000000)
  from space 49152K, 59% used [0x00000007bd000000,0x00000007becc0000,0x00000007c0000000)
  to   space 49152K, 0% used [0x00000007ba000000,0x00000007ba000000,0x00000007bd000000)
 ParOldGen       total 173568K, used 49006K [0x00000006c2000000, 0x00000006cc980000, 0x000000076b580000)
  object space 173568K, 28% used [0x00000006c2000000,0x00000006c4fdba08,0x00000006cc980000)
 Metaspace       used 10884K, capacity 11038K, committed 11392K, reserved 1058816K
  class space    used 1221K, capacity 1284K, committed 1408K, reserved 1048576K
}
Event: 34.483 GC heap before
{Heap before GC invocations=19 (full 0):
 PSYoungGen      total 1337856K, used 1318144K [0x000000076b580000, 0x00000007c0000000, 0x00000007c0000000)
  eden space 1288704K, 100% used [0x000000076b580000,0x00000007ba000000,0x00000007ba000000)
  from space 49152K, 59% used [0x00000007bd000000,0x00000007becc0000,0x00000007c0000000)
  to   space 49152K, 0% used [0x00000007ba000000,0x00000007ba000000,0x00000007bd000000)
 ParOldGen       total 173568K, used 49006K [0x00000006c2000000, 0x00000006cc980000, 0x000000076b580000)
  object space 173568K, 28% used [0x00000006c2000000,0x00000006c4fdba08,0x00000006cc980000)
 Metaspace       used 10884K, capacity 11038K, committed 11392K, reserved 1058816K
  class space    used 1221K, capacity 1284K, committed 1408K, reserved 1048576K
Event: 34.558 GC heap after
Heap after GC invocations=19 (full 0):
 PSYoungGen      total 1337856K, used 29408K [0x000000076b580000, 0x00000007c0000000, 0x00000007c0000000)
  eden space 1288704K, 0% used [0x000000076b580000,0x000000076b580000,0x00000007ba000000)
  from space 49152K, 59% used [0x00000007ba000000,0x00000007bbcb8000,0x00000007bd000000)
  to   space 49152K, 0% used [0x00000007bd000000,0x00000007bd000000,0x00000007c0000000)
 ParOldGen       total 173568K, used 49014K [0x00000006c2000000, 0x00000006cc980000, 0x000000076b580000)
  object space 173568K, 28% used [0x00000006c2000000,0x00000006c4fdda08,0x00000006cc980000)
 Metaspace       used 10884K, capacity 11038K, committed 11392K, reserved 1058816K
  class space    used 1221K, capacity 1284K, committed 1408K, reserved 1048576K
}

