# JRE version: Java(TM) SE Runtime Environment (8.0_91-b15) (build 1.8.0_91-b15)
# Java VM: Java HotSpot(TM) 64-Bit Server VM (25.91-b15 mixed mode windows-amd64 compressed oops)
Heap:
 PSYoungGen      total 72704K, used 43127K [0x000000076b580000, 0x0000000770980000, 0x00000007c0000000)
  eden space 63488K, 53% used [0x000000076b580000,0x000000076d6f5998,0x000000076f380000)
  from space 9216K, 96% used [0x000000076f500000,0x000000076fda8278,0x000000076fe00000)
  to   space 11264K, 0% used [0x000000076fe80000,0x000000076fe80000,0x0000000770980000)
 ParOldGen       total 173568K, used 191K [0x00000006c2000000, 0x00000006cc980000, 0x000000076b580000)
  object space 173568K, 0% used [0x00000006c2000000,0x00000006c202fd48,0x00000006cc980000)
 Metaspace       used 16240K, capacity 16434K, committed 16512K, reserved 1064960K
  class space    used 1808K, capacity 1877K, committed 1920K, reserved 1048576K
GC Heap History (10 events):
Event: 1.612 GC heap before
{Heap before GC invocations=1 (full 0):
 PSYoungGen      total 75776K, used 65024K [0x000000076b580000, 0x0000000770a00000, 0x00000007c0000000)
  eden space 65024K, 100% used [0x000000076b580000,0x000000076f500000,0x000000076f500000)
  from space 10752K, 0% used [0x000000076ff80000,0x000000076ff80000,0x0000000770a00000)
  to   space 10752K, 0% used [0x000000076f500000,0x000000076f500000,0x000000076ff80000)
 ParOldGen       total 173568K, used 0K [0x00000006c2000000, 0x00000006cc980000, 0x000000076b580000)
  object space 173568K, 0% used [0x00000006c2000000,0x00000006c2000000,0x00000006cc980000)
 Metaspace       used 15725K, capacity 15916K, committed 16000K, reserved 1062912K
  class space    used 1804K, capacity 1876K, committed 1920K, reserved 1048576K
Event: 1.619 GC heap after
Heap after GC invocations=1 (full 0):
 PSYoungGen      total 75776K, used 10745K [0x000000076b580000, 0x0000000770a00000, 0x00000007c0000000)
  eden space 65024K, 0% used [0x000000076b580000,0x000000076b580000,0x000000076f500000)
  from space 10752K, 99% used [0x000000076f500000,0x000000076ff7e6a8,0x000000076ff80000)
  to   space 10752K, 0% used [0x000000076ff80000,0x000000076ff80000,0x0000000770a00000)
 ParOldGen       total 173568K, used 159K [0x00000006c2000000, 0x00000006cc980000, 0x000000076b580000)
  object space 173568K, 0% used [0x00000006c2000000,0x00000006c2027d48,0x00000006cc980000)
 Metaspace       used 15725K, capacity 15916K, committed 16000K, reserved 1062912K
  class space    used 1804K, capacity 1876K, committed 1920K, reserved 1048576K
}
Event: 2.144 GC heap before
{Heap before GC invocations=2 (full 0):
 PSYoungGen      total 75776K, used 75769K [0x000000076b580000, 0x0000000770a00000, 0x00000007c0000000)
  eden space 65024K, 100% used [0x000000076b580000,0x000000076f500000,0x000000076f500000)
  from space 10752K, 99% used [0x000000076f500000,0x000000076ff7e6a8,0x000000076ff80000)
  to   space 10752K, 0% used [0x000000076ff80000,0x000000076ff80000,0x0000000770a00000)
 ParOldGen       total 173568K, used 159K [0x00000006c2000000, 0x00000006cc980000, 0x000000076b580000)
  object space 173568K, 0% used [0x00000006c2000000,0x00000006c2027d48,0x00000006cc980000)
 Metaspace       used 15891K, capacity 16178K, committed 16256K, reserved 1062912K
  class space    used 1805K, capacity 1877K, committed 1920K, reserved 1048576K
Event: 2.149 GC heap after
Heap after GC invocations=2 (full 0):
 PSYoungGen      total 75776K, used 8768K [0x000000076b580000, 0x0000000770a00000, 0x00000007c0000000)
  eden space 65024K, 0% used [0x000000076b580000,0x000000076b580000,0x000000076f500000)
  from space 10752K, 81% used [0x000000076ff80000,0x0000000770810298,0x0000000770a00000)
  to   space 10752K, 0% used [0x000000076f500000,0x000000076f500000,0x000000076ff80000)
 ParOldGen       total 173568K, used 167K [0x00000006c2000000, 0x00000006cc980000, 0x000000076b580000)
  object space 173568K, 0% used [0x00000006c2000000,0x00000006c2029d48,0x00000006cc980000)
 Metaspace       used 15891K, capacity 16178K, committed 16256K, reserved 1062912K
  class space    used 1805K, capacity 1877K, committed 1920K, reserved 1048576K
}
Event: 2.633 GC heap before
{Heap before GC invocations=3 (full 0):
 PSYoungGen      total 75776K, used 73792K [0x000000076b580000, 0x0000000770a00000, 0x00000007c0000000)
  eden space 65024K, 100% used [0x000000076b580000,0x000000076f500000,0x000000076f500000)
  from space 10752K, 81% used [0x000000076ff80000,0x0000000770810298,0x0000000770a00000)
  to   space 10752K, 0% used [0x000000076f500000,0x000000076f500000,0x000000076ff80000)
 ParOldGen       total 173568K, used 167K [0x00000006c2000000, 0x00000006cc980000, 0x000000076b580000)
  object space 173568K, 0% used [0x00000006c2000000,0x00000006c2029d48,0x00000006cc980000)
 Metaspace       used 16039K, capacity 16242K, committed 16512K, reserved 1064960K
  class space    used 1808K, capacity 1877K, committed 1920K, reserved 1048576K
Event: 2.638 GC heap after
Heap after GC invocations=3 (full 0):
 PSYoungGen      total 75776K, used 8768K [0x000000076b580000, 0x0000000770a00000, 0x00000007c0000000)
  eden space 65024K, 0% used [0x000000076b580000,0x000000076b580000,0x000000076f500000)
  from space 10752K, 81% used [0x000000076f500000,0x000000076fd90278,0x000000076ff80000)
  to   space 10752K, 0% used [0x000000076ff80000,0x000000076ff80000,0x0000000770a00000)
 ParOldGen       total 173568K, used 175K [0x00000006c2000000, 0x00000006cc980000, 0x000000076b580000)
  object space 173568K, 0% used [0x00000006c2000000,0x00000006c202bd48,0x00000006cc980000)
 Metaspace       used 16039K, capacity 16242K, committed 16512K, reserved 1064960K
  class space    used 1808K, capacity 1877K, committed 1920K, reserved 1048576K
}
Event: 3.094 GC heap before
{Heap before GC invocations=4 (full 0):
 PSYoungGen      total 75776K, used 73792K [0x000000076b580000, 0x0000000770a00000, 0x00000007c0000000)
  eden space 65024K, 100% used [0x000000076b580000,0x000000076f500000,0x000000076f500000)
  from space 10752K, 81% used [0x000000076f500000,0x000000076fd90278,0x000000076ff80000)
  to   space 10752K, 0% used [0x000000076ff80000,0x000000076ff80000,0x0000000770a00000)
 ParOldGen       total 173568K, used 175K [0x00000006c2000000, 0x00000006cc980000, 0x000000076b580000)
  object space 173568K, 0% used [0x00000006c2000000,0x00000006c202bd48,0x00000006cc980000)
 Metaspace       used 16130K, capacity 16370K, committed 16512K, reserved 1064960K
  class space    used 1808K, capacity 1877K, committed 1920K, reserved 1048576K
Event: 3.098 GC heap after
Heap after GC invocations=4 (full 0):
 PSYoungGen      total 75776K, used 8880K [0x000000076b580000, 0x0000000770a00000, 0x00000007c0000000)
  eden space 65024K, 0% used [0x000000076b580000,0x000000076b580000,0x000000076f500000)
  from space 10752K, 82% used [0x000000076ff80000,0x000000077082c268,0x0000000770a00000)
  to   space 10752K, 0% used [0x000000076f500000,0x000000076f500000,0x000000076ff80000)
 ParOldGen       total 173568K, used 183K [0x00000006c2000000, 0x00000006cc980000, 0x000000076b580000)
  object space 173568K, 0% used [0x00000006c2000000,0x00000006c202dd48,0x00000006cc980000)
 Metaspace       used 16130K, capacity 16370K, committed 16512K, reserved 1064960K
  class space    used 1808K, capacity 1877K, committed 1920K, reserved 1048576K
}
Event: 3.570 GC heap before
{Heap before GC invocations=5 (full 0):
 PSYoungGen      total 75776K, used 73904K [0x000000076b580000, 0x0000000770a00000, 0x00000007c0000000)
  eden space 65024K, 100% used [0x000000076b580000,0x000000076f500000,0x000000076f500000)
  from space 10752K, 82% used [0x000000076ff80000,0x000000077082c268,0x0000000770a00000)
  to   space 10752K, 0% used [0x000000076f500000,0x000000076f500000,0x000000076ff80000)
 ParOldGen       total 173568K, used 183K [0x00000006c2000000, 0x00000006cc980000, 0x000000076b580000)
  object space 173568K, 0% used [0x00000006c2000000,0x00000006c202dd48,0x00000006cc980000)
 Metaspace       used 16220K, capacity 16434K, committed 16512K, reserved 1064960K
  class space    used 1808K, capacity 1877K, committed 1920K, reserved 1048576K
Event: 3.575 GC heap after
Heap after GC invocations=5 (full 0):
 PSYoungGen      total 72704K, used 8864K [0x000000076b580000, 0x0000000770980000, 0x00000007c0000000)
  eden space 63488K, 0% used [0x000000076b580000,0x000000076b580000,0x000000076f380000)
  from space 9216K, 96% used [0x000000076f500000,0x000000076fda8278,0x000000076fe00000)
  to   space 11264K, 0% used [0x000000076fe80000,0x000000076fe80000,0x0000000770980000)
 ParOldGen       total 173568K, used 191K [0x00000006c2000000, 0x00000006cc980000, 0x000000076b580000)
  object space 173568K, 0% used [0x00000006c2000000,0x00000006c202fd48,0x00000006cc980000)
 Metaspace       used 16220K, capacity 16434K, committed 16512K, reserved 1064960K
  class space    used 1808K, capacity 1877K, committed 1920K, reserved 1048576K
}

