# JRE version: Java(TM) SE Runtime Environment (8.0_91-b15) (build 1.8.0_91-b15)
# Java VM: Java HotSpot(TM) 64-Bit Server VM (25.91-b15 mixed mode windows-amd64 compressed oops)
Heap:
 PSYoungGen      total 298496K, used 24177K [0x000000076b580000, 0x000000078c080000, 0x00000007c0000000)
  eden space 241664K, 10% used [0x000000076b580000,0x000000076cd1c6c0,0x000000077a180000)
  from space 56832K, 0% used [0x000000077a180000,0x000000077a180000,0x000000077d900000)
  to   space 98304K, 0% used [0x0000000786080000,0x0000000786080000,0x000000078c080000)
 ParOldGen       total 452096K, used 268337K [0x00000006c2000000, 0x00000006dd980000, 0x000000076b580000)
  object space 452096K, 59% used [0x00000006c2000000,0x00000006d260c5a8,0x00000006dd980000)
 Metaspace       used 12721K, capacity 12924K, committed 13056K, reserved 1060864K
  class space    used 1373K, capacity 1440K, committed 1536K, reserved 1048576K
GC Heap History (10 events):
Event: 3.404 GC heap before
{Heap before GC invocations=5 (full 0):
 PSYoungGen      total 140800K, used 140615K [0x000000076b580000, 0x0000000774980000, 0x00000007c0000000)
  eden space 130048K, 100% used [0x000000076b580000,0x0000000773480000,0x0000000773480000)
  from space 10752K, 98% used [0x0000000773f00000,0x0000000774951eb8,0x0000000774980000)
  to   space 10752K, 0% used [0x0000000773480000,0x0000000773480000,0x0000000773f00000)
 ParOldGen       total 173568K, used 90866K [0x00000006c2000000, 0x00000006cc980000, 0x000000076b580000)
  object space 173568K, 52% used [0x00000006c2000000,0x00000006c78bca88,0x00000006cc980000)
 Metaspace       used 12523K, capacity 12732K, committed 13056K, reserved 1060864K
  class space    used 1370K, capacity 1440K, committed 1536K, reserved 1048576K
Event: 3.416 GC heap after
Heap after GC invocations=5 (full 0):
 PSYoungGen      total 140800K, used 10727K [0x000000076b580000, 0x0000000781080000, 0x00000007c0000000)
  eden space 130048K, 0% used [0x000000076b580000,0x000000076b580000,0x0000000773480000)
  from space 10752K, 99% used [0x0000000773480000,0x0000000773ef9eb8,0x0000000773f00000)
  to   space 47616K, 0% used [0x000000077e200000,0x000000077e200000,0x0000000781080000)
 ParOldGen       total 173568K, used 140544K [0x00000006c2000000, 0x00000006cc980000, 0x000000076b580000)
  object space 173568K, 80% used [0x00000006c2000000,0x00000006ca940188,0x00000006cc980000)
 Metaspace       used 12523K, capacity 12732K, committed 13056K, reserved 1060864K
  class space    used 1370K, capacity 1440K, committed 1536K, reserved 1048576K
}
Event: 3.416 GC heap before
{Heap before GC invocations=6 (full 1):
 PSYoungGen      total 140800K, used 10727K [0x000000076b580000, 0x0000000781080000, 0x00000007c0000000)
  eden space 130048K, 0% used [0x000000076b580000,0x000000076b580000,0x0000000773480000)
  from space 10752K, 99% used [0x0000000773480000,0x0000000773ef9eb8,0x0000000773f00000)
  to   space 47616K, 0% used [0x000000077e200000,0x000000077e200000,0x0000000781080000)
 ParOldGen       total 173568K, used 140544K [0x00000006c2000000, 0x00000006cc980000, 0x000000076b580000)
  object space 173568K, 80% used [0x00000006c2000000,0x00000006ca940188,0x00000006cc980000)
 Metaspace       used 12523K, capacity 12732K, committed 13056K, reserved 1060864K
  class space    used 1370K, capacity 1440K, committed 1536K, reserved 1048576K
Event: 3.445 GC heap after
Heap after GC invocations=6 (full 1):
 PSYoungGen      total 140800K, used 0K [0x000000076b580000, 0x0000000781080000, 0x00000007c0000000)
  eden space 130048K, 0% used [0x000000076b580000,0x000000076b580000,0x0000000773480000)
  from space 10752K, 0% used [0x0000000773480000,0x0000000773480000,0x0000000773f00000)
  to   space 47616K, 0% used [0x000000077e200000,0x000000077e200000,0x0000000781080000)
 ParOldGen       total 280064K, used 143340K [0x00000006c2000000, 0x00000006d3180000, 0x000000076b580000)
  object space 280064K, 51% used [0x00000006c2000000,0x00000006cabfb1d8,0x00000006d3180000)
 Metaspace       used 12523K, capacity 12732K, committed 13056K, reserved 1060864K
  class space    used 1370K, capacity 1440K, committed 1536K, reserved 1048576K
}
Event: 4.675 GC heap before
{Heap before GC invocations=7 (full 1):
 PSYoungGen      total 140800K, used 130048K [0x000000076b580000, 0x0000000781080000, 0x00000007c0000000)
  eden space 130048K, 100% used [0x000000076b580000,0x0000000773480000,0x0000000773480000)
  from space 10752K, 0% used [0x0000000773480000,0x0000000773480000,0x0000000773f00000)
  to   space 47616K, 0% used [0x000000077e200000,0x000000077e200000,0x0000000781080000)
 ParOldGen       total 280064K, used 143785K [0x00000006c2000000, 0x00000006d3180000, 0x000000076b580000)
  object space 280064K, 51% used [0x00000006c2000000,0x00000006cac6a6d0,0x00000006d3180000)
 Metaspace       used 12588K, capacity 12796K, committed 13056K, reserved 1060864K
  class space    used 1370K, capacity 1440K, committed 1536K, reserved 1048576K
Event: 4.684 GC heap after
Heap after GC invocations=7 (full 1):
 PSYoungGen      total 260096K, used 47465K [0x000000076b580000, 0x0000000781080000, 0x00000007c0000000)
  eden space 212480K, 0% used [0x000000076b580000,0x000000076b580000,0x0000000778500000)
  from space 47616K, 99% used [0x000000077e200000,0x000000078105a4e0,0x0000000781080000)
  to   space 56832K, 0% used [0x000000077a180000,0x000000077a180000,0x000000077d900000)
 ParOldGen       total 280064K, used 154750K [0x00000006c2000000, 0x00000006d3180000, 0x000000076b580000)
  object space 280064K, 55% used [0x00000006c2000000,0x00000006cb71f910,0x00000006d3180000)
 Metaspace       used 12588K, capacity 12796K, committed 13056K, reserved 1060864K
  class space    used 1370K, capacity 1440K, committed 1536K, reserved 1048576K
}
Event: 7.871 GC heap before
{Heap before GC invocations=8 (full 1):
 PSYoungGen      total 260096K, used 259945K [0x000000076b580000, 0x0000000781080000, 0x00000007c0000000)
  eden space 212480K, 100% used [0x000000076b580000,0x0000000778500000,0x0000000778500000)
  from space 47616K, 99% used [0x000000077e200000,0x000000078105a4e0,0x0000000781080000)
  to   space 56832K, 0% used [0x000000077a180000,0x000000077a180000,0x000000077d900000)
 ParOldGen       total 280064K, used 154750K [0x00000006c2000000, 0x00000006d3180000, 0x000000076b580000)
  object space 280064K, 55% used [0x00000006c2000000,0x00000006cb71f910,0x00000006d3180000)
 Metaspace       used 12717K, capacity 12924K, committed 13056K, reserved 1060864K
  class space    used 1373K, capacity 1440K, committed 1536K, reserved 1048576K
Event: 7.890 GC heap after
Heap after GC invocations=8 (full 1):
 PSYoungGen      total 298496K, used 56819K [0x000000076b580000, 0x000000078c080000, 0x00000007c0000000)
  eden space 241664K, 0% used [0x000000076b580000,0x000000076b580000,0x000000077a180000)
  from space 56832K, 99% used [0x000000077a180000,0x000000077d8fcec0,0x000000077d900000)
  to   space 98304K, 0% used [0x0000000786080000,0x0000000786080000,0x000000078c080000)
 ParOldGen       total 280064K, used 215773K [0x00000006c2000000, 0x00000006d3180000, 0x000000076b580000)
  object space 280064K, 77% used [0x00000006c2000000,0x00000006cf2b7730,0x00000006d3180000)
 Metaspace       used 12717K, capacity 12924K, committed 13056K, reserved 1060864K
  class space    used 1373K, capacity 1440K, committed 1536K, reserved 1048576K
}
Event: 7.890 GC heap before
{Heap before GC invocations=9 (full 2):
 PSYoungGen      total 298496K, used 56819K [0x000000076b580000, 0x000000078c080000, 0x00000007c0000000)
  eden space 241664K, 0% used [0x000000076b580000,0x000000076b580000,0x000000077a180000)
  from space 56832K, 99% used [0x000000077a180000,0x000000077d8fcec0,0x000000077d900000)
  to   space 98304K, 0% used [0x0000000786080000,0x0000000786080000,0x000000078c080000)
 ParOldGen       total 280064K, used 215773K [0x00000006c2000000, 0x00000006d3180000, 0x000000076b580000)
  object space 280064K, 77% used [0x00000006c2000000,0x00000006cf2b7730,0x00000006d3180000)
 Metaspace       used 12717K, capacity 12924K, committed 13056K, reserved 1060864K
  class space    used 1373K, capacity 1440K, committed 1536K, reserved 1048576K
Event: 7.916 GC heap after
Heap after GC invocations=9 (full 2):
 PSYoungGen      total 298496K, used 0K [0x000000076b580000, 0x000000078c080000, 0x00000007c0000000)
  eden space 241664K, 0% used [0x000000076b580000,0x000000076b580000,0x000000077a180000)
  from space 56832K, 0% used [0x000000077a180000,0x000000077a180000,0x000000077d900000)
  to   space 98304K, 0% used [0x0000000786080000,0x0000000786080000,0x000000078c080000)
 ParOldGen       total 452096K, used 268337K [0x00000006c2000000, 0x00000006dd980000, 0x000000076b580000)
  object space 452096K, 59% used [0x00000006c2000000,0x00000006d260c5a8,0x00000006dd980000)
 Metaspace       used 12717K, capacity 12924K, committed 13056K, reserved 1060864K
  class space    used 1373K, capacity 1440K, committed 1536K, reserved 1048576K
}

