# JRE version: Java(TM) SE Runtime Environment (8.0_91-b15) (build 1.8.0_91-b15)
# Java VM: Java HotSpot(TM) 64-Bit Server VM (25.91-b15 mixed mode windows-amd64 compressed oops)
Heap:
 PSYoungGen      total 270848K, used 162003K [0x000000076b580000, 0x000000077c880000, 0x00000007c0000000)
  eden space 260096K, 62% used [0x000000076b580000,0x00000007753b4f48,0x000000077b380000)
  from space 10752K, 0% used [0x000000077be00000,0x000000077be00000,0x000000077c880000)
  to   space 10752K, 0% used [0x000000077b380000,0x000000077b380000,0x000000077be00000)
 ParOldGen       total 272896K, used 132640K [0x00000006c2000000, 0x00000006d2a80000, 0x000000076b580000)
  object space 272896K, 48% used [0x00000006c2000000,0x00000006ca1881b0,0x00000006d2a80000)
 Metaspace       used 12692K, capacity 12876K, committed 13056K, reserved 1060864K
  class space    used 1376K, capacity 1440K, committed 1536K, reserved 1048576K
GC Heap History (10 events):
Event: 1.493 GC heap before
{Heap before GC invocations=1 (full 0):
 PSYoungGen      total 75776K, used 65024K [0x000000076b580000, 0x0000000770a00000, 0x00000007c0000000)
  eden space 65024K, 100% used [0x000000076b580000,0x000000076f500000,0x000000076f500000)
  from space 10752K, 0% used [0x000000076ff80000,0x000000076ff80000,0x0000000770a00000)
  to   space 10752K, 0% used [0x000000076f500000,0x000000076f500000,0x000000076ff80000)
 ParOldGen       total 173568K, used 0K [0x00000006c2000000, 0x00000006cc980000, 0x000000076b580000)
  object space 173568K, 0% used [0x00000006c2000000,0x00000006c2000000,0x00000006cc980000)
 Metaspace       used 12021K, capacity 12160K, committed 12544K, reserved 1060864K
  class space    used 1372K, capacity 1440K, committed 1536K, reserved 1048576K
Event: 1.529 GC heap after
Heap after GC invocations=1 (full 0):
 PSYoungGen      total 75776K, used 10730K [0x000000076b580000, 0x0000000774980000, 0x00000007c0000000)
  eden space 65024K, 0% used [0x000000076b580000,0x000000076b580000,0x000000076f500000)
  from space 10752K, 99% used [0x000000076f500000,0x000000076ff7a9e8,0x000000076ff80000)
  to   space 10752K, 0% used [0x0000000773f00000,0x0000000773f00000,0x0000000774980000)
 ParOldGen       total 173568K, used 14351K [0x00000006c2000000, 0x00000006cc980000, 0x000000076b580000)
  object space 173568K, 8% used [0x00000006c2000000,0x00000006c2e03f00,0x00000006cc980000)
 Metaspace       used 12021K, capacity 12160K, committed 12544K, reserved 1060864K
  class space    used 1372K, capacity 1440K, committed 1536K, reserved 1048576K
}
Event: 1.886 GC heap before
{Heap before GC invocations=2 (full 0):
 PSYoungGen      total 75776K, used 75754K [0x000000076b580000, 0x0000000774980000, 0x00000007c0000000)
  eden space 65024K, 100% used [0x000000076b580000,0x000000076f500000,0x000000076f500000)
  from space 10752K, 99% used [0x000000076f500000,0x000000076ff7a9e8,0x000000076ff80000)
  to   space 10752K, 0% used [0x0000000773f00000,0x0000000773f00000,0x0000000774980000)
 ParOldGen       total 173568K, used 14351K [0x00000006c2000000, 0x00000006cc980000, 0x000000076b580000)
  object space 173568K, 8% used [0x00000006c2000000,0x00000006c2e03f00,0x00000006cc980000)
 Metaspace       used 12234K, capacity 12416K, committed 12800K, reserved 1060864K
  class space    used 1372K, capacity 1440K, committed 1536K, reserved 1048576K
Event: 1.896 GC heap after
Heap after GC invocations=2 (full 0):
 PSYoungGen      total 140800K, used 10746K [0x000000076b580000, 0x0000000774980000, 0x00000007c0000000)
  eden space 130048K, 0% used [0x000000076b580000,0x000000076b580000,0x0000000773480000)
  from space 10752K, 99% used [0x0000000773f00000,0x000000077497e9d8,0x0000000774980000)
  to   space 10752K, 0% used [0x0000000773480000,0x0000000773480000,0x0000000773f00000)
 ParOldGen       total 173568K, used 39242K [0x00000006c2000000, 0x00000006cc980000, 0x000000076b580000)
  object space 173568K, 22% used [0x00000006c2000000,0x00000006c4652a80,0x00000006cc980000)
 Metaspace       used 12234K, capacity 12416K, committed 12800K, reserved 1060864K
  class space    used 1372K, capacity 1440K, committed 1536K, reserved 1048576K
}
Event: 3.155 GC heap before
{Heap before GC invocations=3 (full 0):
 PSYoungGen      total 140800K, used 140794K [0x000000076b580000, 0x0000000774980000, 0x00000007c0000000)
  eden space 130048K, 100% used [0x000000076b580000,0x0000000773480000,0x0000000773480000)
  from space 10752K, 99% used [0x0000000773f00000,0x000000077497e9d8,0x0000000774980000)
  to   space 10752K, 0% used [0x0000000773480000,0x0000000773480000,0x0000000773f00000)
 ParOldGen       total 173568K, used 39242K [0x00000006c2000000, 0x00000006cc980000, 0x000000076b580000)
  object space 173568K, 22% used [0x00000006c2000000,0x00000006c4652a80,0x00000006cc980000)
 Metaspace       used 12514K, capacity 12748K, committed 13056K, reserved 1060864K
  class space    used 1375K, capacity 1440K, committed 1536K, reserved 1048576K
Event: 3.169 GC heap after
Heap after GC invocations=3 (full 0):
 PSYoungGen      total 140800K, used 10746K [0x000000076b580000, 0x000000077c880000, 0x00000007c0000000)
  eden space 130048K, 0% used [0x000000076b580000,0x000000076b580000,0x0000000773480000)
  from space 10752K, 99% used [0x0000000773480000,0x0000000773efe9d8,0x0000000773f00000)
  to   space 10752K, 0% used [0x000000077be00000,0x000000077be00000,0x000000077c880000)
 ParOldGen       total 173568K, used 82855K [0x00000006c2000000, 0x00000006cc980000, 0x000000076b580000)
  object space 173568K, 47% used [0x00000006c2000000,0x00000006c70e9ea0,0x00000006cc980000)
 Metaspace       used 12514K, capacity 12748K, committed 13056K, reserved 1060864K
  class space    used 1375K, capacity 1440K, committed 1536K, reserved 1048576K
}
Event: 4.286 GC heap before
{Heap before GC invocations=4 (full 0):
 PSYoungGen      total 140800K, used 140794K [0x000000076b580000, 0x000000077c880000, 0x00000007c0000000)
  eden space 130048K, 100% used [0x000000076b580000,0x0000000773480000,0x0000000773480000)
  from space 10752K, 99% used [0x0000000773480000,0x0000000773efe9d8,0x0000000773f00000)
  to   space 10752K, 0% used [0x000000077be00000,0x000000077be00000,0x000000077c880000)
 ParOldGen       total 173568K, used 82855K [0x00000006c2000000, 0x00000006cc980000, 0x000000076b580000)
  object space 173568K, 47% used [0x00000006c2000000,0x00000006c70e9ea0,0x00000006cc980000)
 Metaspace       used 12641K, capacity 12812K, committed 13056K, reserved 1060864K
  class space    used 1375K, capacity 1440K, committed 1536K, reserved 1048576K
Event: 4.297 GC heap after
Heap after GC invocations=4 (full 0):
 PSYoungGen      total 270848K, used 10727K [0x000000076b580000, 0x000000077c880000, 0x00000007c0000000)
  eden space 260096K, 0% used [0x000000076b580000,0x000000076b580000,0x000000077b380000)
  from space 10752K, 99% used [0x000000077be00000,0x000000077c879eb8,0x000000077c880000)
  to   space 10752K, 0% used [0x000000077b380000,0x000000077b380000,0x000000077be00000)
 ParOldGen       total 173568K, used 128702K [0x00000006c2000000, 0x00000006cc980000, 0x000000076b580000)
  object space 173568K, 74% used [0x00000006c2000000,0x00000006c9dafb20,0x00000006cc980000)
 Metaspace       used 12641K, capacity 12812K, committed 13056K, reserved 1060864K
  class space    used 1375K, capacity 1440K, committed 1536K, reserved 1048576K
}
Event: 4.297 GC heap before
{Heap before GC invocations=5 (full 1):
 PSYoungGen      total 270848K, used 10727K [0x000000076b580000, 0x000000077c880000, 0x00000007c0000000)
  eden space 260096K, 0% used [0x000000076b580000,0x000000076b580000,0x000000077b380000)
  from space 10752K, 99% used [0x000000077be00000,0x000000077c879eb8,0x000000077c880000)
  to   space 10752K, 0% used [0x000000077b380000,0x000000077b380000,0x000000077be00000)
 ParOldGen       total 173568K, used 128702K [0x00000006c2000000, 0x00000006cc980000, 0x000000076b580000)
  object space 173568K, 74% used [0x00000006c2000000,0x00000006c9dafb20,0x00000006cc980000)
 Metaspace       used 12641K, capacity 12812K, committed 13056K, reserved 1060864K
  class space    used 1375K, capacity 1440K, committed 1536K, reserved 1048576K
Event: 4.324 GC heap after
Heap after GC invocations=5 (full 1):
 PSYoungGen      total 270848K, used 0K [0x000000076b580000, 0x000000077c880000, 0x00000007c0000000)
  eden space 260096K, 0% used [0x000000076b580000,0x000000076b580000,0x000000077b380000)
  from space 10752K, 0% used [0x000000077be00000,0x000000077be00000,0x000000077c880000)
  to   space 10752K, 0% used [0x000000077b380000,0x000000077b380000,0x000000077be00000)
 ParOldGen       total 272896K, used 132640K [0x00000006c2000000, 0x00000006d2a80000, 0x000000076b580000)
  object space 272896K, 48% used [0x00000006c2000000,0x00000006ca1881b0,0x00000006d2a80000)
 Metaspace       used 12641K, capacity 12812K, committed 13056K, reserved 1060864K
  class space    used 1375K, capacity 1440K, committed 1536K, reserved 1048576K
}

