# JRE version: Java(TM) SE Runtime Environment (8.0_91-b15) (build 1.8.0_91-b15)
# Java VM: Java HotSpot(TM) 64-Bit Server VM (25.91-b15 mixed mode windows-amd64 compressed oops)
Heap:
 PSYoungGen      total 267776K, used 110735K [0x000000076b580000, 0x0000000781080000, 0x00000007c0000000)
  eden space 221184K, 29% used [0x000000076b580000,0x000000076f46b868,0x0000000778d80000)
  from space 46592K, 99% used [0x000000077e300000,0x0000000781038640,0x0000000781080000)
  to   space 55296K, 0% used [0x000000077a480000,0x000000077a480000,0x000000077da80000)
 ParOldGen       total 269312K, used 140715K [0x00000006c2000000, 0x00000006d2700000, 0x000000076b580000)
  object space 269312K, 52% used [0x00000006c2000000,0x00000006ca96ac28,0x00000006d2700000)
 Metaspace       used 12737K, capacity 12940K, committed 13312K, reserved 1060864K
  class space    used 1370K, capacity 1440K, committed 1536K, reserved 1048576K
GC Heap History (10 events):
Event: 1.920 GC heap before
{Heap before GC invocations=3 (full 0):
 PSYoungGen      total 75776K, used 75770K [0x000000076b580000, 0x0000000774980000, 0x00000007c0000000)
  eden space 65024K, 100% used [0x000000076b580000,0x000000076f500000,0x000000076f500000)
  from space 10752K, 99% used [0x000000076ff80000,0x00000007709fe9d8,0x0000000770a00000)
  to   space 10752K, 0% used [0x000000076f500000,0x000000076f500000,0x000000076ff80000)
 ParOldGen       total 173568K, used 39977K [0x00000006c2000000, 0x00000006cc980000, 0x000000076b580000)
  object space 173568K, 23% used [0x00000006c2000000,0x00000006c470a4b8,0x00000006cc980000)
 Metaspace       used 12137K, capacity 12360K, committed 12544K, reserved 1060864K
  class space    used 1366K, capacity 1440K, committed 1536K, reserved 1048576K
Event: 1.927 GC heap after
Heap after GC invocations=3 (full 0):
 PSYoungGen      total 75776K, used 10727K [0x000000076b580000, 0x0000000774980000, 0x00000007c0000000)
  eden space 65024K, 0% used [0x000000076b580000,0x000000076b580000,0x000000076f500000)
  from space 10752K, 99% used [0x000000076f500000,0x000000076ff79eb8,0x000000076ff80000)
  to   space 10752K, 0% used [0x0000000773f00000,0x0000000773f00000,0x0000000774980000)
 ParOldGen       total 173568K, used 66752K [0x00000006c2000000, 0x00000006cc980000, 0x000000076b580000)
  object space 173568K, 38% used [0x00000006c2000000,0x00000006c61303b8,0x00000006cc980000)
 Metaspace       used 12137K, capacity 12360K, committed 12544K, reserved 1060864K
  class space    used 1366K, capacity 1440K, committed 1536K, reserved 1048576K
}
Event: 2.213 GC heap before
{Heap before GC invocations=4 (full 0):
 PSYoungGen      total 75776K, used 75751K [0x000000076b580000, 0x0000000774980000, 0x00000007c0000000)
  eden space 65024K, 100% used [0x000000076b580000,0x000000076f500000,0x000000076f500000)
  from space 10752K, 99% used [0x000000076f500000,0x000000076ff79eb8,0x000000076ff80000)
  to   space 10752K, 0% used [0x0000000773f00000,0x0000000773f00000,0x0000000774980000)
 ParOldGen       total 173568K, used 66752K [0x00000006c2000000, 0x00000006cc980000, 0x000000076b580000)
  object space 173568K, 38% used [0x00000006c2000000,0x00000006c61303b8,0x00000006cc980000)
 Metaspace       used 12183K, capacity 12424K, committed 12800K, reserved 1060864K
  class space    used 1366K, capacity 1440K, committed 1536K, reserved 1048576K
Event: 2.222 GC heap after
Heap after GC invocations=4 (full 0):
 PSYoungGen      total 140800K, used 10743K [0x000000076b580000, 0x0000000774980000, 0x00000007c0000000)
  eden space 130048K, 0% used [0x000000076b580000,0x000000076b580000,0x0000000773480000)
  from space 10752K, 99% used [0x0000000773f00000,0x000000077497dea8,0x0000000774980000)
  to   space 10752K, 0% used [0x0000000773480000,0x0000000773480000,0x0000000773f00000)
 ParOldGen       total 173568K, used 93469K [0x00000006c2000000, 0x00000006cc980000, 0x000000076b580000)
  object space 173568K, 53% used [0x00000006c2000000,0x00000006c7b47798,0x00000006cc980000)
 Metaspace       used 12183K, capacity 12424K, committed 12800K, reserved 1060864K
  class space    used 1366K, capacity 1440K, committed 1536K, reserved 1048576K
}
Event: 4.650 GC heap before
{Heap before GC invocations=5 (full 0):
 PSYoungGen      total 140800K, used 140791K [0x000000076b580000, 0x0000000774980000, 0x00000007c0000000)
  eden space 130048K, 100% used [0x000000076b580000,0x0000000773480000,0x0000000773480000)
  from space 10752K, 99% used [0x0000000773f00000,0x000000077497dea8,0x0000000774980000)
  to   space 10752K, 0% used [0x0000000773480000,0x0000000773480000,0x0000000773f00000)
 ParOldGen       total 173568K, used 93471K [0x00000006c2000000, 0x00000006cc980000, 0x000000076b580000)
  object space 173568K, 53% used [0x00000006c2000000,0x00000006c7b47ca0,0x00000006cc980000)
 Metaspace       used 12519K, capacity 12748K, committed 13056K, reserved 1060864K
  class space    used 1366K, capacity 1440K, committed 1536K, reserved 1048576K
Event: 4.662 GC heap after
Heap after GC invocations=5 (full 0):
 PSYoungGen      total 140800K, used 10666K [0x000000076b580000, 0x0000000781280000, 0x00000007c0000000)
  eden space 130048K, 0% used [0x000000076b580000,0x000000076b580000,0x0000000773480000)
  from space 10752K, 99% used [0x0000000773480000,0x0000000773eea9e8,0x0000000773f00000)
  to   space 48640K, 0% used [0x000000077e300000,0x000000077e300000,0x0000000781280000)
 ParOldGen       total 173568K, used 140227K [0x00000006c2000000, 0x00000006cc980000, 0x000000076b580000)
  object space 173568K, 80% used [0x00000006c2000000,0x00000006ca8f0ca0,0x00000006cc980000)
 Metaspace       used 12519K, capacity 12748K, committed 13056K, reserved 1060864K
  class space    used 1366K, capacity 1440K, committed 1536K, reserved 1048576K
}
Event: 4.662 GC heap before
{Heap before GC invocations=6 (full 1):
 PSYoungGen      total 140800K, used 10666K [0x000000076b580000, 0x0000000781280000, 0x00000007c0000000)
  eden space 130048K, 0% used [0x000000076b580000,0x000000076b580000,0x0000000773480000)
  from space 10752K, 99% used [0x0000000773480000,0x0000000773eea9e8,0x0000000773f00000)
  to   space 48640K, 0% used [0x000000077e300000,0x000000077e300000,0x0000000781280000)
 ParOldGen       total 173568K, used 140227K [0x00000006c2000000, 0x00000006cc980000, 0x000000076b580000)
  object space 173568K, 80% used [0x00000006c2000000,0x00000006ca8f0ca0,0x00000006cc980000)
 Metaspace       used 12519K, capacity 12748K, committed 13056K, reserved 1060864K
  class space    used 1366K, capacity 1440K, committed 1536K, reserved 1048576K
Event: 4.689 GC heap after
Heap after GC invocations=6 (full 1):
 PSYoungGen      total 140800K, used 0K [0x000000076b580000, 0x0000000781280000, 0x00000007c0000000)
  eden space 130048K, 0% used [0x000000076b580000,0x000000076b580000,0x0000000773480000)
  from space 10752K, 0% used [0x0000000773480000,0x0000000773480000,0x0000000773f00000)
  to   space 48640K, 0% used [0x000000077e300000,0x000000077e300000,0x0000000781280000)
 ParOldGen       total 269312K, used 140698K [0x00000006c2000000, 0x00000006d2700000, 0x000000076b580000)
  object space 269312K, 52% used [0x00000006c2000000,0x00000006ca966af0,0x00000006d2700000)
 Metaspace       used 12519K, capacity 12748K, committed 13056K, reserved 1060864K
  class space    used 1366K, capacity 1440K, committed 1536K, reserved 1048576K
}
Event: 10.280 GC heap before
{Heap before GC invocations=7 (full 1):
 PSYoungGen      total 140800K, used 130048K [0x000000076b580000, 0x0000000781280000, 0x00000007c0000000)
  eden space 130048K, 100% used [0x000000076b580000,0x0000000773480000,0x0000000773480000)
  from space 10752K, 0% used [0x0000000773480000,0x0000000773480000,0x0000000773f00000)
  to   space 48640K, 0% used [0x000000077e300000,0x000000077e300000,0x0000000781280000)
 ParOldGen       total 269312K, used 140707K [0x00000006c2000000, 0x00000006d2700000, 0x000000076b580000)
  object space 269312K, 52% used [0x00000006c2000000,0x00000006ca968c28,0x00000006d2700000)
 Metaspace       used 12652K, capacity 12812K, committed 13056K, reserved 1060864K
  class space    used 1370K, capacity 1440K, committed 1536K, reserved 1048576K
Event: 10.290 GC heap after
Heap after GC invocations=7 (full 1):
 PSYoungGen      total 267776K, used 46305K [0x000000076b580000, 0x0000000781080000, 0x00000007c0000000)
  eden space 221184K, 0% used [0x000000076b580000,0x000000076b580000,0x0000000778d80000)
  from space 46592K, 99% used [0x000000077e300000,0x0000000781038640,0x0000000781080000)
  to   space 55296K, 0% used [0x000000077a480000,0x000000077a480000,0x000000077da80000)
 ParOldGen       total 269312K, used 140715K [0x00000006c2000000, 0x00000006d2700000, 0x000000076b580000)
  object space 269312K, 52% used [0x00000006c2000000,0x00000006ca96ac28,0x00000006d2700000)
 Metaspace       used 12652K, capacity 12812K, committed 13056K, reserved 1060864K
  class space    used 1370K, capacity 1440K, committed 1536K, reserved 1048576K
}

