# JRE version: Java(TM) SE Runtime Environment (8.0_91-b15) (build 1.8.0_91-b15)
# Java VM: Java HotSpot(TM) 64-Bit Server VM (25.91-b15 mixed mode windows-amd64 compressed oops)
Heap:
 PSYoungGen      total 32256K, used 28682K [0x000000076b580000, 0x000000076d600000, 0x00000007c0000000)
  eden space 31232K, 90% used [0x000000076b580000,0x000000076d122a00,0x000000076d400000)
  from space 1024K, 37% used [0x000000076d400000,0x000000076d460000,0x000000076d500000)
  to   space 1024K, 0% used [0x000000076d500000,0x000000076d500000,0x000000076d600000)
 ParOldGen       total 173568K, used 10466K [0x00000006c2000000, 0x00000006cc980000, 0x000000076b580000)
  object space 173568K, 6% used [0x00000006c2000000,0x00000006c2a389c0,0x00000006cc980000)
 Metaspace       used 17362K, capacity 17598K, committed 17792K, reserved 1064960K
  class space    used 1817K, capacity 1877K, committed 1920K, reserved 1048576K
GC Heap History (10 events):
Event: 24.471 GC heap before
{Heap before GC invocations=79 (full 0):
 PSYoungGen      total 32256K, used 31712K [0x000000076b580000, 0x000000076d600000, 0x00000007c0000000)
  eden space 31232K, 100% used [0x000000076b580000,0x000000076d400000,0x000000076d400000)
  from space 1024K, 46% used [0x000000076d500000,0x000000076d578010,0x000000076d600000)
  to   space 1024K, 0% used [0x000000076d400000,0x000000076d400000,0x000000076d500000)
 ParOldGen       total 173568K, used 10338K [0x00000006c2000000, 0x00000006cc980000, 0x000000076b580000)
  object space 173568K, 5% used [0x00000006c2000000,0x00000006c2a189c0,0x00000006cc980000)
 Metaspace       used 17329K, capacity 17534K, committed 17792K, reserved 1064960K
  class space    used 1817K, capacity 1877K, committed 1920K, reserved 1048576K
Event: 24.472 GC heap after
Heap after GC invocations=79 (full 0):
 PSYoungGen      total 32256K, used 448K [0x000000076b580000, 0x000000076d600000, 0x00000007c0000000)
  eden space 31232K, 0% used [0x000000076b580000,0x000000076b580000,0x000000076d400000)
  from space 1024K, 43% used [0x000000076d400000,0x000000076d470010,0x000000076d500000)
  to   space 1024K, 0% used [0x000000076d500000,0x000000076d500000,0x000000076d600000)
 ParOldGen       total 173568K, used 10354K [0x00000006c2000000, 0x00000006cc980000, 0x000000076b580000)
  object space 173568K, 5% used [0x00000006c2000000,0x00000006c2a1c9c0,0x00000006cc980000)
 Metaspace       used 17329K, capacity 17534K, committed 17792K, reserved 1064960K
  class space    used 1817K, capacity 1877K, committed 1920K, reserved 1048576K
}
Event: 24.680 GC heap before
{Heap before GC invocations=80 (full 0):
 PSYoungGen      total 32256K, used 31680K [0x000000076b580000, 0x000000076d600000, 0x00000007c0000000)
  eden space 31232K, 100% used [0x000000076b580000,0x000000076d400000,0x000000076d400000)
  from space 1024K, 43% used [0x000000076d400000,0x000000076d470010,0x000000076d500000)
  to   space 1024K, 0% used [0x000000076d500000,0x000000076d500000,0x000000076d600000)
 ParOldGen       total 173568K, used 10354K [0x00000006c2000000, 0x00000006cc980000, 0x000000076b580000)
  object space 173568K, 5% used [0x00000006c2000000,0x00000006c2a1c9c0,0x00000006cc980000)
 Metaspace       used 17360K, capacity 17598K, committed 17792K, reserved 1064960K
  class space    used 1817K, capacity 1877K, committed 1920K, reserved 1048576K
Event: 24.681 GC heap after
Heap after GC invocations=80 (full 0):
 PSYoungGen      total 32256K, used 544K [0x000000076b580000, 0x000000076d600000, 0x00000007c0000000)
  eden space 31232K, 0% used [0x000000076b580000,0x000000076b580000,0x000000076d400000)
  from space 1024K, 53% used [0x000000076d500000,0x000000076d588010,0x000000076d600000)
  to   space 1024K, 0% used [0x000000076d400000,0x000000076d400000,0x000000076d500000)
 ParOldGen       total 173568K, used 10386K [0x00000006c2000000, 0x00000006cc980000, 0x000000076b580000)
  object space 173568K, 5% used [0x00000006c2000000,0x00000006c2a249c0,0x00000006cc980000)
 Metaspace       used 17360K, capacity 17598K, committed 17792K, reserved 1064960K
  class space    used 1817K, capacity 1877K, committed 1920K, reserved 1048576K
}
Event: 24.891 GC heap before
{Heap before GC invocations=81 (full 0):
 PSYoungGen      total 32256K, used 31776K [0x000000076b580000, 0x000000076d600000, 0x00000007c0000000)
  eden space 31232K, 100% used [0x000000076b580000,0x000000076d400000,0x000000076d400000)
  from space 1024K, 53% used [0x000000076d500000,0x000000076d588010,0x000000076d600000)
  to   space 1024K, 0% used [0x000000076d400000,0x000000076d400000,0x000000076d500000)
 ParOldGen       total 173568K, used 10386K [0x00000006c2000000, 0x00000006cc980000, 0x000000076b580000)
  object space 173568K, 5% used [0x00000006c2000000,0x00000006c2a249c0,0x00000006cc980000)
 Metaspace       used 17361K, capacity 17598K, committed 17792K, reserved 1064960K
  class space    used 1817K, capacity 1877K, committed 1920K, reserved 1048576K
Event: 24.892 GC heap after
Heap after GC invocations=81 (full 0):
 PSYoungGen      total 32256K, used 384K [0x000000076b580000, 0x000000076d600000, 0x00000007c0000000)
  eden space 31232K, 0% used [0x000000076b580000,0x000000076b580000,0x000000076d400000)
  from space 1024K, 37% used [0x000000076d400000,0x000000076d460000,0x000000076d500000)
  to   space 1024K, 0% used [0x000000076d500000,0x000000076d500000,0x000000076d600000)
 ParOldGen       total 173568K, used 10426K [0x00000006c2000000, 0x00000006cc980000, 0x000000076b580000)
  object space 173568K, 6% used [0x00000006c2000000,0x00000006c2a2e9c0,0x00000006cc980000)
 Metaspace       used 17361K, capacity 17598K, committed 17792K, reserved 1064960K
  class space    used 1817K, capacity 1877K, committed 1920K, reserved 1048576K
}
Event: 25.108 GC heap before
{Heap before GC invocations=82 (full 0):
 PSYoungGen      total 32256K, used 31616K [0x000000076b580000, 0x000000076d600000, 0x00000007c0000000)
  eden space 31232K, 100% used [0x000000076b580000,0x000000076d400000,0x000000076d400000)
  from space 1024K, 37% used [0x000000076d400000,0x000000076d460000,0x000000076d500000)
  to   space 1024K, 0% used [0x000000076d500000,0x000000076d500000,0x000000076d600000)
 ParOldGen       total 173568K, used 10426K [0x00000006c2000000, 0x00000006cc980000, 0x000000076b580000)
  object space 173568K, 6% used [0x00000006c2000000,0x00000006c2a2e9c0,0x00000006cc980000)
 Metaspace       used 17361K, capacity 17598K, committed 17792K, reserved 1064960K
  class space    used 1817K, capacity 1877K, committed 1920K, reserved 1048576K
Event: 25.109 GC heap after
Heap after GC invocations=82 (full 0):
 PSYoungGen      total 32256K, used 480K [0x000000076b580000, 0x000000076d600000, 0x00000007c0000000)
  eden space 31232K, 0% used [0x000000076b580000,0x000000076b580000,0x000000076d400000)
  from space 1024K, 46% used [0x000000076d500000,0x000000076d578010,0x000000076d600000)
  to   space 1024K, 0% used [0x000000076d400000,0x000000076d400000,0x000000076d500000)
 ParOldGen       total 173568K, used 10442K [0x00000006c2000000, 0x00000006cc980000, 0x000000076b580000)
  object space 173568K, 6% used [0x00000006c2000000,0x00000006c2a329c0,0x00000006cc980000)
 Metaspace       used 17361K, capacity 17598K, committed 17792K, reserved 1064960K
  class space    used 1817K, capacity 1877K, committed 1920K, reserved 1048576K
}
Event: 25.315 GC heap before
{Heap before GC invocations=83 (full 0):
 PSYoungGen      total 32256K, used 31712K [0x000000076b580000, 0x000000076d600000, 0x00000007c0000000)
  eden space 31232K, 100% used [0x000000076b580000,0x000000076d400000,0x000000076d400000)
  from space 1024K, 46% used [0x000000076d500000,0x000000076d578010,0x000000076d600000)
  to   space 1024K, 0% used [0x000000076d400000,0x000000076d400000,0x000000076d500000)
 ParOldGen       total 173568K, used 10442K [0x00000006c2000000, 0x00000006cc980000, 0x000000076b580000)
  object space 173568K, 6% used [0x00000006c2000000,0x00000006c2a329c0,0x00000006cc980000)
 Metaspace       used 17361K, capacity 17598K, committed 17792K, reserved 1064960K
  class space    used 1817K, capacity 1877K, committed 1920K, reserved 1048576K
Event: 25.316 GC heap after
Heap after GC invocations=83 (full 0):
 PSYoungGen      total 32256K, used 384K [0x000000076b580000, 0x000000076d600000, 0x00000007c0000000)
  eden space 31232K, 0% used [0x000000076b580000,0x000000076b580000,0x000000076d400000)
  from space 1024K, 37% used [0x000000076d400000,0x000000076d460000,0x000000076d500000)
  to   space 1024K, 0% used [0x000000076d500000,0x000000076d500000,0x000000076d600000)
 ParOldGen       total 173568K, used 10466K [0x00000006c2000000, 0x00000006cc980000, 0x000000076b580000)
  object space 173568K, 6% used [0x00000006c2000000,0x00000006c2a389c0,0x00000006cc980000)
 Metaspace       used 17361K, capacity 17598K, committed 17792K, reserved 1064960K
  class space    used 1817K, capacity 1877K, committed 1920K, reserved 1048576K
}

