# JRE version: Java(TM) SE Runtime Environment (8.0_91-b15) (build 1.8.0_91-b15)
# Java VM: Java HotSpot(TM) 64-Bit Server VM (25.91-b15 mixed mode windows-amd64 compressed oops)
Heap:
 PSYoungGen      total 48640K, used 22362K [0x000000076b580000, 0x000000076ed00000, 0x00000007c0000000)
  eden space 42496K, 46% used [0x000000076b580000,0x000000076c8af7b0,0x000000076df00000)
  from space 6144K, 44% used [0x000000076e700000,0x000000076e9a7220,0x000000076ed00000)
  to   space 7168K, 0% used [0x000000076df00000,0x000000076df00000,0x000000076e600000)
 ParOldGen       total 173568K, used 91963K [0x00000006c2000000, 0x00000006cc980000, 0x000000076b580000)
  object space 173568K, 52% used [0x00000006c2000000,0x00000006c79cec98,0x00000006cc980000)
 Metaspace       used 12454K, capacity 12632K, committed 12800K, reserved 1060864K
  class space    used 1381K, capacity 1472K, committed 1536K, reserved 1048576K
GC Heap History (10 events):
Event: 7.132 GC heap before
{Heap before GC invocations=26 (full 0):
 PSYoungGen      total 48640K, used 48137K [0x000000076b580000, 0x000000076f280000, 0x00000007c0000000)
  eden space 45056K, 100% used [0x000000076b580000,0x000000076e180000,0x000000076e180000)
  from space 3584K, 85% used [0x000000076e200000,0x000000076e502700,0x000000076e580000)
  to   space 8704K, 0% used [0x000000076ea00000,0x000000076ea00000,0x000000076f280000)
 ParOldGen       total 173568K, used 75368K [0x00000006c2000000, 0x00000006cc980000, 0x000000076b580000)
  object space 173568K, 43% used [0x00000006c2000000,0x00000006c699a138,0x00000006cc980000)
 Metaspace       used 12441K, capacity 12632K, committed 12800K, reserved 1060864K
  class space    used 1381K, capacity 1472K, committed 1536K, reserved 1048576K
Event: 7.133 GC heap after
Heap after GC invocations=26 (full 0):
 PSYoungGen      total 52736K, used 2716K [0x000000076b580000, 0x000000076f200000, 0x00000007c0000000)
  eden space 44544K, 0% used [0x000000076b580000,0x000000076b580000,0x000000076e100000)
  from space 8192K, 33% used [0x000000076ea00000,0x000000076eca7220,0x000000076f200000)
  to   space 8704K, 0% used [0x000000076e100000,0x000000076e100000,0x000000076e980000)
 ParOldGen       total 173568K, used 78322K [0x00000006c2000000, 0x00000006cc980000, 0x000000076b580000)
  object space 173568K, 45% used [0x00000006c2000000,0x00000006c6c7c838,0x00000006cc980000)
 Metaspace       used 12441K, capacity 12632K, committed 12800K, reserved 1060864K
  class space    used 1381K, capacity 1472K, committed 1536K, reserved 1048576K
}
Event: 7.317 GC heap before
{Heap before GC invocations=27 (full 0):
 PSYoungGen      total 52736K, used 47260K [0x000000076b580000, 0x000000076f200000, 0x00000007c0000000)
  eden space 44544K, 100% used [0x000000076b580000,0x000000076e100000,0x000000076e100000)
  from space 8192K, 33% used [0x000000076ea00000,0x000000076eca7220,0x000000076f200000)
  to   space 8704K, 0% used [0x000000076e100000,0x000000076e100000,0x000000076e980000)
 ParOldGen       total 173568K, used 78322K [0x00000006c2000000, 0x00000006cc980000, 0x000000076b580000)
  object space 173568K, 45% used [0x00000006c2000000,0x00000006c6c7c838,0x00000006cc980000)
 Metaspace       used 12444K, capacity 12632K, committed 12800K, reserved 1060864K
  class space    used 1381K, capacity 1472K, committed 1536K, reserved 1048576K
Event: 7.318 GC heap after
Heap after GC invocations=27 (full 0):
 PSYoungGen      total 47104K, used 2716K [0x000000076b580000, 0x000000076f080000, 0x00000007c0000000)
  eden space 44032K, 0% used [0x000000076b580000,0x000000076b580000,0x000000076e080000)
  from space 3072K, 88% used [0x000000076e100000,0x000000076e3a7220,0x000000076e400000)
  to   space 8192K, 0% used [0x000000076e880000,0x000000076e880000,0x000000076f080000)
 ParOldGen       total 173568K, used 81641K [0x00000006c2000000, 0x00000006cc980000, 0x000000076b580000)
  object space 173568K, 47% used [0x00000006c2000000,0x00000006c6fba418,0x00000006cc980000)
 Metaspace       used 12444K, capacity 12632K, committed 12800K, reserved 1060864K
  class space    used 1381K, capacity 1472K, committed 1536K, reserved 1048576K
}
Event: 7.497 GC heap before
{Heap before GC invocations=28 (full 0):
 PSYoungGen      total 47104K, used 46748K [0x000000076b580000, 0x000000076f080000, 0x00000007c0000000)
  eden space 44032K, 100% used [0x000000076b580000,0x000000076e080000,0x000000076e080000)
  from space 3072K, 88% used [0x000000076e100000,0x000000076e3a7220,0x000000076e400000)
  to   space 8192K, 0% used [0x000000076e880000,0x000000076e880000,0x000000076f080000)
 ParOldGen       total 173568K, used 81641K [0x00000006c2000000, 0x00000006cc980000, 0x000000076b580000)
  object space 173568K, 47% used [0x00000006c2000000,0x00000006c6fba418,0x00000006cc980000)
 Metaspace       used 12444K, capacity 12632K, committed 12800K, reserved 1060864K
  class space    used 1381K, capacity 1472K, committed 1536K, reserved 1048576K
Event: 7.498 GC heap after
Heap after GC invocations=28 (full 0):
 PSYoungGen      total 50176K, used 3049K [0x000000076b580000, 0x000000076ef00000, 0x00000007c0000000)
  eden space 43520K, 0% used [0x000000076b580000,0x000000076b580000,0x000000076e000000)
  from space 6656K, 45% used [0x000000076e880000,0x000000076eb7a700,0x000000076ef00000)
  to   space 7680K, 0% used [0x000000076e000000,0x000000076e000000,0x000000076e780000)
 ParOldGen       total 173568K, used 84959K [0x00000006c2000000, 0x00000006cc980000, 0x000000076b580000)
  object space 173568K, 48% used [0x00000006c2000000,0x00000006c72f7ff8,0x00000006cc980000)
 Metaspace       used 12444K, capacity 12632K, committed 12800K, reserved 1060864K
  class space    used 1381K, capacity 1472K, committed 1536K, reserved 1048576K
}
Event: 7.676 GC heap before
{Heap before GC invocations=29 (full 0):
 PSYoungGen      total 50176K, used 46569K [0x000000076b580000, 0x000000076ef00000, 0x00000007c0000000)
  eden space 43520K, 100% used [0x000000076b580000,0x000000076e000000,0x000000076e000000)
  from space 6656K, 45% used [0x000000076e880000,0x000000076eb7a700,0x000000076ef00000)
  to   space 7680K, 0% used [0x000000076e000000,0x000000076e000000,0x000000076e780000)
 ParOldGen       total 173568K, used 84959K [0x00000006c2000000, 0x00000006cc980000, 0x000000076b580000)
  object space 173568K, 48% used [0x00000006c2000000,0x00000006c72f7ff8,0x00000006cc980000)
 Metaspace       used 12451K, capacity 12632K, committed 12800K, reserved 1060864K
  class space    used 1381K, capacity 1472K, committed 1536K, reserved 1048576K
Event: 7.678 GC heap after
Heap after GC invocations=29 (full 0):
 PSYoungGen      total 46592K, used 3081K [0x000000076b580000, 0x000000076ee80000, 0x00000007c0000000)
  eden space 43008K, 0% used [0x000000076b580000,0x000000076b580000,0x000000076df80000)
  from space 3584K, 85% used [0x000000076e000000,0x000000076e302700,0x000000076e380000)
  to   space 7680K, 0% used [0x000000076e700000,0x000000076e700000,0x000000076ee80000)
 ParOldGen       total 173568K, used 88644K [0x00000006c2000000, 0x00000006cc980000, 0x000000076b580000)
  object space 173568K, 51% used [0x00000006c2000000,0x00000006c76910b8,0x00000006cc980000)
 Metaspace       used 12451K, capacity 12632K, committed 12800K, reserved 1060864K
  class space    used 1381K, capacity 1472K, committed 1536K, reserved 1048576K
}
Event: 7.852 GC heap before
{Heap before GC invocations=30 (full 0):
 PSYoungGen      total 46592K, used 46089K [0x000000076b580000, 0x000000076ee80000, 0x00000007c0000000)
  eden space 43008K, 100% used [0x000000076b580000,0x000000076df80000,0x000000076df80000)
  from space 3584K, 85% used [0x000000076e000000,0x000000076e302700,0x000000076e380000)
  to   space 7680K, 0% used [0x000000076e700000,0x000000076e700000,0x000000076ee80000)
 ParOldGen       total 173568K, used 88644K [0x00000006c2000000, 0x00000006cc980000, 0x000000076b580000)
  object space 173568K, 51% used [0x00000006c2000000,0x00000006c76910b8,0x00000006cc980000)
 Metaspace       used 12451K, capacity 12632K, committed 12800K, reserved 1060864K
  class space    used 1381K, capacity 1472K, committed 1536K, reserved 1048576K
Event: 7.853 GC heap after
Heap after GC invocations=30 (full 0):
 PSYoungGen      total 48640K, used 2716K [0x000000076b580000, 0x000000076ed00000, 0x00000007c0000000)
  eden space 42496K, 0% used [0x000000076b580000,0x000000076b580000,0x000000076df00000)
  from space 6144K, 44% used [0x000000076e700000,0x000000076e9a7220,0x000000076ed00000)
  to   space 7168K, 0% used [0x000000076df00000,0x000000076df00000,0x000000076e600000)
 ParOldGen       total 173568K, used 91963K [0x00000006c2000000, 0x00000006cc980000, 0x000000076b580000)
  object space 173568K, 52% used [0x00000006c2000000,0x00000006c79cec98,0x00000006cc980000)
 Metaspace       used 12451K, capacity 12632K, committed 12800K, reserved 1060864K
  class space    used 1381K, capacity 1472K, committed 1536K, reserved 1048576K
}

