# JRE version: Java(TM) SE Runtime Environment (8.0_91-b15) (build 1.8.0_91-b15)
# Java VM: Java HotSpot(TM) 64-Bit Server VM (25.91-b15 mixed mode windows-amd64 compressed oops)
Heap:
 PSYoungGen      total 469504K, used 360519K [0x000000076b580000, 0x000000079ee80000, 0x00000007c0000000)
  eden space 353280K, 90% used [0x000000076b580000,0x000000077ecece20,0x0000000780e80000)
  from space 116224K, 35% used [0x0000000780e80000,0x00000007837251c8,0x0000000788000000)
  to   space 182784K, 0% used [0x0000000793c00000,0x0000000793c00000,0x000000079ee80000)
 ParOldGen       total 723456K, used 467771K [0x00000006c2000000, 0x00000006ee280000, 0x000000076b580000)
  object space 723456K, 64% used [0x00000006c2000000,0x00000006de8cefd8,0x00000006ee280000)
 Metaspace       used 12493K, capacity 12684K, committed 13056K, reserved 1060864K
  class space    used 1373K, capacity 1448K, committed 1536K, reserved 1048576K
GC Heap History (10 events):
Event: 4.415 GC heap before
{Heap before GC invocations=8 (full 1):
 PSYoungGen      total 265728K, used 265692K [0x000000076b580000, 0x0000000780f80000, 0x00000007c0000000)
  eden space 218624K, 100% used [0x000000076b580000,0x0000000778b00000,0x0000000778b00000)
  from space 47104K, 99% used [0x000000077e180000,0x0000000780f77000,0x0000000780f80000)
  to   space 56832K, 0% used [0x000000077a080000,0x000000077a080000,0x000000077d800000)
 ParOldGen       total 282112K, used 161581K [0x00000006c2000000, 0x00000006d3380000, 0x000000076b580000)
  object space 282112K, 57% used [0x00000006c2000000,0x00000006cbdcb6e8,0x00000006d3380000)
 Metaspace       used 12395K, capacity 12620K, committed 12800K, reserved 1060864K
  class space    used 1373K, capacity 1448K, committed 1536K, reserved 1048576K
Event: 4.437 GC heap after
Heap after GC invocations=8 (full 1):
 PSYoungGen      total 297472K, used 56819K [0x000000076b580000, 0x000000078e200000, 0x00000007c0000000)
  eden space 240640K, 0% used [0x000000076b580000,0x000000076b580000,0x000000077a080000)
  from space 56832K, 99% used [0x000000077a080000,0x000000077d7fcec0,0x000000077d800000)
  to   space 100352K, 0% used [0x0000000788000000,0x0000000788000000,0x000000078e200000)
 ParOldGen       total 282112K, used 227726K [0x00000006c2000000, 0x00000006d3380000, 0x000000076b580000)
  object space 282112K, 80% used [0x00000006c2000000,0x00000006cfe63948,0x00000006d3380000)
 Metaspace       used 12395K, capacity 12620K, committed 12800K, reserved 1060864K
  class space    used 1373K, capacity 1448K, committed 1536K, reserved 1048576K
}
Event: 4.437 GC heap before
{Heap before GC invocations=9 (full 2):
 PSYoungGen      total 297472K, used 56819K [0x000000076b580000, 0x000000078e200000, 0x00000007c0000000)
  eden space 240640K, 0% used [0x000000076b580000,0x000000076b580000,0x000000077a080000)
  from space 56832K, 99% used [0x000000077a080000,0x000000077d7fcec0,0x000000077d800000)
  to   space 100352K, 0% used [0x0000000788000000,0x0000000788000000,0x000000078e200000)
 ParOldGen       total 282112K, used 227726K [0x00000006c2000000, 0x00000006d3380000, 0x000000076b580000)
  object space 282112K, 80% used [0x00000006c2000000,0x00000006cfe63948,0x00000006d3380000)
 Metaspace       used 12395K, capacity 12620K, committed 12800K, reserved 1060864K
  class space    used 1373K, capacity 1448K, committed 1536K, reserved 1048576K
Event: 4.466 GC heap after
Heap after GC invocations=9 (full 2):
 PSYoungGen      total 297472K, used 0K [0x000000076b580000, 0x000000078e200000, 0x00000007c0000000)
  eden space 240640K, 0% used [0x000000076b580000,0x000000076b580000,0x000000077a080000)
  from space 56832K, 0% used [0x000000077a080000,0x000000077a080000,0x000000077d800000)
  to   space 100352K, 0% used [0x0000000788000000,0x0000000788000000,0x000000078e200000)
 ParOldGen       total 467968K, used 279995K [0x00000006c2000000, 0x00000006de900000, 0x000000076b580000)
  object space 467968K, 59% used [0x00000006c2000000,0x00000006d316efd0,0x00000006de900000)
 Metaspace       used 12395K, capacity 12620K, committed 12800K, reserved 1060864K
  class space    used 1373K, capacity 1448K, committed 1536K, reserved 1048576K
}
Event: 5.489 GC heap before
{Heap before GC invocations=10 (full 2):
 PSYoungGen      total 297472K, used 240640K [0x000000076b580000, 0x000000078e200000, 0x00000007c0000000)
  eden space 240640K, 100% used [0x000000076b580000,0x000000077a080000,0x000000077a080000)
  from space 56832K, 0% used [0x000000077a080000,0x000000077a080000,0x000000077d800000)
  to   space 100352K, 0% used [0x0000000788000000,0x0000000788000000,0x000000078e200000)
 ParOldGen       total 467968K, used 279995K [0x00000006c2000000, 0x00000006de900000, 0x000000076b580000)
  object space 467968K, 59% used [0x00000006c2000000,0x00000006d316efd0,0x00000006de900000)
 Metaspace       used 12450K, capacity 12684K, committed 13056K, reserved 1060864K
  class space    used 1373K, capacity 1448K, committed 1536K, reserved 1048576K
Event: 5.505 GC heap after
Heap after GC invocations=10 (full 2):
 PSYoungGen      total 453632K, used 93578K [0x000000076b580000, 0x0000000790b00000, 0x00000007c0000000)
  eden space 353280K, 0% used [0x000000076b580000,0x000000076b580000,0x0000000780e80000)
  from space 100352K, 93% used [0x0000000788000000,0x000000078db62b20,0x000000078e200000)
  to   space 116224K, 0% used [0x0000000780e80000,0x0000000780e80000,0x0000000788000000)
 ParOldGen       total 467968K, used 280003K [0x00000006c2000000, 0x00000006de900000, 0x000000076b580000)
  object space 467968K, 59% used [0x00000006c2000000,0x00000006d3170fd0,0x00000006de900000)
 Metaspace       used 12450K, capacity 12684K, committed 13056K, reserved 1060864K
  class space    used 1373K, capacity 1448K, committed 1536K, reserved 1048576K
}
Event: 6.987 GC heap before
{Heap before GC invocations=11 (full 2):
 PSYoungGen      total 453632K, used 446858K [0x000000076b580000, 0x0000000790b00000, 0x00000007c0000000)
  eden space 353280K, 100% used [0x000000076b580000,0x0000000780e80000,0x0000000780e80000)
  from space 100352K, 93% used [0x0000000788000000,0x000000078db62b20,0x000000078e200000)
  to   space 116224K, 0% used [0x0000000780e80000,0x0000000780e80000,0x0000000788000000)
 ParOldGen       total 467968K, used 280003K [0x00000006c2000000, 0x00000006de900000, 0x000000076b580000)
  object space 467968K, 59% used [0x00000006c2000000,0x00000006d3170fd0,0x00000006de900000)
 Metaspace       used 12487K, capacity 12684K, committed 13056K, reserved 1060864K
  class space    used 1373K, capacity 1448K, committed 1536K, reserved 1048576K
Event: 7.024 GC heap after
Heap after GC invocations=11 (full 2):
 PSYoungGen      total 469504K, used 116209K [0x000000076b580000, 0x000000079ee80000, 0x00000007c0000000)
  eden space 353280K, 0% used [0x000000076b580000,0x000000076b580000,0x0000000780e80000)
  from space 116224K, 99% used [0x0000000780e80000,0x0000000787ffc480,0x0000000788000000)
  to   space 182784K, 0% used [0x0000000793c00000,0x0000000793c00000,0x000000079ee80000)
 ParOldGen       total 467968K, used 394437K [0x00000006c2000000, 0x00000006de900000, 0x000000076b580000)
  object space 467968K, 84% used [0x00000006c2000000,0x00000006da1315b0,0x00000006de900000)
 Metaspace       used 12487K, capacity 12684K, committed 13056K, reserved 1060864K
  class space    used 1373K, capacity 1448K, committed 1536K, reserved 1048576K
}
Event: 7.024 GC heap before
{Heap before GC invocations=12 (full 3):
 PSYoungGen      total 469504K, used 116209K [0x000000076b580000, 0x000000079ee80000, 0x00000007c0000000)
  eden space 353280K, 0% used [0x000000076b580000,0x000000076b580000,0x0000000780e80000)
  from space 116224K, 99% used [0x0000000780e80000,0x0000000787ffc480,0x0000000788000000)
  to   space 182784K, 0% used [0x0000000793c00000,0x0000000793c00000,0x000000079ee80000)
 ParOldGen       total 467968K, used 394437K [0x00000006c2000000, 0x00000006de900000, 0x000000076b580000)
  object space 467968K, 84% used [0x00000006c2000000,0x00000006da1315b0,0x00000006de900000)
 Metaspace       used 12487K, capacity 12684K, committed 13056K, reserved 1060864K
  class space    used 1373K, capacity 1448K, committed 1536K, reserved 1048576K
Event: 7.098 GC heap after
Heap after GC invocations=12 (full 3):
 PSYoungGen      total 469504K, used 41620K [0x000000076b580000, 0x000000079ee80000, 0x00000007c0000000)
  eden space 353280K, 0% used [0x000000076b580000,0x000000076b580000,0x0000000780e80000)
  from space 116224K, 35% used [0x0000000780e80000,0x00000007837251c8,0x0000000788000000)
  to   space 182784K, 0% used [0x0000000793c00000,0x0000000793c00000,0x000000079ee80000)
 ParOldGen       total 723456K, used 467771K [0x00000006c2000000, 0x00000006ee280000, 0x000000076b580000)
  object space 723456K, 64% used [0x00000006c2000000,0x00000006de8cefd8,0x00000006ee280000)
 Metaspace       used 12487K, capacity 12684K, committed 13056K, reserved 1060864K
  class space    used 1373K, capacity 1448K, committed 1536K, reserved 1048576K
}

