# JRE version: Java(TM) SE Runtime Environment (8.0_91-b15) (build 1.8.0_91-b15)
# Java VM: Java HotSpot(TM) 64-Bit Server VM (25.91-b15 mixed mode windows-amd64 compressed oops)
Heap:
 PSYoungGen      total 50688K, used 15115K [0x000000076b580000, 0x0000000779180000, 0x00000007c0000000)
  eden space 50176K, 30% used [0x000000076b580000,0x000000076c43aff0,0x000000076e680000)
  from space 512K, 6% used [0x0000000779080000,0x0000000779088000,0x0000000779100000)
  to   space 512K, 0% used [0x0000000779100000,0x0000000779100000,0x0000000779180000)
 ParOldGen       total 173568K, used 2490K [0x00000006c2000000, 0x00000006cc980000, 0x000000076b580000)
  object space 173568K, 1% used [0x00000006c2000000,0x00000006c226e880,0x00000006cc980000)
 Metaspace       used 10852K, capacity 11028K, committed 11392K, reserved 1058816K
  class space    used 1219K, capacity 1283K, committed 1408K, reserved 1048576K
GC Heap History (10 events):
Event: 42.429 GC heap before
{Heap before GC invocations=701 (full 0):
 PSYoungGen      total 36352K, used 35935K [0x000000076b580000, 0x0000000779180000, 0x00000007c0000000)
  eden space 35840K, 99% used [0x000000076b580000,0x000000076d87ffc8,0x000000076d880000)
  from space 512K, 18% used [0x0000000779100000,0x0000000779118000,0x0000000779180000)
  to   space 512K, 0% used [0x0000000779080000,0x0000000779080000,0x0000000779100000)
 ParOldGen       total 173568K, used 2490K [0x00000006c2000000, 0x00000006cc980000, 0x000000076b580000)
  object space 173568K, 1% used [0x00000006c2000000,0x00000006c226e880,0x00000006cc980000)
 Metaspace       used 10847K, capacity 11028K, committed 11392K, reserved 1058816K
  class space    used 1219K, capacity 1283K, committed 1408K, reserved 1048576K
Event: 42.430 GC heap after
Heap after GC invocations=701 (full 0):
 PSYoungGen      total 35840K, used 96K [0x000000076b580000, 0x0000000779180000, 0x00000007c0000000)
  eden space 35328K, 0% used [0x000000076b580000,0x000000076b580000,0x000000076d800000)
  from space 512K, 18% used [0x0000000779080000,0x0000000779098000,0x0000000779100000)
  to   space 512K, 0% used [0x0000000779100000,0x0000000779100000,0x0000000779180000)
 ParOldGen       total 173568K, used 2490K [0x00000006c2000000, 0x00000006cc980000, 0x000000076b580000)
  object space 173568K, 1% used [0x00000006c2000000,0x00000006c226e880,0x00000006cc980000)
 Metaspace       used 10847K, capacity 11028K, committed 11392K, reserved 1058816K
  class space    used 1219K, capacity 1283K, committed 1408K, reserved 1048576K
}
Event: 42.476 GC heap before
{Heap before GC invocations=702 (full 0):
 PSYoungGen      total 35840K, used 35424K [0x000000076b580000, 0x0000000779180000, 0x00000007c0000000)
  eden space 35328K, 100% used [0x000000076b580000,0x000000076d800000,0x000000076d800000)
  from space 512K, 18% used [0x0000000779080000,0x0000000779098000,0x0000000779100000)
  to   space 512K, 0% used [0x0000000779100000,0x0000000779100000,0x0000000779180000)
 ParOldGen       total 173568K, used 2490K [0x00000006c2000000, 0x00000006cc980000, 0x000000076b580000)
  object space 173568K, 1% used [0x00000006c2000000,0x00000006c226e880,0x00000006cc980000)
 Metaspace       used 10847K, capacity 11028K, committed 11392K, reserved 1058816K
  class space    used 1219K, capacity 1283K, committed 1408K, reserved 1048576K
Event: 42.476 GC heap after
Heap after GC invocations=702 (full 0):
 PSYoungGen      total 35328K, used 96K [0x000000076b580000, 0x0000000779180000, 0x00000007c0000000)
  eden space 34816K, 0% used [0x000000076b580000,0x000000076b580000,0x000000076d780000)
  from space 512K, 18% used [0x0000000779100000,0x0000000779118000,0x0000000779180000)
  to   space 512K, 0% used [0x0000000779080000,0x0000000779080000,0x0000000779100000)
 ParOldGen       total 173568K, used 2490K [0x00000006c2000000, 0x00000006cc980000, 0x000000076b580000)
  object space 173568K, 1% used [0x00000006c2000000,0x00000006c226e880,0x00000006cc980000)
 Metaspace       used 10847K, capacity 11028K, committed 11392K, reserved 1058816K
  class space    used 1219K, capacity 1283K, committed 1408K, reserved 1048576K
}
Event: 42.523 GC heap before
{Heap before GC invocations=703 (full 0):
 PSYoungGen      total 35328K, used 34912K [0x000000076b580000, 0x0000000779180000, 0x00000007c0000000)
  eden space 34816K, 100% used [0x000000076b580000,0x000000076d780000,0x000000076d780000)
  from space 512K, 18% used [0x0000000779100000,0x0000000779118000,0x0000000779180000)
  to   space 512K, 0% used [0x0000000779080000,0x0000000779080000,0x0000000779100000)
 ParOldGen       total 173568K, used 2490K [0x00000006c2000000, 0x00000006cc980000, 0x000000076b580000)
  object space 173568K, 1% used [0x00000006c2000000,0x00000006c226e880,0x00000006cc980000)
 Metaspace       used 10847K, capacity 11028K, committed 11392K, reserved 1058816K
  class space    used 1219K, capacity 1283K, committed 1408K, reserved 1048576K
Event: 42.524 GC heap after
Heap after GC invocations=703 (full 0):
 PSYoungGen      total 42496K, used 96K [0x000000076b580000, 0x0000000779180000, 0x00000007c0000000)
  eden space 41984K, 0% used [0x000000076b580000,0x000000076b580000,0x000000076de80000)
  from space 512K, 18% used [0x0000000779080000,0x0000000779098000,0x0000000779100000)
  to   space 512K, 0% used [0x0000000779100000,0x0000000779100000,0x0000000779180000)
 ParOldGen       total 173568K, used 2490K [0x00000006c2000000, 0x00000006cc980000, 0x000000076b580000)
  object space 173568K, 1% used [0x00000006c2000000,0x00000006c226e880,0x00000006cc980000)
 Metaspace       used 10847K, capacity 11028K, committed 11392K, reserved 1058816K
  class space    used 1219K, capacity 1283K, committed 1408K, reserved 1048576K
}
Event: 42.579 GC heap before
{Heap before GC invocations=704 (full 0):
 PSYoungGen      total 42496K, used 42080K [0x000000076b580000, 0x0000000779180000, 0x00000007c0000000)
  eden space 41984K, 100% used [0x000000076b580000,0x000000076de80000,0x000000076de80000)
  from space 512K, 18% used [0x0000000779080000,0x0000000779098000,0x0000000779100000)
  to   space 512K, 0% used [0x0000000779100000,0x0000000779100000,0x0000000779180000)
 ParOldGen       total 173568K, used 2490K [0x00000006c2000000, 0x00000006cc980000, 0x000000076b580000)
  object space 173568K, 1% used [0x00000006c2000000,0x00000006c226e880,0x00000006cc980000)
 Metaspace       used 10847K, capacity 11028K, committed 11392K, reserved 1058816K
  class space    used 1219K, capacity 1283K, committed 1408K, reserved 1048576K
Event: 42.579 GC heap after
Heap after GC invocations=704 (full 0):
 PSYoungGen      total 41984K, used 96K [0x000000076b580000, 0x0000000779180000, 0x00000007c0000000)
  eden space 41472K, 0% used [0x000000076b580000,0x000000076b580000,0x000000076de00000)
  from space 512K, 18% used [0x0000000779100000,0x0000000779118000,0x0000000779180000)
  to   space 512K, 0% used [0x0000000779080000,0x0000000779080000,0x0000000779100000)
 ParOldGen       total 173568K, used 2490K [0x00000006c2000000, 0x00000006cc980000, 0x000000076b580000)
  object space 173568K, 1% used [0x00000006c2000000,0x00000006c226e880,0x00000006cc980000)
 Metaspace       used 10847K, capacity 11028K, committed 11392K, reserved 1058816K
  class space    used 1219K, capacity 1283K, committed 1408K, reserved 1048576K
}
Event: 42.659 GC heap before
{Heap before GC invocations=705 (full 0):
 PSYoungGen      total 41984K, used 41568K [0x000000076b580000, 0x0000000779180000, 0x00000007c0000000)
  eden space 41472K, 100% used [0x000000076b580000,0x000000076de00000,0x000000076de00000)
  from space 512K, 18% used [0x0000000779100000,0x0000000779118000,0x0000000779180000)
  to   space 512K, 0% used [0x0000000779080000,0x0000000779080000,0x0000000779100000)
 ParOldGen       total 173568K, used 2490K [0x00000006c2000000, 0x00000006cc980000, 0x000000076b580000)
  object space 173568K, 1% used [0x00000006c2000000,0x00000006c226e880,0x00000006cc980000)
 Metaspace       used 10851K, capacity 11028K, committed 11392K, reserved 1058816K
  class space    used 1219K, capacity 1283K, committed 1408K, reserved 1048576K
Event: 42.662 GC heap after
Heap after GC invocations=705 (full 0):
 PSYoungGen      total 50688K, used 32K [0x000000076b580000, 0x0000000779180000, 0x00000007c0000000)
  eden space 50176K, 0% used [0x000000076b580000,0x000000076b580000,0x000000076e680000)
  from space 512K, 6% used [0x0000000779080000,0x0000000779088000,0x0000000779100000)
  to   space 512K, 0% used [0x0000000779100000,0x0000000779100000,0x0000000779180000)
 ParOldGen       total 173568K, used 2490K [0x00000006c2000000, 0x00000006cc980000, 0x000000076b580000)
  object space 173568K, 1% used [0x00000006c2000000,0x00000006c226e880,0x00000006cc980000)
 Metaspace       used 10851K, capacity 11028K, committed 11392K, reserved 1058816K
  class space    used 1219K, capacity 1283K, committed 1408K, reserved 1048576K
}

