# JRE version: Java(TM) SE Runtime Environment (8.0_91-b15) (build 1.8.0_91-b15)
# Java VM: Java HotSpot(TM) 64-Bit Server VM (25.91-b15 mixed mode windows-amd64 compressed oops)
Heap:
 PSYoungGen      total 176128K, used 72157K [0x000000076b580000, 0x0000000779680000, 0x00000007c0000000)
  eden space 128000K, 27% used [0x000000076b580000,0x000000076d7f7858,0x0000000773280000)
  from space 48128K, 76% used [0x0000000776380000,0x000000077877fdb8,0x0000000779280000)
  to   space 50176K, 0% used [0x0000000773280000,0x0000000773280000,0x0000000776380000)
 ParOldGen       total 173568K, used 88889K [0x00000006c2000000, 0x00000006cc980000, 0x000000076b580000)
  object space 173568K, 51% used [0x00000006c2000000,0x00000006c76ce6d8,0x00000006cc980000)
 Metaspace       used 12652K, capacity 12860K, committed 13056K, reserved 1060864K
  class space    used 1371K, capacity 1440K, committed 1536K, reserved 1048576K
GC Heap History (10 events):
Event: 4.869 GC heap before
{Heap before GC invocations=2 (full 0):
 PSYoungGen      total 75776K, used 75754K [0x000000076b580000, 0x0000000770a00000, 0x00000007c0000000)
  eden space 65024K, 100% used [0x000000076b580000,0x000000076f500000,0x000000076f500000)
  from space 10752K, 99% used [0x000000076f500000,0x000000076ff7a9e8,0x000000076ff80000)
  to   space 10752K, 0% used [0x000000076ff80000,0x000000076ff80000,0x0000000770a00000)
 ParOldGen       total 173568K, used 12983K [0x00000006c2000000, 0x00000006cc980000, 0x000000076b580000)
  object space 173568K, 7% used [0x00000006c2000000,0x00000006c2cadfa8,0x00000006cc980000)
 Metaspace       used 12404K, capacity 12604K, committed 12800K, reserved 1060864K
  class space    used 1368K, capacity 1440K, committed 1536K, reserved 1048576K
Event: 4.877 GC heap after
Heap after GC invocations=2 (full 0):
 PSYoungGen      total 75776K, used 10743K [0x000000076b580000, 0x0000000770a00000, 0x00000007c0000000)
  eden space 65024K, 0% used [0x000000076b580000,0x000000076b580000,0x000000076f500000)
  from space 10752K, 99% used [0x000000076ff80000,0x00000007709fdea8,0x0000000770a00000)
  to   space 10752K, 0% used [0x000000076f500000,0x000000076f500000,0x000000076ff80000)
 ParOldGen       total 173568K, used 37512K [0x00000006c2000000, 0x00000006cc980000, 0x000000076b580000)
  object space 173568K, 21% used [0x00000006c2000000,0x00000006c44a2168,0x00000006cc980000)
 Metaspace       used 12404K, capacity 12604K, committed 12800K, reserved 1060864K
  class space    used 1368K, capacity 1440K, committed 1536K, reserved 1048576K
}
Event: 6.412 GC heap before
{Heap before GC invocations=3 (full 0):
 PSYoungGen      total 75776K, used 75767K [0x000000076b580000, 0x0000000770a00000, 0x00000007c0000000)
  eden space 65024K, 100% used [0x000000076b580000,0x000000076f500000,0x000000076f500000)
  from space 10752K, 99% used [0x000000076ff80000,0x00000007709fdea8,0x0000000770a00000)
  to   space 10752K, 0% used [0x000000076f500000,0x000000076f500000,0x000000076ff80000)
 ParOldGen       total 173568K, used 37524K [0x00000006c2000000, 0x00000006cc980000, 0x000000076b580000)
  object space 173568K, 21% used [0x00000006c2000000,0x00000006c44a5138,0x00000006cc980000)
 Metaspace       used 12461K, capacity 12668K, committed 12800K, reserved 1060864K
  class space    used 1368K, capacity 1440K, committed 1536K, reserved 1048576K
Event: 6.419 GC heap after
Heap after GC invocations=3 (full 0):
 PSYoungGen      total 75776K, used 10724K [0x000000076b580000, 0x0000000770a00000, 0x00000007c0000000)
  eden space 65024K, 0% used [0x000000076b580000,0x000000076b580000,0x000000076f500000)
  from space 10752K, 99% used [0x000000076f500000,0x000000076ff79388,0x000000076ff80000)
  to   space 10752K, 0% used [0x000000076ff80000,0x000000076ff80000,0x0000000770a00000)
 ParOldGen       total 173568K, used 64729K [0x00000006c2000000, 0x00000006cc980000, 0x000000076b580000)
  object space 173568K, 37% used [0x00000006c2000000,0x00000006c5f36518,0x00000006cc980000)
 Metaspace       used 12461K, capacity 12668K, committed 12800K, reserved 1060864K
  class space    used 1368K, capacity 1440K, committed 1536K, reserved 1048576K
}
Event: 6.419 GC heap before
{Heap before GC invocations=4 (full 0):
 PSYoungGen      total 75776K, used 11085K [0x000000076b580000, 0x0000000770a00000, 0x00000007c0000000)
  eden space 65024K, 0% used [0x000000076b580000,0x000000076b5da168,0x000000076f500000)
  from space 10752K, 99% used [0x000000076f500000,0x000000076ff79388,0x000000076ff80000)
  to   space 10752K, 0% used [0x000000076ff80000,0x000000076ff80000,0x0000000770a00000)
 ParOldGen       total 173568K, used 64729K [0x00000006c2000000, 0x00000006cc980000, 0x000000076b580000)
  object space 173568K, 37% used [0x00000006c2000000,0x00000006c5f36518,0x00000006cc980000)
 Metaspace       used 12461K, capacity 12668K, committed 12800K, reserved 1060864K
  class space    used 1368K, capacity 1440K, committed 1536K, reserved 1048576K
Event: 6.422 GC heap after
Heap after GC invocations=4 (full 0):
 PSYoungGen      total 75776K, used 10740K [0x000000076b580000, 0x0000000774980000, 0x00000007c0000000)
  eden space 65024K, 0% used [0x000000076b580000,0x000000076b580000,0x000000076f500000)
  from space 10752K, 99% used [0x000000076ff80000,0x00000007709fd3b8,0x0000000770a00000)
  to   space 10752K, 0% used [0x000000076f500000,0x000000076f500000,0x000000076ff80000)
 ParOldGen       total 173568K, used 65475K [0x00000006c2000000, 0x00000006cc980000, 0x000000076b580000)
  object space 173568K, 37% used [0x00000006c2000000,0x00000006c5ff0ed8,0x00000006cc980000)
 Metaspace       used 12461K, capacity 12668K, committed 12800K, reserved 1060864K
  class space    used 1368K, capacity 1440K, committed 1536K, reserved 1048576K
}
Event: 8.924 GC heap before
{Heap before GC invocations=5 (full 0):
 PSYoungGen      total 75776K, used 75764K [0x000000076b580000, 0x0000000774980000, 0x00000007c0000000)
  eden space 65024K, 100% used [0x000000076b580000,0x000000076f500000,0x000000076f500000)
  from space 10752K, 99% used [0x000000076ff80000,0x00000007709fd3b8,0x0000000770a00000)
  to   space 10752K, 0% used [0x000000076f500000,0x000000076f500000,0x000000076ff80000)
 ParOldGen       total 173568K, used 65475K [0x00000006c2000000, 0x00000006cc980000, 0x000000076b580000)
  object space 173568K, 37% used [0x00000006c2000000,0x00000006c5ff0ed8,0x00000006cc980000)
 Metaspace       used 12519K, capacity 12732K, committed 13056K, reserved 1060864K
  class space    used 1368K, capacity 1440K, committed 1536K, reserved 1048576K
Event: 8.930 GC heap after
Heap after GC invocations=5 (full 0):
 PSYoungGen      total 75776K, used 10740K [0x000000076b580000, 0x0000000779280000, 0x00000007c0000000)
  eden space 65024K, 0% used [0x000000076b580000,0x000000076b580000,0x000000076f500000)
  from space 10752K, 99% used [0x000000076f500000,0x000000076ff7d398,0x000000076ff80000)
  to   space 48128K, 0% used [0x0000000776380000,0x0000000776380000,0x0000000779280000)
 ParOldGen       total 173568K, used 88881K [0x00000006c2000000, 0x00000006cc980000, 0x000000076b580000)
  object space 173568K, 51% used [0x00000006c2000000,0x00000006c76cc6d8,0x00000006cc980000)
 Metaspace       used 12519K, capacity 12732K, committed 13056K, reserved 1060864K
  class space    used 1368K, capacity 1440K, committed 1536K, reserved 1048576K
}
Event: 11.519 GC heap before
{Heap before GC invocations=6 (full 0):
 PSYoungGen      total 75776K, used 75764K [0x000000076b580000, 0x0000000779280000, 0x00000007c0000000)
  eden space 65024K, 100% used [0x000000076b580000,0x000000076f500000,0x000000076f500000)
  from space 10752K, 99% used [0x000000076f500000,0x000000076ff7d398,0x000000076ff80000)
  to   space 48128K, 0% used [0x0000000776380000,0x0000000776380000,0x0000000779280000)
 ParOldGen       total 173568K, used 88881K [0x00000006c2000000, 0x00000006cc980000, 0x000000076b580000)
  object space 173568K, 51% used [0x00000006c2000000,0x00000006c76cc6d8,0x00000006cc980000)
 Metaspace       used 12640K, capacity 12860K, committed 13056K, reserved 1060864K
  class space    used 1371K, capacity 1440K, committed 1536K, reserved 1048576K
Event: 11.526 GC heap after
Heap after GC invocations=6 (full 0):
 PSYoungGen      total 176128K, used 36863K [0x000000076b580000, 0x0000000779680000, 0x00000007c0000000)
  eden space 128000K, 0% used [0x000000076b580000,0x000000076b580000,0x0000000773280000)
  from space 48128K, 76% used [0x0000000776380000,0x000000077877fdb8,0x0000000779280000)
  to   space 50176K, 0% used [0x0000000773280000,0x0000000773280000,0x0000000776380000)
 ParOldGen       total 173568K, used 88889K [0x00000006c2000000, 0x00000006cc980000, 0x000000076b580000)
  object space 173568K, 51% used [0x00000006c2000000,0x00000006c76ce6d8,0x00000006cc980000)
 Metaspace       used 12640K, capacity 12860K, committed 13056K, reserved 1060864K
  class space    used 1371K, capacity 1440K, committed 1536K, reserved 1048576K
}

