# JRE version: Java(TM) SE Runtime Environment (8.0_91-b15) (build 1.8.0_91-b15)
# Java VM: Java HotSpot(TM) 64-Bit Server VM (25.91-b15 mixed mode windows-amd64 compressed oops)
Heap:
 PSYoungGen      total 1342464K, used 386923K [0x000000076b580000, 0x00000007c0000000, 0x00000007c0000000)
  eden space 1306624K, 27% used [0x000000076b580000,0x00000007811dadb0,0x00000007bb180000)
  from space 35840K, 84% used [0x00000007bd800000,0x00000007bf580000,0x00000007bfb00000)
  to   space 39424K, 0% used [0x00000007bb180000,0x00000007bb180000,0x00000007bd800000)
 ParOldGen       total 173568K, used 45470K [0x00000006c2000000, 0x00000006cc980000, 0x000000076b580000)
  object space 173568K, 26% used [0x00000006c2000000,0x00000006c4c679f8,0x00000006cc980000)
 Metaspace       used 10888K, capacity 11060K, committed 11392K, reserved 1058816K
  class space    used 1223K, capacity 1315K, committed 1408K, reserved 1048576K
GC Heap History (10 events):
Event: 8.481 GC heap before
{Heap before GC invocations=8 (full 0):
 PSYoungGen      total 266240K, used 266240K [0x000000076b580000, 0x000000078c580000, 0x00000007c0000000)
  eden space 259072K, 100% used [0x000000076b580000,0x000000077b280000,0x000000077b280000)
  from space 7168K, 100% used [0x000000077b280000,0x000000077b980000,0x000000077b980000)
  to   space 11264K, 0% used [0x000000078ba80000,0x000000078ba80000,0x000000078c580000)
 ParOldGen       total 173568K, used 7086K [0x00000006c2000000, 0x00000006cc980000, 0x000000076b580000)
  object space 173568K, 4% used [0x00000006c2000000,0x00000006c26eb9f8,0x00000006cc980000)
 Metaspace       used 10849K, capacity 11028K, committed 11392K, reserved 1058816K
  class space    used 1220K, capacity 1283K, committed 1408K, reserved 1048576K
Event: 8.509 GC heap after
Heap after GC invocations=8 (full 0):
 PSYoungGen      total 526848K, used 11264K [0x000000076b580000, 0x000000078ca80000, 0x00000007c0000000)
  eden space 515584K, 0% used [0x000000076b580000,0x000000076b580000,0x000000078ad00000)
  from space 11264K, 100% used [0x000000078ba80000,0x000000078c580000,0x000000078c580000)
  to   space 13824K, 0% used [0x000000078ad00000,0x000000078ad00000,0x000000078ba80000)
 ParOldGen       total 173568K, used 9998K [0x00000006c2000000, 0x00000006cc980000, 0x000000076b580000)
  object space 173568K, 5% used [0x00000006c2000000,0x00000006c29c39f8,0x00000006cc980000)
 Metaspace       used 10849K, capacity 11028K, committed 11392K, reserved 1058816K
  class space    used 1220K, capacity 1283K, committed 1408K, reserved 1048576K
}
Event: 12.497 GC heap before
{Heap before GC invocations=9 (full 0):
 PSYoungGen      total 526848K, used 526848K [0x000000076b580000, 0x000000078ca80000, 0x00000007c0000000)
  eden space 515584K, 100% used [0x000000076b580000,0x000000078ad00000,0x000000078ad00000)
  from space 11264K, 100% used [0x000000078ba80000,0x000000078c580000,0x000000078c580000)
  to   space 13824K, 0% used [0x000000078ad00000,0x000000078ad00000,0x000000078ba80000)
 ParOldGen       total 173568K, used 9998K [0x00000006c2000000, 0x00000006cc980000, 0x000000076b580000)
  object space 173568K, 5% used [0x00000006c2000000,0x00000006c29c39f8,0x00000006cc980000)
 Metaspace       used 10849K, capacity 11028K, committed 11392K, reserved 1058816K
  class space    used 1220K, capacity 1283K, committed 1408K, reserved 1048576K
Event: 12.553 GC heap after
Heap after GC invocations=9 (full 0):
 PSYoungGen      total 529408K, used 13824K [0x000000076b580000, 0x00000007a0480000, 0x00000007c0000000)
  eden space 515584K, 0% used [0x000000076b580000,0x000000076b580000,0x000000078ad00000)
  from space 13824K, 100% used [0x000000078ad00000,0x000000078ba80000,0x000000078ba80000)
  to   space 20992K, 0% used [0x000000079f000000,0x000000079f000000,0x00000007a0480000)
 ParOldGen       total 173568K, used 22838K [0x00000006c2000000, 0x00000006cc980000, 0x000000076b580000)
  object space 173568K, 13% used [0x00000006c2000000,0x00000006c364d9f8,0x00000006cc980000)
 Metaspace       used 10849K, capacity 11028K, committed 11392K, reserved 1058816K
  class space    used 1220K, capacity 1283K, committed 1408K, reserved 1048576K
}
Event: 16.390 GC heap before
{Heap before GC invocations=10 (full 0):
 PSYoungGen      total 529408K, used 529408K [0x000000076b580000, 0x00000007a0480000, 0x00000007c0000000)
  eden space 515584K, 100% used [0x000000076b580000,0x000000078ad00000,0x000000078ad00000)
  from space 13824K, 100% used [0x000000078ad00000,0x000000078ba80000,0x000000078ba80000)
  to   space 20992K, 0% used [0x000000079f000000,0x000000079f000000,0x00000007a0480000)
 ParOldGen       total 173568K, used 22838K [0x00000006c2000000, 0x00000006cc980000, 0x000000076b580000)
  object space 173568K, 13% used [0x00000006c2000000,0x00000006c364d9f8,0x00000006cc980000)
 Metaspace       used 10849K, capacity 11028K, committed 11392K, reserved 1058816K
  class space    used 1220K, capacity 1283K, committed 1408K, reserved 1048576K
Event: 16.469 GC heap after
Heap after GC invocations=10 (full 0):
 PSYoungGen      total 839680K, used 20992K [0x000000076b580000, 0x00000007a1180000, 0x00000007c0000000)
  eden space 818688K, 0% used [0x000000076b580000,0x000000076b580000,0x000000079d500000)
  from space 20992K, 100% used [0x000000079f000000,0x00000007a0480000,0x00000007a0480000)
  to   space 27648K, 0% used [0x000000079d500000,0x000000079d500000,0x000000079f000000)
 ParOldGen       total 173568K, used 31686K [0x00000006c2000000, 0x00000006cc980000, 0x000000076b580000)
  object space 173568K, 18% used [0x00000006c2000000,0x00000006c3ef19f8,0x00000006cc980000)
 Metaspace       used 10849K, capacity 11028K, committed 11392K, reserved 1058816K
  class space    used 1220K, capacity 1283K, committed 1408K, reserved 1048576K
}
Event: 22.731 GC heap before
{Heap before GC invocations=11 (full 0):
 PSYoungGen      total 839680K, used 839680K [0x000000076b580000, 0x00000007a1180000, 0x00000007c0000000)
  eden space 818688K, 100% used [0x000000076b580000,0x000000079d500000,0x000000079d500000)
  from space 20992K, 100% used [0x000000079f000000,0x00000007a0480000,0x00000007a0480000)
  to   space 27648K, 0% used [0x000000079d500000,0x000000079d500000,0x000000079f000000)
 ParOldGen       total 173568K, used 31686K [0x00000006c2000000, 0x00000006cc980000, 0x000000076b580000)
  object space 173568K, 18% used [0x00000006c2000000,0x00000006c3ef19f8,0x00000006cc980000)
 Metaspace       used 10849K, capacity 11028K, committed 11392K, reserved 1058816K
  class space    used 1220K, capacity 1283K, committed 1408K, reserved 1048576K
Event: 22.843 GC heap after
Heap after GC invocations=11 (full 0):
 PSYoungGen      total 846336K, used 27648K [0x000000076b580000, 0x00000007bfb00000, 0x00000007c0000000)
  eden space 818688K, 0% used [0x000000076b580000,0x000000076b580000,0x000000079d500000)
  from space 27648K, 100% used [0x000000079d500000,0x000000079f000000,0x000000079f000000)
  to   space 35840K, 0% used [0x00000007bd800000,0x00000007bd800000,0x00000007bfb00000)
 ParOldGen       total 173568K, used 42302K [0x00000006c2000000, 0x00000006cc980000, 0x000000076b580000)
  object space 173568K, 24% used [0x00000006c2000000,0x00000006c494f9f8,0x00000006cc980000)
 Metaspace       used 10849K, capacity 11028K, committed 11392K, reserved 1058816K
  class space    used 1220K, capacity 1283K, committed 1408K, reserved 1048576K
}
Event: 29.130 GC heap before
{Heap before GC invocations=12 (full 0):
 PSYoungGen      total 846336K, used 846336K [0x000000076b580000, 0x00000007bfb00000, 0x00000007c0000000)
  eden space 818688K, 100% used [0x000000076b580000,0x000000079d500000,0x000000079d500000)
  from space 27648K, 100% used [0x000000079d500000,0x000000079f000000,0x000000079f000000)
  to   space 35840K, 0% used [0x00000007bd800000,0x00000007bd800000,0x00000007bfb00000)
 ParOldGen       total 173568K, used 42302K [0x00000006c2000000, 0x00000006cc980000, 0x000000076b580000)
  object space 173568K, 24% used [0x00000006c2000000,0x00000006c494f9f8,0x00000006cc980000)
 Metaspace       used 10849K, capacity 11028K, committed 11392K, reserved 1058816K
  class space    used 1220K, capacity 1283K, committed 1408K, reserved 1048576K
Event: 29.220 GC heap after
Heap after GC invocations=12 (full 0):
 PSYoungGen      total 1342464K, used 30208K [0x000000076b580000, 0x00000007c0000000, 0x00000007c0000000)
  eden space 1306624K, 0% used [0x000000076b580000,0x000000076b580000,0x00000007bb180000)
  from space 35840K, 84% used [0x00000007bd800000,0x00000007bf580000,0x00000007bfb00000)
  to   space 39424K, 0% used [0x00000007bb180000,0x00000007bb180000,0x00000007bd800000)
 ParOldGen       total 173568K, used 45470K [0x00000006c2000000, 0x00000006cc980000, 0x000000076b580000)
  object space 173568K, 26% used [0x00000006c2000000,0x00000006c4c679f8,0x00000006cc980000)
 Metaspace       used 10849K, capacity 11028K, committed 11392K, reserved 1058816K
  class space    used 1220K, capacity 1283K, committed 1408K, reserved 1048576K
}

