# JRE version: Java(TM) SE Runtime Environment (8.0_91-b15) (build 1.8.0_91-b15)
# Java VM: Java HotSpot(TM) 64-Bit Server VM (25.91-b15 mixed mode windows-amd64 compressed oops)
Heap:
 PSYoungGen      total 41984K, used 37941K [0x000000076b580000, 0x000000076e780000, 0x00000007c0000000)
  eden space 40960K, 91% used [0x000000076b580000,0x000000076d9fd778,0x000000076dd80000)
  from space 1024K, 56% used [0x000000076de00000,0x000000076de90010,0x000000076df00000)
  to   space 5120K, 0% used [0x000000076e280000,0x000000076e280000,0x000000076e780000)
 ParOldGen       total 173568K, used 9222K [0x00000006c2000000, 0x00000006cc980000, 0x000000076b580000)
  object space 173568K, 5% used [0x00000006c2000000,0x00000006c2901b88,0x00000006cc980000)
 Metaspace       used 17158K, capacity 17414K, committed 17536K, reserved 1064960K
  class space    used 1809K, capacity 1877K, committed 1920K, reserved 1048576K
GC Heap History (10 events):
Event: 13.038 GC heap before
{Heap before GC invocations=29 (full 0):
 PSYoungGen      total 49664K, used 44000K [0x000000076b580000, 0x000000076ee00000, 0x00000007c0000000)
  eden space 43520K, 100% used [0x000000076b580000,0x000000076e000000,0x000000076e000000)
  from space 6144K, 7% used [0x000000076e800000,0x000000076e878000,0x000000076ee00000)
  to   space 7168K, 0% used [0x000000076e000000,0x000000076e000000,0x000000076e700000)
 ParOldGen       total 173568K, used 9094K [0x00000006c2000000, 0x00000006cc980000, 0x000000076b580000)
  object space 173568K, 5% used [0x00000006c2000000,0x00000006c28e1b88,0x00000006cc980000)
 Metaspace       used 17109K, capacity 17286K, committed 17536K, reserved 1064960K
  class space    used 1809K, capacity 1877K, committed 1920K, reserved 1048576K
Event: 13.039 GC heap after
Heap after GC invocations=29 (full 0):
 PSYoungGen      total 43520K, used 480K [0x000000076b580000, 0x000000076ec80000, 0x00000007c0000000)
  eden space 43008K, 0% used [0x000000076b580000,0x000000076b580000,0x000000076df80000)
  from space 512K, 93% used [0x000000076e000000,0x000000076e078000,0x000000076e080000)
  to   space 6656K, 0% used [0x000000076e600000,0x000000076e600000,0x000000076ec80000)
 ParOldGen       total 173568K, used 9110K [0x00000006c2000000, 0x00000006cc980000, 0x000000076b580000)
  object space 173568K, 5% used [0x00000006c2000000,0x00000006c28e5b88,0x00000006cc980000)
 Metaspace       used 17109K, capacity 17286K, committed 17536K, reserved 1064960K
  class space    used 1809K, capacity 1877K, committed 1920K, reserved 1048576K
}
Event: 13.339 GC heap before
{Heap before GC invocations=30 (full 0):
 PSYoungGen      total 43520K, used 43488K [0x000000076b580000, 0x000000076ec80000, 0x00000007c0000000)
  eden space 43008K, 100% used [0x000000076b580000,0x000000076df80000,0x000000076df80000)
  from space 512K, 93% used [0x000000076e000000,0x000000076e078000,0x000000076e080000)
  to   space 6656K, 0% used [0x000000076e600000,0x000000076e600000,0x000000076ec80000)
 ParOldGen       total 173568K, used 9110K [0x00000006c2000000, 0x00000006cc980000, 0x000000076b580000)
  object space 173568K, 5% used [0x00000006c2000000,0x00000006c28e5b88,0x00000006cc980000)
 Metaspace       used 17123K, capacity 17350K, committed 17536K, reserved 1064960K
  class space    used 1809K, capacity 1877K, committed 1920K, reserved 1048576K
Event: 13.340 GC heap after
Heap after GC invocations=30 (full 0):
 PSYoungGen      total 47616K, used 608K [0x000000076b580000, 0x000000076eb00000, 0x00000007c0000000)
  eden space 42496K, 0% used [0x000000076b580000,0x000000076b580000,0x000000076df00000)
  from space 5120K, 11% used [0x000000076e600000,0x000000076e698010,0x000000076eb00000)
  to   space 6144K, 0% used [0x000000076df00000,0x000000076df00000,0x000000076e500000)
 ParOldGen       total 173568K, used 9126K [0x00000006c2000000, 0x00000006cc980000, 0x000000076b580000)
  object space 173568K, 5% used [0x00000006c2000000,0x00000006c28e9b88,0x00000006cc980000)
 Metaspace       used 17123K, capacity 17350K, committed 17536K, reserved 1064960K
  class space    used 1809K, capacity 1877K, committed 1920K, reserved 1048576K
}
Event: 13.645 GC heap before
{Heap before GC invocations=31 (full 0):
 PSYoungGen      total 47616K, used 43104K [0x000000076b580000, 0x000000076eb00000, 0x00000007c0000000)
  eden space 42496K, 100% used [0x000000076b580000,0x000000076df00000,0x000000076df00000)
  from space 5120K, 11% used [0x000000076e600000,0x000000076e698010,0x000000076eb00000)
  to   space 6144K, 0% used [0x000000076df00000,0x000000076df00000,0x000000076e500000)
 ParOldGen       total 173568K, used 9126K [0x00000006c2000000, 0x00000006cc980000, 0x000000076b580000)
  object space 173568K, 5% used [0x00000006c2000000,0x00000006c28e9b88,0x00000006cc980000)
 Metaspace       used 17145K, capacity 17414K, committed 17536K, reserved 1064960K
  class space    used 1809K, capacity 1877K, committed 1920K, reserved 1048576K
Event: 13.646 GC heap after
Heap after GC invocations=31 (full 0):
 PSYoungGen      total 43008K, used 544K [0x000000076b580000, 0x000000076ea80000, 0x00000007c0000000)
  eden space 41984K, 0% used [0x000000076b580000,0x000000076b580000,0x000000076de80000)
  from space 1024K, 53% used [0x000000076df00000,0x000000076df88010,0x000000076e000000)
  to   space 6144K, 0% used [0x000000076e480000,0x000000076e480000,0x000000076ea80000)
 ParOldGen       total 173568K, used 9150K [0x00000006c2000000, 0x00000006cc980000, 0x000000076b580000)
  object space 173568K, 5% used [0x00000006c2000000,0x00000006c28efb88,0x00000006cc980000)
 Metaspace       used 17145K, capacity 17414K, committed 17536K, reserved 1064960K
  class space    used 1809K, capacity 1877K, committed 1920K, reserved 1048576K
}
Event: 13.940 GC heap before
{Heap before GC invocations=32 (full 0):
 PSYoungGen      total 43008K, used 42528K [0x000000076b580000, 0x000000076ea80000, 0x00000007c0000000)
  eden space 41984K, 100% used [0x000000076b580000,0x000000076de80000,0x000000076de80000)
  from space 1024K, 53% used [0x000000076df00000,0x000000076df88010,0x000000076e000000)
  to   space 6144K, 0% used [0x000000076e480000,0x000000076e480000,0x000000076ea80000)
 ParOldGen       total 173568K, used 9150K [0x00000006c2000000, 0x00000006cc980000, 0x000000076b580000)
  object space 173568K, 5% used [0x00000006c2000000,0x00000006c28efb88,0x00000006cc980000)
 Metaspace       used 17153K, capacity 17414K, committed 17536K, reserved 1064960K
  class space    used 1809K, capacity 1877K, committed 1920K, reserved 1048576K
Event: 13.941 GC heap after
Heap after GC invocations=32 (full 0):
 PSYoungGen      total 46080K, used 512K [0x000000076b580000, 0x000000076e900000, 0x00000007c0000000)
  eden space 41472K, 0% used [0x000000076b580000,0x000000076b580000,0x000000076de00000)
  from space 4608K, 11% used [0x000000076e480000,0x000000076e500000,0x000000076e900000)
  to   space 5632K, 0% used [0x000000076de00000,0x000000076de00000,0x000000076e380000)
 ParOldGen       total 173568K, used 9190K [0x00000006c2000000, 0x00000006cc980000, 0x000000076b580000)
  object space 173568K, 5% used [0x00000006c2000000,0x00000006c28f9b88,0x00000006cc980000)
 Metaspace       used 17153K, capacity 17414K, committed 17536K, reserved 1064960K
  class space    used 1809K, capacity 1877K, committed 1920K, reserved 1048576K
}
Event: 14.227 GC heap before
{Heap before GC invocations=33 (full 0):
 PSYoungGen      total 46080K, used 41984K [0x000000076b580000, 0x000000076e900000, 0x00000007c0000000)
  eden space 41472K, 100% used [0x000000076b580000,0x000000076de00000,0x000000076de00000)
  from space 4608K, 11% used [0x000000076e480000,0x000000076e500000,0x000000076e900000)
  to   space 5632K, 0% used [0x000000076de00000,0x000000076de00000,0x000000076e380000)
 ParOldGen       total 173568K, used 9190K [0x00000006c2000000, 0x00000006cc980000, 0x000000076b580000)
  object space 173568K, 5% used [0x00000006c2000000,0x00000006c28f9b88,0x00000006cc980000)
 Metaspace       used 17157K, capacity 17414K, committed 17536K, reserved 1064960K
  class space    used 1809K, capacity 1877K, committed 1920K, reserved 1048576K
Event: 14.228 GC heap after
Heap after GC invocations=33 (full 0):
 PSYoungGen      total 41984K, used 576K [0x000000076b580000, 0x000000076e780000, 0x00000007c0000000)
  eden space 40960K, 0% used [0x000000076b580000,0x000000076b580000,0x000000076dd80000)
  from space 1024K, 56% used [0x000000076de00000,0x000000076de90010,0x000000076df00000)
  to   space 5120K, 0% used [0x000000076e280000,0x000000076e280000,0x000000076e780000)
 ParOldGen       total 173568K, used 9222K [0x00000006c2000000, 0x00000006cc980000, 0x000000076b580000)
  object space 173568K, 5% used [0x00000006c2000000,0x00000006c2901b88,0x00000006cc980000)
 Metaspace       used 17157K, capacity 17414K, committed 17536K, reserved 1064960K
  class space    used 1809K, capacity 1877K, committed 1920K, reserved 1048576K
}

