# JRE version: Java(TM) SE Runtime Environment (8.0_91-b15) (build 1.8.0_91-b15)
# Java VM: Java HotSpot(TM) 64-Bit Server VM (25.91-b15 mixed mode windows-amd64 compressed oops)
Heap:
 PSYoungGen      total 975360K, used 578103K [0x000000076b580000, 0x00000007c0000000, 0x00000007c0000000)
  eden space 614912K, 50% used [0x000000076b580000,0x000000077e257ba8,0x0000000790e00000)
  from space 360448K, 74% used [0x00000007aa000000,0x00000007ba7b60b0,0x00000007c0000000)
  to   space 386048K, 0% used [0x0000000790e00000,0x0000000790e00000,0x00000007a8700000)
 ParOldGen       total 2305024K, used 1673135K [0x00000006c2000000, 0x000000074eb00000, 0x000000076b580000)
  object space 2305024K, 72% used [0x00000006c2000000,0x00000007281ebfa0,0x000000074eb00000)
 Metaspace       used 12560K, capacity 12728K, committed 13056K, reserved 1060864K
  class space    used 1373K, capacity 1440K, committed 1536K, reserved 1048576K
GC Heap History (10 events):
Event: 17.326 GC heap before
{Heap before GC invocations=18 (full 4):
 PSYoungGen      total 851456K, used 784291K [0x000000076b580000, 0x00000007be000000, 0x00000007c0000000)
  eden space 565248K, 100% used [0x000000076b580000,0x000000078dd80000,0x000000078dd80000)
  from space 286208K, 76% used [0x000000078dd80000,0x000000079b368f80,0x000000079f500000)
  to   space 308736K, 0% used [0x00000007ab280000,0x00000007ab280000,0x00000007be000000)
 ParOldGen       total 1180672K, used 959308K [0x00000006c2000000, 0x000000070a100000, 0x000000076b580000)
  object space 1180672K, 81% used [0x00000006c2000000,0x00000006fc8d3368,0x000000070a100000)
 Metaspace       used 12523K, capacity 12728K, committed 13056K, reserved 1060864K
  class space    used 1369K, capacity 1440K, committed 1536K, reserved 1048576K
Event: 17.393 GC heap after
Heap after GC invocations=18 (full 4):
 PSYoungGen      total 1028096K, used 218931K [0x000000076b580000, 0x00000007c0000000, 0x00000007c0000000)
  eden space 719360K, 0% used [0x000000076b580000,0x000000076b580000,0x0000000797400000)
  from space 308736K, 70% used [0x00000007ab280000,0x00000007b884ce60,0x00000007be000000)
  to   space 326144K, 0% used [0x0000000797400000,0x0000000797400000,0x00000007ab280000)
 ParOldGen       total 1180672K, used 1179597K [0x00000006c2000000, 0x000000070a100000, 0x000000076b580000)
  object space 1180672K, 99% used [0x00000006c2000000,0x0000000709ff3678,0x000000070a100000)
 Metaspace       used 12523K, capacity 12728K, committed 13056K, reserved 1060864K
  class space    used 1369K, capacity 1440K, committed 1536K, reserved 1048576K
}
Event: 17.393 GC heap before
{Heap before GC invocations=19 (full 5):
 PSYoungGen      total 1028096K, used 218931K [0x000000076b580000, 0x00000007c0000000, 0x00000007c0000000)
  eden space 719360K, 0% used [0x000000076b580000,0x000000076b580000,0x0000000797400000)
  from space 308736K, 70% used [0x00000007ab280000,0x00000007b884ce60,0x00000007be000000)
  to   space 326144K, 0% used [0x0000000797400000,0x0000000797400000,0x00000007ab280000)
 ParOldGen       total 1180672K, used 1179597K [0x00000006c2000000, 0x000000070a100000, 0x000000076b580000)
  object space 1180672K, 99% used [0x00000006c2000000,0x0000000709ff3678,0x000000070a100000)
 Metaspace       used 12523K, capacity 12728K, committed 13056K, reserved 1060864K
  class space    used 1369K, capacity 1440K, committed 1536K, reserved 1048576K
Event: 17.521 GC heap after
Heap after GC invocations=19 (full 5):
 PSYoungGen      total 1028096K, used 214724K [0x000000076b580000, 0x00000007c0000000, 0x00000007c0000000)
  eden space 719360K, 0% used [0x000000076b580000,0x000000076b580000,0x0000000797400000)
  from space 308736K, 69% used [0x00000007ab280000,0x00000007b8431258,0x00000007be000000)
  to   space 326144K, 0% used [0x0000000797400000,0x0000000797400000,0x00000007ab280000)
 ParOldGen       total 1672704K, used 1180294K [0x00000006c2000000, 0x0000000728180000, 0x000000076b580000)
  object space 1672704K, 70% used [0x00000006c2000000,0x000000070a0a1a28,0x0000000728180000)
 Metaspace       used 12523K, capacity 12728K, committed 13056K, reserved 1060864K
  class space    used 1369K, capacity 1440K, committed 1536K, reserved 1048576K
}
Event: 20.495 GC heap before
{Heap before GC invocations=20 (full 5):
 PSYoungGen      total 1028096K, used 934084K [0x000000076b580000, 0x00000007c0000000, 0x00000007c0000000)
  eden space 719360K, 100% used [0x000000076b580000,0x0000000797400000,0x0000000797400000)
  from space 308736K, 69% used [0x00000007ab280000,0x00000007b8431258,0x00000007be000000)
  to   space 326144K, 0% used [0x0000000797400000,0x0000000797400000,0x00000007ab280000)
 ParOldGen       total 1672704K, used 1180294K [0x00000006c2000000, 0x0000000728180000, 0x000000076b580000)
  object space 1672704K, 70% used [0x00000006c2000000,0x000000070a0a1a28,0x0000000728180000)
 Metaspace       used 12523K, capacity 12728K, committed 13056K, reserved 1060864K
  class space    used 1369K, capacity 1440K, committed 1536K, reserved 1048576K
Event: 20.574 GC heap after
Heap after GC invocations=20 (full 5):
 PSYoungGen      total 995328K, used 275820K [0x000000076b580000, 0x00000007c0000000, 0x00000007c0000000)
  eden space 719360K, 0% used [0x000000076b580000,0x000000076b580000,0x0000000797400000)
  from space 275968K, 99% used [0x0000000797400000,0x00000007a815b3a8,0x00000007a8180000)
  to   space 360448K, 0% used [0x00000007aa000000,0x00000007aa000000,0x00000007c0000000)
 ParOldGen       total 1672704K, used 1396080K [0x00000006c2000000, 0x0000000728180000, 0x000000076b580000)
  object space 1672704K, 83% used [0x00000006c2000000,0x000000071735c188,0x0000000728180000)
 Metaspace       used 12523K, capacity 12728K, committed 13056K, reserved 1060864K
  class space    used 1369K, capacity 1440K, committed 1536K, reserved 1048576K
}
Event: 23.569 GC heap before
{Heap before GC invocations=21 (full 5):
 PSYoungGen      total 995328K, used 995180K [0x000000076b580000, 0x00000007c0000000, 0x00000007c0000000)
  eden space 719360K, 100% used [0x000000076b580000,0x0000000797400000,0x0000000797400000)
  from space 275968K, 99% used [0x0000000797400000,0x00000007a815b3a8,0x00000007a8180000)
  to   space 360448K, 0% used [0x00000007aa000000,0x00000007aa000000,0x00000007c0000000)
 ParOldGen       total 1672704K, used 1396080K [0x00000006c2000000, 0x0000000728180000, 0x000000076b580000)
  object space 1672704K, 83% used [0x00000006c2000000,0x000000071735c188,0x0000000728180000)
 Metaspace       used 12555K, capacity 12728K, committed 13056K, reserved 1060864K
  class space    used 1372K, capacity 1440K, committed 1536K, reserved 1048576K
Event: 23.640 GC heap after
Heap after GC invocations=21 (full 5):
 PSYoungGen      total 975360K, used 273239K [0x000000076b580000, 0x00000007c0000000, 0x00000007c0000000)
  eden space 614912K, 0% used [0x000000076b580000,0x000000076b580000,0x0000000790e00000)
  from space 360448K, 75% used [0x00000007aa000000,0x00000007baad5fe0,0x00000007c0000000)
  to   space 386048K, 0% used [0x0000000790e00000,0x0000000790e00000,0x00000007a8700000)
 ParOldGen       total 1673216K, used 1672764K [0x00000006c2000000, 0x0000000728200000, 0x000000076b580000)
  object space 1673216K, 99% used [0x00000006c2000000,0x000000072818f3f0,0x0000000728200000)
 Metaspace       used 12555K, capacity 12728K, committed 13056K, reserved 1060864K
  class space    used 1372K, capacity 1440K, committed 1536K, reserved 1048576K
}
Event: 23.640 GC heap before
{Heap before GC invocations=22 (full 6):
 PSYoungGen      total 975360K, used 273239K [0x000000076b580000, 0x00000007c0000000, 0x00000007c0000000)
  eden space 614912K, 0% used [0x000000076b580000,0x000000076b580000,0x0000000790e00000)
  from space 360448K, 75% used [0x00000007aa000000,0x00000007baad5fe0,0x00000007c0000000)
  to   space 386048K, 0% used [0x0000000790e00000,0x0000000790e00000,0x00000007a8700000)
 ParOldGen       total 1673216K, used 1672764K [0x00000006c2000000, 0x0000000728200000, 0x000000076b580000)
  object space 1673216K, 99% used [0x00000006c2000000,0x000000072818f3f0,0x0000000728200000)
 Metaspace       used 12555K, capacity 12728K, committed 13056K, reserved 1060864K
  class space    used 1372K, capacity 1440K, committed 1536K, reserved 1048576K
Event: 24.002 GC heap after
Heap after GC invocations=22 (full 6):
 PSYoungGen      total 975360K, used 270040K [0x000000076b580000, 0x00000007c0000000, 0x00000007c0000000)
  eden space 614912K, 0% used [0x000000076b580000,0x000000076b580000,0x0000000790e00000)
  from space 360448K, 74% used [0x00000007aa000000,0x00000007ba7b60b0,0x00000007c0000000)
  to   space 386048K, 0% used [0x0000000790e00000,0x0000000790e00000,0x00000007a8700000)
 ParOldGen       total 2305024K, used 1673135K [0x00000006c2000000, 0x000000074eb00000, 0x000000076b580000)
  object space 2305024K, 72% used [0x00000006c2000000,0x00000007281ebfa0,0x000000074eb00000)
 Metaspace       used 12555K, capacity 12728K, committed 13056K, reserved 1060864K
  class space    used 1372K, capacity 1440K, committed 1536K, reserved 1048576K
}

