# JRE version: Java(TM) SE Runtime Environment (8.0_91-b15) (build 1.8.0_91-b15)
# Java VM: Java HotSpot(TM) 64-Bit Server VM (25.91-b15 mixed mode windows-amd64 compressed oops)
Heap:
 PSYoungGen      total 210432K, used 109101K [0x000000076b580000, 0x00000007b2f00000, 0x00000007c0000000)
  eden space 207872K, 51% used [0x000000076b580000,0x0000000771e0b588,0x0000000778080000)
  from space 2560K, 80% used [0x00000007b2200000,0x00000007b2400010,0x00000007b2480000)
  to   space 7680K, 0% used [0x00000007b2780000,0x00000007b2780000,0x00000007b2f00000)
 ParOldGen       total 173568K, used 16504K [0x00000006c2000000, 0x00000006cc980000, 0x000000076b580000)
  object space 173568K, 9% used [0x00000006c2000000,0x00000006c301e188,0x00000006cc980000)
 Metaspace       used 17237K, capacity 17486K, committed 17792K, reserved 1064960K
  class space    used 1794K, capacity 1877K, committed 1920K, reserved 1048576K
GC Heap History (10 events):
Event: 51.544 GC heap before
{Heap before GC invocations=51 (full 0):
 PSYoungGen      total 254464K, used 254400K [0x000000076b580000, 0x00000007b4080000, 0x00000007c0000000)
  eden space 251904K, 100% used [0x000000076b580000,0x000000077ab80000,0x000000077ab80000)
  from space 2560K, 97% used [0x00000007b3e00000,0x00000007b4070010,0x00000007b4080000)
  to   space 8704K, 0% used [0x00000007b2f80000,0x00000007b2f80000,0x00000007b3800000)
 ParOldGen       total 173568K, used 16360K [0x00000006c2000000, 0x00000006cc980000, 0x000000076b580000)
  object space 173568K, 9% used [0x00000006c2000000,0x00000006c2ffa188,0x00000006cc980000)
 Metaspace       used 17235K, capacity 17486K, committed 17792K, reserved 1064960K
  class space    used 1794K, capacity 1877K, committed 1920K, reserved 1048576K
Event: 51.547 GC heap after
Heap after GC invocations=51 (full 0):
 PSYoungGen      total 244736K, used 2368K [0x000000076b580000, 0x00000007b3e80000, 0x00000007c0000000)
  eden space 242176K, 0% used [0x000000076b580000,0x000000076b580000,0x000000077a200000)
  from space 2560K, 92% used [0x00000007b2f80000,0x00000007b31d0010,0x00000007b3200000)
  to   space 8704K, 0% used [0x00000007b3600000,0x00000007b3600000,0x00000007b3e80000)
 ParOldGen       total 173568K, used 16400K [0x00000006c2000000, 0x00000006cc980000, 0x000000076b580000)
  object space 173568K, 9% used [0x00000006c2000000,0x00000006c3004188,0x00000006cc980000)
 Metaspace       used 17235K, capacity 17486K, committed 17792K, reserved 1064960K
  class space    used 1794K, capacity 1877K, committed 1920K, reserved 1048576K
}
Event: 51.899 GC heap before
{Heap before GC invocations=52 (full 0):
 PSYoungGen      total 244736K, used 244544K [0x000000076b580000, 0x00000007b3e80000, 0x00000007c0000000)
  eden space 242176K, 100% used [0x000000076b580000,0x000000077a200000,0x000000077a200000)
  from space 2560K, 92% used [0x00000007b2f80000,0x00000007b31d0010,0x00000007b3200000)
  to   space 8704K, 0% used [0x00000007b3600000,0x00000007b3600000,0x00000007b3e80000)
 ParOldGen       total 173568K, used 16400K [0x00000006c2000000, 0x00000006cc980000, 0x000000076b580000)
  object space 173568K, 9% used [0x00000006c2000000,0x00000006c3004188,0x00000006cc980000)
 Metaspace       used 17235K, capacity 17486K, committed 17792K, reserved 1064960K
  class space    used 1794K, capacity 1877K, committed 1920K, reserved 1048576K
Event: 51.903 GC heap after
Heap after GC invocations=52 (full 0):
 PSYoungGen      total 235520K, used 2272K [0x000000076b580000, 0x00000007b3880000, 0x00000007c0000000)
  eden space 232960K, 0% used [0x000000076b580000,0x000000076b580000,0x0000000779900000)
  from space 2560K, 88% used [0x00000007b3600000,0x00000007b3838000,0x00000007b3880000)
  to   space 8192K, 0% used [0x00000007b2880000,0x00000007b2880000,0x00000007b3080000)
 ParOldGen       total 173568K, used 16424K [0x00000006c2000000, 0x00000006cc980000, 0x000000076b580000)
  object space 173568K, 9% used [0x00000006c2000000,0x00000006c300a188,0x00000006cc980000)
 Metaspace       used 17235K, capacity 17486K, committed 17792K, reserved 1064960K
  class space    used 1794K, capacity 1877K, committed 1920K, reserved 1048576K
}
Event: 52.253 GC heap before
{Heap before GC invocations=53 (full 0):
 PSYoungGen      total 235520K, used 235232K [0x000000076b580000, 0x00000007b3880000, 0x00000007c0000000)
  eden space 232960K, 100% used [0x000000076b580000,0x0000000779900000,0x0000000779900000)
  from space 2560K, 88% used [0x00000007b3600000,0x00000007b3838000,0x00000007b3880000)
  to   space 8192K, 0% used [0x00000007b2880000,0x00000007b2880000,0x00000007b3080000)
 ParOldGen       total 173568K, used 16424K [0x00000006c2000000, 0x00000006cc980000, 0x000000076b580000)
  object space 173568K, 9% used [0x00000006c2000000,0x00000006c300a188,0x00000006cc980000)
 Metaspace       used 17235K, capacity 17486K, committed 17792K, reserved 1064960K
  class space    used 1794K, capacity 1877K, committed 1920K, reserved 1048576K
Event: 52.257 GC heap after
Heap after GC invocations=53 (full 0):
 PSYoungGen      total 226816K, used 2240K [0x000000076b580000, 0x00000007b3680000, 0x00000007c0000000)
  eden space 224256K, 0% used [0x000000076b580000,0x000000076b580000,0x0000000779080000)
  from space 2560K, 87% used [0x00000007b2880000,0x00000007b2ab0010,0x00000007b2b00000)
  to   space 8192K, 0% used [0x00000007b2e80000,0x00000007b2e80000,0x00000007b3680000)
 ParOldGen       total 173568K, used 16448K [0x00000006c2000000, 0x00000006cc980000, 0x000000076b580000)
  object space 173568K, 9% used [0x00000006c2000000,0x00000006c3010188,0x00000006cc980000)
 Metaspace       used 17235K, capacity 17486K, committed 17792K, reserved 1064960K
  class space    used 1794K, capacity 1877K, committed 1920K, reserved 1048576K
}
Event: 52.582 GC heap before
{Heap before GC invocations=54 (full 0):
 PSYoungGen      total 226816K, used 226496K [0x000000076b580000, 0x00000007b3680000, 0x00000007c0000000)
  eden space 224256K, 100% used [0x000000076b580000,0x0000000779080000,0x0000000779080000)
  from space 2560K, 87% used [0x00000007b2880000,0x00000007b2ab0010,0x00000007b2b00000)
  to   space 8192K, 0% used [0x00000007b2e80000,0x00000007b2e80000,0x00000007b3680000)
 ParOldGen       total 173568K, used 16448K [0x00000006c2000000, 0x00000006cc980000, 0x000000076b580000)
  object space 173568K, 9% used [0x00000006c2000000,0x00000006c3010188,0x00000006cc980000)
 Metaspace       used 17235K, capacity 17486K, committed 17792K, reserved 1064960K
  class space    used 1794K, capacity 1877K, committed 1920K, reserved 1048576K
Event: 52.586 GC heap after
Heap after GC invocations=54 (full 0):
 PSYoungGen      total 218624K, used 2144K [0x000000076b580000, 0x00000007b3100000, 0x00000007c0000000)
  eden space 216064K, 0% used [0x000000076b580000,0x000000076b580000,0x0000000778880000)
  from space 2560K, 83% used [0x00000007b2e80000,0x00000007b3098010,0x00000007b3100000)
  to   space 7680K, 0% used [0x00000007b2200000,0x00000007b2200000,0x00000007b2980000)
 ParOldGen       total 173568K, used 16472K [0x00000006c2000000, 0x00000006cc980000, 0x000000076b580000)
  object space 173568K, 9% used [0x00000006c2000000,0x00000006c3016188,0x00000006cc980000)
 Metaspace       used 17235K, capacity 17486K, committed 17792K, reserved 1064960K
  class space    used 1794K, capacity 1877K, committed 1920K, reserved 1048576K
}
Event: 52.892 GC heap before
{Heap before GC invocations=55 (full 0):
 PSYoungGen      total 218624K, used 218208K [0x000000076b580000, 0x00000007b3100000, 0x00000007c0000000)
  eden space 216064K, 100% used [0x000000076b580000,0x0000000778880000,0x0000000778880000)
  from space 2560K, 83% used [0x00000007b2e80000,0x00000007b3098010,0x00000007b3100000)
  to   space 7680K, 0% used [0x00000007b2200000,0x00000007b2200000,0x00000007b2980000)
 ParOldGen       total 173568K, used 16472K [0x00000006c2000000, 0x00000006cc980000, 0x000000076b580000)
  object space 173568K, 9% used [0x00000006c2000000,0x00000006c3016188,0x00000006cc980000)
 Metaspace       used 17235K, capacity 17486K, committed 17792K, reserved 1064960K
  class space    used 1794K, capacity 1877K, committed 1920K, reserved 1048576K
Event: 52.895 GC heap after
Heap after GC invocations=55 (full 0):
 PSYoungGen      total 210432K, used 2048K [0x000000076b580000, 0x00000007b2f00000, 0x00000007c0000000)
  eden space 207872K, 0% used [0x000000076b580000,0x000000076b580000,0x0000000778080000)
  from space 2560K, 80% used [0x00000007b2200000,0x00000007b2400010,0x00000007b2480000)
  to   space 7680K, 0% used [0x00000007b2780000,0x00000007b2780000,0x00000007b2f00000)
 ParOldGen       total 173568K, used 16504K [0x00000006c2000000, 0x00000006cc980000, 0x000000076b580000)
  object space 173568K, 9% used [0x00000006c2000000,0x00000006c301e188,0x00000006cc980000)
 Metaspace       used 17235K, capacity 17486K, committed 17792K, reserved 1064960K
  class space    used 1794K, capacity 1877K, committed 1920K, reserved 1048576K
}

