# JRE version: Java(TM) SE Runtime Environment (8.0_91-b15) (build 1.8.0_91-b15)
# Java VM: Java HotSpot(TM) 64-Bit Server VM (25.91-b15 mixed mode windows-amd64 compressed oops)
Heap:
 PSYoungGen      total 42496K, used 13631K [0x000000076b580000, 0x000000076ea80000, 0x00000007c0000000)
  eden space 41984K, 31% used [0x000000076b580000,0x000000076c24fd50,0x000000076de80000)
  from space 512K, 100% used [0x000000076df00000,0x000000076df80000,0x000000076df80000)
  to   space 6144K, 0% used [0x000000076e480000,0x000000076e480000,0x000000076ea80000)
 ParOldGen       total 173568K, used 9854K [0x00000006c2000000, 0x00000006cc980000, 0x000000076b580000)
  object space 173568K, 5% used [0x00000006c2000000,0x00000006c299f8b8,0x00000006cc980000)
 Metaspace       used 17172K, capacity 17412K, committed 17536K, reserved 1064960K
  class space    used 1814K, capacity 1878K, committed 1920K, reserved 1048576K
GC Heap History (10 events):
Event: 11.639 GC heap before
{Heap before GC invocations=27 (full 0):
 PSYoungGen      total 51712K, used 45014K [0x000000076b580000, 0x000000076f100000, 0x00000007c0000000)
  eden space 44544K, 99% used [0x000000076b580000,0x000000076e0eda08,0x000000076e100000)
  from space 7168K, 7% used [0x000000076ea00000,0x000000076ea88000,0x000000076f100000)
  to   space 8192K, 0% used [0x000000076e100000,0x000000076e100000,0x000000076e900000)
 ParOldGen       total 173568K, used 9710K [0x00000006c2000000, 0x00000006cc980000, 0x000000076b580000)
  object space 173568K, 5% used [0x00000006c2000000,0x00000006c297b8b8,0x00000006cc980000)
 Metaspace       used 17162K, capacity 17348K, committed 17536K, reserved 1064960K
  class space    used 1814K, capacity 1878K, committed 1920K, reserved 1048576K
Event: 11.641 GC heap after
Heap after GC invocations=27 (full 0):
 PSYoungGen      total 45056K, used 576K [0x000000076b580000, 0x000000076ef80000, 0x00000007c0000000)
  eden space 44032K, 0% used [0x000000076b580000,0x000000076b580000,0x000000076e080000)
  from space 1024K, 56% used [0x000000076e100000,0x000000076e190010,0x000000076e200000)
  to   space 7680K, 0% used [0x000000076e800000,0x000000076e800000,0x000000076ef80000)
 ParOldGen       total 173568K, used 9742K [0x00000006c2000000, 0x00000006cc980000, 0x000000076b580000)
  object space 173568K, 5% used [0x00000006c2000000,0x00000006c29838b8,0x00000006cc980000)
 Metaspace       used 17162K, capacity 17348K, committed 17536K, reserved 1064960K
  class space    used 1814K, capacity 1878K, committed 1920K, reserved 1048576K
}
Event: 11.939 GC heap before
{Heap before GC invocations=28 (full 0):
 PSYoungGen      total 45056K, used 44608K [0x000000076b580000, 0x000000076ef80000, 0x00000007c0000000)
  eden space 44032K, 100% used [0x000000076b580000,0x000000076e080000,0x000000076e080000)
  from space 1024K, 56% used [0x000000076e100000,0x000000076e190010,0x000000076e200000)
  to   space 7680K, 0% used [0x000000076e800000,0x000000076e800000,0x000000076ef80000)
 ParOldGen       total 173568K, used 9742K [0x00000006c2000000, 0x00000006cc980000, 0x000000076b580000)
  object space 173568K, 5% used [0x00000006c2000000,0x00000006c29838b8,0x00000006cc980000)
 Metaspace       used 17162K, capacity 17348K, committed 17536K, reserved 1064960K
  class space    used 1814K, capacity 1878K, committed 1920K, reserved 1048576K
Event: 11.940 GC heap after
Heap after GC invocations=28 (full 0):
 PSYoungGen      total 49664K, used 544K [0x000000076b580000, 0x000000076ee00000, 0x00000007c0000000)
  eden space 43520K, 0% used [0x000000076b580000,0x000000076b580000,0x000000076e000000)
  from space 6144K, 8% used [0x000000076e800000,0x000000076e888010,0x000000076ee00000)
  to   space 7168K, 0% used [0x000000076e000000,0x000000076e000000,0x000000076e700000)
 ParOldGen       total 173568K, used 9774K [0x00000006c2000000, 0x00000006cc980000, 0x000000076b580000)
  object space 173568K, 5% used [0x00000006c2000000,0x00000006c298b8b8,0x00000006cc980000)
 Metaspace       used 17162K, capacity 17348K, committed 17536K, reserved 1064960K
  class space    used 1814K, capacity 1878K, committed 1920K, reserved 1048576K
}
Event: 12.224 GC heap before
{Heap before GC invocations=29 (full 0):
 PSYoungGen      total 49664K, used 44064K [0x000000076b580000, 0x000000076ee00000, 0x00000007c0000000)
  eden space 43520K, 100% used [0x000000076b580000,0x000000076e000000,0x000000076e000000)
  from space 6144K, 8% used [0x000000076e800000,0x000000076e888010,0x000000076ee00000)
  to   space 7168K, 0% used [0x000000076e000000,0x000000076e000000,0x000000076e700000)
 ParOldGen       total 173568K, used 9774K [0x00000006c2000000, 0x00000006cc980000, 0x000000076b580000)
  object space 173568K, 5% used [0x00000006c2000000,0x00000006c298b8b8,0x00000006cc980000)
 Metaspace       used 17162K, capacity 17348K, committed 17536K, reserved 1064960K
  class space    used 1814K, capacity 1878K, committed 1920K, reserved 1048576K
Event: 12.225 GC heap after
Heap after GC invocations=29 (full 0):
 PSYoungGen      total 43520K, used 480K [0x000000076b580000, 0x000000076ed80000, 0x00000007c0000000)
  eden space 43008K, 0% used [0x000000076b580000,0x000000076b580000,0x000000076df80000)
  from space 512K, 93% used [0x000000076e000000,0x000000076e078010,0x000000076e080000)
  to   space 7168K, 0% used [0x000000076e680000,0x000000076e680000,0x000000076ed80000)
 ParOldGen       total 173568K, used 9798K [0x00000006c2000000, 0x00000006cc980000, 0x000000076b580000)
  object space 173568K, 5% used [0x00000006c2000000,0x00000006c29918b8,0x00000006cc980000)
 Metaspace       used 17162K, capacity 17348K, committed 17536K, reserved 1064960K
  class space    used 1814K, capacity 1878K, committed 1920K, reserved 1048576K
}
Event: 12.512 GC heap before
{Heap before GC invocations=30 (full 0):
 PSYoungGen      total 43520K, used 43488K [0x000000076b580000, 0x000000076ed80000, 0x00000007c0000000)
  eden space 43008K, 100% used [0x000000076b580000,0x000000076df80000,0x000000076df80000)
  from space 512K, 93% used [0x000000076e000000,0x000000076e078010,0x000000076e080000)
  to   space 7168K, 0% used [0x000000076e680000,0x000000076e680000,0x000000076ed80000)
 ParOldGen       total 173568K, used 9798K [0x00000006c2000000, 0x00000006cc980000, 0x000000076b580000)
  object space 173568K, 5% used [0x00000006c2000000,0x00000006c29918b8,0x00000006cc980000)
 Metaspace       used 17162K, capacity 17348K, committed 17536K, reserved 1064960K
  class space    used 1814K, capacity 1878K, committed 1920K, reserved 1048576K
Event: 12.513 GC heap after
Heap after GC invocations=30 (full 0):
 PSYoungGen      total 48128K, used 512K [0x000000076b580000, 0x000000076ec00000, 0x00000007c0000000)
  eden space 42496K, 0% used [0x000000076b580000,0x000000076b580000,0x000000076df00000)
  from space 5632K, 9% used [0x000000076e680000,0x000000076e700010,0x000000076ec00000)
  to   space 6656K, 0% used [0x000000076df00000,0x000000076df00000,0x000000076e580000)
 ParOldGen       total 173568K, used 9830K [0x00000006c2000000, 0x00000006cc980000, 0x000000076b580000)
  object space 173568K, 5% used [0x00000006c2000000,0x00000006c29998b8,0x00000006cc980000)
 Metaspace       used 17162K, capacity 17348K, committed 17536K, reserved 1064960K
  class space    used 1814K, capacity 1878K, committed 1920K, reserved 1048576K
}
Event: 12.785 GC heap before
{Heap before GC invocations=31 (full 0):
 PSYoungGen      total 48128K, used 43008K [0x000000076b580000, 0x000000076ec00000, 0x00000007c0000000)
  eden space 42496K, 100% used [0x000000076b580000,0x000000076df00000,0x000000076df00000)
  from space 5632K, 9% used [0x000000076e680000,0x000000076e700010,0x000000076ec00000)
  to   space 6656K, 0% used [0x000000076df00000,0x000000076df00000,0x000000076e580000)
 ParOldGen       total 173568K, used 9830K [0x00000006c2000000, 0x00000006cc980000, 0x000000076b580000)
  object space 173568K, 5% used [0x00000006c2000000,0x00000006c29998b8,0x00000006cc980000)
 Metaspace       used 17171K, capacity 17412K, committed 17536K, reserved 1064960K
  class space    used 1814K, capacity 1878K, committed 1920K, reserved 1048576K
Event: 12.787 GC heap after
Heap after GC invocations=31 (full 0):
 PSYoungGen      total 42496K, used 512K [0x000000076b580000, 0x000000076ea80000, 0x00000007c0000000)
  eden space 41984K, 0% used [0x000000076b580000,0x000000076b580000,0x000000076de80000)
  from space 512K, 100% used [0x000000076df00000,0x000000076df80000,0x000000076df80000)
  to   space 6144K, 0% used [0x000000076e480000,0x000000076e480000,0x000000076ea80000)
 ParOldGen       total 173568K, used 9854K [0x00000006c2000000, 0x00000006cc980000, 0x000000076b580000)
  object space 173568K, 5% used [0x00000006c2000000,0x00000006c299f8b8,0x00000006cc980000)
 Metaspace       used 17171K, capacity 17412K, committed 17536K, reserved 1064960K
  class space    used 1814K, capacity 1878K, committed 1920K, reserved 1048576K
}

