# JRE version: Java(TM) SE Runtime Environment (8.0_91-b15) (build 1.8.0_91-b15)
# Java VM: Java HotSpot(TM) 64-Bit Server VM (25.91-b15 mixed mode windows-amd64 compressed oops)
Heap:
 PSYoungGen      total 924672K, used 462100K [0x000000076b580000, 0x00000007c0000000, 0x00000007c0000000)
  eden space 462336K, 99% used [0x000000076b580000,0x00000007878c5320,0x0000000787900000)
  from space 462336K, 0% used [0x0000000787900000,0x0000000787900000,0x00000007a3c80000)
  to   space 462336K, 0% used [0x00000007a3c80000,0x00000007a3c80000,0x00000007c0000000)
 ParOldGen       total 2774528K, used 2774176K [0x00000006c2000000, 0x000000076b580000, 0x000000076b580000)
  object space 2774528K, 99% used [0x00000006c2000000,0x000000076b528240,0x000000076b580000)
 Metaspace       used 12762K, capacity 12908K, committed 13056K, reserved 1060864K
  class space    used 1371K, capacity 1434K, committed 1536K, reserved 1048576K
GC Heap History (10 events):
Event: 44.249 GC heap before
{Heap before GC invocations=43 (full 24):
 PSYoungGen      total 924672K, used 462336K [0x000000076b580000, 0x00000007c0000000, 0x00000007c0000000)
  eden space 462336K, 100% used [0x000000076b580000,0x0000000787900000,0x0000000787900000)
  from space 462336K, 0% used [0x0000000787900000,0x0000000787900000,0x00000007a3c80000)
  to   space 462336K, 0% used [0x00000007a3c80000,0x00000007a3c80000,0x00000007c0000000)
 ParOldGen       total 2774528K, used 2774383K [0x00000006c2000000, 0x000000076b580000, 0x000000076b580000)
  object space 2774528K, 99% used [0x00000006c2000000,0x000000076b55bd30,0x000000076b580000)
 Metaspace       used 12764K, capacity 12924K, committed 13056K, reserved 1060864K
  class space    used 1372K, capacity 1440K, committed 1536K, reserved 1048576K
Event: 44.272 GC heap after
Heap after GC invocations=43 (full 24):
 PSYoungGen      total 924672K, used 462015K [0x000000076b580000, 0x00000007c0000000, 0x00000007c0000000)
  eden space 462336K, 99% used [0x000000076b580000,0x00000007878afee8,0x0000000787900000)
  from space 462336K, 0% used [0x0000000787900000,0x0000000787900000,0x00000007a3c80000)
  to   space 462336K, 0% used [0x00000007a3c80000,0x00000007a3c80000,0x00000007c0000000)
 ParOldGen       total 2774528K, used 2774383K [0x00000006c2000000, 0x000000076b580000, 0x000000076b580000)
  object space 2774528K, 99% used [0x00000006c2000000,0x000000076b55bd30,0x000000076b580000)
 Metaspace       used 12764K, capacity 12924K, committed 13056K, reserved 1060864K
  class space    used 1372K, capacity 1440K, committed 1536K, reserved 1048576K
}
Event: 44.274 GC heap before
{Heap before GC invocations=44 (full 25):
 PSYoungGen      total 924672K, used 462290K [0x000000076b580000, 0x00000007c0000000, 0x00000007c0000000)
  eden space 462336K, 99% used [0x000000076b580000,0x00000007878f4a38,0x0000000787900000)
  from space 462336K, 0% used [0x0000000787900000,0x0000000787900000,0x00000007a3c80000)
  to   space 462336K, 0% used [0x00000007a3c80000,0x00000007a3c80000,0x00000007c0000000)
 ParOldGen       total 2774528K, used 2774383K [0x00000006c2000000, 0x000000076b580000, 0x000000076b580000)
  object space 2774528K, 99% used [0x00000006c2000000,0x000000076b55bd30,0x000000076b580000)
 Metaspace       used 12764K, capacity 12924K, committed 13056K, reserved 1060864K
  class space    used 1372K, capacity 1440K, committed 1536K, reserved 1048576K
Event: 44.296 GC heap after
Heap after GC invocations=44 (full 25):
 PSYoungGen      total 924672K, used 462012K [0x000000076b580000, 0x00000007c0000000, 0x00000007c0000000)
  eden space 462336K, 99% used [0x000000076b580000,0x00000007878af1b0,0x0000000787900000)
  from space 462336K, 0% used [0x0000000787900000,0x0000000787900000,0x00000007a3c80000)
  to   space 462336K, 0% used [0x00000007a3c80000,0x00000007a3c80000,0x00000007c0000000)
 ParOldGen       total 2774528K, used 2774383K [0x00000006c2000000, 0x000000076b580000, 0x000000076b580000)
  object space 2774528K, 99% used [0x00000006c2000000,0x000000076b55bd30,0x000000076b580000)
 Metaspace       used 12764K, capacity 12924K, committed 13056K, reserved 1060864K
  class space    used 1372K, capacity 1440K, committed 1536K, reserved 1048576K
}
Event: 44.296 GC heap before
{Heap before GC invocations=45 (full 26):
 PSYoungGen      total 924672K, used 462012K [0x000000076b580000, 0x00000007c0000000, 0x00000007c0000000)
  eden space 462336K, 99% used [0x000000076b580000,0x00000007878af1b0,0x0000000787900000)
  from space 462336K, 0% used [0x0000000787900000,0x0000000787900000,0x00000007a3c80000)
  to   space 462336K, 0% used [0x00000007a3c80000,0x00000007a3c80000,0x00000007c0000000)
 ParOldGen       total 2774528K, used 2774383K [0x00000006c2000000, 0x000000076b580000, 0x000000076b580000)
  object space 2774528K, 99% used [0x00000006c2000000,0x000000076b55bd30,0x000000076b580000)
 Metaspace       used 12764K, capacity 12924K, committed 13056K, reserved 1060864K
  class space    used 1372K, capacity 1440K, committed 1536K, reserved 1048576K
Event: 44.776 GC heap after
Heap after GC invocations=45 (full 26):
 PSYoungGen      total 924672K, used 462012K [0x000000076b580000, 0x00000007c0000000, 0x00000007c0000000)
  eden space 462336K, 99% used [0x000000076b580000,0x00000007878af1b0,0x0000000787900000)
  from space 462336K, 0% used [0x0000000787900000,0x0000000787900000,0x00000007a3c80000)
  to   space 462336K, 0% used [0x00000007a3c80000,0x00000007a3c80000,0x00000007c0000000)
 ParOldGen       total 2774528K, used 2774183K [0x00000006c2000000, 0x000000076b580000, 0x000000076b580000)
  object space 2774528K, 99% used [0x00000006c2000000,0x000000076b529e18,0x000000076b580000)
 Metaspace       used 12753K, capacity 12908K, committed 13056K, reserved 1060864K
  class space    used 1369K, capacity 1434K, committed 1536K, reserved 1048576K
}
Event: 53.650 GC heap before
{Heap before GC invocations=46 (full 27):
 PSYoungGen      total 924672K, used 462336K [0x000000076b580000, 0x00000007c0000000, 0x00000007c0000000)
  eden space 462336K, 100% used [0x000000076b580000,0x0000000787900000,0x0000000787900000)
  from space 462336K, 0% used [0x0000000787900000,0x0000000787900000,0x00000007a3c80000)
  to   space 462336K, 0% used [0x00000007a3c80000,0x00000007a3c80000,0x00000007c0000000)
 ParOldGen       total 2774528K, used 2774185K [0x00000006c2000000, 0x000000076b580000, 0x000000076b580000)
  object space 2774528K, 99% used [0x00000006c2000000,0x000000076b52a6b8,0x000000076b580000)
 Metaspace       used 12759K, capacity 12908K, committed 13056K, reserved 1060864K
  class space    used 1371K, capacity 1434K, committed 1536K, reserved 1048576K
Event: 54.043 GC heap after
Heap after GC invocations=46 (full 27):
 PSYoungGen      total 924672K, used 461985K [0x000000076b580000, 0x00000007c0000000, 0x00000007c0000000)
  eden space 462336K, 99% used [0x000000076b580000,0x00000007878a8770,0x0000000787900000)
  from space 462336K, 0% used [0x0000000787900000,0x0000000787900000,0x00000007a3c80000)
  to   space 462336K, 0% used [0x00000007a3c80000,0x00000007a3c80000,0x00000007c0000000)
 ParOldGen       total 2774528K, used 2774179K [0x00000006c2000000, 0x000000076b580000, 0x000000076b580000)
  object space 2774528K, 99% used [0x00000006c2000000,0x000000076b528fc8,0x000000076b580000)
 Metaspace       used 12759K, capacity 12908K, committed 13056K, reserved 1060864K
  class space    used 1371K, capacity 1434K, committed 1536K, reserved 1048576K
}
Event: 54.145 GC heap before
{Heap before GC invocations=47 (full 28):
 PSYoungGen      total 924672K, used 462336K [0x000000076b580000, 0x00000007c0000000, 0x00000007c0000000)
  eden space 462336K, 100% used [0x000000076b580000,0x0000000787900000,0x0000000787900000)
  from space 462336K, 0% used [0x0000000787900000,0x0000000787900000,0x00000007a3c80000)
  to   space 462336K, 0% used [0x00000007a3c80000,0x00000007a3c80000,0x00000007c0000000)
 ParOldGen       total 2774528K, used 2774179K [0x00000006c2000000, 0x000000076b580000, 0x000000076b580000)
  object space 2774528K, 99% used [0x00000006c2000000,0x000000076b528fc8,0x000000076b580000)
 Metaspace       used 12762K, capacity 12908K, committed 13056K, reserved 1060864K
  class space    used 1371K, capacity 1434K, committed 1536K, reserved 1048576K
Event: 54.523 GC heap after
Heap after GC invocations=47 (full 28):
 PSYoungGen      total 924672K, used 461986K [0x000000076b580000, 0x00000007c0000000, 0x00000007c0000000)
  eden space 462336K, 99% used [0x000000076b580000,0x00000007878a8a20,0x0000000787900000)
  from space 462336K, 0% used [0x0000000787900000,0x0000000787900000,0x00000007a3c80000)
  to   space 462336K, 0% used [0x00000007a3c80000,0x00000007a3c80000,0x00000007c0000000)
 ParOldGen       total 2774528K, used 2774176K [0x00000006c2000000, 0x000000076b580000, 0x000000076b580000)
  object space 2774528K, 99% used [0x00000006c2000000,0x000000076b528240,0x000000076b580000)
 Metaspace       used 12762K, capacity 12908K, committed 13056K, reserved 1060864K
  class space    used 1371K, capacity 1434K, committed 1536K, reserved 1048576K
}

