# JRE version: Java(TM) SE Runtime Environment (8.0_91-b15) (build 1.8.0_91-b15)
# Java VM: Java HotSpot(TM) 64-Bit Server VM (25.91-b15 mixed mode windows-amd64 compressed oops)
Heap:
 PSYoungGen      total 1342464K, used 615997K [0x000000076b580000, 0x00000007c0000000, 0x00000007c0000000)
  eden space 1312256K, 44% used [0x000000076b580000,0x000000078f1af658,0x00000007bb700000)
  from space 30208K, 99% used [0x00000007bb700000,0x00000007bd460000,0x00000007bd480000)
  to   space 40960K, 0% used [0x00000007bd800000,0x00000007bd800000,0x00000007c0000000)
 ParOldGen       total 173568K, used 45514K [0x00000006c2000000, 0x00000006cc980000, 0x000000076b580000)
  object space 173568K, 26% used [0x00000006c2000000,0x00000006c4c729f8,0x00000006cc980000)
 Metaspace       used 10940K, capacity 11134K, committed 11392K, reserved 1058816K
  class space    used 1225K, capacity 1316K, committed 1408K, reserved 1048576K
GC Heap History (10 events):
Event: 10.689 GC heap before
{Heap before GC invocations=11 (full 0):
 PSYoungGen      total 837120K, used 837120K [0x000000076b580000, 0x000000079fc00000, 0x00000007c0000000)
  eden space 826368K, 100% used [0x000000076b580000,0x000000079dc80000,0x000000079dc80000)
  from space 10752K, 100% used [0x000000079ea80000,0x000000079f500000,0x000000079f500000)
  to   space 14336K, 0% used [0x000000079dc80000,0x000000079dc80000,0x000000079ea80000)
 ParOldGen       total 173568K, used 13338K [0x00000006c2000000, 0x00000006cc980000, 0x000000076b580000)
  object space 173568K, 7% used [0x00000006c2000000,0x00000006c2d069f8,0x00000006cc980000)
 Metaspace       used 10889K, capacity 11038K, committed 11392K, reserved 1058816K
  class space    used 1222K, capacity 1284K, committed 1408K, reserved 1048576K
Event: 10.751 GC heap after
Heap after GC invocations=11 (full 0):
 PSYoungGen      total 840704K, used 14336K [0x000000076b580000, 0x00000007bea00000, 0x00000007c0000000)
  eden space 826368K, 0% used [0x000000076b580000,0x000000076b580000,0x000000079dc80000)
  from space 14336K, 100% used [0x000000079dc80000,0x000000079ea80000,0x000000079ea80000)
  to   space 20992K, 0% used [0x00000007bd580000,0x00000007bd580000,0x00000007bea00000)
 ParOldGen       total 173568K, used 25554K [0x00000006c2000000, 0x00000006cc980000, 0x000000076b580000)
  object space 173568K, 14% used [0x00000006c2000000,0x00000006c38f49f8,0x00000006cc980000)
 Metaspace       used 10889K, capacity 11038K, committed 11392K, reserved 1058816K
  class space    used 1222K, capacity 1284K, committed 1408K, reserved 1048576K
}
Event: 13.136 GC heap before
{Heap before GC invocations=12 (full 0):
 PSYoungGen      total 840704K, used 840704K [0x000000076b580000, 0x00000007bea00000, 0x00000007c0000000)
  eden space 826368K, 100% used [0x000000076b580000,0x000000079dc80000,0x000000079dc80000)
  from space 14336K, 100% used [0x000000079dc80000,0x000000079ea80000,0x000000079ea80000)
  to   space 20992K, 0% used [0x00000007bd580000,0x00000007bd580000,0x00000007bea00000)
 ParOldGen       total 173568K, used 25554K [0x00000006c2000000, 0x00000006cc980000, 0x000000076b580000)
  object space 173568K, 14% used [0x00000006c2000000,0x00000006c38f49f8,0x00000006cc980000)
 Metaspace       used 10889K, capacity 11038K, committed 11392K, reserved 1058816K
  class space    used 1222K, capacity 1284K, committed 1408K, reserved 1048576K
Event: 13.191 GC heap after
Heap after GC invocations=12 (full 0):
 PSYoungGen      total 1340928K, used 18944K [0x000000076b580000, 0x00000007bef00000, 0x00000007c0000000)
  eden space 1319936K, 0% used [0x000000076b580000,0x000000076b580000,0x00000007bbe80000)
  from space 20992K, 90% used [0x00000007bd580000,0x00000007be800000,0x00000007bea00000)
  to   space 23552K, 0% used [0x00000007bbe80000,0x00000007bbe80000,0x00000007bd580000)
 ParOldGen       total 173568K, used 30218K [0x00000006c2000000, 0x00000006cc980000, 0x000000076b580000)
  object space 173568K, 17% used [0x00000006c2000000,0x00000006c3d829f8,0x00000006cc980000)
 Metaspace       used 10889K, capacity 11038K, committed 11392K, reserved 1058816K
  class space    used 1222K, capacity 1284K, committed 1408K, reserved 1048576K
}
Event: 17.250 GC heap before
{Heap before GC invocations=13 (full 0):
 PSYoungGen      total 1340928K, used 1338880K [0x000000076b580000, 0x00000007bef00000, 0x00000007c0000000)
  eden space 1319936K, 100% used [0x000000076b580000,0x00000007bbe80000,0x00000007bbe80000)
  from space 20992K, 90% used [0x00000007bd580000,0x00000007be800000,0x00000007bea00000)
  to   space 23552K, 0% used [0x00000007bbe80000,0x00000007bbe80000,0x00000007bd580000)
 ParOldGen       total 173568K, used 30218K [0x00000006c2000000, 0x00000006cc980000, 0x000000076b580000)
  object space 173568K, 17% used [0x00000006c2000000,0x00000006c3d829f8,0x00000006cc980000)
 Metaspace       used 10889K, capacity 11038K, committed 11392K, reserved 1058816K
  class space    used 1222K, capacity 1284K, committed 1408K, reserved 1048576K
Event: 17.333 GC heap after
Heap after GC invocations=13 (full 0):
 PSYoungGen      total 1343488K, used 23552K [0x000000076b580000, 0x00000007c0000000, 0x00000007c0000000)
  eden space 1319936K, 0% used [0x000000076b580000,0x000000076b580000,0x00000007bbe80000)
  from space 23552K, 100% used [0x00000007bbe80000,0x00000007bd580000,0x00000007bd580000)
  to   space 29696K, 0% used [0x00000007be300000,0x00000007be300000,0x00000007c0000000)
 ParOldGen       total 173568K, used 36970K [0x00000006c2000000, 0x00000006cc980000, 0x000000076b580000)
  object space 173568K, 21% used [0x00000006c2000000,0x00000006c441a9f8,0x00000006cc980000)
 Metaspace       used 10889K, capacity 11038K, committed 11392K, reserved 1058816K
  class space    used 1222K, capacity 1284K, committed 1408K, reserved 1048576K
}
Event: 21.224 GC heap before
{Heap before GC invocations=14 (full 0):
 PSYoungGen      total 1343488K, used 1343488K [0x000000076b580000, 0x00000007c0000000, 0x00000007c0000000)
  eden space 1319936K, 100% used [0x000000076b580000,0x00000007bbe80000,0x00000007bbe80000)
  from space 23552K, 100% used [0x00000007bbe80000,0x00000007bd580000,0x00000007bd580000)
  to   space 29696K, 0% used [0x00000007be300000,0x00000007be300000,0x00000007c0000000)
 ParOldGen       total 173568K, used 36970K [0x00000006c2000000, 0x00000006cc980000, 0x000000076b580000)
  object space 173568K, 21% used [0x00000006c2000000,0x00000006c441a9f8,0x00000006cc980000)
 Metaspace       used 10889K, capacity 11038K, committed 11392K, reserved 1058816K
  class space    used 1222K, capacity 1284K, committed 1408K, reserved 1048576K
Event: 21.309 GC heap after
Heap after GC invocations=14 (full 0):
 PSYoungGen      total 1341952K, used 29696K [0x000000076b580000, 0x00000007c0000000, 0x00000007c0000000)
  eden space 1312256K, 0% used [0x000000076b580000,0x000000076b580000,0x00000007bb700000)
  from space 29696K, 100% used [0x00000007be300000,0x00000007c0000000,0x00000007c0000000)
  to   space 37376K, 0% used [0x00000007bb700000,0x00000007bb700000,0x00000007bdb80000)
 ParOldGen       total 173568K, used 44986K [0x00000006c2000000, 0x00000006cc980000, 0x000000076b580000)
  object space 173568K, 25% used [0x00000006c2000000,0x00000006c4bee9f8,0x00000006cc980000)
 Metaspace       used 10889K, capacity 11038K, committed 11392K, reserved 1058816K
  class space    used 1222K, capacity 1284K, committed 1408K, reserved 1048576K
}
Event: 25.158 GC heap before
{Heap before GC invocations=15 (full 0):
 PSYoungGen      total 1341952K, used 1341952K [0x000000076b580000, 0x00000007c0000000, 0x00000007c0000000)
  eden space 1312256K, 100% used [0x000000076b580000,0x00000007bb700000,0x00000007bb700000)
  from space 29696K, 100% used [0x00000007be300000,0x00000007c0000000,0x00000007c0000000)
  to   space 37376K, 0% used [0x00000007bb700000,0x00000007bb700000,0x00000007bdb80000)
 ParOldGen       total 173568K, used 44986K [0x00000006c2000000, 0x00000006cc980000, 0x000000076b580000)
  object space 173568K, 25% used [0x00000006c2000000,0x00000006c4bee9f8,0x00000006cc980000)
 Metaspace       used 10889K, capacity 11038K, committed 11392K, reserved 1058816K
  class space    used 1222K, capacity 1284K, committed 1408K, reserved 1048576K
Event: 25.238 GC heap after
Heap after GC invocations=15 (full 0):
 PSYoungGen      total 1342464K, used 30080K [0x000000076b580000, 0x00000007c0000000, 0x00000007c0000000)
  eden space 1312256K, 0% used [0x000000076b580000,0x000000076b580000,0x00000007bb700000)
  from space 30208K, 99% used [0x00000007bb700000,0x00000007bd460000,0x00000007bd480000)
  to   space 40960K, 0% used [0x00000007bd800000,0x00000007bd800000,0x00000007c0000000)
 ParOldGen       total 173568K, used 45514K [0x00000006c2000000, 0x00000006cc980000, 0x000000076b580000)
  object space 173568K, 26% used [0x00000006c2000000,0x00000006c4c729f8,0x00000006cc980000)
 Metaspace       used 10889K, capacity 11038K, committed 11392K, reserved 1058816K
  class space    used 1222K, capacity 1284K, committed 1408K, reserved 1048576K
}

