# JRE version: Java(TM) SE Runtime Environment (8.0_91-b15) (build 1.8.0_91-b15)
# Java VM: Java HotSpot(TM) 64-Bit Server VM (25.91-b15 mixed mode windows-amd64 compressed oops)
Heap:
 PSYoungGen      total 436736K, used 255855K [0x000000076b580000, 0x0000000799b80000, 0x00000007c0000000)
  eden space 311296K, 41% used [0x000000076b580000,0x00000007734e1c18,0x000000077e580000)
  from space 125440K, 99% used [0x000000077e580000,0x0000000785ffa340,0x0000000786000000)
  to   space 172032K, 0% used [0x000000078f380000,0x000000078f380000,0x0000000799b80000)
 ParOldGen       total 514048K, used 369534K [0x00000006c2000000, 0x00000006e1600000, 0x000000076b580000)
  object space 514048K, 71% used [0x00000006c2000000,0x00000006d88df908,0x00000006e1600000)
 Metaspace       used 12379K, capacity 12600K, committed 12800K, reserved 1060864K
  class space    used 1368K, capacity 1440K, committed 1536K, reserved 1048576K
GC Heap History (10 events):
Event: 3.337 GC heap before
{Heap before GC invocations=7 (full 1):
 PSYoungGen      total 140800K, used 130048K [0x000000076b580000, 0x0000000782980000, 0x00000007c0000000)
  eden space 130048K, 100% used [0x000000076b580000,0x0000000773480000,0x0000000773480000)
  from space 10752K, 0% used [0x0000000773480000,0x0000000773480000,0x0000000773f00000)
  to   space 60416K, 0% used [0x000000077ee80000,0x000000077ee80000,0x0000000782980000)
 ParOldGen       total 283136K, used 145528K [0x00000006c2000000, 0x00000006d3480000, 0x000000076b580000)
  object space 283136K, 51% used [0x00000006c2000000,0x00000006cae1e320,0x00000006d3480000)
 Metaspace       used 12306K, capacity 12472K, committed 12800K, reserved 1060864K
  class space    used 1368K, capacity 1440K, committed 1536K, reserved 1048576K
Event: 3.347 GC heap after
Heap after GC invocations=7 (full 1):
 PSYoungGen      total 275968K, used 60215K [0x000000076b580000, 0x0000000782980000, 0x00000007c0000000)
  eden space 215552K, 0% used [0x000000076b580000,0x000000076b580000,0x0000000778800000)
  from space 60416K, 99% used [0x000000077ee80000,0x000000078294df80,0x0000000782980000)
  to   space 68608K, 0% used [0x000000077a380000,0x000000077a380000,0x000000077e680000)
 ParOldGen       total 283136K, used 152475K [0x00000006c2000000, 0x00000006d3480000, 0x000000076b580000)
  object space 283136K, 53% used [0x00000006c2000000,0x00000006cb4e6fc0,0x00000006d3480000)
 Metaspace       used 12306K, capacity 12472K, committed 12800K, reserved 1060864K
  class space    used 1368K, capacity 1440K, committed 1536K, reserved 1048576K
}
Event: 4.272 GC heap before
{Heap before GC invocations=8 (full 1):
 PSYoungGen      total 275968K, used 275767K [0x000000076b580000, 0x0000000782980000, 0x00000007c0000000)
  eden space 215552K, 100% used [0x000000076b580000,0x0000000778800000,0x0000000778800000)
  from space 60416K, 99% used [0x000000077ee80000,0x000000078294df80,0x0000000782980000)
  to   space 68608K, 0% used [0x000000077a380000,0x000000077a380000,0x000000077e680000)
 ParOldGen       total 283136K, used 152475K [0x00000006c2000000, 0x00000006d3480000, 0x000000076b580000)
  object space 283136K, 53% used [0x00000006c2000000,0x00000006cb4e6fc0,0x00000006d3480000)
 Metaspace       used 12334K, capacity 12536K, committed 12800K, reserved 1060864K
  class space    used 1368K, capacity 1440K, committed 1536K, reserved 1048576K
Event: 4.293 GC heap after
Heap after GC invocations=8 (full 1):
 PSYoungGen      total 312320K, used 68570K [0x000000076b580000, 0x000000078ac00000, 0x00000007c0000000)
  eden space 243712K, 0% used [0x000000076b580000,0x000000076b580000,0x000000077a380000)
  from space 68608K, 99% used [0x000000077a380000,0x000000077e676ac0,0x000000077e680000)
  to   space 77824K, 0% used [0x0000000786000000,0x0000000786000000,0x000000078ac00000)
 ParOldGen       total 283136K, used 214205K [0x00000006c2000000, 0x00000006d3480000, 0x000000076b580000)
  object space 283136K, 75% used [0x00000006c2000000,0x00000006cf12f7a0,0x00000006d3480000)
 Metaspace       used 12334K, capacity 12536K, committed 12800K, reserved 1060864K
  class space    used 1368K, capacity 1440K, committed 1536K, reserved 1048576K
}
Event: 5.322 GC heap before
{Heap before GC invocations=9 (full 1):
 PSYoungGen      total 312320K, used 312282K [0x000000076b580000, 0x000000078ac00000, 0x00000007c0000000)
  eden space 243712K, 100% used [0x000000076b580000,0x000000077a380000,0x000000077a380000)
  from space 68608K, 99% used [0x000000077a380000,0x000000077e676ac0,0x000000077e680000)
  to   space 77824K, 0% used [0x0000000786000000,0x0000000786000000,0x000000078ac00000)
 ParOldGen       total 283136K, used 214205K [0x00000006c2000000, 0x00000006d3480000, 0x000000076b580000)
  object space 283136K, 75% used [0x00000006c2000000,0x00000006cf12f7a0,0x00000006d3480000)
 Metaspace       used 12368K, capacity 12600K, committed 12800K, reserved 1060864K
  class space    used 1368K, capacity 1440K, committed 1536K, reserved 1048576K
Event: 5.348 GC heap after
Heap after GC invocations=9 (full 1):
 PSYoungGen      total 389120K, used 77797K [0x000000076b580000, 0x0000000793980000, 0x00000007c0000000)
  eden space 311296K, 0% used [0x000000076b580000,0x000000076b580000,0x000000077e580000)
  from space 77824K, 99% used [0x0000000786000000,0x000000078abf94a0,0x000000078ac00000)
  to   space 125440K, 0% used [0x000000077e580000,0x000000077e580000,0x0000000786000000)
 ParOldGen       total 301056K, used 300922K [0x00000006c2000000, 0x00000006d4600000, 0x000000076b580000)
  object space 301056K, 99% used [0x00000006c2000000,0x00000006d45deb00,0x00000006d4600000)
 Metaspace       used 12368K, capacity 12600K, committed 12800K, reserved 1060864K
  class space    used 1368K, capacity 1440K, committed 1536K, reserved 1048576K
}
Event: 5.348 GC heap before
{Heap before GC invocations=10 (full 2):
 PSYoungGen      total 389120K, used 77797K [0x000000076b580000, 0x0000000793980000, 0x00000007c0000000)
  eden space 311296K, 0% used [0x000000076b580000,0x000000076b580000,0x000000077e580000)
  from space 77824K, 99% used [0x0000000786000000,0x000000078abf94a0,0x000000078ac00000)
  to   space 125440K, 0% used [0x000000077e580000,0x000000077e580000,0x0000000786000000)
 ParOldGen       total 301056K, used 300922K [0x00000006c2000000, 0x00000006d4600000, 0x000000076b580000)
  object space 301056K, 99% used [0x00000006c2000000,0x00000006d45deb00,0x00000006d4600000)
 Metaspace       used 12368K, capacity 12600K, committed 12800K, reserved 1060864K
  class space    used 1368K, capacity 1440K, committed 1536K, reserved 1048576K
Event: 5.409 GC heap after
Heap after GC invocations=10 (full 2):
 PSYoungGen      total 389120K, used 72490K [0x000000076b580000, 0x0000000793980000, 0x00000007c0000000)
  eden space 311296K, 0% used [0x000000076b580000,0x000000076b580000,0x000000077e580000)
  from space 77824K, 93% used [0x0000000786000000,0x000000078a6caaa0,0x000000078ac00000)
  to   space 125440K, 0% used [0x000000077e580000,0x000000077e580000,0x0000000786000000)
 ParOldGen       total 514048K, used 301011K [0x00000006c2000000, 0x00000006e1600000, 0x000000076b580000)
  object space 514048K, 58% used [0x00000006c2000000,0x00000006d45f4e48,0x00000006e1600000)
 Metaspace       used 12368K, capacity 12600K, committed 12800K, reserved 1060864K
  class space    used 1368K, capacity 1440K, committed 1536K, reserved 1048576K
}
Event: 6.702 GC heap before
{Heap before GC invocations=11 (full 2):
 PSYoungGen      total 389120K, used 383786K [0x000000076b580000, 0x0000000793980000, 0x00000007c0000000)
  eden space 311296K, 100% used [0x000000076b580000,0x000000077e580000,0x000000077e580000)
  from space 77824K, 93% used [0x0000000786000000,0x000000078a6caaa0,0x000000078ac00000)
  to   space 125440K, 0% used [0x000000077e580000,0x000000077e580000,0x0000000786000000)
 ParOldGen       total 514048K, used 301011K [0x00000006c2000000, 0x00000006e1600000, 0x000000076b580000)
  object space 514048K, 58% used [0x00000006c2000000,0x00000006d45f4e48,0x00000006e1600000)
 Metaspace       used 12374K, capacity 12600K, committed 12800K, reserved 1060864K
  class space    used 1368K, capacity 1440K, committed 1536K, reserved 1048576K
Event: 6.730 GC heap after
Heap after GC invocations=11 (full 2):
 PSYoungGen      total 436736K, used 125416K [0x000000076b580000, 0x0000000799b80000, 0x00000007c0000000)
  eden space 311296K, 0% used [0x000000076b580000,0x000000076b580000,0x000000077e580000)
  from space 125440K, 99% used [0x000000077e580000,0x0000000785ffa340,0x0000000786000000)
  to   space 172032K, 0% used [0x000000078f380000,0x000000078f380000,0x0000000799b80000)
 ParOldGen       total 514048K, used 369534K [0x00000006c2000000, 0x00000006e1600000, 0x000000076b580000)
  object space 514048K, 71% used [0x00000006c2000000,0x00000006d88df908,0x00000006e1600000)
 Metaspace       used 12374K, capacity 12600K, committed 12800K, reserved 1060864K
  class space    used 1368K, capacity 1440K, committed 1536K, reserved 1048576K
}

