# JRE version: Java(TM) SE Runtime Environment (8.0_91-b15) (build 1.8.0_91-b15)
# Java VM: Java HotSpot(TM) 64-Bit Server VM (25.91-b15 mixed mode windows-amd64 compressed oops)
Heap:
 PSYoungGen      total 647168K, used 221922K [0x000000076b580000, 0x00000007aa780000, 0x00000007c0000000)
  eden space 434688K, 37% used [0x000000076b580000,0x00000007753f7838,0x0000000785e00000)
  from space 212480K, 28% used [0x0000000785e00000,0x0000000789841258,0x0000000792d80000)
  to   space 227328K, 0% used [0x000000079c980000,0x000000079c980000,0x00000007aa780000)
 ParOldGen       total 1084928K, used 737319K [0x00000006c2000000, 0x0000000704380000, 0x000000076b580000)
  object space 1084928K, 67% used [0x00000006c2000000,0x00000006ef009e88,0x0000000704380000)
 Metaspace       used 12445K, capacity 12616K, committed 12800K, reserved 1060864K
  class space    used 1374K, capacity 1440K, committed 1536K, reserved 1048576K
GC Heap History (10 events):
Event: 6.804 GC heap before
{Heap before GC invocations=11 (full 2):
 PSYoungGen      total 452096K, used 434278K [0x000000076b580000, 0x0000000793a80000, 0x00000007c0000000)
  eden space 343552K, 100% used [0x000000076b580000,0x0000000780500000,0x0000000780500000)
  from space 108544K, 83% used [0x0000000787f80000,0x000000078d8198a8,0x000000078e980000)
  to   space 125440K, 0% used [0x0000000780500000,0x0000000780500000,0x0000000787f80000)
 ParOldGen       total 478208K, used 280320K [0x00000006c2000000, 0x00000006df300000, 0x000000076b580000)
  object space 478208K, 58% used [0x00000006c2000000,0x00000006d31c0148,0x00000006df300000)
 Metaspace       used 12423K, capacity 12616K, committed 12800K, reserved 1060864K
  class space    used 1371K, capacity 1440K, committed 1536K, reserved 1048576K
Event: 6.838 GC heap after
Heap after GC invocations=11 (full 2):
 PSYoungGen      total 468992K, used 125416K [0x000000076b580000, 0x000000079e180000, 0x00000007c0000000)
  eden space 343552K, 0% used [0x000000076b580000,0x000000076b580000,0x0000000780500000)
  from space 125440K, 99% used [0x0000000780500000,0x0000000787f7a340,0x0000000787f80000)
  to   space 184320K, 0% used [0x0000000792d80000,0x0000000792d80000,0x000000079e180000)
 ParOldGen       total 478208K, used 378702K [0x00000006c2000000, 0x00000006df300000, 0x000000076b580000)
  object space 478208K, 79% used [0x00000006c2000000,0x00000006d91d3bc8,0x00000006df300000)
 Metaspace       used 12423K, capacity 12616K, committed 12800K, reserved 1060864K
  class space    used 1371K, capacity 1440K, committed 1536K, reserved 1048576K
}
Event: 8.388 GC heap before
{Heap before GC invocations=12 (full 2):
 PSYoungGen      total 468992K, used 468968K [0x000000076b580000, 0x000000079e180000, 0x00000007c0000000)
  eden space 343552K, 100% used [0x000000076b580000,0x0000000780500000,0x0000000780500000)
  from space 125440K, 99% used [0x0000000780500000,0x0000000787f7a340,0x0000000787f80000)
  to   space 184320K, 0% used [0x0000000792d80000,0x0000000792d80000,0x000000079e180000)
 ParOldGen       total 478208K, used 378702K [0x00000006c2000000, 0x00000006df300000, 0x000000076b580000)
  object space 478208K, 79% used [0x00000006c2000000,0x00000006d91d3bc8,0x00000006df300000)
 Metaspace       used 12423K, capacity 12616K, committed 12800K, reserved 1060864K
  class space    used 1371K, capacity 1440K, committed 1536K, reserved 1048576K
Event: 8.434 GC heap after
Heap after GC invocations=12 (full 2):
 PSYoungGen      total 619008K, used 184299K [0x000000076b580000, 0x00000007a1c00000, 0x00000007c0000000)
  eden space 434688K, 0% used [0x000000076b580000,0x000000076b580000,0x0000000785e00000)
  from space 184320K, 99% used [0x0000000792d80000,0x000000079e17af40,0x000000079e180000)
  to   space 212480K, 0% used [0x0000000785e00000,0x0000000785e00000,0x0000000792d80000)
 ParOldGen       total 478208K, used 452930K [0x00000006c2000000, 0x00000006df300000, 0x000000076b580000)
  object space 478208K, 94% used [0x00000006c2000000,0x00000006dda50968,0x00000006df300000)
 Metaspace       used 12423K, capacity 12616K, committed 12800K, reserved 1060864K
  class space    used 1371K, capacity 1440K, committed 1536K, reserved 1048576K
}
Event: 8.434 GC heap before
{Heap before GC invocations=13 (full 3):
 PSYoungGen      total 619008K, used 184299K [0x000000076b580000, 0x00000007a1c00000, 0x00000007c0000000)
  eden space 434688K, 0% used [0x000000076b580000,0x000000076b580000,0x0000000785e00000)
  from space 184320K, 99% used [0x0000000792d80000,0x000000079e17af40,0x000000079e180000)
  to   space 212480K, 0% used [0x0000000785e00000,0x0000000785e00000,0x0000000792d80000)
 ParOldGen       total 478208K, used 452930K [0x00000006c2000000, 0x00000006df300000, 0x000000076b580000)
  object space 478208K, 94% used [0x00000006c2000000,0x00000006dda50968,0x00000006df300000)
 Metaspace       used 12423K, capacity 12616K, committed 12800K, reserved 1060864K
  class space    used 1371K, capacity 1440K, committed 1536K, reserved 1048576K
Event: 8.511 GC heap after
Heap after GC invocations=13 (full 3):
 PSYoungGen      total 619008K, used 156499K [0x000000076b580000, 0x00000007a1c00000, 0x00000007c0000000)
  eden space 434688K, 0% used [0x000000076b580000,0x000000076b580000,0x0000000785e00000)
  from space 184320K, 84% used [0x0000000792d80000,0x000000079c654de0,0x000000079e180000)
  to   space 212480K, 0% used [0x0000000785e00000,0x0000000785e00000,0x0000000792d80000)
 ParOldGen       total 737792K, used 477488K [0x00000006c2000000, 0x00000006ef080000, 0x000000076b580000)
  object space 737792K, 64% used [0x00000006c2000000,0x00000006df24c250,0x00000006ef080000)
 Metaspace       used 12423K, capacity 12616K, committed 12800K, reserved 1060864K
  class space    used 1371K, capacity 1440K, committed 1536K, reserved 1048576K
}
Event: 10.305 GC heap before
{Heap before GC invocations=14 (full 3):
 PSYoungGen      total 619008K, used 591187K [0x000000076b580000, 0x00000007a1c00000, 0x00000007c0000000)
  eden space 434688K, 100% used [0x000000076b580000,0x0000000785e00000,0x0000000785e00000)
  from space 184320K, 84% used [0x0000000792d80000,0x000000079c654de0,0x000000079e180000)
  to   space 212480K, 0% used [0x0000000785e00000,0x0000000785e00000,0x0000000792d80000)
 ParOldGen       total 737792K, used 477488K [0x00000006c2000000, 0x00000006ef080000, 0x000000076b580000)
  object space 737792K, 64% used [0x00000006c2000000,0x00000006df24c250,0x00000006ef080000)
 Metaspace       used 12441K, capacity 12616K, committed 12800K, reserved 1060864K
  class space    used 1374K, capacity 1440K, committed 1536K, reserved 1048576K
Event: 10.348 GC heap after
Heap after GC invocations=14 (full 3):
 PSYoungGen      total 647168K, used 163226K [0x000000076b580000, 0x00000007aa780000, 0x00000007c0000000)
  eden space 434688K, 0% used [0x000000076b580000,0x000000076b580000,0x0000000785e00000)
  from space 212480K, 76% used [0x0000000785e00000,0x000000078fd66960,0x0000000792d80000)
  to   space 227328K, 0% used [0x000000079c980000,0x000000079c980000,0x00000007aa780000)
 ParOldGen       total 737792K, used 637617K [0x00000006c2000000, 0x00000006ef080000, 0x000000076b580000)
  object space 737792K, 86% used [0x00000006c2000000,0x00000006e8eac4b0,0x00000006ef080000)
 Metaspace       used 12441K, capacity 12616K, committed 12800K, reserved 1060864K
  class space    used 1374K, capacity 1440K, committed 1536K, reserved 1048576K
}
Event: 10.348 GC heap before
{Heap before GC invocations=15 (full 4):
 PSYoungGen      total 647168K, used 163226K [0x000000076b580000, 0x00000007aa780000, 0x00000007c0000000)
  eden space 434688K, 0% used [0x000000076b580000,0x000000076b580000,0x0000000785e00000)
  from space 212480K, 76% used [0x0000000785e00000,0x000000078fd66960,0x0000000792d80000)
  to   space 227328K, 0% used [0x000000079c980000,0x000000079c980000,0x00000007aa780000)
 ParOldGen       total 737792K, used 637617K [0x00000006c2000000, 0x00000006ef080000, 0x000000076b580000)
  object space 737792K, 86% used [0x00000006c2000000,0x00000006e8eac4b0,0x00000006ef080000)
 Metaspace       used 12441K, capacity 12616K, committed 12800K, reserved 1060864K
  class space    used 1374K, capacity 1440K, committed 1536K, reserved 1048576K
Event: 10.441 GC heap after
Heap after GC invocations=15 (full 4):
 PSYoungGen      total 647168K, used 59652K [0x000000076b580000, 0x00000007aa780000, 0x00000007c0000000)
  eden space 434688K, 0% used [0x000000076b580000,0x000000076b580000,0x0000000785e00000)
  from space 212480K, 28% used [0x0000000785e00000,0x0000000789841258,0x0000000792d80000)
  to   space 227328K, 0% used [0x000000079c980000,0x000000079c980000,0x00000007aa780000)
 ParOldGen       total 1084928K, used 737319K [0x00000006c2000000, 0x0000000704380000, 0x000000076b580000)
  object space 1084928K, 67% used [0x00000006c2000000,0x00000006ef009e88,0x0000000704380000)
 Metaspace       used 12441K, capacity 12616K, committed 12800K, reserved 1060864K
  class space    used 1374K, capacity 1440K, committed 1536K, reserved 1048576K
}

