# JRE version: Java(TM) SE Runtime Environment (8.0_91-b15) (build 1.8.0_91-b15)
# Java VM: Java HotSpot(TM) 64-Bit Server VM (25.91-b15 mixed mode windows-amd64 compressed oops)
Heap:
 PSYoungGen      total 1341440K, used 764402K [0x000000076b580000, 0x00000007c0000000, 0x00000007c0000000)
  eden space 1311232K, 55% used [0x000000076b580000,0x000000079827cab0,0x00000007bb600000)
  from space 30208K, 100% used [0x00000007be280000,0x00000007c0000000,0x00000007c0000000)
  to   space 37888K, 0% used [0x00000007bb600000,0x00000007bb600000,0x00000007bdb00000)
 ParOldGen       total 173568K, used 44762K [0x00000006c2000000, 0x00000006cc980000, 0x000000076b580000)
  object space 173568K, 25% used [0x00000006c2000000,0x00000006c4bb6880,0x00000006cc980000)
 Metaspace       used 10913K, capacity 11070K, committed 11392K, reserved 1058816K
  class space    used 1224K, capacity 1316K, committed 1408K, reserved 1048576K
GC Heap History (10 events):
Event: 6.384 GC heap before
{Heap before GC invocations=10 (full 0):
 PSYoungGen      total 526848K, used 526848K [0x000000076b580000, 0x000000079f680000, 0x00000007c0000000)
  eden space 518144K, 100% used [0x000000076b580000,0x000000078af80000,0x000000078af80000)
  from space 8704K, 100% used [0x000000078af80000,0x000000078b800000,0x000000078b800000)
  to   space 11776K, 0% used [0x000000079eb00000,0x000000079eb00000,0x000000079f680000)
 ParOldGen       total 173568K, used 8490K [0x00000006c2000000, 0x00000006cc980000, 0x000000076b580000)
  object space 173568K, 4% used [0x00000006c2000000,0x00000006c284a880,0x00000006cc980000)
 Metaspace       used 10891K, capacity 11038K, committed 11392K, reserved 1058816K
  class space    used 1221K, capacity 1284K, committed 1408K, reserved 1048576K
Event: 6.418 GC heap after
Heap after GC invocations=10 (full 0):
 PSYoungGen      total 838144K, used 11776K [0x000000076b580000, 0x000000079fc80000, 0x00000007c0000000)
  eden space 826368K, 0% used [0x000000076b580000,0x000000076b580000,0x000000079dc80000)
  from space 11776K, 100% used [0x000000079eb00000,0x000000079f680000,0x000000079f680000)
  to   space 14848K, 0% used [0x000000079dc80000,0x000000079dc80000,0x000000079eb00000)
 ParOldGen       total 173568K, used 13706K [0x00000006c2000000, 0x00000006cc980000, 0x000000076b580000)
  object space 173568K, 7% used [0x00000006c2000000,0x00000006c2d62880,0x00000006cc980000)
 Metaspace       used 10891K, capacity 11038K, committed 11392K, reserved 1058816K
  class space    used 1221K, capacity 1284K, committed 1408K, reserved 1048576K
}
Event: 8.088 GC heap before
{Heap before GC invocations=11 (full 0):
 PSYoungGen      total 838144K, used 838144K [0x000000076b580000, 0x000000079fc80000, 0x00000007c0000000)
  eden space 826368K, 100% used [0x000000076b580000,0x000000079dc80000,0x000000079dc80000)
  from space 11776K, 100% used [0x000000079eb00000,0x000000079f680000,0x000000079f680000)
  to   space 14848K, 0% used [0x000000079dc80000,0x000000079dc80000,0x000000079eb00000)
 ParOldGen       total 173568K, used 13706K [0x00000006c2000000, 0x00000006cc980000, 0x000000076b580000)
  object space 173568K, 7% used [0x00000006c2000000,0x00000006c2d62880,0x00000006cc980000)
 Metaspace       used 10891K, capacity 11038K, committed 11392K, reserved 1058816K
  class space    used 1221K, capacity 1284K, committed 1408K, reserved 1048576K
Event: 8.149 GC heap after
Heap after GC invocations=11 (full 0):
 PSYoungGen      total 841216K, used 14848K [0x000000076b580000, 0x00000007beb00000, 0x00000007c0000000)
  eden space 826368K, 0% used [0x000000076b580000,0x000000076b580000,0x000000079dc80000)
  from space 14848K, 100% used [0x000000079dc80000,0x000000079eb00000,0x000000079eb00000)
  to   space 21504K, 0% used [0x00000007bd600000,0x00000007bd600000,0x00000007beb00000)
 ParOldGen       total 173568K, used 25970K [0x00000006c2000000, 0x00000006cc980000, 0x000000076b580000)
  object space 173568K, 14% used [0x00000006c2000000,0x00000006c395c880,0x00000006cc980000)
 Metaspace       used 10891K, capacity 11038K, committed 11392K, reserved 1058816K
  class space    used 1221K, capacity 1284K, committed 1408K, reserved 1048576K
}
Event: 9.717 GC heap before
{Heap before GC invocations=12 (full 0):
 PSYoungGen      total 841216K, used 841216K [0x000000076b580000, 0x00000007beb00000, 0x00000007c0000000)
  eden space 826368K, 100% used [0x000000076b580000,0x000000079dc80000,0x000000079dc80000)
  from space 14848K, 100% used [0x000000079dc80000,0x000000079eb00000,0x000000079eb00000)
  to   space 21504K, 0% used [0x00000007bd600000,0x00000007bd600000,0x00000007beb00000)
 ParOldGen       total 173568K, used 25970K [0x00000006c2000000, 0x00000006cc980000, 0x000000076b580000)
  object space 173568K, 14% used [0x00000006c2000000,0x00000006c395c880,0x00000006cc980000)
 Metaspace       used 10891K, capacity 11038K, committed 11392K, reserved 1058816K
  class space    used 1221K, capacity 1284K, committed 1408K, reserved 1048576K
Event: 9.773 GC heap after
Heap after GC invocations=12 (full 0):
 PSYoungGen      total 1341440K, used 19136K [0x000000076b580000, 0x00000007bf000000, 0x00000007c0000000)
  eden space 1319936K, 0% used [0x000000076b580000,0x000000076b580000,0x00000007bbe80000)
  from space 21504K, 88% used [0x00000007bd600000,0x00000007be8b0000,0x00000007beb00000)
  to   space 24064K, 0% used [0x00000007bbe80000,0x00000007bbe80000,0x00000007bd600000)
 ParOldGen       total 173568K, used 30274K [0x00000006c2000000, 0x00000006cc980000, 0x000000076b580000)
  object space 173568K, 17% used [0x00000006c2000000,0x00000006c3d90880,0x00000006cc980000)
 Metaspace       used 10891K, capacity 11038K, committed 11392K, reserved 1058816K
  class space    used 1221K, capacity 1284K, committed 1408K, reserved 1048576K
}
Event: 12.463 GC heap before
{Heap before GC invocations=13 (full 0):
 PSYoungGen      total 1341440K, used 1339072K [0x000000076b580000, 0x00000007bf000000, 0x00000007c0000000)
  eden space 1319936K, 100% used [0x000000076b580000,0x00000007bbe80000,0x00000007bbe80000)
  from space 21504K, 88% used [0x00000007bd600000,0x00000007be8b0000,0x00000007beb00000)
  to   space 24064K, 0% used [0x00000007bbe80000,0x00000007bbe80000,0x00000007bd600000)
 ParOldGen       total 173568K, used 30274K [0x00000006c2000000, 0x00000006cc980000, 0x000000076b580000)
  object space 173568K, 17% used [0x00000006c2000000,0x00000006c3d90880,0x00000006cc980000)
 Metaspace       used 10891K, capacity 11038K, committed 11392K, reserved 1058816K
  class space    used 1221K, capacity 1284K, committed 1408K, reserved 1048576K
Event: 12.547 GC heap after
Heap after GC invocations=13 (full 0):
 PSYoungGen      total 1344000K, used 24064K [0x000000076b580000, 0x00000007c0000000, 0x00000007c0000000)
  eden space 1319936K, 0% used [0x000000076b580000,0x000000076b580000,0x00000007bbe80000)
  from space 24064K, 100% used [0x00000007bbe80000,0x00000007bd600000,0x00000007bd600000)
  to   space 30208K, 0% used [0x00000007be280000,0x00000007be280000,0x00000007c0000000)
 ParOldGen       total 173568K, used 36738K [0x00000006c2000000, 0x00000006cc980000, 0x000000076b580000)
  object space 173568K, 21% used [0x00000006c2000000,0x00000006c43e0880,0x00000006cc980000)
 Metaspace       used 10891K, capacity 11038K, committed 11392K, reserved 1058816K
  class space    used 1221K, capacity 1284K, committed 1408K, reserved 1048576K
}
Event: 15.062 GC heap before
{Heap before GC invocations=14 (full 0):
 PSYoungGen      total 1344000K, used 1344000K [0x000000076b580000, 0x00000007c0000000, 0x00000007c0000000)
  eden space 1319936K, 100% used [0x000000076b580000,0x00000007bbe80000,0x00000007bbe80000)
  from space 24064K, 100% used [0x00000007bbe80000,0x00000007bd600000,0x00000007bd600000)
  to   space 30208K, 0% used [0x00000007be280000,0x00000007be280000,0x00000007c0000000)
 ParOldGen       total 173568K, used 36738K [0x00000006c2000000, 0x00000006cc980000, 0x000000076b580000)
  object space 173568K, 21% used [0x00000006c2000000,0x00000006c43e0880,0x00000006cc980000)
 Metaspace       used 10891K, capacity 11038K, committed 11392K, reserved 1058816K
  class space    used 1221K, capacity 1284K, committed 1408K, reserved 1048576K
Event: 15.149 GC heap after
Heap after GC invocations=14 (full 0):
 PSYoungGen      total 1341440K, used 30208K [0x000000076b580000, 0x00000007c0000000, 0x00000007c0000000)
  eden space 1311232K, 0% used [0x000000076b580000,0x000000076b580000,0x00000007bb600000)
  from space 30208K, 100% used [0x00000007be280000,0x00000007c0000000,0x00000007c0000000)
  to   space 37888K, 0% used [0x00000007bb600000,0x00000007bb600000,0x00000007bdb00000)
 ParOldGen       total 173568K, used 44762K [0x00000006c2000000, 0x00000006cc980000, 0x000000076b580000)
  object space 173568K, 25% used [0x00000006c2000000,0x00000006c4bb6880,0x00000006cc980000)
 Metaspace       used 10891K, capacity 11038K, committed 11392K, reserved 1058816K
  class space    used 1221K, capacity 1284K, committed 1408K, reserved 1048576K
}

