# JRE version: Java(TM) SE Runtime Environment (8.0_91-b15) (build 1.8.0_91-b15)
# Java VM: Java HotSpot(TM) 64-Bit Server VM (25.91-b15 mixed mode windows-amd64 compressed oops)
Heap:
 PSYoungGen      total 59904K, used 38974K [0x000000076b580000, 0x0000000770a00000, 0x00000007c0000000)
  eden space 58880K, 64% used [0x000000076b580000,0x000000076dad7bb0,0x000000076ef00000)
  from space 1024K, 71% used [0x000000076f000000,0x000000076f0b8010,0x000000076f100000)
  to   space 13824K, 0% used [0x000000076fc80000,0x000000076fc80000,0x0000000770a00000)
 ParOldGen       total 173568K, used 7854K [0x00000006c2000000, 0x00000006cc980000, 0x000000076b580000)
  object space 173568K, 4% used [0x00000006c2000000,0x00000006c27ab9c0,0x00000006cc980000)
 Metaspace       used 16516K, capacity 16774K, committed 17024K, reserved 1064960K
  class space    used 1805K, capacity 1877K, committed 1920K, reserved 1048576K
GC Heap History (10 events):
Event: 3.507 GC heap before
{Heap before GC invocations=5 (full 0):
 PSYoungGen      total 75776K, used 73473K [0x000000076b580000, 0x0000000770a00000, 0x00000007c0000000)
  eden space 65024K, 100% used [0x000000076b580000,0x000000076f500000,0x000000076f500000)
  from space 10752K, 78% used [0x000000076ff80000,0x00000007707c05f8,0x0000000770a00000)
  to   space 10752K, 0% used [0x000000076f500000,0x000000076f500000,0x000000076ff80000)
 ParOldGen       total 173568K, used 48K [0x00000006c2000000, 0x00000006cc980000, 0x000000076b580000)
  object space 173568K, 0% used [0x00000006c2000000,0x00000006c200c000,0x00000006cc980000)
 Metaspace       used 16224K, capacity 16450K, committed 16768K, reserved 1064960K
  class space    used 1804K, capacity 1877K, committed 1920K, reserved 1048576K
Event: 3.511 GC heap after
Heap after GC invocations=5 (full 0):
 PSYoungGen      total 72192K, used 8497K [0x000000076b580000, 0x0000000770880000, 0x00000007c0000000)
  eden space 63488K, 0% used [0x000000076b580000,0x000000076b580000,0x000000076f380000)
  from space 8704K, 97% used [0x000000076f500000,0x000000076fd4c5e8,0x000000076fd80000)
  to   space 10752K, 0% used [0x000000076fe00000,0x000000076fe00000,0x0000000770880000)
 ParOldGen       total 173568K, used 56K [0x00000006c2000000, 0x00000006cc980000, 0x000000076b580000)
  object space 173568K, 0% used [0x00000006c2000000,0x00000006c200e000,0x00000006cc980000)
 Metaspace       used 16224K, capacity 16450K, committed 16768K, reserved 1064960K
  class space    used 1804K, capacity 1877K, committed 1920K, reserved 1048576K
}
Event: 3.975 GC heap before
{Heap before GC invocations=6 (full 0):
 PSYoungGen      total 72192K, used 71985K [0x000000076b580000, 0x0000000770880000, 0x00000007c0000000)
  eden space 63488K, 100% used [0x000000076b580000,0x000000076f380000,0x000000076f380000)
  from space 8704K, 97% used [0x000000076f500000,0x000000076fd4c5e8,0x000000076fd80000)
  to   space 10752K, 0% used [0x000000076fe00000,0x000000076fe00000,0x0000000770880000)
 ParOldGen       total 173568K, used 56K [0x00000006c2000000, 0x00000006cc980000, 0x000000076b580000)
  object space 173568K, 0% used [0x00000006c2000000,0x00000006c200e000,0x00000006cc980000)
 Metaspace       used 16246K, capacity 16454K, committed 16768K, reserved 1064960K
  class space    used 1804K, capacity 1877K, committed 1920K, reserved 1048576K
Event: 3.979 GC heap after
Heap after GC invocations=6 (full 0):
 PSYoungGen      total 71168K, used 8433K [0x000000076b580000, 0x0000000770700000, 0x00000007c0000000)
  eden space 61952K, 0% used [0x000000076b580000,0x000000076b580000,0x000000076f200000)
  from space 9216K, 91% used [0x000000076fe00000,0x000000077063c5e8,0x0000000770700000)
  to   space 10752K, 0% used [0x000000076f200000,0x000000076f200000,0x000000076fc80000)
 ParOldGen       total 173568K, used 64K [0x00000006c2000000, 0x00000006cc980000, 0x000000076b580000)
  object space 173568K, 0% used [0x00000006c2000000,0x00000006c2010000,0x00000006cc980000)
 Metaspace       used 16246K, capacity 16454K, committed 16768K, reserved 1064960K
  class space    used 1804K, capacity 1877K, committed 1920K, reserved 1048576K
}
Event: 4.407 GC heap before
{Heap before GC invocations=7 (full 0):
 PSYoungGen      total 71168K, used 70385K [0x000000076b580000, 0x0000000770700000, 0x00000007c0000000)
  eden space 61952K, 100% used [0x000000076b580000,0x000000076f200000,0x000000076f200000)
  from space 9216K, 91% used [0x000000076fe00000,0x000000077063c5e8,0x0000000770700000)
  to   space 10752K, 0% used [0x000000076f200000,0x000000076f200000,0x000000076fc80000)
 ParOldGen       total 173568K, used 64K [0x00000006c2000000, 0x00000006cc980000, 0x000000076b580000)
  object space 173568K, 0% used [0x00000006c2000000,0x00000006c2010000,0x00000006cc980000)
 Metaspace       used 16298K, capacity 16518K, committed 16768K, reserved 1064960K
  class space    used 1804K, capacity 1877K, committed 1920K, reserved 1048576K
Event: 4.413 GC heap after
Heap after GC invocations=7 (full 0):
 PSYoungGen      total 71680K, used 704K [0x000000076b580000, 0x0000000770900000, 0x00000007c0000000)
  eden space 60928K, 0% used [0x000000076b580000,0x000000076b580000,0x000000076f100000)
  from space 10752K, 6% used [0x000000076f200000,0x000000076f2b0010,0x000000076fc80000)
  to   space 12288K, 0% used [0x000000076fd00000,0x000000076fd00000,0x0000000770900000)
 ParOldGen       total 173568K, used 7790K [0x00000006c2000000, 0x00000006cc980000, 0x000000076b580000)
  object space 173568K, 4% used [0x00000006c2000000,0x00000006c279b9c0,0x00000006cc980000)
 Metaspace       used 16298K, capacity 16518K, committed 16768K, reserved 1064960K
  class space    used 1804K, capacity 1877K, committed 1920K, reserved 1048576K
}
Event: 4.834 GC heap before
{Heap before GC invocations=8 (full 0):
 PSYoungGen      total 71680K, used 61632K [0x000000076b580000, 0x0000000770900000, 0x00000007c0000000)
  eden space 60928K, 100% used [0x000000076b580000,0x000000076f100000,0x000000076f100000)
  from space 10752K, 6% used [0x000000076f200000,0x000000076f2b0010,0x000000076fc80000)
  to   space 12288K, 0% used [0x000000076fd00000,0x000000076fd00000,0x0000000770900000)
 ParOldGen       total 173568K, used 7790K [0x00000006c2000000, 0x00000006cc980000, 0x000000076b580000)
  object space 173568K, 4% used [0x00000006c2000000,0x00000006c279b9c0,0x00000006cc980000)
 Metaspace       used 16325K, capacity 16518K, committed 16768K, reserved 1064960K
  class space    used 1805K, capacity 1877K, committed 1920K, reserved 1048576K
Event: 4.836 GC heap after
Heap after GC invocations=8 (full 0):
 PSYoungGen      total 72192K, used 800K [0x000000076b580000, 0x0000000770a00000, 0x00000007c0000000)
  eden space 59904K, 0% used [0x000000076b580000,0x000000076b580000,0x000000076f000000)
  from space 12288K, 6% used [0x000000076fd00000,0x000000076fdc8010,0x0000000770900000)
  to   space 13312K, 0% used [0x000000076f000000,0x000000076f000000,0x000000076fd00000)
 ParOldGen       total 173568K, used 7814K [0x00000006c2000000, 0x00000006cc980000, 0x000000076b580000)
  object space 173568K, 4% used [0x00000006c2000000,0x00000006c27a19c0,0x00000006cc980000)
 Metaspace       used 16325K, capacity 16518K, committed 16768K, reserved 1064960K
  class space    used 1805K, capacity 1877K, committed 1920K, reserved 1048576K
}
Event: 5.235 GC heap before
{Heap before GC invocations=9 (full 0):
 PSYoungGen      total 72192K, used 60704K [0x000000076b580000, 0x0000000770a00000, 0x00000007c0000000)
  eden space 59904K, 100% used [0x000000076b580000,0x000000076f000000,0x000000076f000000)
  from space 12288K, 6% used [0x000000076fd00000,0x000000076fdc8010,0x0000000770900000)
  to   space 13312K, 0% used [0x000000076f000000,0x000000076f000000,0x000000076fd00000)
 ParOldGen       total 173568K, used 7814K [0x00000006c2000000, 0x00000006cc980000, 0x000000076b580000)
  object space 173568K, 4% used [0x00000006c2000000,0x00000006c27a19c0,0x00000006cc980000)
 Metaspace       used 16340K, capacity 16518K, committed 16768K, reserved 1064960K
  class space    used 1805K, capacity 1877K, committed 1920K, reserved 1048576K
Event: 5.236 GC heap after
Heap after GC invocations=9 (full 0):
 PSYoungGen      total 59904K, used 736K [0x000000076b580000, 0x0000000770a00000, 0x00000007c0000000)
  eden space 58880K, 0% used [0x000000076b580000,0x000000076b580000,0x000000076ef00000)
  from space 1024K, 71% used [0x000000076f000000,0x000000076f0b8010,0x000000076f100000)
  to   space 13824K, 0% used [0x000000076fc80000,0x000000076fc80000,0x0000000770a00000)
 ParOldGen       total 173568K, used 7854K [0x00000006c2000000, 0x00000006cc980000, 0x000000076b580000)
  object space 173568K, 4% used [0x00000006c2000000,0x00000006c27ab9c0,0x00000006cc980000)
 Metaspace       used 16340K, capacity 16518K, committed 16768K, reserved 1064960K
  class space    used 1805K, capacity 1877K, committed 1920K, reserved 1048576K
}

