# JRE version: Java(TM) SE Runtime Environment (8.0_91-b15) (build 1.8.0_91-b15)
# Java VM: Java HotSpot(TM) 64-Bit Server VM (25.91-b15 mixed mode windows-amd64 compressed oops)
Heap:
 PSYoungGen      total 153088K, used 47230K [0x000000076b580000, 0x0000000786f80000, 0x00000007c0000000)
  eden space 143872K, 32% used [0x000000076b580000,0x000000076e37fb60,0x0000000774200000)
  from space 9216K, 1% used [0x0000000785d80000,0x0000000785da0000,0x0000000786680000)
  to   space 8704K, 0% used [0x0000000786700000,0x0000000786700000,0x0000000786f80000)
 ParOldGen       total 173568K, used 5819K [0x00000006c2000000, 0x00000006cc980000, 0x000000076b580000)
  object space 173568K, 3% used [0x00000006c2000000,0x00000006c25aec50,0x00000006cc980000)
 Metaspace       used 11348K, capacity 11544K, committed 11648K, reserved 1058816K
  class space    used 1289K, capacity 1372K, committed 1408K, reserved 1048576K
GC Heap History (10 events):
Event: 20.093 GC heap before
{Heap before GC invocations=19 (full 0):
 PSYoungGen      total 172032K, used 171552K [0x000000076b580000, 0x0000000788280000, 0x00000007c0000000)
  eden space 171520K, 100% used [0x000000076b580000,0x0000000775d00000,0x0000000775d00000)
  from space 512K, 6% used [0x0000000788200000,0x0000000788208000,0x0000000788280000)
  to   space 10752K, 0% used [0x0000000786d80000,0x0000000786d80000,0x0000000787800000)
 ParOldGen       total 173568K, used 5811K [0x00000006c2000000, 0x00000006cc980000, 0x000000076b580000)
  object space 173568K, 3% used [0x00000006c2000000,0x00000006c25acc50,0x00000006cc980000)
 Metaspace       used 11299K, capacity 11480K, committed 11648K, reserved 1058816K
  class space    used 1286K, capacity 1372K, committed 1408K, reserved 1048576K
Event: 20.094 GC heap after
Heap after GC invocations=19 (full 0):
 PSYoungGen      total 176128K, used 0K [0x000000076b580000, 0x0000000788280000, 0x00000007c0000000)
  eden space 165376K, 0% used [0x000000076b580000,0x000000076b580000,0x0000000775700000)
  from space 10752K, 0% used [0x0000000786d80000,0x0000000786d80000,0x0000000787800000)
  to   space 10752K, 0% used [0x0000000787800000,0x0000000787800000,0x0000000788280000)
 ParOldGen       total 173568K, used 5811K [0x00000006c2000000, 0x00000006cc980000, 0x000000076b580000)
  object space 173568K, 3% used [0x00000006c2000000,0x00000006c25acc50,0x00000006cc980000)
 Metaspace       used 11299K, capacity 11480K, committed 11648K, reserved 1058816K
  class space    used 1286K, capacity 1372K, committed 1408K, reserved 1048576K
}
Event: 21.025 GC heap before
{Heap before GC invocations=20 (full 0):
 PSYoungGen      total 176128K, used 165376K [0x000000076b580000, 0x0000000788280000, 0x00000007c0000000)
  eden space 165376K, 100% used [0x000000076b580000,0x0000000775700000,0x0000000775700000)
  from space 10752K, 0% used [0x0000000786d80000,0x0000000786d80000,0x0000000787800000)
  to   space 10752K, 0% used [0x0000000787800000,0x0000000787800000,0x0000000788280000)
 ParOldGen       total 173568K, used 5811K [0x00000006c2000000, 0x00000006cc980000, 0x000000076b580000)
  object space 173568K, 3% used [0x00000006c2000000,0x00000006c25acc50,0x00000006cc980000)
 Metaspace       used 11299K, capacity 11480K, committed 11648K, reserved 1058816K
  class space    used 1286K, capacity 1372K, committed 1408K, reserved 1048576K
Event: 21.025 GC heap after
Heap after GC invocations=20 (full 0):
 PSYoungGen      total 160256K, used 32K [0x000000076b580000, 0x0000000787880000, 0x00000007c0000000)
  eden space 159744K, 0% used [0x000000076b580000,0x000000076b580000,0x0000000775180000)
  from space 512K, 6% used [0x0000000787800000,0x0000000787808000,0x0000000787880000)
  to   space 10240K, 0% used [0x0000000786480000,0x0000000786480000,0x0000000786e80000)
 ParOldGen       total 173568K, used 5811K [0x00000006c2000000, 0x00000006cc980000, 0x000000076b580000)
  object space 173568K, 3% used [0x00000006c2000000,0x00000006c25acc50,0x00000006cc980000)
 Metaspace       used 11299K, capacity 11480K, committed 11648K, reserved 1058816K
  class space    used 1286K, capacity 1372K, committed 1408K, reserved 1048576K
}
Event: 21.921 GC heap before
{Heap before GC invocations=21 (full 0):
 PSYoungGen      total 160256K, used 159776K [0x000000076b580000, 0x0000000787880000, 0x00000007c0000000)
  eden space 159744K, 100% used [0x000000076b580000,0x0000000775180000,0x0000000775180000)
  from space 512K, 6% used [0x0000000787800000,0x0000000787808000,0x0000000787880000)
  to   space 10240K, 0% used [0x0000000786480000,0x0000000786480000,0x0000000786e80000)
 ParOldGen       total 173568K, used 5811K [0x00000006c2000000, 0x00000006cc980000, 0x000000076b580000)
  object space 173568K, 3% used [0x00000006c2000000,0x00000006c25acc50,0x00000006cc980000)
 Metaspace       used 11299K, capacity 11480K, committed 11648K, reserved 1058816K
  class space    used 1286K, capacity 1372K, committed 1408K, reserved 1048576K
Event: 21.921 GC heap after
Heap after GC invocations=21 (full 0):
 PSYoungGen      total 164352K, used 0K [0x000000076b580000, 0x0000000787880000, 0x00000007c0000000)
  eden space 154112K, 0% used [0x000000076b580000,0x000000076b580000,0x0000000774c00000)
  from space 10240K, 0% used [0x0000000786480000,0x0000000786480000,0x0000000786e80000)
  to   space 9728K, 0% used [0x0000000786f00000,0x0000000786f00000,0x0000000787880000)
 ParOldGen       total 173568K, used 5811K [0x00000006c2000000, 0x00000006cc980000, 0x000000076b580000)
  object space 173568K, 3% used [0x00000006c2000000,0x00000006c25acc50,0x00000006cc980000)
 Metaspace       used 11299K, capacity 11480K, committed 11648K, reserved 1058816K
  class space    used 1286K, capacity 1372K, committed 1408K, reserved 1048576K
}
Event: 22.780 GC heap before
{Heap before GC invocations=22 (full 0):
 PSYoungGen      total 164352K, used 154112K [0x000000076b580000, 0x0000000787880000, 0x00000007c0000000)
  eden space 154112K, 100% used [0x000000076b580000,0x0000000774c00000,0x0000000774c00000)
  from space 10240K, 0% used [0x0000000786480000,0x0000000786480000,0x0000000786e80000)
  to   space 9728K, 0% used [0x0000000786f00000,0x0000000786f00000,0x0000000787880000)
 ParOldGen       total 173568K, used 5811K [0x00000006c2000000, 0x00000006cc980000, 0x000000076b580000)
  object space 173568K, 3% used [0x00000006c2000000,0x00000006c25acc50,0x00000006cc980000)
 Metaspace       used 11299K, capacity 11480K, committed 11648K, reserved 1058816K
  class space    used 1286K, capacity 1372K, committed 1408K, reserved 1048576K
Event: 22.780 GC heap after
Heap after GC invocations=22 (full 0):
 PSYoungGen      total 149504K, used 64K [0x000000076b580000, 0x0000000786f80000, 0x00000007c0000000)
  eden space 148992K, 0% used [0x000000076b580000,0x000000076b580000,0x0000000774700000)
  from space 512K, 12% used [0x0000000786f00000,0x0000000786f10000,0x0000000786f80000)
  to   space 9216K, 0% used [0x0000000785d80000,0x0000000785d80000,0x0000000786680000)
 ParOldGen       total 173568K, used 5811K [0x00000006c2000000, 0x00000006cc980000, 0x000000076b580000)
  object space 173568K, 3% used [0x00000006c2000000,0x00000006c25acc50,0x00000006cc980000)
 Metaspace       used 11299K, capacity 11480K, committed 11648K, reserved 1058816K
  class space    used 1286K, capacity 1372K, committed 1408K, reserved 1048576K
}
Event: 23.601 GC heap before
{Heap before GC invocations=23 (full 0):
 PSYoungGen      total 149504K, used 149056K [0x000000076b580000, 0x0000000786f80000, 0x00000007c0000000)
  eden space 148992K, 100% used [0x000000076b580000,0x0000000774700000,0x0000000774700000)
  from space 512K, 12% used [0x0000000786f00000,0x0000000786f10000,0x0000000786f80000)
  to   space 9216K, 0% used [0x0000000785d80000,0x0000000785d80000,0x0000000786680000)
 ParOldGen       total 173568K, used 5811K [0x00000006c2000000, 0x00000006cc980000, 0x000000076b580000)
  object space 173568K, 3% used [0x00000006c2000000,0x00000006c25acc50,0x00000006cc980000)
 Metaspace       used 11344K, capacity 11544K, committed 11648K, reserved 1058816K
  class space    used 1289K, capacity 1372K, committed 1408K, reserved 1048576K
Event: 23.602 GC heap after
Heap after GC invocations=23 (full 0):
 PSYoungGen      total 153088K, used 128K [0x000000076b580000, 0x0000000786f80000, 0x00000007c0000000)
  eden space 143872K, 0% used [0x000000076b580000,0x000000076b580000,0x0000000774200000)
  from space 9216K, 1% used [0x0000000785d80000,0x0000000785da0000,0x0000000786680000)
  to   space 8704K, 0% used [0x0000000786700000,0x0000000786700000,0x0000000786f80000)
 ParOldGen       total 173568K, used 5819K [0x00000006c2000000, 0x00000006cc980000, 0x000000076b580000)
  object space 173568K, 3% used [0x00000006c2000000,0x00000006c25aec50,0x00000006cc980000)
 Metaspace       used 11344K, capacity 11544K, committed 11648K, reserved 1058816K
  class space    used 1289K, capacity 1372K, committed 1408K, reserved 1048576K
}

