# JRE version: Java(TM) SE Runtime Environment (8.0_91-b15) (build 1.8.0_91-b15)
# Java VM: Java HotSpot(TM) 64-Bit Server VM (25.91-b15 mixed mode windows-amd64 compressed oops)
Heap:
 PSYoungGen      total 1326592K, used 944047K [0x000000076b580000, 0x00000007bfd80000, 0x00000007c0000000)
  eden space 1271808K, 71% used [0x000000076b580000,0x00000007a2753dc0,0x00000007b8f80000)
  from space 54784K, 74% used [0x00000007bc800000,0x00000007bf018000,0x00000007bfd80000)
  to   space 56320K, 0% used [0x00000007b8f80000,0x00000007b8f80000,0x00000007bc680000)
 ParOldGen       total 173568K, used 58063K [0x00000006c2000000, 0x00000006cc980000, 0x000000076b580000)
  object space 173568K, 33% used [0x00000006c2000000,0x00000006c58b3cc8,0x00000006cc980000)
 Metaspace       used 12095K, capacity 12308K, committed 12416K, reserved 1060864K
  class space    used 1324K, capacity 1406K, committed 1408K, reserved 1048576K
GC Heap History (10 events):
Event: 104.107 GC heap before
{Heap before GC invocations=26 (full 0):
 PSYoungGen      total 1321472K, used 1299776K [0x000000076b580000, 0x00000007bfe80000, 0x00000007c0000000)
  eden space 1259008K, 100% used [0x000000076b580000,0x00000007b8300000,0x00000007b8300000)
  from space 62464K, 65% used [0x00000007b8300000,0x00000007baad0000,0x00000007bc000000)
  to   space 61440K, 0% used [0x00000007bc280000,0x00000007bc280000,0x00000007bfe80000)
 ParOldGen       total 173568K, used 58063K [0x00000006c2000000, 0x00000006cc980000, 0x000000076b580000)
  object space 173568K, 33% used [0x00000006c2000000,0x00000006c58b3cc8,0x00000006cc980000)
 Metaspace       used 12071K, capacity 12212K, committed 12416K, reserved 1060864K
  class space    used 1320K, capacity 1374K, committed 1408K, reserved 1048576K
Event: 104.213 GC heap after
Heap after GC invocations=26 (full 0):
 PSYoungGen      total 1321984K, used 40736K [0x000000076b580000, 0x00000007bfc00000, 0x00000007c0000000)
  eden space 1263104K, 0% used [0x000000076b580000,0x000000076b580000,0x00000007b8700000)
  from space 58880K, 69% used [0x00000007bc280000,0x00000007bea48000,0x00000007bfc00000)
  to   space 59904K, 0% used [0x00000007b8700000,0x00000007b8700000,0x00000007bc180000)
 ParOldGen       total 173568K, used 58063K [0x00000006c2000000, 0x00000006cc980000, 0x000000076b580000)
  object space 173568K, 33% used [0x00000006c2000000,0x00000006c58b3cc8,0x00000006cc980000)
 Metaspace       used 12071K, capacity 12212K, committed 12416K, reserved 1060864K
  class space    used 1320K, capacity 1374K, committed 1408K, reserved 1048576K
}
Event: 109.351 GC heap before
{Heap before GC invocations=27 (full 0):
 PSYoungGen      total 1321984K, used 1303840K [0x000000076b580000, 0x00000007bfc00000, 0x00000007c0000000)
  eden space 1263104K, 100% used [0x000000076b580000,0x00000007b8700000,0x00000007b8700000)
  from space 58880K, 69% used [0x00000007bc280000,0x00000007bea48000,0x00000007bfc00000)
  to   space 59904K, 0% used [0x00000007b8700000,0x00000007b8700000,0x00000007bc180000)
 ParOldGen       total 173568K, used 58063K [0x00000006c2000000, 0x00000006cc980000, 0x000000076b580000)
  object space 173568K, 33% used [0x00000006c2000000,0x00000006c58b3cc8,0x00000006cc980000)
 Metaspace       used 12071K, capacity 12212K, committed 12416K, reserved 1060864K
  class space    used 1320K, capacity 1374K, committed 1408K, reserved 1048576K
Event: 109.454 GC heap after
Heap after GC invocations=27 (full 0):
 PSYoungGen      total 1323008K, used 40896K [0x000000076b580000, 0x00000007bff00000, 0x00000007c0000000)
  eden space 1263104K, 0% used [0x000000076b580000,0x000000076b580000,0x00000007b8700000)
  from space 59904K, 68% used [0x00000007b8700000,0x00000007baef0000,0x00000007bc180000)
  to   space 58880K, 0% used [0x00000007bc580000,0x00000007bc580000,0x00000007bff00000)
 ParOldGen       total 173568K, used 58063K [0x00000006c2000000, 0x00000006cc980000, 0x000000076b580000)
  object space 173568K, 33% used [0x00000006c2000000,0x00000006c58b3cc8,0x00000006cc980000)
 Metaspace       used 12071K, capacity 12212K, committed 12416K, reserved 1060864K
  class space    used 1320K, capacity 1374K, committed 1408K, reserved 1048576K
}
Event: 114.577 GC heap before
{Heap before GC invocations=28 (full 0):
 PSYoungGen      total 1323008K, used 1304000K [0x000000076b580000, 0x00000007bff00000, 0x00000007c0000000)
  eden space 1263104K, 100% used [0x000000076b580000,0x00000007b8700000,0x00000007b8700000)
  from space 59904K, 68% used [0x00000007b8700000,0x00000007baef0000,0x00000007bc180000)
  to   space 58880K, 0% used [0x00000007bc580000,0x00000007bc580000,0x00000007bff00000)
 ParOldGen       total 173568K, used 58063K [0x00000006c2000000, 0x00000006cc980000, 0x000000076b580000)
  object space 173568K, 33% used [0x00000006c2000000,0x00000006c58b3cc8,0x00000006cc980000)
 Metaspace       used 12071K, capacity 12212K, committed 12416K, reserved 1060864K
  class space    used 1320K, capacity 1374K, committed 1408K, reserved 1048576K
Event: 114.678 GC heap after
Heap after GC invocations=28 (full 0):
 PSYoungGen      total 1325056K, used 40896K [0x000000076b580000, 0x00000007bfd00000, 0x00000007c0000000)
  eden space 1268224K, 0% used [0x000000076b580000,0x000000076b580000,0x00000007b8c00000)
  from space 56832K, 71% used [0x00000007bc580000,0x00000007bed70000,0x00000007bfd00000)
  to   space 57856K, 0% used [0x00000007b8c00000,0x00000007b8c00000,0x00000007bc480000)
 ParOldGen       total 173568K, used 58063K [0x00000006c2000000, 0x00000006cc980000, 0x000000076b580000)
  object space 173568K, 33% used [0x00000006c2000000,0x00000006c58b3cc8,0x00000006cc980000)
 Metaspace       used 12071K, capacity 12212K, committed 12416K, reserved 1060864K
  class space    used 1320K, capacity 1374K, committed 1408K, reserved 1048576K
}
Event: 119.806 GC heap before
{Heap before GC invocations=29 (full 0):
 PSYoungGen      total 1325056K, used 1309120K [0x000000076b580000, 0x00000007bfd00000, 0x00000007c0000000)
  eden space 1268224K, 100% used [0x000000076b580000,0x00000007b8c00000,0x00000007b8c00000)
  from space 56832K, 71% used [0x00000007bc580000,0x00000007bed70000,0x00000007bfd00000)
  to   space 57856K, 0% used [0x00000007b8c00000,0x00000007b8c00000,0x00000007bc480000)
 ParOldGen       total 173568K, used 58063K [0x00000006c2000000, 0x00000006cc980000, 0x000000076b580000)
  object space 173568K, 33% used [0x00000006c2000000,0x00000006c58b3cc8,0x00000006cc980000)
 Metaspace       used 12071K, capacity 12212K, committed 12416K, reserved 1060864K
  class space    used 1320K, capacity 1374K, committed 1408K, reserved 1048576K
Event: 119.908 GC heap after
Heap after GC invocations=29 (full 0):
 PSYoungGen      total 1326080K, used 41024K [0x000000076b580000, 0x00000007c0000000, 0x00000007c0000000)
  eden space 1268224K, 0% used [0x000000076b580000,0x000000076b580000,0x00000007b8c00000)
  from space 57856K, 70% used [0x00000007b8c00000,0x00000007bb410000,0x00000007bc480000)
  to   space 57344K, 0% used [0x00000007bc800000,0x00000007bc800000,0x00000007c0000000)
 ParOldGen       total 173568K, used 58063K [0x00000006c2000000, 0x00000006cc980000, 0x000000076b580000)
  object space 173568K, 33% used [0x00000006c2000000,0x00000006c58b3cc8,0x00000006cc980000)
 Metaspace       used 12071K, capacity 12212K, committed 12416K, reserved 1060864K
  class space    used 1320K, capacity 1374K, committed 1408K, reserved 1048576K
}
Event: 125.049 GC heap before
{Heap before GC invocations=30 (full 0):
 PSYoungGen      total 1326080K, used 1309248K [0x000000076b580000, 0x00000007c0000000, 0x00000007c0000000)
  eden space 1268224K, 100% used [0x000000076b580000,0x00000007b8c00000,0x00000007b8c00000)
  from space 57856K, 70% used [0x00000007b8c00000,0x00000007bb410000,0x00000007bc480000)
  to   space 57344K, 0% used [0x00000007bc800000,0x00000007bc800000,0x00000007c0000000)
 ParOldGen       total 173568K, used 58063K [0x00000006c2000000, 0x00000006cc980000, 0x000000076b580000)
  object space 173568K, 33% used [0x00000006c2000000,0x00000006c58b3cc8,0x00000006cc980000)
 Metaspace       used 12071K, capacity 12212K, committed 12416K, reserved 1060864K
  class space    used 1320K, capacity 1374K, committed 1408K, reserved 1048576K
Event: 125.153 GC heap after
Heap after GC invocations=30 (full 0):
 PSYoungGen      total 1326592K, used 41056K [0x000000076b580000, 0x00000007bfd80000, 0x00000007c0000000)
  eden space 1271808K, 0% used [0x000000076b580000,0x000000076b580000,0x00000007b8f80000)
  from space 54784K, 74% used [0x00000007bc800000,0x00000007bf018000,0x00000007bfd80000)
  to   space 56320K, 0% used [0x00000007b8f80000,0x00000007b8f80000,0x00000007bc680000)
 ParOldGen       total 173568K, used 58063K [0x00000006c2000000, 0x00000006cc980000, 0x000000076b580000)
  object space 173568K, 33% used [0x00000006c2000000,0x00000006c58b3cc8,0x00000006cc980000)
 Metaspace       used 12071K, capacity 12212K, committed 12416K, reserved 1060864K
  class space    used 1320K, capacity 1374K, committed 1408K, reserved 1048576K
}

