# JRE version: Java(TM) SE Runtime Environment (8.0_91-b15) (build 1.8.0_91-b15)
# Java VM: Java HotSpot(TM) 64-Bit Server VM (25.91-b15 mixed mode windows-amd64 compressed oops)
Heap:
 PSYoungGen      total 32256K, used 22184K [0x000000076b580000, 0x000000076d600000, 0x00000007c0000000)
  eden space 31232K, 69% used [0x000000076b580000,0x000000076caaa190,0x000000076d400000)
  from space 1024K, 50% used [0x000000076d400000,0x000000076d480010,0x000000076d500000)
  to   space 1024K, 0% used [0x000000076d500000,0x000000076d500000,0x000000076d600000)
 ParOldGen       total 173568K, used 25949K [0x00000006c2000000, 0x00000006cc980000, 0x000000076b580000)
  object space 173568K, 14% used [0x00000006c2000000,0x00000006c3957450,0x00000006cc980000)
 Metaspace       used 17389K, capacity 17598K, committed 17792K, reserved 1064960K
  class space    used 1815K, capacity 1877K, committed 1920K, reserved 1048576K
GC Heap History (10 events):
Event: 150.005 GC heap before
{Heap before GC invocations=699 (full 0):
 PSYoungGen      total 32256K, used 31680K [0x000000076b580000, 0x000000076d600000, 0x00000007c0000000)
  eden space 31232K, 100% used [0x000000076b580000,0x000000076d400000,0x000000076d400000)
  from space 1024K, 43% used [0x000000076d500000,0x000000076d570010,0x000000076d600000)
  to   space 1024K, 0% used [0x000000076d400000,0x000000076d400000,0x000000076d500000)
 ParOldGen       total 173568K, used 25829K [0x00000006c2000000, 0x00000006cc980000, 0x000000076b580000)
  object space 173568K, 14% used [0x00000006c2000000,0x00000006c3939450,0x00000006cc980000)
 Metaspace       used 17387K, capacity 17598K, committed 17792K, reserved 1064960K
  class space    used 1815K, capacity 1877K, committed 1920K, reserved 1048576K
Event: 150.006 GC heap after
Heap after GC invocations=699 (full 0):
 PSYoungGen      total 32256K, used 416K [0x000000076b580000, 0x000000076d600000, 0x00000007c0000000)
  eden space 31232K, 0% used [0x000000076b580000,0x000000076b580000,0x000000076d400000)
  from space 1024K, 40% used [0x000000076d400000,0x000000076d468010,0x000000076d500000)
  to   space 1024K, 0% used [0x000000076d500000,0x000000076d500000,0x000000076d600000)
 ParOldGen       total 173568K, used 25845K [0x00000006c2000000, 0x00000006cc980000, 0x000000076b580000)
  object space 173568K, 14% used [0x00000006c2000000,0x00000006c393d450,0x00000006cc980000)
 Metaspace       used 17387K, capacity 17598K, committed 17792K, reserved 1064960K
  class space    used 1815K, capacity 1877K, committed 1920K, reserved 1048576K
}
Event: 150.203 GC heap before
{Heap before GC invocations=700 (full 0):
 PSYoungGen      total 32256K, used 31648K [0x000000076b580000, 0x000000076d600000, 0x00000007c0000000)
  eden space 31232K, 100% used [0x000000076b580000,0x000000076d400000,0x000000076d400000)
  from space 1024K, 40% used [0x000000076d400000,0x000000076d468010,0x000000076d500000)
  to   space 1024K, 0% used [0x000000076d500000,0x000000076d500000,0x000000076d600000)
 ParOldGen       total 173568K, used 25845K [0x00000006c2000000, 0x00000006cc980000, 0x000000076b580000)
  object space 173568K, 14% used [0x00000006c2000000,0x00000006c393d450,0x00000006cc980000)
 Metaspace       used 17387K, capacity 17598K, committed 17792K, reserved 1064960K
  class space    used 1815K, capacity 1877K, committed 1920K, reserved 1048576K
Event: 150.205 GC heap after
Heap after GC invocations=700 (full 0):
 PSYoungGen      total 32256K, used 480K [0x000000076b580000, 0x000000076d600000, 0x00000007c0000000)
  eden space 31232K, 0% used [0x000000076b580000,0x000000076b580000,0x000000076d400000)
  from space 1024K, 46% used [0x000000076d500000,0x000000076d578010,0x000000076d600000)
  to   space 1024K, 0% used [0x000000076d400000,0x000000076d400000,0x000000076d500000)
 ParOldGen       total 173568K, used 25869K [0x00000006c2000000, 0x00000006cc980000, 0x000000076b580000)
  object space 173568K, 14% used [0x00000006c2000000,0x00000006c3943450,0x00000006cc980000)
 Metaspace       used 17387K, capacity 17598K, committed 17792K, reserved 1064960K
  class space    used 1815K, capacity 1877K, committed 1920K, reserved 1048576K
}
Event: 150.410 GC heap before
{Heap before GC invocations=701 (full 0):
 PSYoungGen      total 32256K, used 31712K [0x000000076b580000, 0x000000076d600000, 0x00000007c0000000)
  eden space 31232K, 100% used [0x000000076b580000,0x000000076d400000,0x000000076d400000)
  from space 1024K, 46% used [0x000000076d500000,0x000000076d578010,0x000000076d600000)
  to   space 1024K, 0% used [0x000000076d400000,0x000000076d400000,0x000000076d500000)
 ParOldGen       total 173568K, used 25869K [0x00000006c2000000, 0x00000006cc980000, 0x000000076b580000)
  object space 173568K, 14% used [0x00000006c2000000,0x00000006c3943450,0x00000006cc980000)
 Metaspace       used 17387K, capacity 17598K, committed 17792K, reserved 1064960K
  class space    used 1815K, capacity 1877K, committed 1920K, reserved 1048576K
Event: 150.411 GC heap after
Heap after GC invocations=701 (full 0):
 PSYoungGen      total 32256K, used 448K [0x000000076b580000, 0x000000076d600000, 0x00000007c0000000)
  eden space 31232K, 0% used [0x000000076b580000,0x000000076b580000,0x000000076d400000)
  from space 1024K, 43% used [0x000000076d400000,0x000000076d470010,0x000000076d500000)
  to   space 1024K, 0% used [0x000000076d500000,0x000000076d500000,0x000000076d600000)
 ParOldGen       total 173568K, used 25901K [0x00000006c2000000, 0x00000006cc980000, 0x000000076b580000)
  object space 173568K, 14% used [0x00000006c2000000,0x00000006c394b450,0x00000006cc980000)
 Metaspace       used 17387K, capacity 17598K, committed 17792K, reserved 1064960K
  class space    used 1815K, capacity 1877K, committed 1920K, reserved 1048576K
}
Event: 150.606 GC heap before
{Heap before GC invocations=702 (full 0):
 PSYoungGen      total 32256K, used 31680K [0x000000076b580000, 0x000000076d600000, 0x00000007c0000000)
  eden space 31232K, 100% used [0x000000076b580000,0x000000076d400000,0x000000076d400000)
  from space 1024K, 43% used [0x000000076d400000,0x000000076d470010,0x000000076d500000)
  to   space 1024K, 0% used [0x000000076d500000,0x000000076d500000,0x000000076d600000)
 ParOldGen       total 173568K, used 25901K [0x00000006c2000000, 0x00000006cc980000, 0x000000076b580000)
  object space 173568K, 14% used [0x00000006c2000000,0x00000006c394b450,0x00000006cc980000)
 Metaspace       used 17387K, capacity 17598K, committed 17792K, reserved 1064960K
  class space    used 1815K, capacity 1877K, committed 1920K, reserved 1048576K
Event: 150.607 GC heap after
Heap after GC invocations=702 (full 0):
 PSYoungGen      total 32256K, used 384K [0x000000076b580000, 0x000000076d600000, 0x00000007c0000000)
  eden space 31232K, 0% used [0x000000076b580000,0x000000076b580000,0x000000076d400000)
  from space 1024K, 37% used [0x000000076d500000,0x000000076d560000,0x000000076d600000)
  to   space 1024K, 0% used [0x000000076d400000,0x000000076d400000,0x000000076d500000)
 ParOldGen       total 173568K, used 25917K [0x00000006c2000000, 0x00000006cc980000, 0x000000076b580000)
  object space 173568K, 14% used [0x00000006c2000000,0x00000006c394f450,0x00000006cc980000)
 Metaspace       used 17387K, capacity 17598K, committed 17792K, reserved 1064960K
  class space    used 1815K, capacity 1877K, committed 1920K, reserved 1048576K
}
Event: 150.803 GC heap before
{Heap before GC invocations=703 (full 0):
 PSYoungGen      total 32256K, used 31616K [0x000000076b580000, 0x000000076d600000, 0x00000007c0000000)
  eden space 31232K, 100% used [0x000000076b580000,0x000000076d400000,0x000000076d400000)
  from space 1024K, 37% used [0x000000076d500000,0x000000076d560000,0x000000076d600000)
  to   space 1024K, 0% used [0x000000076d400000,0x000000076d400000,0x000000076d500000)
 ParOldGen       total 173568K, used 25917K [0x00000006c2000000, 0x00000006cc980000, 0x000000076b580000)
  object space 173568K, 14% used [0x00000006c2000000,0x00000006c394f450,0x00000006cc980000)
 Metaspace       used 17387K, capacity 17598K, committed 17792K, reserved 1064960K
  class space    used 1815K, capacity 1877K, committed 1920K, reserved 1048576K
Event: 150.804 GC heap after
Heap after GC invocations=703 (full 0):
 PSYoungGen      total 32256K, used 512K [0x000000076b580000, 0x000000076d600000, 0x00000007c0000000)
  eden space 31232K, 0% used [0x000000076b580000,0x000000076b580000,0x000000076d400000)
  from space 1024K, 50% used [0x000000076d400000,0x000000076d480010,0x000000076d500000)
  to   space 1024K, 0% used [0x000000076d500000,0x000000076d500000,0x000000076d600000)
 ParOldGen       total 173568K, used 25949K [0x00000006c2000000, 0x00000006cc980000, 0x000000076b580000)
  object space 173568K, 14% used [0x00000006c2000000,0x00000006c3957450,0x00000006cc980000)
 Metaspace       used 17387K, capacity 17598K, committed 17792K, reserved 1064960K
  class space    used 1815K, capacity 1877K, committed 1920K, reserved 1048576K
}

