# JRE version: Java(TM) SE Runtime Environment (8.0_91-b15) (build 1.8.0_91-b15)
# Java VM: Java HotSpot(TM) 64-Bit Server VM (25.91-b15 mixed mode windows-amd64 compressed oops)
Heap:
 PSYoungGen      total 1347072K, used 464034K [0x000000076b580000, 0x00000007c0000000, 0x00000007c0000000)
  eden space 1316352K, 32% used [0x000000076b580000,0x0000000785ca8b60,0x00000007bbb00000)
  from space 30720K, 100% used [0x00000007bbb00000,0x00000007bd900000,0x00000007bd900000)
  to   space 39424K, 0% used [0x00000007bd980000,0x00000007bd980000,0x00000007c0000000)
 ParOldGen       total 173568K, used 61379K [0x00000006c2000000, 0x00000006cc980000, 0x000000076b580000)
  object space 173568K, 35% used [0x00000006c2000000,0x00000006c5bf0e40,0x00000006cc980000)
 Metaspace       used 12092K, capacity 12304K, committed 12416K, reserved 1060864K
  class space    used 1322K, capacity 1406K, committed 1408K, reserved 1048576K
GC Heap History (10 events):
Event: 8.037 GC heap before
{Heap before GC invocations=9 (full 0):
 PSYoungGen      total 528896K, used 527232K [0x000000076b580000, 0x000000078c480000, 0x00000007c0000000)
  eden space 518144K, 100% used [0x000000076b580000,0x000000078af80000,0x000000078af80000)
  from space 10752K, 84% used [0x000000078ba00000,0x000000078c2e0000,0x000000078c480000)
  to   space 10752K, 0% used [0x000000078af80000,0x000000078af80000,0x000000078ba00000)
 ParOldGen       total 173568K, used 6323K [0x00000006c2000000, 0x00000006cc980000, 0x000000076b580000)
  object space 173568K, 3% used [0x00000006c2000000,0x00000006c262ce40,0x00000006cc980000)
 Metaspace       used 11773K, capacity 11940K, committed 12160K, reserved 1060864K
  class space    used 1319K, capacity 1374K, committed 1408K, reserved 1048576K
Event: 8.094 GC heap after
Heap after GC invocations=9 (full 0):
 PSYoungGen      total 528896K, used 10752K [0x000000076b580000, 0x000000079fa80000, 0x00000007c0000000)
  eden space 518144K, 0% used [0x000000076b580000,0x000000076b580000,0x000000078af80000)
  from space 10752K, 100% used [0x000000078af80000,0x000000078ba00000,0x000000078ba00000)
  to   space 13824K, 0% used [0x000000079ed00000,0x000000079ed00000,0x000000079fa80000)
 ParOldGen       total 173568K, used 13115K [0x00000006c2000000, 0x00000006cc980000, 0x000000076b580000)
  object space 173568K, 7% used [0x00000006c2000000,0x00000006c2ccee40,0x00000006cc980000)
 Metaspace       used 11773K, capacity 11940K, committed 12160K, reserved 1060864K
  class space    used 1319K, capacity 1374K, committed 1408K, reserved 1048576K
}
Event: 10.185 GC heap before
{Heap before GC invocations=10 (full 0):
 PSYoungGen      total 528896K, used 528896K [0x000000076b580000, 0x000000079fa80000, 0x00000007c0000000)
  eden space 518144K, 100% used [0x000000076b580000,0x000000078af80000,0x000000078af80000)
  from space 10752K, 100% used [0x000000078af80000,0x000000078ba00000,0x000000078ba00000)
  to   space 13824K, 0% used [0x000000079ed00000,0x000000079ed00000,0x000000079fa80000)
 ParOldGen       total 173568K, used 13115K [0x00000006c2000000, 0x00000006cc980000, 0x000000076b580000)
  object space 173568K, 7% used [0x00000006c2000000,0x00000006c2ccee40,0x00000006cc980000)
 Metaspace       used 11794K, capacity 11940K, committed 12160K, reserved 1060864K
  class space    used 1319K, capacity 1374K, committed 1408K, reserved 1048576K
Event: 10.229 GC heap after
Heap after GC invocations=10 (full 0):
 PSYoungGen      total 838656K, used 13824K [0x000000076b580000, 0x00000007a0380000, 0x00000007c0000000)
  eden space 824832K, 0% used [0x000000076b580000,0x000000076b580000,0x000000079db00000)
  from space 13824K, 100% used [0x000000079ed00000,0x000000079fa80000,0x000000079fa80000)
  to   space 18432K, 0% used [0x000000079db00000,0x000000079db00000,0x000000079ed00000)
 ParOldGen       total 173568K, used 21787K [0x00000006c2000000, 0x00000006cc980000, 0x000000076b580000)
  object space 173568K, 12% used [0x00000006c2000000,0x00000006c3546e40,0x00000006cc980000)
 Metaspace       used 11794K, capacity 11940K, committed 12160K, reserved 1060864K
  class space    used 1319K, capacity 1374K, committed 1408K, reserved 1048576K
}
Event: 13.716 GC heap before
{Heap before GC invocations=11 (full 0):
 PSYoungGen      total 838656K, used 838656K [0x000000076b580000, 0x00000007a0380000, 0x00000007c0000000)
  eden space 824832K, 100% used [0x000000076b580000,0x000000079db00000,0x000000079db00000)
  from space 13824K, 100% used [0x000000079ed00000,0x000000079fa80000,0x000000079fa80000)
  to   space 18432K, 0% used [0x000000079db00000,0x000000079db00000,0x000000079ed00000)
 ParOldGen       total 173568K, used 21787K [0x00000006c2000000, 0x00000006cc980000, 0x000000076b580000)
  object space 173568K, 12% used [0x00000006c2000000,0x00000006c3546e40,0x00000006cc980000)
 Metaspace       used 11846K, capacity 12012K, committed 12160K, reserved 1060864K
  class space    used 1319K, capacity 1374K, committed 1408K, reserved 1048576K
Event: 13.794 GC heap after
Heap after GC invocations=11 (full 0):
 PSYoungGen      total 843264K, used 18432K [0x000000076b580000, 0x00000007bf380000, 0x00000007c0000000)
  eden space 824832K, 0% used [0x000000076b580000,0x000000076b580000,0x000000079db00000)
  from space 18432K, 100% used [0x000000079db00000,0x000000079ed00000,0x000000079ed00000)
  to   space 27136K, 0% used [0x00000007bd900000,0x00000007bd900000,0x00000007bf380000)
 ParOldGen       total 173568K, used 40171K [0x00000006c2000000, 0x00000006cc980000, 0x000000076b580000)
  object space 173568K, 23% used [0x00000006c2000000,0x00000006c473ae40,0x00000006cc980000)
 Metaspace       used 11846K, capacity 12012K, committed 12160K, reserved 1060864K
  class space    used 1319K, capacity 1374K, committed 1408K, reserved 1048576K
}
Event: 17.191 GC heap before
{Heap before GC invocations=12 (full 0):
 PSYoungGen      total 843264K, used 843264K [0x000000076b580000, 0x00000007bf380000, 0x00000007c0000000)
  eden space 824832K, 100% used [0x000000076b580000,0x000000079db00000,0x000000079db00000)
  from space 18432K, 100% used [0x000000079db00000,0x000000079ed00000,0x000000079ed00000)
  to   space 27136K, 0% used [0x00000007bd900000,0x00000007bd900000,0x00000007bf380000)
 ParOldGen       total 173568K, used 40171K [0x00000006c2000000, 0x00000006cc980000, 0x000000076b580000)
  object space 173568K, 23% used [0x00000006c2000000,0x00000006c473ae40,0x00000006cc980000)
 Metaspace       used 12036K, capacity 12208K, committed 12416K, reserved 1060864K
  class space    used 1319K, capacity 1374K, committed 1408K, reserved 1048576K
Event: 17.265 GC heap after
Heap after GC invocations=12 (full 0):
 PSYoungGen      total 1343488K, used 26816K [0x000000076b580000, 0x00000007bfa80000, 0x00000007c0000000)
  eden space 1316352K, 0% used [0x000000076b580000,0x000000076b580000,0x00000007bbb00000)
  from space 27136K, 98% used [0x00000007bd900000,0x00000007bf330000,0x00000007bf380000)
  to   space 30720K, 0% used [0x00000007bbb00000,0x00000007bbb00000,0x00000007bd900000)
 ParOldGen       total 173568K, used 49147K [0x00000006c2000000, 0x00000006cc980000, 0x000000076b580000)
  object space 173568K, 28% used [0x00000006c2000000,0x00000006c4ffee40,0x00000006cc980000)
 Metaspace       used 12036K, capacity 12208K, committed 12416K, reserved 1060864K
  class space    used 1319K, capacity 1374K, committed 1408K, reserved 1048576K
}
Event: 22.793 GC heap before
{Heap before GC invocations=13 (full 0):
 PSYoungGen      total 1343488K, used 1343168K [0x000000076b580000, 0x00000007bfa80000, 0x00000007c0000000)
  eden space 1316352K, 100% used [0x000000076b580000,0x00000007bbb00000,0x00000007bbb00000)
  from space 27136K, 98% used [0x00000007bd900000,0x00000007bf330000,0x00000007bf380000)
  to   space 30720K, 0% used [0x00000007bbb00000,0x00000007bbb00000,0x00000007bd900000)
 ParOldGen       total 173568K, used 49147K [0x00000006c2000000, 0x00000006cc980000, 0x000000076b580000)
  object space 173568K, 28% used [0x00000006c2000000,0x00000006c4ffee40,0x00000006cc980000)
 Metaspace       used 12067K, capacity 12208K, committed 12416K, reserved 1060864K
  class space    used 1319K, capacity 1374K, committed 1408K, reserved 1048576K
Event: 22.908 GC heap after
Heap after GC invocations=13 (full 0):
 PSYoungGen      total 1347072K, used 30720K [0x000000076b580000, 0x00000007c0000000, 0x00000007c0000000)
  eden space 1316352K, 0% used [0x000000076b580000,0x000000076b580000,0x00000007bbb00000)
  from space 30720K, 100% used [0x00000007bbb00000,0x00000007bd900000,0x00000007bd900000)
  to   space 39424K, 0% used [0x00000007bd980000,0x00000007bd980000,0x00000007c0000000)
 ParOldGen       total 173568K, used 61379K [0x00000006c2000000, 0x00000006cc980000, 0x000000076b580000)
  object space 173568K, 35% used [0x00000006c2000000,0x00000006c5bf0e40,0x00000006cc980000)
 Metaspace       used 12067K, capacity 12208K, committed 12416K, reserved 1060864K
  class space    used 1319K, capacity 1374K, committed 1408K, reserved 1048576K
}

