# JRE version: Java(TM) SE Runtime Environment (8.0_91-b15) (build 1.8.0_91-b15)
# Java VM: Java HotSpot(TM) 64-Bit Server VM (25.91-b15 mixed mode windows-amd64 compressed oops)
Heap:
 PSYoungGen      total 75776K, used 55132K [0x000000076b580000, 0x0000000770a00000, 0x00000007c0000000)
  eden space 65024K, 68% used [0x000000076b580000,0x000000076e0d9210,0x000000076f500000)
  from space 10752K, 99% used [0x000000076ff80000,0x00000007709fdec8,0x0000000770a00000)
  to   space 10752K, 0% used [0x000000076f500000,0x000000076f500000,0x000000076ff80000)
 ParOldGen       total 173568K, used 41724K [0x00000006c2000000, 0x00000006cc980000, 0x000000076b580000)
  object space 173568K, 24% used [0x00000006c2000000,0x00000006c48bf118,0x00000006cc980000)
 Metaspace       used 12469K, capacity 12684K, committed 13056K, reserved 1060864K
  class space    used 1370K, capacity 1440K, committed 1536K, reserved 1048576K
GC Heap History (4 events):
Event: 1.822 GC heap before
{Heap before GC invocations=1 (full 0):
 PSYoungGen      total 75776K, used 64685K [0x000000076b580000, 0x0000000770a00000, 0x00000007c0000000)
  eden space 65024K, 99% used [0x000000076b580000,0x000000076f4ab738,0x000000076f500000)
  from space 10752K, 0% used [0x000000076ff80000,0x000000076ff80000,0x0000000770a00000)
  to   space 10752K, 0% used [0x000000076f500000,0x000000076f500000,0x000000076ff80000)
 ParOldGen       total 173568K, used 0K [0x00000006c2000000, 0x00000006cc980000, 0x000000076b580000)
  object space 173568K, 0% used [0x00000006c2000000,0x00000006c2000000,0x00000006cc980000)
 Metaspace       used 11978K, capacity 12160K, committed 12544K, reserved 1060864K
  class space    used 1367K, capacity 1440K, committed 1536K, reserved 1048576K
Event: 1.832 GC heap after
Heap after GC invocations=1 (full 0):
 PSYoungGen      total 75776K, used 10746K [0x000000076b580000, 0x0000000770a00000, 0x00000007c0000000)
  eden space 65024K, 0% used [0x000000076b580000,0x000000076b580000,0x000000076f500000)
  from space 10752K, 99% used [0x000000076f500000,0x000000076ff7e9d8,0x000000076ff80000)
  to   space 10752K, 0% used [0x000000076ff80000,0x000000076ff80000,0x0000000770a00000)
 ParOldGen       total 173568K, used 13948K [0x00000006c2000000, 0x00000006cc980000, 0x000000076b580000)
  object space 173568K, 8% used [0x00000006c2000000,0x00000006c2d9f378,0x00000006cc980000)
 Metaspace       used 11978K, capacity 12160K, committed 12544K, reserved 1060864K
  class space    used 1367K, capacity 1440K, committed 1536K, reserved 1048576K
}
Event: 3.398 GC heap before
{Heap before GC invocations=2 (full 0):
 PSYoungGen      total 75776K, used 75770K [0x000000076b580000, 0x0000000770a00000, 0x00000007c0000000)
  eden space 65024K, 100% used [0x000000076b580000,0x000000076f500000,0x000000076f500000)
  from space 10752K, 99% used [0x000000076f500000,0x000000076ff7e9d8,0x000000076ff80000)
  to   space 10752K, 0% used [0x000000076ff80000,0x000000076ff80000,0x0000000770a00000)
 ParOldGen       total 173568K, used 13948K [0x00000006c2000000, 0x00000006cc980000, 0x000000076b580000)
  object space 173568K, 8% used [0x00000006c2000000,0x00000006c2d9f378,0x00000006cc980000)
 Metaspace       used 12353K, capacity 12556K, committed 12800K, reserved 1060864K
  class space    used 1368K, capacity 1440K, committed 1536K, reserved 1048576K
Event: 3.407 GC heap after
Heap after GC invocations=2 (full 0):
 PSYoungGen      total 75776K, used 10743K [0x000000076b580000, 0x0000000770a00000, 0x00000007c0000000)
  eden space 65024K, 0% used [0x000000076b580000,0x000000076b580000,0x000000076f500000)
  from space 10752K, 99% used [0x000000076ff80000,0x00000007709fdec8,0x0000000770a00000)
  to   space 10752K, 0% used [0x000000076f500000,0x000000076f500000,0x000000076ff80000)
 ParOldGen       total 173568K, used 41724K [0x00000006c2000000, 0x00000006cc980000, 0x000000076b580000)
  object space 173568K, 24% used [0x00000006c2000000,0x00000006c48bf118,0x00000006cc980000)
 Metaspace       used 12353K, capacity 12556K, committed 12800K, reserved 1060864K
  class space    used 1368K, capacity 1440K, committed 1536K, reserved 1048576K
}

