# JRE version: Java(TM) SE Runtime Environment (8.0_91-b15) (build 1.8.0_91-b15)
# Java VM: Java HotSpot(TM) 64-Bit Server VM (25.91-b15 mixed mode windows-amd64 compressed oops)
Heap:
 PSYoungGen      total 532992K, used 33400K [0x000000076b580000, 0x00000007a1280000, 0x00000007c0000000)
  eden space 513024K, 2% used [0x000000076b580000,0x000000076c29e180,0x000000078aa80000)
  from space 19968K, 100% used [0x000000078aa80000,0x000000078be00000,0x000000078be00000)
  to   space 30208K, 0% used [0x000000079f500000,0x000000079f500000,0x00000007a1280000)
 ParOldGen       total 173568K, used 30858K [0x00000006c2000000, 0x00000006cc980000, 0x000000076b580000)
  object space 173568K, 17% used [0x00000006c2000000,0x00000006c3e22818,0x00000006cc980000)
 Metaspace       used 10886K, capacity 11064K, committed 11392K, reserved 1058816K
  class space    used 1223K, capacity 1315K, committed 1408K, reserved 1048576K
GC Heap History (10 events):
Event: 2.892 GC heap before
{Heap before GC invocations=5 (full 0):
 PSYoungGen      total 140800K, used 136265K [0x000000076b580000, 0x0000000774980000, 0x00000007c0000000)
  eden space 130048K, 100% used [0x000000076b580000,0x0000000773480000,0x0000000773480000)
  from space 10752K, 57% used [0x0000000773f00000,0x0000000774512620,0x0000000774980000)
  to   space 10752K, 0% used [0x0000000773480000,0x0000000773480000,0x0000000773f00000)
 ParOldGen       total 173568K, used 24K [0x00000006c2000000, 0x00000006cc980000, 0x000000076b580000)
  object space 173568K, 0% used [0x00000006c2000000,0x00000006c2006000,0x00000006cc980000)
 Metaspace       used 10863K, capacity 11064K, committed 11392K, reserved 1058816K
  class space    used 1223K, capacity 1315K, committed 1408K, reserved 1048576K
Event: 2.918 GC heap after
Heap after GC invocations=5 (full 0):
 PSYoungGen      total 140800K, used 9977K [0x000000076b580000, 0x000000077c580000, 0x00000007c0000000)
  eden space 130048K, 0% used [0x000000076b580000,0x000000076b580000,0x0000000773480000)
  from space 10752K, 92% used [0x0000000773480000,0x0000000773e3e630,0x0000000773f00000)
  to   space 9216K, 0% used [0x000000077bc80000,0x000000077bc80000,0x000000077c580000)
 ParOldGen       total 173568K, used 24K [0x00000006c2000000, 0x00000006cc980000, 0x000000076b580000)
  object space 173568K, 0% used [0x00000006c2000000,0x00000006c2006000,0x00000006cc980000)
 Metaspace       used 10863K, capacity 11064K, committed 11392K, reserved 1058816K
  class space    used 1223K, capacity 1315K, committed 1408K, reserved 1048576K
}
Event: 3.398 GC heap before
{Heap before GC invocations=6 (full 0):
 PSYoungGen      total 140800K, used 140025K [0x000000076b580000, 0x000000077c580000, 0x00000007c0000000)
  eden space 130048K, 100% used [0x000000076b580000,0x0000000773480000,0x0000000773480000)
  from space 10752K, 92% used [0x0000000773480000,0x0000000773e3e630,0x0000000773f00000)
  to   space 9216K, 0% used [0x000000077bc80000,0x000000077bc80000,0x000000077c580000)
 ParOldGen       total 173568K, used 24K [0x00000006c2000000, 0x00000006cc980000, 0x000000076b580000)
  object space 173568K, 0% used [0x00000006c2000000,0x00000006c2006000,0x00000006cc980000)
 Metaspace       used 10863K, capacity 11064K, committed 11392K, reserved 1058816K
  class space    used 1223K, capacity 1315K, committed 1408K, reserved 1048576K
Event: 3.424 GC heap after
Heap after GC invocations=6 (full 0):
 PSYoungGen      total 267776K, used 9209K [0x000000076b580000, 0x000000077c880000, 0x00000007c0000000)
  eden space 258560K, 0% used [0x000000076b580000,0x000000076b580000,0x000000077b200000)
  from space 9216K, 99% used [0x000000077bc80000,0x000000077c57e630,0x000000077c580000)
  to   space 10752K, 0% used [0x000000077b200000,0x000000077b200000,0x000000077bc80000)
 ParOldGen       total 173568K, used 816K [0x00000006c2000000, 0x00000006cc980000, 0x000000076b580000)
  object space 173568K, 0% used [0x00000006c2000000,0x00000006c20cc000,0x00000006cc980000)
 Metaspace       used 10863K, capacity 11064K, committed 11392K, reserved 1058816K
  class space    used 1223K, capacity 1315K, committed 1408K, reserved 1048576K
}
Event: 4.398 GC heap before
{Heap before GC invocations=7 (full 0):
 PSYoungGen      total 267776K, used 267769K [0x000000076b580000, 0x000000077c880000, 0x00000007c0000000)
  eden space 258560K, 100% used [0x000000076b580000,0x000000077b200000,0x000000077b200000)
  from space 9216K, 99% used [0x000000077bc80000,0x000000077c57e630,0x000000077c580000)
  to   space 10752K, 0% used [0x000000077b200000,0x000000077b200000,0x000000077bc80000)
 ParOldGen       total 173568K, used 816K [0x00000006c2000000, 0x00000006cc980000, 0x000000076b580000)
  object space 173568K, 0% used [0x00000006c2000000,0x00000006c20cc000,0x00000006cc980000)
 Metaspace       used 10864K, capacity 11064K, committed 11392K, reserved 1058816K
  class space    used 1223K, capacity 1315K, committed 1408K, reserved 1048576K
Event: 4.448 GC heap after
Heap after GC invocations=7 (full 0):
 PSYoungGen      total 269312K, used 10752K [0x000000076b580000, 0x000000078cd80000, 0x00000007c0000000)
  eden space 258560K, 0% used [0x000000076b580000,0x000000076b580000,0x000000077b200000)
  from space 10752K, 100% used [0x000000077b200000,0x000000077bc80000,0x000000077bc80000)
  to   space 15872K, 0% used [0x000000078be00000,0x000000078be00000,0x000000078cd80000)
 ParOldGen       total 173568K, used 8034K [0x00000006c2000000, 0x00000006cc980000, 0x000000076b580000)
  object space 173568K, 4% used [0x00000006c2000000,0x00000006c27d8818,0x00000006cc980000)
 Metaspace       used 10864K, capacity 11064K, committed 11392K, reserved 1058816K
  class space    used 1223K, capacity 1315K, committed 1408K, reserved 1048576K
}
Event: 5.370 GC heap before
{Heap before GC invocations=8 (full 0):
 PSYoungGen      total 269312K, used 269312K [0x000000076b580000, 0x000000078cd80000, 0x00000007c0000000)
  eden space 258560K, 100% used [0x000000076b580000,0x000000077b200000,0x000000077b200000)
  from space 10752K, 100% used [0x000000077b200000,0x000000077bc80000,0x000000077bc80000)
  to   space 15872K, 0% used [0x000000078be00000,0x000000078be00000,0x000000078cd80000)
 ParOldGen       total 173568K, used 8034K [0x00000006c2000000, 0x00000006cc980000, 0x000000076b580000)
  object space 173568K, 4% used [0x00000006c2000000,0x00000006c27d8818,0x00000006cc980000)
 Metaspace       used 10864K, capacity 11064K, committed 11392K, reserved 1058816K
  class space    used 1223K, capacity 1315K, committed 1408K, reserved 1048576K
Event: 5.421 GC heap after
Heap after GC invocations=8 (full 0):
 PSYoungGen      total 528896K, used 15872K [0x000000076b580000, 0x000000078d580000, 0x00000007c0000000)
  eden space 513024K, 0% used [0x000000076b580000,0x000000076b580000,0x000000078aa80000)
  from space 15872K, 100% used [0x000000078be00000,0x000000078cd80000,0x000000078cd80000)
  to   space 19968K, 0% used [0x000000078aa80000,0x000000078aa80000,0x000000078be00000)
 ParOldGen       total 173568K, used 12578K [0x00000006c2000000, 0x00000006cc980000, 0x000000076b580000)
  object space 173568K, 7% used [0x00000006c2000000,0x00000006c2c48818,0x00000006cc980000)
 Metaspace       used 10864K, capacity 11064K, committed 11392K, reserved 1058816K
  class space    used 1223K, capacity 1315K, committed 1408K, reserved 1048576K
}
Event: 7.275 GC heap before
{Heap before GC invocations=9 (full 0):
 PSYoungGen      total 528896K, used 528896K [0x000000076b580000, 0x000000078d580000, 0x00000007c0000000)
  eden space 513024K, 100% used [0x000000076b580000,0x000000078aa80000,0x000000078aa80000)
  from space 15872K, 100% used [0x000000078be00000,0x000000078cd80000,0x000000078cd80000)
  to   space 19968K, 0% used [0x000000078aa80000,0x000000078aa80000,0x000000078be00000)
 ParOldGen       total 173568K, used 12578K [0x00000006c2000000, 0x00000006cc980000, 0x000000076b580000)
  object space 173568K, 7% used [0x00000006c2000000,0x00000006c2c48818,0x00000006cc980000)
 Metaspace       used 10886K, capacity 11064K, committed 11392K, reserved 1058816K
  class space    used 1223K, capacity 1315K, committed 1408K, reserved 1048576K
Event: 7.387 GC heap after
Heap after GC invocations=9 (full 0):
 PSYoungGen      total 532992K, used 19968K [0x000000076b580000, 0x00000007a1280000, 0x00000007c0000000)
  eden space 513024K, 0% used [0x000000076b580000,0x000000076b580000,0x000000078aa80000)
  from space 19968K, 100% used [0x000000078aa80000,0x000000078be00000,0x000000078be00000)
  to   space 30208K, 0% used [0x000000079f500000,0x000000079f500000,0x00000007a1280000)
 ParOldGen       total 173568K, used 30858K [0x00000006c2000000, 0x00000006cc980000, 0x000000076b580000)
  object space 173568K, 17% used [0x00000006c2000000,0x00000006c3e22818,0x00000006cc980000)
 Metaspace       used 10886K, capacity 11064K, committed 11392K, reserved 1058816K
  class space    used 1223K, capacity 1315K, committed 1408K, reserved 1048576K
}

