# JRE version: Java(TM) SE Runtime Environment (8.0_91-b15) (build 1.8.0_91-b15)
# Java VM: Java HotSpot(TM) 64-Bit Server VM (25.91-b15 mixed mode windows-amd64 compressed oops)
Heap:
 PSYoungGen      total 1320448K, used 371812K [0x000000076b580000, 0x00000007c0000000, 0x00000007c0000000)
  eden space 1256960K, 26% used [0x000000076b580000,0x000000077f861090,0x00000007b8100000)
  from space 63488K, 64% used [0x00000007bc200000,0x00000007bea38000,0x00000007c0000000)
  to   space 65024K, 0% used [0x00000007b8100000,0x00000007b8100000,0x00000007bc080000)
 ParOldGen       total 173568K, used 83696K [0x00000006c2000000, 0x00000006cc980000, 0x000000076b580000)
  object space 173568K, 48% used [0x00000006c2000000,0x00000006c71bc2f8,0x00000006cc980000)
 Metaspace       used 11540K, capacity 11728K, committed 11904K, reserved 1060864K
  class space    used 1267K, capacity 1342K, committed 1408K, reserved 1048576K
GC Heap History (10 events):
Event: 28.631 GC heap before
{Heap before GC invocations=14 (full 0):
 PSYoungGen      total 1347072K, used 1347072K [0x000000076b580000, 0x00000007c0000000, 0x00000007c0000000)
  eden space 1315328K, 100% used [0x000000076b580000,0x00000007bba00000,0x00000007bba00000)
  from space 31744K, 100% used [0x00000007bba00000,0x00000007bd900000,0x00000007bd900000)
  to   space 39936K, 0% used [0x00000007bd900000,0x00000007bd900000,0x00000007c0000000)
 ParOldGen       total 173568K, used 61344K [0x00000006c2000000, 0x00000006cc980000, 0x000000076b580000)
  object space 173568K, 35% used [0x00000006c2000000,0x00000006c5be82f8,0x00000006cc980000)
 Metaspace       used 11514K, capacity 11664K, committed 11904K, reserved 1060864K
  class space    used 1265K, capacity 1342K, committed 1408K, reserved 1048576K
Event: 28.753 GC heap after
Heap after GC invocations=14 (full 0):
 PSYoungGen      total 1319424K, used 39936K [0x000000076b580000, 0x00000007c0000000, 0x00000007c0000000)
  eden space 1279488K, 0% used [0x000000076b580000,0x000000076b580000,0x00000007b9700000)
  from space 39936K, 100% used [0x00000007bd900000,0x00000007c0000000,0x00000007c0000000)
  to   space 53760K, 0% used [0x00000007b9700000,0x00000007b9700000,0x00000007bcb80000)
 ParOldGen       total 173568K, used 79568K [0x00000006c2000000, 0x00000006cc980000, 0x000000076b580000)
  object space 173568K, 45% used [0x00000006c2000000,0x00000006c6db42f8,0x00000006cc980000)
 Metaspace       used 11514K, capacity 11664K, committed 11904K, reserved 1060864K
  class space    used 1265K, capacity 1342K, committed 1408K, reserved 1048576K
}
Event: 33.992 GC heap before
{Heap before GC invocations=15 (full 0):
 PSYoungGen      total 1319424K, used 1319424K [0x000000076b580000, 0x00000007c0000000, 0x00000007c0000000)
  eden space 1279488K, 100% used [0x000000076b580000,0x00000007b9700000,0x00000007b9700000)
  from space 39936K, 100% used [0x00000007bd900000,0x00000007c0000000,0x00000007c0000000)
  to   space 53760K, 0% used [0x00000007b9700000,0x00000007b9700000,0x00000007bcb80000)
 ParOldGen       total 173568K, used 79568K [0x00000006c2000000, 0x00000006cc980000, 0x000000076b580000)
  object space 173568K, 45% used [0x00000006c2000000,0x00000006c6db42f8,0x00000006cc980000)
 Metaspace       used 11514K, capacity 11664K, committed 11904K, reserved 1060864K
  class space    used 1265K, capacity 1342K, committed 1408K, reserved 1048576K
Event: 34.100 GC heap after
Heap after GC invocations=15 (full 0):
 PSYoungGen      total 1321472K, used 41760K [0x000000076b580000, 0x00000007c0000000, 0x00000007c0000000)
  eden space 1279488K, 0% used [0x000000076b580000,0x000000076b580000,0x00000007b9700000)
  from space 41984K, 99% used [0x00000007b9700000,0x00000007bbfc8000,0x00000007bc000000)
  to   space 57856K, 0% used [0x00000007bc780000,0x00000007bc780000,0x00000007c0000000)
 ParOldGen       total 173568K, used 83680K [0x00000006c2000000, 0x00000006cc980000, 0x000000076b580000)
  object space 173568K, 48% used [0x00000006c2000000,0x00000006c71b82f8,0x00000006cc980000)
 Metaspace       used 11514K, capacity 11664K, committed 11904K, reserved 1060864K
  class space    used 1265K, capacity 1342K, committed 1408K, reserved 1048576K
}
Event: 39.319 GC heap before
{Heap before GC invocations=16 (full 0):
 PSYoungGen      total 1321472K, used 1321248K [0x000000076b580000, 0x00000007c0000000, 0x00000007c0000000)
  eden space 1279488K, 100% used [0x000000076b580000,0x00000007b9700000,0x00000007b9700000)
  from space 41984K, 99% used [0x00000007b9700000,0x00000007bbfc8000,0x00000007bc000000)
  to   space 57856K, 0% used [0x00000007bc780000,0x00000007bc780000,0x00000007c0000000)
 ParOldGen       total 173568K, used 83680K [0x00000006c2000000, 0x00000006cc980000, 0x000000076b580000)
  object space 173568K, 48% used [0x00000006c2000000,0x00000006c71b82f8,0x00000006cc980000)
 Metaspace       used 11514K, capacity 11664K, committed 11904K, reserved 1060864K
  class space    used 1265K, capacity 1342K, committed 1408K, reserved 1048576K
Event: 39.423 GC heap after
Heap after GC invocations=16 (full 0):
 PSYoungGen      total 1321984K, used 41824K [0x000000076b580000, 0x00000007c0000000, 0x00000007c0000000)
  eden space 1264128K, 0% used [0x000000076b580000,0x000000076b580000,0x00000007b8800000)
  from space 57856K, 72% used [0x00000007bc780000,0x00000007bf058000,0x00000007c0000000)
  to   space 61440K, 0% used [0x00000007b8800000,0x00000007b8800000,0x00000007bc400000)
 ParOldGen       total 173568K, used 83696K [0x00000006c2000000, 0x00000006cc980000, 0x000000076b580000)
  object space 173568K, 48% used [0x00000006c2000000,0x00000006c71bc2f8,0x00000006cc980000)
 Metaspace       used 11514K, capacity 11664K, committed 11904K, reserved 1060864K
  class space    used 1265K, capacity 1342K, committed 1408K, reserved 1048576K
}
Event: 44.557 GC heap before
{Heap before GC invocations=17 (full 0):
 PSYoungGen      total 1321984K, used 1305952K [0x000000076b580000, 0x00000007c0000000, 0x00000007c0000000)
  eden space 1264128K, 100% used [0x000000076b580000,0x00000007b8800000,0x00000007b8800000)
  from space 57856K, 72% used [0x00000007bc780000,0x00000007bf058000,0x00000007c0000000)
  to   space 61440K, 0% used [0x00000007b8800000,0x00000007b8800000,0x00000007bc400000)
 ParOldGen       total 173568K, used 83696K [0x00000006c2000000, 0x00000006cc980000, 0x000000076b580000)
  object space 173568K, 48% used [0x00000006c2000000,0x00000006c71bc2f8,0x00000006cc980000)
 Metaspace       used 11514K, capacity 11664K, committed 11904K, reserved 1060864K
  class space    used 1265K, capacity 1342K, committed 1408K, reserved 1048576K
Event: 44.660 GC heap after
Heap after GC invocations=17 (full 0):
 PSYoungGen      total 1305600K, used 41440K [0x000000076b580000, 0x00000007c0000000, 0x00000007c0000000)
  eden space 1264128K, 0% used [0x000000076b580000,0x000000076b580000,0x00000007b8800000)
  from space 41472K, 99% used [0x00000007b8800000,0x00000007bb078000,0x00000007bb080000)
  to   space 63488K, 0% used [0x00000007bc200000,0x00000007bc200000,0x00000007c0000000)
 ParOldGen       total 173568K, used 83696K [0x00000006c2000000, 0x00000006cc980000, 0x000000076b580000)
  object space 173568K, 48% used [0x00000006c2000000,0x00000006c71bc2f8,0x00000006cc980000)
 Metaspace       used 11514K, capacity 11664K, committed 11904K, reserved 1060864K
  class space    used 1265K, capacity 1342K, committed 1408K, reserved 1048576K
}
Event: 49.784 GC heap before
{Heap before GC invocations=18 (full 0):
 PSYoungGen      total 1305600K, used 1305568K [0x000000076b580000, 0x00000007c0000000, 0x00000007c0000000)
  eden space 1264128K, 100% used [0x000000076b580000,0x00000007b8800000,0x00000007b8800000)
  from space 41472K, 99% used [0x00000007b8800000,0x00000007bb078000,0x00000007bb080000)
  to   space 63488K, 0% used [0x00000007bc200000,0x00000007bc200000,0x00000007c0000000)
 ParOldGen       total 173568K, used 83696K [0x00000006c2000000, 0x00000006cc980000, 0x000000076b580000)
  object space 173568K, 48% used [0x00000006c2000000,0x00000006c71bc2f8,0x00000006cc980000)
 Metaspace       used 11535K, capacity 11728K, committed 11904K, reserved 1060864K
  class space    used 1267K, capacity 1342K, committed 1408K, reserved 1048576K
Event: 49.891 GC heap after
Heap after GC invocations=18 (full 0):
 PSYoungGen      total 1320448K, used 41184K [0x000000076b580000, 0x00000007c0000000, 0x00000007c0000000)
  eden space 1256960K, 0% used [0x000000076b580000,0x000000076b580000,0x00000007b8100000)
  from space 63488K, 64% used [0x00000007bc200000,0x00000007bea38000,0x00000007c0000000)
  to   space 65024K, 0% used [0x00000007b8100000,0x00000007b8100000,0x00000007bc080000)
 ParOldGen       total 173568K, used 83696K [0x00000006c2000000, 0x00000006cc980000, 0x000000076b580000)
  object space 173568K, 48% used [0x00000006c2000000,0x00000006c71bc2f8,0x00000006cc980000)
 Metaspace       used 11535K, capacity 11728K, committed 11904K, reserved 1060864K
  class space    used 1267K, capacity 1342K, committed 1408K, reserved 1048576K
}

