# JRE version: Java(TM) SE Runtime Environment (8.0_91-b15) (build 1.8.0_91-b15)
# Java VM: Java HotSpot(TM) 64-Bit Server VM (25.91-b15 mixed mode windows-amd64 compressed oops)
Heap:
 PSYoungGen      total 924672K, used 462335K [0x000000076b580000, 0x00000007c0000000, 0x00000007c0000000)
  eden space 462336K, 99% used [0x000000076b580000,0x00000007878ffef0,0x0000000787900000)
  from space 462336K, 0% used [0x0000000787900000,0x0000000787900000,0x00000007a3c80000)
  to   space 462336K, 0% used [0x00000007a3c80000,0x00000007a3c80000,0x00000007c0000000)
 ParOldGen       total 2774528K, used 2774273K [0x00000006c2000000, 0x000000076b580000, 0x000000076b580000)
  object space 2774528K, 99% used [0x00000006c2000000,0x000000076b540610,0x000000076b580000)
 Metaspace       used 12360K, capacity 12526K, committed 12800K, reserved 1060864K
  class space    used 1362K, capacity 1433K, committed 1536K, reserved 1048576K
GC Heap History (10 events):
Event: 41.209 GC heap before
{Heap before GC invocations=46 (full 27):
 PSYoungGen      total 924672K, used 462315K [0x000000076b580000, 0x00000007c0000000, 0x00000007c0000000)
  eden space 462336K, 99% used [0x000000076b580000,0x00000007878facf0,0x0000000787900000)
  from space 462336K, 0% used [0x0000000787900000,0x0000000787900000,0x00000007a3c80000)
  to   space 462336K, 0% used [0x00000007a3c80000,0x00000007a3c80000,0x00000007c0000000)
 ParOldGen       total 2774528K, used 2774479K [0x00000006c2000000, 0x000000076b580000, 0x000000076b580000)
  object space 2774528K, 99% used [0x00000006c2000000,0x000000076b573dd8,0x000000076b580000)
 Metaspace       used 12360K, capacity 12542K, committed 12800K, reserved 1060864K
  class space    used 1363K, capacity 1439K, committed 1536K, reserved 1048576K
Event: 41.233 GC heap after
Heap after GC invocations=46 (full 27):
 PSYoungGen      total 924672K, used 462129K [0x000000076b580000, 0x00000007c0000000, 0x00000007c0000000)
  eden space 462336K, 99% used [0x000000076b580000,0x00000007878cc550,0x0000000787900000)
  from space 462336K, 0% used [0x0000000787900000,0x0000000787900000,0x00000007a3c80000)
  to   space 462336K, 0% used [0x00000007a3c80000,0x00000007a3c80000,0x00000007c0000000)
 ParOldGen       total 2774528K, used 2774479K [0x00000006c2000000, 0x000000076b580000, 0x000000076b580000)
  object space 2774528K, 99% used [0x00000006c2000000,0x000000076b573dd8,0x000000076b580000)
 Metaspace       used 12360K, capacity 12542K, committed 12800K, reserved 1060864K
  class space    used 1363K, capacity 1439K, committed 1536K, reserved 1048576K
}
Event: 41.233 GC heap before
{Heap before GC invocations=47 (full 28):
 PSYoungGen      total 924672K, used 462129K [0x000000076b580000, 0x00000007c0000000, 0x00000007c0000000)
  eden space 462336K, 99% used [0x000000076b580000,0x00000007878cc550,0x0000000787900000)
  from space 462336K, 0% used [0x0000000787900000,0x0000000787900000,0x00000007a3c80000)
  to   space 462336K, 0% used [0x00000007a3c80000,0x00000007a3c80000,0x00000007c0000000)
 ParOldGen       total 2774528K, used 2774479K [0x00000006c2000000, 0x000000076b580000, 0x000000076b580000)
  object space 2774528K, 99% used [0x00000006c2000000,0x000000076b573dd8,0x000000076b580000)
 Metaspace       used 12360K, capacity 12542K, committed 12800K, reserved 1060864K
  class space    used 1363K, capacity 1439K, committed 1536K, reserved 1048576K
Event: 41.831 GC heap after
Heap after GC invocations=47 (full 28):
 PSYoungGen      total 924672K, used 462129K [0x000000076b580000, 0x00000007c0000000, 0x00000007c0000000)
  eden space 462336K, 99% used [0x000000076b580000,0x00000007878cc550,0x0000000787900000)
  from space 462336K, 0% used [0x0000000787900000,0x0000000787900000,0x00000007a3c80000)
  to   space 462336K, 0% used [0x00000007a3c80000,0x00000007a3c80000,0x00000007c0000000)
 ParOldGen       total 2774528K, used 2774280K [0x00000006c2000000, 0x000000076b580000, 0x000000076b580000)
  object space 2774528K, 99% used [0x00000006c2000000,0x000000076b5421d8,0x000000076b580000)
 Metaspace       used 12350K, capacity 12526K, committed 12800K, reserved 1060864K
  class space    used 1360K, capacity 1433K, committed 1536K, reserved 1048576K
}
Event: 96.152 GC heap before
{Heap before GC invocations=48 (full 29):
 PSYoungGen      total 924672K, used 462336K [0x000000076b580000, 0x00000007c0000000, 0x00000007c0000000)
  eden space 462336K, 100% used [0x000000076b580000,0x0000000787900000,0x0000000787900000)
  from space 462336K, 0% used [0x0000000787900000,0x0000000787900000,0x00000007a3c80000)
  to   space 462336K, 0% used [0x00000007a3c80000,0x00000007a3c80000,0x00000007c0000000)
 ParOldGen       total 2774528K, used 2774282K [0x00000006c2000000, 0x000000076b580000, 0x000000076b580000)
  object space 2774528K, 99% used [0x00000006c2000000,0x000000076b542a78,0x000000076b580000)
 Metaspace       used 12356K, capacity 12526K, committed 12800K, reserved 1060864K
  class space    used 1362K, capacity 1433K, committed 1536K, reserved 1048576K
Event: 96.725 GC heap after
Heap after GC invocations=48 (full 29):
 PSYoungGen      total 924672K, used 462102K [0x000000076b580000, 0x00000007c0000000, 0x00000007c0000000)
  eden space 462336K, 99% used [0x000000076b580000,0x00000007878c5b60,0x0000000787900000)
  from space 462336K, 0% used [0x0000000787900000,0x0000000787900000,0x00000007a3c80000)
  to   space 462336K, 0% used [0x00000007a3c80000,0x00000007a3c80000,0x00000007c0000000)
 ParOldGen       total 2774528K, used 2774276K [0x00000006c2000000, 0x000000076b580000, 0x000000076b580000)
  object space 2774528K, 99% used [0x00000006c2000000,0x000000076b5413b0,0x000000076b580000)
 Metaspace       used 12356K, capacity 12526K, committed 12800K, reserved 1060864K
  class space    used 1362K, capacity 1433K, committed 1536K, reserved 1048576K
}
Event: 96.728 GC heap before
{Heap before GC invocations=49 (full 30):
 PSYoungGen      total 924672K, used 462336K [0x000000076b580000, 0x00000007c0000000, 0x00000007c0000000)
  eden space 462336K, 100% used [0x000000076b580000,0x0000000787900000,0x0000000787900000)
  from space 462336K, 0% used [0x0000000787900000,0x0000000787900000,0x00000007a3c80000)
  to   space 462336K, 0% used [0x00000007a3c80000,0x00000007a3c80000,0x00000007c0000000)
 ParOldGen       total 2774528K, used 2774276K [0x00000006c2000000, 0x000000076b580000, 0x000000076b580000)
  object space 2774528K, 99% used [0x00000006c2000000,0x000000076b5413b0,0x000000076b580000)
 Metaspace       used 12360K, capacity 12526K, committed 12800K, reserved 1060864K
  class space    used 1362K, capacity 1433K, committed 1536K, reserved 1048576K
Event: 97.046 GC heap after
Heap after GC invocations=49 (full 30):
 PSYoungGen      total 924672K, used 462103K [0x000000076b580000, 0x00000007c0000000, 0x00000007c0000000)
  eden space 462336K, 99% used [0x000000076b580000,0x00000007878c5e10,0x0000000787900000)
  from space 462336K, 0% used [0x0000000787900000,0x0000000787900000,0x00000007a3c80000)
  to   space 462336K, 0% used [0x00000007a3c80000,0x00000007a3c80000,0x00000007c0000000)
 ParOldGen       total 2774528K, used 2774275K [0x00000006c2000000, 0x000000076b580000, 0x000000076b580000)
  object space 2774528K, 99% used [0x00000006c2000000,0x000000076b540f58,0x000000076b580000)
 Metaspace       used 12360K, capacity 12526K, committed 12800K, reserved 1060864K
  class space    used 1362K, capacity 1433K, committed 1536K, reserved 1048576K
}
Event: 97.148 GC heap before
{Heap before GC invocations=50 (full 31):
 PSYoungGen      total 924672K, used 462336K [0x000000076b580000, 0x00000007c0000000, 0x00000007c0000000)
  eden space 462336K, 100% used [0x000000076b580000,0x0000000787900000,0x0000000787900000)
  from space 462336K, 0% used [0x0000000787900000,0x0000000787900000,0x00000007a3c80000)
  to   space 462336K, 0% used [0x00000007a3c80000,0x00000007a3c80000,0x00000007c0000000)
 ParOldGen       total 2774528K, used 2774275K [0x00000006c2000000, 0x000000076b580000, 0x000000076b580000)
  object space 2774528K, 99% used [0x00000006c2000000,0x000000076b540f58,0x000000076b580000)
 Metaspace       used 12360K, capacity 12526K, committed 12800K, reserved 1060864K
  class space    used 1362K, capacity 1433K, committed 1536K, reserved 1048576K
Event: 97.489 GC heap after
Heap after GC invocations=50 (full 31):
 PSYoungGen      total 924672K, used 462103K [0x000000076b580000, 0x00000007c0000000, 0x00000007c0000000)
  eden space 462336K, 99% used [0x000000076b580000,0x00000007878c5ff8,0x0000000787900000)
  from space 462336K, 0% used [0x0000000787900000,0x0000000787900000,0x00000007a3c80000)
  to   space 462336K, 0% used [0x00000007a3c80000,0x00000007a3c80000,0x00000007c0000000)
 ParOldGen       total 2774528K, used 2774273K [0x00000006c2000000, 0x000000076b580000, 0x000000076b580000)
  object space 2774528K, 99% used [0x00000006c2000000,0x000000076b540610,0x000000076b580000)
 Metaspace       used 12360K, capacity 12526K, committed 12800K, reserved 1060864K
  class space    used 1362K, capacity 1433K, committed 1536K, reserved 1048576K
}

