# JRE version: Java(TM) SE Runtime Environment (8.0_91-b15) (build 1.8.0_91-b15)
# Java VM: Java HotSpot(TM) 64-Bit Server VM (25.91-b15 mixed mode windows-amd64 compressed oops)
Heap:
 PSYoungGen      total 72192K, used 43398K [0x000000076b580000, 0x0000000770a00000, 0x00000007c0000000)
  eden space 60928K, 69% used [0x000000076b580000,0x000000076df11bd0,0x000000076f100000)
  from space 11264K, 7% used [0x000000076f200000,0x000000076f2d0010,0x000000076fd00000)
  to   space 12800K, 0% used [0x000000076fd80000,0x000000076fd80000,0x0000000770a00000)
 ParOldGen       total 173568K, used 9880K [0x00000006c2000000, 0x00000006cc980000, 0x000000076b580000)
  object space 173568K, 5% used [0x00000006c2000000,0x00000006c29a6278,0x00000006cc980000)
 Metaspace       used 16594K, capacity 16836K, committed 17024K, reserved 1064960K
  class space    used 1809K, capacity 1878K, committed 1920K, reserved 1048576K
GC Heap History (10 events):
Event: 2.818 GC heap before
{Heap before GC invocations=3 (full 0):
 PSYoungGen      total 75776K, used 74171K [0x000000076b580000, 0x0000000770a00000, 0x00000007c0000000)
  eden space 65024K, 100% used [0x000000076b580000,0x000000076f500000,0x000000076f500000)
  from space 10752K, 85% used [0x000000076ff80000,0x000000077086efb8,0x0000000770a00000)
  to   space 10752K, 0% used [0x000000076f500000,0x000000076f500000,0x000000076ff80000)
 ParOldGen       total 173568K, used 620K [0x00000006c2000000, 0x00000006cc980000, 0x000000076b580000)
  object space 173568K, 0% used [0x00000006c2000000,0x00000006c209b200,0x00000006cc980000)
 Metaspace       used 16116K, capacity 16312K, committed 16512K, reserved 1064960K
  class space    used 1808K, capacity 1878K, committed 1920K, reserved 1048576K
Event: 2.822 GC heap after
Heap after GC invocations=3 (full 0):
 PSYoungGen      total 75776K, used 9115K [0x000000076b580000, 0x0000000770a00000, 0x00000007c0000000)
  eden space 65024K, 0% used [0x000000076b580000,0x000000076b580000,0x000000076f500000)
  from space 10752K, 84% used [0x000000076f500000,0x000000076fde6fa8,0x000000076ff80000)
  to   space 10752K, 0% used [0x000000076ff80000,0x000000076ff80000,0x0000000770a00000)
 ParOldGen       total 173568K, used 628K [0x00000006c2000000, 0x00000006cc980000, 0x000000076b580000)
  object space 173568K, 0% used [0x00000006c2000000,0x00000006c209d200,0x00000006cc980000)
 Metaspace       used 16116K, capacity 16312K, committed 16512K, reserved 1064960K
  class space    used 1808K, capacity 1878K, committed 1920K, reserved 1048576K
}
Event: 3.287 GC heap before
{Heap before GC invocations=4 (full 0):
 PSYoungGen      total 75776K, used 74139K [0x000000076b580000, 0x0000000770a00000, 0x00000007c0000000)
  eden space 65024K, 100% used [0x000000076b580000,0x000000076f500000,0x000000076f500000)
  from space 10752K, 84% used [0x000000076f500000,0x000000076fde6fa8,0x000000076ff80000)
  to   space 10752K, 0% used [0x000000076ff80000,0x000000076ff80000,0x0000000770a00000)
 ParOldGen       total 173568K, used 628K [0x00000006c2000000, 0x00000006cc980000, 0x000000076b580000)
  object space 173568K, 0% used [0x00000006c2000000,0x00000006c209d200,0x00000006cc980000)
 Metaspace       used 16270K, capacity 16504K, committed 16768K, reserved 1064960K
  class space    used 1808K, capacity 1878K, committed 1920K, reserved 1048576K
Event: 3.292 GC heap after
Heap after GC invocations=4 (full 0):
 PSYoungGen      total 75776K, used 9179K [0x000000076b580000, 0x0000000770a00000, 0x00000007c0000000)
  eden space 65024K, 0% used [0x000000076b580000,0x000000076b580000,0x000000076f500000)
  from space 10752K, 85% used [0x000000076ff80000,0x0000000770876fb8,0x0000000770a00000)
  to   space 10752K, 0% used [0x000000076f500000,0x000000076f500000,0x000000076ff80000)
 ParOldGen       total 173568K, used 636K [0x00000006c2000000, 0x00000006cc980000, 0x000000076b580000)
  object space 173568K, 0% used [0x00000006c2000000,0x00000006c209f200,0x00000006cc980000)
 Metaspace       used 16270K, capacity 16504K, committed 16768K, reserved 1064960K
  class space    used 1808K, capacity 1878K, committed 1920K, reserved 1048576K
}
Event: 3.757 GC heap before
{Heap before GC invocations=5 (full 0):
 PSYoungGen      total 75776K, used 74203K [0x000000076b580000, 0x0000000770a00000, 0x00000007c0000000)
  eden space 65024K, 100% used [0x000000076b580000,0x000000076f500000,0x000000076f500000)
  from space 10752K, 85% used [0x000000076ff80000,0x0000000770876fb8,0x0000000770a00000)
  to   space 10752K, 0% used [0x000000076f500000,0x000000076f500000,0x000000076ff80000)
 ParOldGen       total 173568K, used 636K [0x00000006c2000000, 0x00000006cc980000, 0x000000076b580000)
  object space 173568K, 0% used [0x00000006c2000000,0x00000006c209f200,0x00000006cc980000)
 Metaspace       used 16442K, capacity 16644K, committed 16768K, reserved 1064960K
  class space    used 1808K, capacity 1878K, committed 1920K, reserved 1048576K
Event: 3.762 GC heap after
Heap after GC invocations=5 (full 0):
 PSYoungGen      total 73216K, used 9275K [0x000000076b580000, 0x0000000770980000, 0x00000007c0000000)
  eden space 63488K, 0% used [0x000000076b580000,0x000000076b580000,0x000000076f380000)
  from space 9728K, 95% used [0x000000076f500000,0x000000076fe0ef98,0x000000076fe80000)
  to   space 11264K, 0% used [0x000000076fe80000,0x000000076fe80000,0x0000000770980000)
 ParOldGen       total 173568K, used 644K [0x00000006c2000000, 0x00000006cc980000, 0x000000076b580000)
  object space 173568K, 0% used [0x00000006c2000000,0x00000006c20a1200,0x00000006cc980000)
 Metaspace       used 16442K, capacity 16644K, committed 16768K, reserved 1064960K
  class space    used 1808K, capacity 1878K, committed 1920K, reserved 1048576K
}
Event: 4.216 GC heap before
{Heap before GC invocations=6 (full 0):
 PSYoungGen      total 73216K, used 72763K [0x000000076b580000, 0x0000000770980000, 0x00000007c0000000)
  eden space 63488K, 100% used [0x000000076b580000,0x000000076f380000,0x000000076f380000)
  from space 9728K, 95% used [0x000000076f500000,0x000000076fe0ef98,0x000000076fe80000)
  to   space 11264K, 0% used [0x000000076fe80000,0x000000076fe80000,0x0000000770980000)
 ParOldGen       total 173568K, used 644K [0x00000006c2000000, 0x00000006cc980000, 0x000000076b580000)
  object space 173568K, 0% used [0x00000006c2000000,0x00000006c20a1200,0x00000006cc980000)
 Metaspace       used 16492K, capacity 16708K, committed 16768K, reserved 1064960K
  class space    used 1808K, capacity 1878K, committed 1920K, reserved 1048576K
Event: 4.220 GC heap after
Heap after GC invocations=6 (full 0):
 PSYoungGen      total 71680K, used 9259K [0x000000076b580000, 0x0000000770800000, 0x00000007c0000000)
  eden space 61952K, 0% used [0x000000076b580000,0x000000076b580000,0x000000076f200000)
  from space 9728K, 95% used [0x000000076fe80000,0x000000077078afa8,0x0000000770800000)
  to   space 11264K, 0% used [0x000000076f200000,0x000000076f200000,0x000000076fd00000)
 ParOldGen       total 173568K, used 652K [0x00000006c2000000, 0x00000006cc980000, 0x000000076b580000)
  object space 173568K, 0% used [0x00000006c2000000,0x00000006c20a3200,0x00000006cc980000)
 Metaspace       used 16492K, capacity 16708K, committed 16768K, reserved 1064960K
  class space    used 1808K, capacity 1878K, committed 1920K, reserved 1048576K
}
Event: 4.667 GC heap before
{Heap before GC invocations=7 (full 0):
 PSYoungGen      total 71680K, used 71211K [0x000000076b580000, 0x0000000770800000, 0x00000007c0000000)
  eden space 61952K, 100% used [0x000000076b580000,0x000000076f200000,0x000000076f200000)
  from space 9728K, 95% used [0x000000076fe80000,0x000000077078afa8,0x0000000770800000)
  to   space 11264K, 0% used [0x000000076f200000,0x000000076f200000,0x000000076fd00000)
 ParOldGen       total 173568K, used 652K [0x00000006c2000000, 0x00000006cc980000, 0x000000076b580000)
  object space 173568K, 0% used [0x00000006c2000000,0x00000006c20a3200,0x00000006cc980000)
 Metaspace       used 16569K, capacity 16772K, committed 17024K, reserved 1064960K
  class space    used 1809K, capacity 1878K, committed 1920K, reserved 1048576K
Event: 4.672 GC heap after
Heap after GC invocations=7 (full 0):
 PSYoungGen      total 72192K, used 832K [0x000000076b580000, 0x0000000770a00000, 0x00000007c0000000)
  eden space 60928K, 0% used [0x000000076b580000,0x000000076b580000,0x000000076f100000)
  from space 11264K, 7% used [0x000000076f200000,0x000000076f2d0010,0x000000076fd00000)
  to   space 12800K, 0% used [0x000000076fd80000,0x000000076fd80000,0x0000000770a00000)
 ParOldGen       total 173568K, used 9880K [0x00000006c2000000, 0x00000006cc980000, 0x000000076b580000)
  object space 173568K, 5% used [0x00000006c2000000,0x00000006c29a6278,0x00000006cc980000)
 Metaspace       used 16569K, capacity 16772K, committed 17024K, reserved 1064960K
  class space    used 1809K, capacity 1878K, committed 1920K, reserved 1048576K
}

