# JRE version: Java(TM) SE Runtime Environment (8.0_91-b15) (build 1.8.0_91-b15)
# Java VM: Java HotSpot(TM) 64-Bit Server VM (25.91-b15 mixed mode windows-amd64 compressed oops)
Heap:
 PSYoungGen      total 76800K, used 66351K [0x000000076b580000, 0x0000000779280000, 0x00000007c0000000)
  eden space 76288K, 86% used [0x000000076b580000,0x000000076f633e08,0x0000000770000000)
  from space 512K, 18% used [0x0000000779200000,0x0000000779218000,0x0000000779280000)
  to   space 1024K, 0% used [0x0000000779080000,0x0000000779080000,0x0000000779180000)
 ParOldGen       total 173568K, used 2514K [0x00000006c2000000, 0x00000006cc980000, 0x000000076b580000)
  object space 173568K, 1% used [0x00000006c2000000,0x00000006c2274880,0x00000006cc980000)
 Metaspace       used 10870K, capacity 11064K, committed 11392K, reserved 1058816K
  class space    used 1222K, capacity 1315K, committed 1408K, reserved 1048576K
GC Heap History (10 events):
Event: 9.217 GC heap before
{Heap before GC invocations=40 (full 0):
 PSYoungGen      total 87552K, used 86624K [0x000000076b580000, 0x0000000779400000, 0x00000007c0000000)
  eden space 86528K, 100% used [0x000000076b580000,0x0000000770a00000,0x0000000770a00000)
  from space 1024K, 9% used [0x0000000779200000,0x0000000779218000,0x0000000779300000)
  to   space 1024K, 0% used [0x0000000779300000,0x0000000779300000,0x0000000779400000)
 ParOldGen       total 173568K, used 2514K [0x00000006c2000000, 0x00000006cc980000, 0x000000076b580000)
  object space 173568K, 1% used [0x00000006c2000000,0x00000006c2274880,0x00000006cc980000)
 Metaspace       used 10864K, capacity 11064K, committed 11392K, reserved 1058816K
  class space    used 1222K, capacity 1315K, committed 1408K, reserved 1048576K
Event: 9.218 GC heap after
Heap after GC invocations=40 (full 0):
 PSYoungGen      total 84992K, used 64K [0x000000076b580000, 0x0000000779380000, 0x00000007c0000000)
  eden space 84480K, 0% used [0x000000076b580000,0x000000076b580000,0x0000000770800000)
  from space 512K, 12% used [0x0000000779300000,0x0000000779310000,0x0000000779380000)
  to   space 1024K, 0% used [0x0000000779180000,0x0000000779180000,0x0000000779280000)
 ParOldGen       total 173568K, used 2514K [0x00000006c2000000, 0x00000006cc980000, 0x000000076b580000)
  object space 173568K, 1% used [0x00000006c2000000,0x00000006c2274880,0x00000006cc980000)
 Metaspace       used 10864K, capacity 11064K, committed 11392K, reserved 1058816K
  class space    used 1222K, capacity 1315K, committed 1408K, reserved 1048576K
}
Event: 9.335 GC heap before
{Heap before GC invocations=41 (full 0):
 PSYoungGen      total 84992K, used 84544K [0x000000076b580000, 0x0000000779380000, 0x00000007c0000000)
  eden space 84480K, 100% used [0x000000076b580000,0x0000000770800000,0x0000000770800000)
  from space 512K, 12% used [0x0000000779300000,0x0000000779310000,0x0000000779380000)
  to   space 1024K, 0% used [0x0000000779180000,0x0000000779180000,0x0000000779280000)
 ParOldGen       total 173568K, used 2514K [0x00000006c2000000, 0x00000006cc980000, 0x000000076b580000)
  object space 173568K, 1% used [0x00000006c2000000,0x00000006c2274880,0x00000006cc980000)
 Metaspace       used 10864K, capacity 11064K, committed 11392K, reserved 1058816K
  class space    used 1222K, capacity 1315K, committed 1408K, reserved 1048576K
Event: 9.336 GC heap after
Heap after GC invocations=41 (full 0):
 PSYoungGen      total 83456K, used 96K [0x000000076b580000, 0x0000000779380000, 0x00000007c0000000)
  eden space 82432K, 0% used [0x000000076b580000,0x000000076b580000,0x0000000770600000)
  from space 1024K, 9% used [0x0000000779180000,0x0000000779198000,0x0000000779280000)
  to   space 1024K, 0% used [0x0000000779280000,0x0000000779280000,0x0000000779380000)
 ParOldGen       total 173568K, used 2514K [0x00000006c2000000, 0x00000006cc980000, 0x000000076b580000)
  object space 173568K, 1% used [0x00000006c2000000,0x00000006c2274880,0x00000006cc980000)
 Metaspace       used 10864K, capacity 11064K, committed 11392K, reserved 1058816K
  class space    used 1222K, capacity 1315K, committed 1408K, reserved 1048576K
}
Event: 9.443 GC heap before
{Heap before GC invocations=42 (full 0):
 PSYoungGen      total 83456K, used 82528K [0x000000076b580000, 0x0000000779380000, 0x00000007c0000000)
  eden space 82432K, 100% used [0x000000076b580000,0x0000000770600000,0x0000000770600000)
  from space 1024K, 9% used [0x0000000779180000,0x0000000779198000,0x0000000779280000)
  to   space 1024K, 0% used [0x0000000779280000,0x0000000779280000,0x0000000779380000)
 ParOldGen       total 173568K, used 2514K [0x00000006c2000000, 0x00000006cc980000, 0x000000076b580000)
  object space 173568K, 1% used [0x00000006c2000000,0x00000006c2274880,0x00000006cc980000)
 Metaspace       used 10864K, capacity 11064K, committed 11392K, reserved 1058816K
  class space    used 1222K, capacity 1315K, committed 1408K, reserved 1048576K
Event: 9.443 GC heap after
Heap after GC invocations=42 (full 0):
 PSYoungGen      total 80896K, used 96K [0x000000076b580000, 0x0000000779300000, 0x00000007c0000000)
  eden space 80384K, 0% used [0x000000076b580000,0x000000076b580000,0x0000000770400000)
  from space 512K, 18% used [0x0000000779280000,0x0000000779298000,0x0000000779300000)
  to   space 1024K, 0% used [0x0000000779100000,0x0000000779100000,0x0000000779200000)
 ParOldGen       total 173568K, used 2514K [0x00000006c2000000, 0x00000006cc980000, 0x000000076b580000)
  object space 173568K, 1% used [0x00000006c2000000,0x00000006c2274880,0x00000006cc980000)
 Metaspace       used 10864K, capacity 11064K, committed 11392K, reserved 1058816K
  class space    used 1222K, capacity 1315K, committed 1408K, reserved 1048576K
}
Event: 9.553 GC heap before
{Heap before GC invocations=43 (full 0):
 PSYoungGen      total 80896K, used 80480K [0x000000076b580000, 0x0000000779300000, 0x00000007c0000000)
  eden space 80384K, 100% used [0x000000076b580000,0x0000000770400000,0x0000000770400000)
  from space 512K, 18% used [0x0000000779280000,0x0000000779298000,0x0000000779300000)
  to   space 1024K, 0% used [0x0000000779100000,0x0000000779100000,0x0000000779200000)
 ParOldGen       total 173568K, used 2514K [0x00000006c2000000, 0x00000006cc980000, 0x000000076b580000)
  object space 173568K, 1% used [0x00000006c2000000,0x00000006c2274880,0x00000006cc980000)
 Metaspace       used 10864K, capacity 11064K, committed 11392K, reserved 1058816K
  class space    used 1222K, capacity 1315K, committed 1408K, reserved 1048576K
Event: 9.553 GC heap after
Heap after GC invocations=43 (full 0):
 PSYoungGen      total 79360K, used 96K [0x000000076b580000, 0x0000000779300000, 0x00000007c0000000)
  eden space 78336K, 0% used [0x000000076b580000,0x000000076b580000,0x0000000770200000)
  from space 1024K, 9% used [0x0000000779100000,0x0000000779118000,0x0000000779200000)
  to   space 1024K, 0% used [0x0000000779200000,0x0000000779200000,0x0000000779300000)
 ParOldGen       total 173568K, used 2514K [0x00000006c2000000, 0x00000006cc980000, 0x000000076b580000)
  object space 173568K, 1% used [0x00000006c2000000,0x00000006c2274880,0x00000006cc980000)
 Metaspace       used 10864K, capacity 11064K, committed 11392K, reserved 1058816K
  class space    used 1222K, capacity 1315K, committed 1408K, reserved 1048576K
}
Event: 9.659 GC heap before
{Heap before GC invocations=44 (full 0):
 PSYoungGen      total 79360K, used 78432K [0x000000076b580000, 0x0000000779300000, 0x00000007c0000000)
  eden space 78336K, 100% used [0x000000076b580000,0x0000000770200000,0x0000000770200000)
  from space 1024K, 9% used [0x0000000779100000,0x0000000779118000,0x0000000779200000)
  to   space 1024K, 0% used [0x0000000779200000,0x0000000779200000,0x0000000779300000)
 ParOldGen       total 173568K, used 2514K [0x00000006c2000000, 0x00000006cc980000, 0x000000076b580000)
  object space 173568K, 1% used [0x00000006c2000000,0x00000006c2274880,0x00000006cc980000)
 Metaspace       used 10864K, capacity 11064K, committed 11392K, reserved 1058816K
  class space    used 1222K, capacity 1315K, committed 1408K, reserved 1048576K
Event: 9.659 GC heap after
Heap after GC invocations=44 (full 0):
 PSYoungGen      total 76800K, used 96K [0x000000076b580000, 0x0000000779280000, 0x00000007c0000000)
  eden space 76288K, 0% used [0x000000076b580000,0x000000076b580000,0x0000000770000000)
  from space 512K, 18% used [0x0000000779200000,0x0000000779218000,0x0000000779280000)
  to   space 1024K, 0% used [0x0000000779080000,0x0000000779080000,0x0000000779180000)
 ParOldGen       total 173568K, used 2514K [0x00000006c2000000, 0x00000006cc980000, 0x000000076b580000)
  object space 173568K, 1% used [0x00000006c2000000,0x00000006c2274880,0x00000006cc980000)
 Metaspace       used 10864K, capacity 11064K, committed 11392K, reserved 1058816K
  class space    used 1222K, capacity 1315K, committed 1408K, reserved 1048576K
}

