# JRE version: Java(TM) SE Runtime Environment (8.0_91-b15) (build 1.8.0_91-b15)
# Java VM: Java HotSpot(TM) 64-Bit Server VM (25.91-b15 mixed mode windows-amd64 compressed oops)
Heap:
 PSYoungGen      total 273408K, used 147674K [0x000000076b580000, 0x0000000782600000, 0x00000007c0000000)
  eden space 219648K, 42% used [0x000000076b580000,0x00000007711a7660,0x0000000778c00000)
  from space 53760K, 99% used [0x000000077f180000,0x000000078258f2e0,0x0000000782600000)
  to   space 70144K, 0% used [0x0000000779d00000,0x0000000779d00000,0x000000077e180000)
 ParOldGen       total 268288K, used 139328K [0x00000006c2000000, 0x00000006d2600000, 0x000000076b580000)
  object space 268288K, 51% used [0x00000006c2000000,0x00000006ca8100d8,0x00000006d2600000)
 Metaspace       used 12771K, capacity 12924K, committed 13056K, reserved 1060864K
  class space    used 1373K, capacity 1440K, committed 1536K, reserved 1048576K
GC Heap History (10 events):
Event: 1.919 GC heap before
{Heap before GC invocations=3 (full 0):
 PSYoungGen      total 75776K, used 75770K [0x000000076b580000, 0x0000000774980000, 0x00000007c0000000)
  eden space 65024K, 100% used [0x000000076b580000,0x000000076f500000,0x000000076f500000)
  from space 10752K, 99% used [0x000000076ff80000,0x00000007709fe9d8,0x0000000770a00000)
  to   space 10752K, 0% used [0x000000076f500000,0x000000076f500000,0x000000076ff80000)
 ParOldGen       total 173568K, used 40342K [0x00000006c2000000, 0x00000006cc980000, 0x000000076b580000)
  object space 173568K, 23% used [0x00000006c2000000,0x00000006c4765998,0x00000006cc980000)
 Metaspace       used 12140K, capacity 12344K, committed 12544K, reserved 1060864K
  class space    used 1367K, capacity 1440K, committed 1536K, reserved 1048576K
Event: 1.927 GC heap after
Heap after GC invocations=3 (full 0):
 PSYoungGen      total 75776K, used 10724K [0x000000076b580000, 0x0000000774980000, 0x00000007c0000000)
  eden space 65024K, 0% used [0x000000076b580000,0x000000076b580000,0x000000076f500000)
  from space 10752K, 99% used [0x000000076f500000,0x000000076ff793a8,0x000000076ff80000)
  to   space 10752K, 0% used [0x0000000773f00000,0x0000000773f00000,0x0000000774980000)
 ParOldGen       total 173568K, used 66763K [0x00000006c2000000, 0x00000006cc980000, 0x000000076b580000)
  object space 173568K, 38% used [0x00000006c2000000,0x00000006c6132ed8,0x00000006cc980000)
 Metaspace       used 12140K, capacity 12344K, committed 12544K, reserved 1060864K
  class space    used 1367K, capacity 1440K, committed 1536K, reserved 1048576K
}
Event: 2.733 GC heap before
{Heap before GC invocations=4 (full 0):
 PSYoungGen      total 75776K, used 75748K [0x000000076b580000, 0x0000000774980000, 0x00000007c0000000)
  eden space 65024K, 100% used [0x000000076b580000,0x000000076f500000,0x000000076f500000)
  from space 10752K, 99% used [0x000000076f500000,0x000000076ff793a8,0x000000076ff80000)
  to   space 10752K, 0% used [0x0000000773f00000,0x0000000773f00000,0x0000000774980000)
 ParOldGen       total 173568K, used 67128K [0x00000006c2000000, 0x00000006cc980000, 0x000000076b580000)
  object space 173568K, 38% used [0x00000006c2000000,0x00000006c618e3b8,0x00000006cc980000)
 Metaspace       used 12418K, capacity 12604K, committed 12800K, reserved 1060864K
  class space    used 1369K, capacity 1440K, committed 1536K, reserved 1048576K
Event: 2.741 GC heap after
Heap after GC invocations=4 (full 0):
 PSYoungGen      total 140800K, used 10551K [0x000000076b580000, 0x0000000774980000, 0x00000007c0000000)
  eden space 130048K, 0% used [0x000000076b580000,0x000000076b580000,0x0000000773480000)
  from space 10752K, 98% used [0x0000000773f00000,0x000000077494dec8,0x0000000774980000)
  to   space 10752K, 0% used [0x0000000773480000,0x0000000773480000,0x0000000773f00000)
 ParOldGen       total 173568K, used 93432K [0x00000006c2000000, 0x00000006cc980000, 0x000000076b580000)
  object space 173568K, 53% used [0x00000006c2000000,0x00000006c7b3e2b8,0x00000006cc980000)
 Metaspace       used 12418K, capacity 12604K, committed 12800K, reserved 1060864K
  class space    used 1369K, capacity 1440K, committed 1536K, reserved 1048576K
}
Event: 5.614 GC heap before
{Heap before GC invocations=5 (full 0):
 PSYoungGen      total 140800K, used 140599K [0x000000076b580000, 0x0000000774980000, 0x00000007c0000000)
  eden space 130048K, 100% used [0x000000076b580000,0x0000000773480000,0x0000000773480000)
  from space 10752K, 98% used [0x0000000773f00000,0x000000077494dec8,0x0000000774980000)
  to   space 10752K, 0% used [0x0000000773480000,0x0000000773480000,0x0000000773f00000)
 ParOldGen       total 173568K, used 93438K [0x00000006c2000000, 0x00000006cc980000, 0x000000076b580000)
  object space 173568K, 53% used [0x00000006c2000000,0x00000006c7b3fa18,0x00000006cc980000)
 Metaspace       used 12573K, capacity 12796K, committed 13056K, reserved 1060864K
  class space    used 1369K, capacity 1440K, committed 1536K, reserved 1048576K
Event: 5.625 GC heap after
Heap after GC invocations=5 (full 0):
 PSYoungGen      total 140800K, used 10727K [0x000000076b580000, 0x0000000782f80000, 0x00000007c0000000)
  eden space 130048K, 0% used [0x000000076b580000,0x000000076b580000,0x0000000773480000)
  from space 10752K, 99% used [0x0000000773480000,0x0000000773ef9ed8,0x0000000773f00000)
  to   space 63488K, 0% used [0x000000077f180000,0x000000077f180000,0x0000000782f80000)
 ParOldGen       total 173568K, used 139845K [0x00000006c2000000, 0x00000006cc980000, 0x000000076b580000)
  object space 173568K, 80% used [0x00000006c2000000,0x00000006ca891538,0x00000006cc980000)
 Metaspace       used 12573K, capacity 12796K, committed 13056K, reserved 1060864K
  class space    used 1369K, capacity 1440K, committed 1536K, reserved 1048576K
}
Event: 5.625 GC heap before
{Heap before GC invocations=6 (full 1):
 PSYoungGen      total 140800K, used 10727K [0x000000076b580000, 0x0000000782f80000, 0x00000007c0000000)
  eden space 130048K, 0% used [0x000000076b580000,0x000000076b580000,0x0000000773480000)
  from space 10752K, 99% used [0x0000000773480000,0x0000000773ef9ed8,0x0000000773f00000)
  to   space 63488K, 0% used [0x000000077f180000,0x000000077f180000,0x0000000782f80000)
 ParOldGen       total 173568K, used 139845K [0x00000006c2000000, 0x00000006cc980000, 0x000000076b580000)
  object space 173568K, 80% used [0x00000006c2000000,0x00000006ca891538,0x00000006cc980000)
 Metaspace       used 12573K, capacity 12796K, committed 13056K, reserved 1060864K
  class space    used 1369K, capacity 1440K, committed 1536K, reserved 1048576K
Event: 5.652 GC heap after
Heap after GC invocations=6 (full 1):
 PSYoungGen      total 140800K, used 0K [0x000000076b580000, 0x0000000782f80000, 0x00000007c0000000)
  eden space 130048K, 0% used [0x000000076b580000,0x000000076b580000,0x0000000773480000)
  from space 10752K, 0% used [0x0000000773480000,0x0000000773480000,0x0000000773f00000)
  to   space 63488K, 0% used [0x000000077f180000,0x000000077f180000,0x0000000782f80000)
 ParOldGen       total 268288K, used 139320K [0x00000006c2000000, 0x00000006d2600000, 0x000000076b580000)
  object space 268288K, 51% used [0x00000006c2000000,0x00000006ca80e0d8,0x00000006d2600000)
 Metaspace       used 12573K, capacity 12796K, committed 13056K, reserved 1060864K
  class space    used 1369K, capacity 1440K, committed 1536K, reserved 1048576K
}
Event: 10.264 GC heap before
{Heap before GC invocations=7 (full 1):
 PSYoungGen      total 140800K, used 130048K [0x000000076b580000, 0x0000000782f80000, 0x00000007c0000000)
  eden space 130048K, 100% used [0x000000076b580000,0x0000000773480000,0x0000000773480000)
  from space 10752K, 0% used [0x0000000773480000,0x0000000773480000,0x0000000773f00000)
  to   space 63488K, 0% used [0x000000077f180000,0x000000077f180000,0x0000000782f80000)
 ParOldGen       total 268288K, used 139320K [0x00000006c2000000, 0x00000006d2600000, 0x000000076b580000)
  object space 268288K, 51% used [0x00000006c2000000,0x00000006ca80e0d8,0x00000006d2600000)
 Metaspace       used 12674K, capacity 12860K, committed 13056K, reserved 1060864K
  class space    used 1373K, capacity 1440K, committed 1536K, reserved 1048576K
Event: 10.273 GC heap after
Heap after GC invocations=7 (full 1):
 PSYoungGen      total 273408K, used 53308K [0x000000076b580000, 0x0000000782600000, 0x00000007c0000000)
  eden space 219648K, 0% used [0x000000076b580000,0x000000076b580000,0x0000000778c00000)
  from space 53760K, 99% used [0x000000077f180000,0x000000078258f2e0,0x0000000782600000)
  to   space 70144K, 0% used [0x0000000779d00000,0x0000000779d00000,0x000000077e180000)
 ParOldGen       total 268288K, used 139328K [0x00000006c2000000, 0x00000006d2600000, 0x000000076b580000)
  object space 268288K, 51% used [0x00000006c2000000,0x00000006ca8100d8,0x00000006d2600000)
 Metaspace       used 12674K, capacity 12860K, committed 13056K, reserved 1060864K
  class space    used 1373K, capacity 1440K, committed 1536K, reserved 1048576K
}

