# JRE version: Java(TM) SE Runtime Environment (8.0_91-b15) (build 1.8.0_91-b15)
# Java VM: Java HotSpot(TM) 64-Bit Server VM (25.91-b15 mixed mode windows-amd64 compressed oops)
Heap:
 PSYoungGen      total 60928K, used 10628K [0x000000076b580000, 0x000000076fe00000, 0x00000007c0000000)
  eden space 49664K, 20% used [0x000000076b580000,0x000000076bf59318,0x000000076e600000)
  from space 11264K, 4% used [0x000000076f300000,0x000000076f388010,0x000000076fe00000)
  to   space 12288K, 0% used [0x000000076e600000,0x000000076e600000,0x000000076f200000)
 ParOldGen       total 173568K, used 8776K [0x00000006c2000000, 0x00000006cc980000, 0x000000076b580000)
  object space 173568K, 5% used [0x00000006c2000000,0x00000006c2892358,0x00000006cc980000)
 Metaspace       used 16582K, capacity 16818K, committed 17024K, reserved 1064960K
  class space    used 1808K, capacity 1877K, committed 1920K, reserved 1048576K
GC Heap History (10 events):
Event: 7.115 GC heap before
{Heap before GC invocations=14 (full 0):
 PSYoungGen      total 55808K, used 55488K [0x000000076b580000, 0x0000000770600000, 0x00000007c0000000)
  eden space 54784K, 100% used [0x000000076b580000,0x000000076eb00000,0x000000076eb00000)
  from space 1024K, 68% used [0x000000076ec00000,0x000000076ecb0010,0x000000076ed00000)
  to   space 13824K, 0% used [0x000000076f880000,0x000000076f880000,0x0000000770600000)
 ParOldGen       total 173568K, used 8624K [0x00000006c2000000, 0x00000006cc980000, 0x000000076b580000)
  object space 173568K, 4% used [0x00000006c2000000,0x00000006c286c358,0x00000006cc980000)
 Metaspace       used 16556K, capacity 16754K, committed 17024K, reserved 1064960K
  class space    used 1807K, capacity 1877K, committed 1920K, reserved 1048576K
Event: 7.117 GC heap after
Heap after GC invocations=14 (full 0):
 PSYoungGen      total 66560K, used 608K [0x000000076b580000, 0x0000000770500000, 0x00000007c0000000)
  eden space 53760K, 0% used [0x000000076b580000,0x000000076b580000,0x000000076ea00000)
  from space 12800K, 4% used [0x000000076f880000,0x000000076f918010,0x0000000770500000)
  to   space 13824K, 0% used [0x000000076ea00000,0x000000076ea00000,0x000000076f780000)
 ParOldGen       total 173568K, used 8656K [0x00000006c2000000, 0x00000006cc980000, 0x000000076b580000)
  object space 173568K, 4% used [0x00000006c2000000,0x00000006c2874358,0x00000006cc980000)
 Metaspace       used 16556K, capacity 16754K, committed 17024K, reserved 1064960K
  class space    used 1807K, capacity 1877K, committed 1920K, reserved 1048576K
}
Event: 7.472 GC heap before
{Heap before GC invocations=15 (full 0):
 PSYoungGen      total 66560K, used 54368K [0x000000076b580000, 0x0000000770500000, 0x00000007c0000000)
  eden space 53760K, 100% used [0x000000076b580000,0x000000076ea00000,0x000000076ea00000)
  from space 12800K, 4% used [0x000000076f880000,0x000000076f918010,0x0000000770500000)
  to   space 13824K, 0% used [0x000000076ea00000,0x000000076ea00000,0x000000076f780000)
 ParOldGen       total 173568K, used 8656K [0x00000006c2000000, 0x00000006cc980000, 0x000000076b580000)
  object space 173568K, 4% used [0x00000006c2000000,0x00000006c2874358,0x00000006cc980000)
 Metaspace       used 16559K, capacity 16754K, committed 17024K, reserved 1064960K
  class space    used 1807K, capacity 1877K, committed 1920K, reserved 1048576K
Event: 7.473 GC heap after
Heap after GC invocations=15 (full 0):
 PSYoungGen      total 53760K, used 736K [0x000000076b580000, 0x0000000770300000, 0x00000007c0000000)
  eden space 52736K, 0% used [0x000000076b580000,0x000000076b580000,0x000000076e900000)
  from space 1024K, 71% used [0x000000076ea00000,0x000000076eab8010,0x000000076eb00000)
  to   space 13312K, 0% used [0x000000076f600000,0x000000076f600000,0x0000000770300000)
 ParOldGen       total 173568K, used 8680K [0x00000006c2000000, 0x00000006cc980000, 0x000000076b580000)
  object space 173568K, 5% used [0x00000006c2000000,0x00000006c287a358,0x00000006cc980000)
 Metaspace       used 16559K, capacity 16754K, committed 17024K, reserved 1064960K
  class space    used 1807K, capacity 1877K, committed 1920K, reserved 1048576K
}
Event: 7.828 GC heap before
{Heap before GC invocations=16 (full 0):
 PSYoungGen      total 53760K, used 53472K [0x000000076b580000, 0x0000000770300000, 0x00000007c0000000)
  eden space 52736K, 100% used [0x000000076b580000,0x000000076e900000,0x000000076e900000)
  from space 1024K, 71% used [0x000000076ea00000,0x000000076eab8010,0x000000076eb00000)
  to   space 13312K, 0% used [0x000000076f600000,0x000000076f600000,0x0000000770300000)
 ParOldGen       total 173568K, used 8680K [0x00000006c2000000, 0x00000006cc980000, 0x000000076b580000)
  object space 173568K, 5% used [0x00000006c2000000,0x00000006c287a358,0x00000006cc980000)
 Metaspace       used 16559K, capacity 16754K, committed 17024K, reserved 1064960K
  class space    used 1807K, capacity 1877K, committed 1920K, reserved 1048576K
Event: 7.830 GC heap after
Heap after GC invocations=16 (full 0):
 PSYoungGen      total 62976K, used 640K [0x000000076b580000, 0x0000000770100000, 0x00000007c0000000)
  eden space 51712K, 0% used [0x000000076b580000,0x000000076b580000,0x000000076e800000)
  from space 11264K, 5% used [0x000000076f600000,0x000000076f6a0010,0x0000000770100000)
  to   space 12800K, 0% used [0x000000076e800000,0x000000076e800000,0x000000076f480000)
 ParOldGen       total 173568K, used 8720K [0x00000006c2000000, 0x00000006cc980000, 0x000000076b580000)
  object space 173568K, 5% used [0x00000006c2000000,0x00000006c2884358,0x00000006cc980000)
 Metaspace       used 16559K, capacity 16754K, committed 17024K, reserved 1064960K
  class space    used 1807K, capacity 1877K, committed 1920K, reserved 1048576K
}
Event: 8.178 GC heap before
{Heap before GC invocations=17 (full 0):
 PSYoungGen      total 62976K, used 52352K [0x000000076b580000, 0x0000000770100000, 0x00000007c0000000)
  eden space 51712K, 100% used [0x000000076b580000,0x000000076e800000,0x000000076e800000)
  from space 11264K, 5% used [0x000000076f600000,0x000000076f6a0010,0x0000000770100000)
  to   space 12800K, 0% used [0x000000076e800000,0x000000076e800000,0x000000076f480000)
 ParOldGen       total 173568K, used 8720K [0x00000006c2000000, 0x00000006cc980000, 0x000000076b580000)
  object space 173568K, 5% used [0x00000006c2000000,0x00000006c2884358,0x00000006cc980000)
 Metaspace       used 16575K, capacity 16818K, committed 17024K, reserved 1064960K
  class space    used 1808K, capacity 1877K, committed 1920K, reserved 1048576K
Event: 8.179 GC heap after
Heap after GC invocations=17 (full 0):
 PSYoungGen      total 51712K, used 576K [0x000000076b580000, 0x000000076ff00000, 0x00000007c0000000)
  eden space 50688K, 0% used [0x000000076b580000,0x000000076b580000,0x000000076e700000)
  from space 1024K, 56% used [0x000000076e800000,0x000000076e890000,0x000000076e900000)
  to   space 12288K, 0% used [0x000000076f300000,0x000000076f300000,0x000000076ff00000)
 ParOldGen       total 173568K, used 8744K [0x00000006c2000000, 0x00000006cc980000, 0x000000076b580000)
  object space 173568K, 5% used [0x00000006c2000000,0x00000006c288a358,0x00000006cc980000)
 Metaspace       used 16575K, capacity 16818K, committed 17024K, reserved 1064960K
  class space    used 1808K, capacity 1877K, committed 1920K, reserved 1048576K
}
Event: 8.520 GC heap before
{Heap before GC invocations=18 (full 0):
 PSYoungGen      total 51712K, used 51264K [0x000000076b580000, 0x000000076ff00000, 0x00000007c0000000)
  eden space 50688K, 100% used [0x000000076b580000,0x000000076e700000,0x000000076e700000)
  from space 1024K, 56% used [0x000000076e800000,0x000000076e890000,0x000000076e900000)
  to   space 12288K, 0% used [0x000000076f300000,0x000000076f300000,0x000000076ff00000)
 ParOldGen       total 173568K, used 8744K [0x00000006c2000000, 0x00000006cc980000, 0x000000076b580000)
  object space 173568K, 5% used [0x00000006c2000000,0x00000006c288a358,0x00000006cc980000)
 Metaspace       used 16582K, capacity 16818K, committed 17024K, reserved 1064960K
  class space    used 1808K, capacity 1877K, committed 1920K, reserved 1048576K
Event: 8.523 GC heap after
Heap after GC invocations=18 (full 0):
 PSYoungGen      total 60928K, used 544K [0x000000076b580000, 0x000000076fe00000, 0x00000007c0000000)
  eden space 49664K, 0% used [0x000000076b580000,0x000000076b580000,0x000000076e600000)
  from space 11264K, 4% used [0x000000076f300000,0x000000076f388010,0x000000076fe00000)
  to   space 12288K, 0% used [0x000000076e600000,0x000000076e600000,0x000000076f200000)
 ParOldGen       total 173568K, used 8776K [0x00000006c2000000, 0x00000006cc980000, 0x000000076b580000)
  object space 173568K, 5% used [0x00000006c2000000,0x00000006c2892358,0x00000006cc980000)
 Metaspace       used 16582K, capacity 16818K, committed 17024K, reserved 1064960K
  class space    used 1808K, capacity 1877K, committed 1920K, reserved 1048576K
}

