# JRE version: Java(TM) SE Runtime Environment (8.0_91-b15) (build 1.8.0_91-b15)
# Java VM: Java HotSpot(TM) 64-Bit Server VM (25.91-b15 mixed mode windows-amd64 compressed oops)
Heap:
 PSYoungGen      total 1280000K, used 359624K [0x000000076b580000, 0x00000007bff80000, 0x00000007c0000000)
  eden space 1267712K, 27% used [0x000000076b580000,0x000000078092a210,0x00000007b8b80000)
  from space 12288K, 96% used [0x00000007bf380000,0x00000007bff08010,0x00000007bff80000)
  to   space 13824K, 0% used [0x00000007be480000,0x00000007be480000,0x00000007bf200000)
 ParOldGen       total 173568K, used 8436K [0x00000006c2000000, 0x00000006cc980000, 0x000000076b580000)
  object space 173568K, 4% used [0x00000006c2000000,0x00000006c283d368,0x00000006cc980000)
 Metaspace       used 17377K, capacity 17598K, committed 17792K, reserved 1064960K
  class space    used 1812K, capacity 1877K, committed 1920K, reserved 1048576K
GC Heap History (10 events):
Event: 6.225 GC heap before
{Heap before GC invocations=10 (full 0):
 PSYoungGen      total 531456K, used 524576K [0x000000076b580000, 0x000000079f880000, 0x00000007c0000000)
  eden space 519680K, 100% used [0x000000076b580000,0x000000078b100000,0x000000078b100000)
  from space 11776K, 41% used [0x000000078b100000,0x000000078b5c8010,0x000000078bc80000)
  to   space 11776K, 0% used [0x000000079ed00000,0x000000079ed00000,0x000000079f880000)
 ParOldGen       total 173568K, used 7492K [0x00000006c2000000, 0x00000006cc980000, 0x000000076b580000)
  object space 173568K, 4% used [0x00000006c2000000,0x00000006c2751368,0x00000006cc980000)
 Metaspace       used 17311K, capacity 17534K, committed 17792K, reserved 1064960K
  class space    used 1806K, capacity 1877K, committed 1920K, reserved 1048576K
Event: 6.233 GC heap after
Heap after GC invocations=10 (full 0):
 PSYoungGen      total 843264K, used 4832K [0x000000076b580000, 0x000000079f880000, 0x00000007c0000000)
  eden space 831488K, 0% used [0x000000076b580000,0x000000076b580000,0x000000079e180000)
  from space 11776K, 41% used [0x000000079ed00000,0x000000079f1b8010,0x000000079f880000)
  to   space 11776K, 0% used [0x000000079e180000,0x000000079e180000,0x000000079ed00000)
 ParOldGen       total 173568K, used 7540K [0x00000006c2000000, 0x00000006cc980000, 0x000000076b580000)
  object space 173568K, 4% used [0x00000006c2000000,0x00000006c275d368,0x00000006cc980000)
 Metaspace       used 17311K, capacity 17534K, committed 17792K, reserved 1064960K
  class space    used 1806K, capacity 1877K, committed 1920K, reserved 1048576K
}
Event: 7.972 GC heap before
{Heap before GC invocations=11 (full 0):
 PSYoungGen      total 843264K, used 836320K [0x000000076b580000, 0x000000079f880000, 0x00000007c0000000)
  eden space 831488K, 100% used [0x000000076b580000,0x000000079e180000,0x000000079e180000)
  from space 11776K, 41% used [0x000000079ed00000,0x000000079f1b8010,0x000000079f880000)
  to   space 11776K, 0% used [0x000000079e180000,0x000000079e180000,0x000000079ed00000)
 ParOldGen       total 173568K, used 7540K [0x00000006c2000000, 0x00000006cc980000, 0x000000076b580000)
  object space 173568K, 4% used [0x00000006c2000000,0x00000006c275d368,0x00000006cc980000)
 Metaspace       used 17331K, capacity 17534K, committed 17792K, reserved 1064960K
  class space    used 1806K, capacity 1877K, committed 1920K, reserved 1048576K
Event: 7.988 GC heap after
Heap after GC invocations=11 (full 0):
 PSYoungGen      total 843264K, used 7488K [0x000000076b580000, 0x00000007be000000, 0x00000007c0000000)
  eden space 831488K, 0% used [0x000000076b580000,0x000000076b580000,0x000000079e180000)
  from space 11776K, 63% used [0x000000079e180000,0x000000079e8d0000,0x000000079ed00000)
  to   space 11776K, 0% used [0x00000007bd480000,0x00000007bd480000,0x00000007be000000)
 ParOldGen       total 173568K, used 7588K [0x00000006c2000000, 0x00000006cc980000, 0x000000076b580000)
  object space 173568K, 4% used [0x00000006c2000000,0x00000006c2769368,0x00000006cc980000)
 Metaspace       used 17331K, capacity 17534K, committed 17792K, reserved 1064960K
  class space    used 1806K, capacity 1877K, committed 1920K, reserved 1048576K
}
Event: 9.561 GC heap before
{Heap before GC invocations=12 (full 0):
 PSYoungGen      total 843264K, used 838976K [0x000000076b580000, 0x00000007be000000, 0x00000007c0000000)
  eden space 831488K, 100% used [0x000000076b580000,0x000000079e180000,0x000000079e180000)
  from space 11776K, 63% used [0x000000079e180000,0x000000079e8d0000,0x000000079ed00000)
  to   space 11776K, 0% used [0x00000007bd480000,0x00000007bd480000,0x00000007be000000)
 ParOldGen       total 173568K, used 7588K [0x00000006c2000000, 0x00000006cc980000, 0x000000076b580000)
  object space 173568K, 4% used [0x00000006c2000000,0x00000006c2769368,0x00000006cc980000)
 Metaspace       used 17352K, capacity 17534K, committed 17792K, reserved 1064960K
  class space    used 1807K, capacity 1877K, committed 1920K, reserved 1048576K
Event: 9.577 GC heap after
Heap after GC invocations=12 (full 0):
 PSYoungGen      total 1341440K, used 7552K [0x000000076b580000, 0x00000007bdf00000, 0x00000007c0000000)
  eden space 1330688K, 0% used [0x000000076b580000,0x000000076b580000,0x00000007bc900000)
  from space 10752K, 70% used [0x00000007bd480000,0x00000007bdbe0010,0x00000007bdf00000)
  to   space 11264K, 0% used [0x00000007bc900000,0x00000007bc900000,0x00000007bd400000)
 ParOldGen       total 173568K, used 7620K [0x00000006c2000000, 0x00000006cc980000, 0x000000076b580000)
  object space 173568K, 4% used [0x00000006c2000000,0x00000006c2771368,0x00000006cc980000)
 Metaspace       used 17352K, capacity 17534K, committed 17792K, reserved 1064960K
  class space    used 1807K, capacity 1877K, committed 1920K, reserved 1048576K
}
Event: 12.288 GC heap before
{Heap before GC invocations=13 (full 0):
 PSYoungGen      total 1341440K, used 1338240K [0x000000076b580000, 0x00000007bdf00000, 0x00000007c0000000)
  eden space 1330688K, 100% used [0x000000076b580000,0x00000007bc900000,0x00000007bc900000)
  from space 10752K, 70% used [0x00000007bd480000,0x00000007bdbe0010,0x00000007bdf00000)
  to   space 11264K, 0% used [0x00000007bc900000,0x00000007bc900000,0x00000007bd400000)
 ParOldGen       total 173568K, used 7620K [0x00000006c2000000, 0x00000006cc980000, 0x000000076b580000)
  object space 173568K, 4% used [0x00000006c2000000,0x00000006c2771368,0x00000006cc980000)
 Metaspace       used 17352K, capacity 17534K, committed 17792K, reserved 1064960K
  class space    used 1807K, capacity 1877K, committed 1920K, reserved 1048576K
Event: 12.308 GC heap after
Heap after GC invocations=13 (full 0):
 PSYoungGen      total 1341952K, used 11264K [0x000000076b580000, 0x00000007c0000000, 0x00000007c0000000)
  eden space 1330688K, 0% used [0x000000076b580000,0x000000076b580000,0x00000007bc900000)
  from space 11264K, 100% used [0x00000007bc900000,0x00000007bd400000,0x00000007bd400000)
  to   space 12800K, 0% used [0x00000007bf380000,0x00000007bf380000,0x00000007c0000000)
 ParOldGen       total 173568K, used 8388K [0x00000006c2000000, 0x00000006cc980000, 0x000000076b580000)
  object space 173568K, 4% used [0x00000006c2000000,0x00000006c2831368,0x00000006cc980000)
 Metaspace       used 17352K, capacity 17534K, committed 17792K, reserved 1064960K
  class space    used 1807K, capacity 1877K, committed 1920K, reserved 1048576K
}
Event: 14.632 GC heap before
{Heap before GC invocations=14 (full 0):
 PSYoungGen      total 1341952K, used 1341952K [0x000000076b580000, 0x00000007c0000000, 0x00000007c0000000)
  eden space 1330688K, 100% used [0x000000076b580000,0x00000007bc900000,0x00000007bc900000)
  from space 11264K, 100% used [0x00000007bc900000,0x00000007bd400000,0x00000007bd400000)
  to   space 12800K, 0% used [0x00000007bf380000,0x00000007bf380000,0x00000007c0000000)
 ParOldGen       total 173568K, used 8388K [0x00000006c2000000, 0x00000006cc980000, 0x000000076b580000)
  object space 173568K, 4% used [0x00000006c2000000,0x00000006c2831368,0x00000006cc980000)
 Metaspace       used 17355K, capacity 17534K, committed 17792K, reserved 1064960K
  class space    used 1808K, capacity 1877K, committed 1920K, reserved 1048576K
Event: 14.652 GC heap after
Heap after GC invocations=14 (full 0):
 PSYoungGen      total 1280000K, used 11808K [0x000000076b580000, 0x00000007bff80000, 0x00000007c0000000)
  eden space 1267712K, 0% used [0x000000076b580000,0x000000076b580000,0x00000007b8b80000)
  from space 12288K, 96% used [0x00000007bf380000,0x00000007bff08010,0x00000007bff80000)
  to   space 13824K, 0% used [0x00000007be480000,0x00000007be480000,0x00000007bf200000)
 ParOldGen       total 173568K, used 8436K [0x00000006c2000000, 0x00000006cc980000, 0x000000076b580000)
  object space 173568K, 4% used [0x00000006c2000000,0x00000006c283d368,0x00000006cc980000)
 Metaspace       used 17355K, capacity 17534K, committed 17792K, reserved 1064960K
  class space    used 1808K, capacity 1877K, committed 1920K, reserved 1048576K
}

