# JRE version: Java(TM) SE Runtime Environment (8.0_91-b15) (build 1.8.0_91-b15)
# Java VM: Java HotSpot(TM) 64-Bit Server VM (25.91-b15 mixed mode windows-amd64 compressed oops)
Heap:
 PSYoungGen      total 1275392K, used 1250583K [0x000000076b580000, 0x00000007c0000000, 0x00000007c0000000)
  eden space 1222144K, 98% used [0x000000076b580000,0x00000007b4725eb0,0x00000007b5f00000)
  from space 53248K, 99% used [0x00000007b5f00000,0x00000007b92a0000,0x00000007b9300000)
  to   space 84992K, 0% used [0x00000007bad00000,0x00000007bad00000,0x00000007c0000000)
 ParOldGen       total 173568K, used 100814K [0x00000006c2000000, 0x00000006cc980000, 0x000000076b580000)
  object space 173568K, 58% used [0x00000006c2000000,0x00000006c8273818,0x00000006cc980000)
 Metaspace       used 10843K, capacity 11028K, committed 11392K, reserved 1058816K
  class space    used 1219K, capacity 1283K, committed 1408K, reserved 1048576K
GC Heap History (10 events):
Event: 17.328 GC heap before
{Heap before GC invocations=13 (full 0):
 PSYoungGen      total 1335808K, used 1329152K [0x000000076b580000, 0x00000007c0000000, 0x00000007c0000000)
  eden space 1293824K, 100% used [0x000000076b580000,0x00000007ba500000,0x00000007ba500000)
  from space 41984K, 84% used [0x00000007bd700000,0x00000007bf980000,0x00000007c0000000)
  to   space 46592K, 0% used [0x00000007ba500000,0x00000007ba500000,0x00000007bd280000)
 ParOldGen       total 173568K, used 55110K [0x00000006c2000000, 0x00000006cc980000, 0x000000076b580000)
  object space 173568K, 31% used [0x00000006c2000000,0x00000006c55d1818,0x00000006cc980000)
 Metaspace       used 10839K, capacity 11028K, committed 11392K, reserved 1058816K
  class space    used 1219K, capacity 1283K, committed 1408K, reserved 1048576K
Event: 17.481 GC heap after
Heap after GC invocations=13 (full 0):
 PSYoungGen      total 1340416K, used 46592K [0x000000076b580000, 0x00000007c0000000, 0x00000007c0000000)
  eden space 1293824K, 0% used [0x000000076b580000,0x000000076b580000,0x00000007ba500000)
  from space 46592K, 100% used [0x00000007ba500000,0x00000007bd280000,0x00000007bd280000)
  to   space 46592K, 0% used [0x00000007bd280000,0x00000007bd280000,0x00000007c0000000)
 ParOldGen       total 173568K, used 64470K [0x00000006c2000000, 0x00000006cc980000, 0x000000076b580000)
  object space 173568K, 37% used [0x00000006c2000000,0x00000006c5ef5818,0x00000006cc980000)
 Metaspace       used 10839K, capacity 11028K, committed 11392K, reserved 1058816K
  class space    used 1219K, capacity 1283K, committed 1408K, reserved 1048576K
}
Event: 21.442 GC heap before
{Heap before GC invocations=14 (full 0):
 PSYoungGen      total 1340416K, used 1340416K [0x000000076b580000, 0x00000007c0000000, 0x00000007c0000000)
  eden space 1293824K, 100% used [0x000000076b580000,0x00000007ba500000,0x00000007ba500000)
  from space 46592K, 100% used [0x00000007ba500000,0x00000007bd280000,0x00000007bd280000)
  to   space 46592K, 0% used [0x00000007bd280000,0x00000007bd280000,0x00000007c0000000)
 ParOldGen       total 173568K, used 64470K [0x00000006c2000000, 0x00000006cc980000, 0x000000076b580000)
  object space 173568K, 37% used [0x00000006c2000000,0x00000006c5ef5818,0x00000006cc980000)
 Metaspace       used 10839K, capacity 11028K, committed 11392K, reserved 1058816K
  class space    used 1219K, capacity 1283K, committed 1408K, reserved 1048576K
Event: 21.597 GC heap after
Heap after GC invocations=14 (full 0):
 PSYoungGen      total 1287168K, used 46592K [0x000000076b580000, 0x00000007c0000000, 0x00000007c0000000)
  eden space 1240576K, 0% used [0x000000076b580000,0x000000076b580000,0x00000007b7100000)
  from space 46592K, 100% used [0x00000007bd280000,0x00000007c0000000,0x00000007c0000000)
  to   space 73216K, 0% used [0x00000007b7100000,0x00000007b7100000,0x00000007bb880000)
 ParOldGen       total 173568K, used 91462K [0x00000006c2000000, 0x00000006cc980000, 0x000000076b580000)
  object space 173568K, 52% used [0x00000006c2000000,0x00000006c7951818,0x00000006cc980000)
 Metaspace       used 10839K, capacity 11028K, committed 11392K, reserved 1058816K
  class space    used 1219K, capacity 1283K, committed 1408K, reserved 1048576K
}
Event: 25.341 GC heap before
{Heap before GC invocations=15 (full 0):
 PSYoungGen      total 1287168K, used 1287168K [0x000000076b580000, 0x00000007c0000000, 0x00000007c0000000)
  eden space 1240576K, 100% used [0x000000076b580000,0x00000007b7100000,0x00000007b7100000)
  from space 46592K, 100% used [0x00000007bd280000,0x00000007c0000000,0x00000007c0000000)
  to   space 73216K, 0% used [0x00000007b7100000,0x00000007b7100000,0x00000007bb880000)
 ParOldGen       total 173568K, used 91462K [0x00000006c2000000, 0x00000006cc980000, 0x000000076b580000)
  object space 173568K, 52% used [0x00000006c2000000,0x00000006c7951818,0x00000006cc980000)
 Metaspace       used 10839K, capacity 11028K, committed 11392K, reserved 1058816K
  class space    used 1219K, capacity 1283K, committed 1408K, reserved 1048576K
Event: 25.485 GC heap after
Heap after GC invocations=15 (full 0):
 PSYoungGen      total 1294336K, used 53632K [0x000000076b580000, 0x00000007c0000000, 0x00000007c0000000)
  eden space 1240576K, 0% used [0x000000076b580000,0x000000076b580000,0x00000007b7100000)
  from space 53760K, 99% used [0x00000007b7100000,0x00000007ba560000,0x00000007ba580000)
  to   space 78336K, 0% used [0x00000007bb380000,0x00000007bb380000,0x00000007c0000000)
 ParOldGen       total 173568K, used 100798K [0x00000006c2000000, 0x00000006cc980000, 0x000000076b580000)
  object space 173568K, 58% used [0x00000006c2000000,0x00000006c826f818,0x00000006cc980000)
 Metaspace       used 10839K, capacity 11028K, committed 11392K, reserved 1058816K
  class space    used 1219K, capacity 1283K, committed 1408K, reserved 1048576K
}
Event: 29.227 GC heap before
{Heap before GC invocations=16 (full 0):
 PSYoungGen      total 1294336K, used 1294208K [0x000000076b580000, 0x00000007c0000000, 0x00000007c0000000)
  eden space 1240576K, 100% used [0x000000076b580000,0x00000007b7100000,0x00000007b7100000)
  from space 53760K, 99% used [0x00000007b7100000,0x00000007ba560000,0x00000007ba580000)
  to   space 78336K, 0% used [0x00000007bb380000,0x00000007bb380000,0x00000007c0000000)
 ParOldGen       total 173568K, used 100798K [0x00000006c2000000, 0x00000006cc980000, 0x000000076b580000)
  object space 173568K, 58% used [0x00000006c2000000,0x00000006c826f818,0x00000006cc980000)
 Metaspace       used 10839K, capacity 11028K, committed 11392K, reserved 1058816K
  class space    used 1219K, capacity 1283K, committed 1408K, reserved 1048576K
Event: 29.360 GC heap after
Heap after GC invocations=16 (full 0):
 PSYoungGen      total 1300480K, used 53632K [0x000000076b580000, 0x00000007c0000000, 0x00000007c0000000)
  eden space 1222144K, 0% used [0x000000076b580000,0x000000076b580000,0x00000007b5f00000)
  from space 78336K, 68% used [0x00000007bb380000,0x00000007be7e0000,0x00000007c0000000)
  to   space 82432K, 0% used [0x00000007b5f00000,0x00000007b5f00000,0x00000007baf80000)
 ParOldGen       total 173568K, used 100798K [0x00000006c2000000, 0x00000006cc980000, 0x000000076b580000)
  object space 173568K, 58% used [0x00000006c2000000,0x00000006c826f818,0x00000006cc980000)
 Metaspace       used 10839K, capacity 11028K, committed 11392K, reserved 1058816K
  class space    used 1219K, capacity 1283K, committed 1408K, reserved 1048576K
}
Event: 33.044 GC heap before
{Heap before GC invocations=17 (full 0):
 PSYoungGen      total 1300480K, used 1275776K [0x000000076b580000, 0x00000007c0000000, 0x00000007c0000000)
  eden space 1222144K, 100% used [0x000000076b580000,0x00000007b5f00000,0x00000007b5f00000)
  from space 78336K, 68% used [0x00000007bb380000,0x00000007be7e0000,0x00000007c0000000)
  to   space 82432K, 0% used [0x00000007b5f00000,0x00000007b5f00000,0x00000007baf80000)
 ParOldGen       total 173568K, used 100798K [0x00000006c2000000, 0x00000006cc980000, 0x000000076b580000)
  object space 173568K, 58% used [0x00000006c2000000,0x00000006c826f818,0x00000006cc980000)
 Metaspace       used 10839K, capacity 11028K, committed 11392K, reserved 1058816K
  class space    used 1219K, capacity 1283K, committed 1408K, reserved 1048576K
Event: 33.179 GC heap after
Heap after GC invocations=17 (full 0):
 PSYoungGen      total 1275392K, used 52864K [0x000000076b580000, 0x00000007c0000000, 0x00000007c0000000)
  eden space 1222144K, 0% used [0x000000076b580000,0x000000076b580000,0x00000007b5f00000)
  from space 53248K, 99% used [0x00000007b5f00000,0x00000007b92a0000,0x00000007b9300000)
  to   space 84992K, 0% used [0x00000007bad00000,0x00000007bad00000,0x00000007c0000000)
 ParOldGen       total 173568K, used 100814K [0x00000006c2000000, 0x00000006cc980000, 0x000000076b580000)
  object space 173568K, 58% used [0x00000006c2000000,0x00000006c8273818,0x00000006cc980000)
 Metaspace       used 10839K, capacity 11028K, committed 11392K, reserved 1058816K
  class space    used 1219K, capacity 1283K, committed 1408K, reserved 1048576K
}

