# JRE version: Java(TM) SE Runtime Environment (8.0_91-b15) (build 1.8.0_91-b15)
# Java VM: Java HotSpot(TM) 64-Bit Server VM (25.91-b15 mixed mode windows-amd64 compressed oops)
Heap:
 PSYoungGen      total 32256K, used 10637K [0x000000076b580000, 0x000000076d600000, 0x00000007c0000000)
  eden space 31232K, 32% used [0x000000076b580000,0x000000076bf736d8,0x000000076d400000)
  from space 1024K, 43% used [0x000000076d500000,0x000000076d570010,0x000000076d600000)
  to   space 1024K, 0% used [0x000000076d400000,0x000000076d400000,0x000000076d500000)
 ParOldGen       total 173568K, used 14291K [0x00000006c2000000, 0x00000006cc980000, 0x000000076b580000)
  object space 173568K, 8% used [0x00000006c2000000,0x00000006c2df4d78,0x00000006cc980000)
 Metaspace       used 17466K, capacity 17662K, committed 17792K, reserved 1064960K
  class space    used 1812K, capacity 1877K, committed 1920K, reserved 1048576K
GC Heap History (10 events):
Event: 57.272 GC heap before
{Heap before GC invocations=240 (full 0):
 PSYoungGen      total 32256K, used 31616K [0x000000076b580000, 0x000000076d600000, 0x00000007c0000000)
  eden space 31232K, 100% used [0x000000076b580000,0x000000076d400000,0x000000076d400000)
  from space 1024K, 37% used [0x000000076d400000,0x000000076d460000,0x000000076d500000)
  to   space 1024K, 0% used [0x000000076d500000,0x000000076d500000,0x000000076d600000)
 ParOldGen       total 173568K, used 14171K [0x00000006c2000000, 0x00000006cc980000, 0x000000076b580000)
  object space 173568K, 8% used [0x00000006c2000000,0x00000006c2dd6d78,0x00000006cc980000)
 Metaspace       used 17393K, capacity 17598K, committed 17792K, reserved 1064960K
  class space    used 1812K, capacity 1877K, committed 1920K, reserved 1048576K
Event: 57.273 GC heap after
Heap after GC invocations=240 (full 0):
 PSYoungGen      total 32256K, used 480K [0x000000076b580000, 0x000000076d600000, 0x00000007c0000000)
  eden space 31232K, 0% used [0x000000076b580000,0x000000076b580000,0x000000076d400000)
  from space 1024K, 46% used [0x000000076d500000,0x000000076d578010,0x000000076d600000)
  to   space 1024K, 0% used [0x000000076d400000,0x000000076d400000,0x000000076d500000)
 ParOldGen       total 173568K, used 14195K [0x00000006c2000000, 0x00000006cc980000, 0x000000076b580000)
  object space 173568K, 8% used [0x00000006c2000000,0x00000006c2ddcd78,0x00000006cc980000)
 Metaspace       used 17393K, capacity 17598K, committed 17792K, reserved 1064960K
  class space    used 1812K, capacity 1877K, committed 1920K, reserved 1048576K
}
Event: 57.481 GC heap before
{Heap before GC invocations=241 (full 0):
 PSYoungGen      total 32256K, used 31712K [0x000000076b580000, 0x000000076d600000, 0x00000007c0000000)
  eden space 31232K, 100% used [0x000000076b580000,0x000000076d400000,0x000000076d400000)
  from space 1024K, 46% used [0x000000076d500000,0x000000076d578010,0x000000076d600000)
  to   space 1024K, 0% used [0x000000076d400000,0x000000076d400000,0x000000076d500000)
 ParOldGen       total 173568K, used 14195K [0x00000006c2000000, 0x00000006cc980000, 0x000000076b580000)
  object space 173568K, 8% used [0x00000006c2000000,0x00000006c2ddcd78,0x00000006cc980000)
 Metaspace       used 17465K, capacity 17662K, committed 17792K, reserved 1064960K
  class space    used 1812K, capacity 1877K, committed 1920K, reserved 1048576K
Event: 57.482 GC heap after
Heap after GC invocations=241 (full 0):
 PSYoungGen      total 32256K, used 416K [0x000000076b580000, 0x000000076d600000, 0x00000007c0000000)
  eden space 31232K, 0% used [0x000000076b580000,0x000000076b580000,0x000000076d400000)
  from space 1024K, 40% used [0x000000076d400000,0x000000076d468000,0x000000076d500000)
  to   space 1024K, 0% used [0x000000076d500000,0x000000076d500000,0x000000076d600000)
 ParOldGen       total 173568K, used 14219K [0x00000006c2000000, 0x00000006cc980000, 0x000000076b580000)
  object space 173568K, 8% used [0x00000006c2000000,0x00000006c2de2d78,0x00000006cc980000)
 Metaspace       used 17465K, capacity 17662K, committed 17792K, reserved 1064960K
  class space    used 1812K, capacity 1877K, committed 1920K, reserved 1048576K
}
Event: 57.689 GC heap before
{Heap before GC invocations=242 (full 0):
 PSYoungGen      total 32256K, used 31648K [0x000000076b580000, 0x000000076d600000, 0x00000007c0000000)
  eden space 31232K, 100% used [0x000000076b580000,0x000000076d400000,0x000000076d400000)
  from space 1024K, 40% used [0x000000076d400000,0x000000076d468000,0x000000076d500000)
  to   space 1024K, 0% used [0x000000076d500000,0x000000076d500000,0x000000076d600000)
 ParOldGen       total 173568K, used 14219K [0x00000006c2000000, 0x00000006cc980000, 0x000000076b580000)
  object space 173568K, 8% used [0x00000006c2000000,0x00000006c2de2d78,0x00000006cc980000)
 Metaspace       used 17465K, capacity 17662K, committed 17792K, reserved 1064960K
  class space    used 1812K, capacity 1877K, committed 1920K, reserved 1048576K
Event: 57.690 GC heap after
Heap after GC invocations=242 (full 0):
 PSYoungGen      total 32256K, used 480K [0x000000076b580000, 0x000000076d600000, 0x00000007c0000000)
  eden space 31232K, 0% used [0x000000076b580000,0x000000076b580000,0x000000076d400000)
  from space 1024K, 46% used [0x000000076d500000,0x000000076d578010,0x000000076d600000)
  to   space 1024K, 0% used [0x000000076d400000,0x000000076d400000,0x000000076d500000)
 ParOldGen       total 173568K, used 14243K [0x00000006c2000000, 0x00000006cc980000, 0x000000076b580000)
  object space 173568K, 8% used [0x00000006c2000000,0x00000006c2de8d78,0x00000006cc980000)
 Metaspace       used 17465K, capacity 17662K, committed 17792K, reserved 1064960K
  class space    used 1812K, capacity 1877K, committed 1920K, reserved 1048576K
}
Event: 57.907 GC heap before
{Heap before GC invocations=243 (full 0):
 PSYoungGen      total 32256K, used 31712K [0x000000076b580000, 0x000000076d600000, 0x00000007c0000000)
  eden space 31232K, 100% used [0x000000076b580000,0x000000076d400000,0x000000076d400000)
  from space 1024K, 46% used [0x000000076d500000,0x000000076d578010,0x000000076d600000)
  to   space 1024K, 0% used [0x000000076d400000,0x000000076d400000,0x000000076d500000)
 ParOldGen       total 173568K, used 14243K [0x00000006c2000000, 0x00000006cc980000, 0x000000076b580000)
  object space 173568K, 8% used [0x00000006c2000000,0x00000006c2de8d78,0x00000006cc980000)
 Metaspace       used 17465K, capacity 17662K, committed 17792K, reserved 1064960K
  class space    used 1812K, capacity 1877K, committed 1920K, reserved 1048576K
Event: 57.908 GC heap after
Heap after GC invocations=243 (full 0):
 PSYoungGen      total 32256K, used 448K [0x000000076b580000, 0x000000076d600000, 0x00000007c0000000)
  eden space 31232K, 0% used [0x000000076b580000,0x000000076b580000,0x000000076d400000)
  from space 1024K, 43% used [0x000000076d400000,0x000000076d470010,0x000000076d500000)
  to   space 1024K, 0% used [0x000000076d500000,0x000000076d500000,0x000000076d600000)
 ParOldGen       total 173568K, used 14275K [0x00000006c2000000, 0x00000006cc980000, 0x000000076b580000)
  object space 173568K, 8% used [0x00000006c2000000,0x00000006c2df0d78,0x00000006cc980000)
 Metaspace       used 17465K, capacity 17662K, committed 17792K, reserved 1064960K
  class space    used 1812K, capacity 1877K, committed 1920K, reserved 1048576K
}
Event: 58.112 GC heap before
{Heap before GC invocations=244 (full 0):
 PSYoungGen      total 32256K, used 31680K [0x000000076b580000, 0x000000076d600000, 0x00000007c0000000)
  eden space 31232K, 100% used [0x000000076b580000,0x000000076d400000,0x000000076d400000)
  from space 1024K, 43% used [0x000000076d400000,0x000000076d470010,0x000000076d500000)
  to   space 1024K, 0% used [0x000000076d500000,0x000000076d500000,0x000000076d600000)
 ParOldGen       total 173568K, used 14275K [0x00000006c2000000, 0x00000006cc980000, 0x000000076b580000)
  object space 173568K, 8% used [0x00000006c2000000,0x00000006c2df0d78,0x00000006cc980000)
 Metaspace       used 17466K, capacity 17662K, committed 17792K, reserved 1064960K
  class space    used 1812K, capacity 1877K, committed 1920K, reserved 1048576K
Event: 58.115 GC heap after
Heap after GC invocations=244 (full 0):
 PSYoungGen      total 32256K, used 448K [0x000000076b580000, 0x000000076d600000, 0x00000007c0000000)
  eden space 31232K, 0% used [0x000000076b580000,0x000000076b580000,0x000000076d400000)
  from space 1024K, 43% used [0x000000076d500000,0x000000076d570010,0x000000076d600000)
  to   space 1024K, 0% used [0x000000076d400000,0x000000076d400000,0x000000076d500000)
 ParOldGen       total 173568K, used 14291K [0x00000006c2000000, 0x00000006cc980000, 0x000000076b580000)
  object space 173568K, 8% used [0x00000006c2000000,0x00000006c2df4d78,0x00000006cc980000)
 Metaspace       used 17466K, capacity 17662K, committed 17792K, reserved 1064960K
  class space    used 1812K, capacity 1877K, committed 1920K, reserved 1048576K
}

