# JRE version: Java(TM) SE Runtime Environment (8.0_91-b15) (build 1.8.0_91-b15)
# Java VM: Java HotSpot(TM) 64-Bit Server VM (25.91-b15 mixed mode windows-amd64 compressed oops)
Heap:
 PSYoungGen      total 317440K, used 254680K [0x000000076b580000, 0x0000000785700000, 0x00000007c0000000)
  eden space 221184K, 83% used [0x000000076b580000,0x00000007769b7010,0x0000000778d80000)
  from space 96256K, 72% used [0x000000077ef80000,0x00000007833ff320,0x0000000784d80000)
  to   space 100352K, 0% used [0x0000000778d80000,0x0000000778d80000,0x000000077ef80000)
 ParOldGen       total 846336K, used 668155K [0x00000006c2000000, 0x00000006f5a80000, 0x000000076b580000)
  object space 846336K, 78% used [0x00000006c2000000,0x00000006eac7efc0,0x00000006f5a80000)
 Metaspace       used 12743K, capacity 12924K, committed 13056K, reserved 1060864K
  class space    used 1369K, capacity 1440K, committed 1536K, reserved 1048576K
GC Heap History (10 events):
Event: 23.687 GC heap before
{Heap before GC invocations=22 (full 3):
 PSYoungGen      total 226816K, used 209146K [0x000000076b580000, 0x000000077db80000, 0x00000007c0000000)
  eden space 157696K, 100% used [0x000000076b580000,0x0000000774f80000,0x0000000774f80000)
  from space 69120K, 74% used [0x0000000779780000,0x000000077c9bea80,0x000000077db00000)
  to   space 71680K, 0% used [0x0000000774f80000,0x0000000774f80000,0x0000000779580000)
 ParOldGen       total 609792K, used 423269K [0x00000006c2000000, 0x00000006e7380000, 0x000000076b580000)
  object space 609792K, 69% used [0x00000006c2000000,0x00000006dbd59400,0x00000006e7380000)
 Metaspace       used 12739K, capacity 12924K, committed 13056K, reserved 1060864K
  class space    used 1369K, capacity 1440K, committed 1536K, reserved 1048576K
Event: 23.702 GC heap after
Heap after GC invocations=22 (full 3):
 PSYoungGen      total 229376K, used 60946K [0x000000076b580000, 0x0000000780880000, 0x00000007c0000000)
  eden space 157696K, 0% used [0x000000076b580000,0x000000076b580000,0x0000000774f80000)
  from space 71680K, 85% used [0x0000000774f80000,0x0000000778b04940,0x0000000779580000)
  to   space 77824K, 0% used [0x000000077bc80000,0x000000077bc80000,0x0000000780880000)
 ParOldGen       total 609792K, used 474956K [0x00000006c2000000, 0x00000006e7380000, 0x000000076b580000)
  object space 609792K, 77% used [0x00000006c2000000,0x00000006defd3370,0x00000006e7380000)
 Metaspace       used 12739K, capacity 12924K, committed 13056K, reserved 1060864K
  class space    used 1369K, capacity 1440K, committed 1536K, reserved 1048576K
}
Event: 26.088 GC heap before
{Heap before GC invocations=23 (full 3):
 PSYoungGen      total 229376K, used 218642K [0x000000076b580000, 0x0000000780880000, 0x00000007c0000000)
  eden space 157696K, 100% used [0x000000076b580000,0x0000000774f80000,0x0000000774f80000)
  from space 71680K, 85% used [0x0000000774f80000,0x0000000778b04940,0x0000000779580000)
  to   space 77824K, 0% used [0x000000077bc80000,0x000000077bc80000,0x0000000780880000)
 ParOldGen       total 609792K, used 474956K [0x00000006c2000000, 0x00000006e7380000, 0x000000076b580000)
  object space 609792K, 77% used [0x00000006c2000000,0x00000006defd3370,0x00000006e7380000)
 Metaspace       used 12739K, capacity 12924K, committed 13056K, reserved 1060864K
  class space    used 1369K, capacity 1440K, committed 1536K, reserved 1048576K
Event: 26.109 GC heap after
Heap after GC invocations=23 (full 3):
 PSYoungGen      total 262656K, used 67552K [0x000000076b580000, 0x0000000781700000, 0x00000007c0000000)
  eden space 184832K, 0% used [0x000000076b580000,0x000000076b580000,0x0000000776a00000)
  from space 77824K, 86% used [0x000000077bc80000,0x000000077fe78100,0x0000000780880000)
  to   space 84480K, 0% used [0x0000000776a00000,0x0000000776a00000,0x000000077bc80000)
 ParOldGen       total 609792K, used 551868K [0x00000006c2000000, 0x00000006e7380000, 0x000000076b580000)
  object space 609792K, 90% used [0x00000006c2000000,0x00000006e3aef330,0x00000006e7380000)
 Metaspace       used 12739K, capacity 12924K, committed 13056K, reserved 1060864K
  class space    used 1369K, capacity 1440K, committed 1536K, reserved 1048576K
}
Event: 26.109 GC heap before
{Heap before GC invocations=24 (full 4):
 PSYoungGen      total 262656K, used 67552K [0x000000076b580000, 0x0000000781700000, 0x00000007c0000000)
  eden space 184832K, 0% used [0x000000076b580000,0x000000076b580000,0x0000000776a00000)
  from space 77824K, 86% used [0x000000077bc80000,0x000000077fe78100,0x0000000780880000)
  to   space 84480K, 0% used [0x0000000776a00000,0x0000000776a00000,0x000000077bc80000)
 ParOldGen       total 609792K, used 551868K [0x00000006c2000000, 0x00000006e7380000, 0x000000076b580000)
  object space 609792K, 90% used [0x00000006c2000000,0x00000006e3aef330,0x00000006e7380000)
 Metaspace       used 12739K, capacity 12924K, committed 13056K, reserved 1060864K
  class space    used 1369K, capacity 1440K, committed 1536K, reserved 1048576K
Event: 26.133 GC heap after
Heap after GC invocations=24 (full 4):
 PSYoungGen      total 262656K, used 0K [0x000000076b580000, 0x0000000781700000, 0x00000007c0000000)
  eden space 184832K, 0% used [0x000000076b580000,0x000000076b580000,0x0000000776a00000)
  from space 77824K, 0% used [0x000000077bc80000,0x000000077bc80000,0x0000000780880000)
  to   space 84480K, 0% used [0x0000000776a00000,0x0000000776a00000,0x000000077bc80000)
 ParOldGen       total 846336K, used 594856K [0x00000006c2000000, 0x00000006f5a80000, 0x000000076b580000)
  object space 846336K, 70% used [0x00000006c2000000,0x00000006e64ea0b0,0x00000006f5a80000)
 Metaspace       used 12739K, capacity 12924K, committed 13056K, reserved 1060864K
  class space    used 1369K, capacity 1440K, committed 1536K, reserved 1048576K
}
Event: 28.929 GC heap before
{Heap before GC invocations=25 (full 4):
 PSYoungGen      total 262656K, used 184832K [0x000000076b580000, 0x0000000781700000, 0x00000007c0000000)
  eden space 184832K, 100% used [0x000000076b580000,0x0000000776a00000,0x0000000776a00000)
  from space 77824K, 0% used [0x000000077bc80000,0x000000077bc80000,0x0000000780880000)
  to   space 84480K, 0% used [0x0000000776a00000,0x0000000776a00000,0x000000077bc80000)
 ParOldGen       total 846336K, used 594856K [0x00000006c2000000, 0x00000006f5a80000, 0x000000076b580000)
  object space 846336K, 70% used [0x00000006c2000000,0x00000006e64ea0b0,0x00000006f5a80000)
 Metaspace       used 12739K, capacity 12924K, committed 13056K, reserved 1060864K
  class space    used 1369K, capacity 1440K, committed 1536K, reserved 1048576K
Event: 28.939 GC heap after
Heap after GC invocations=25 (full 4):
 PSYoungGen      total 269312K, used 84384K [0x000000076b580000, 0x0000000784d80000, 0x00000007c0000000)
  eden space 184832K, 0% used [0x000000076b580000,0x000000076b580000,0x0000000776a00000)
  from space 84480K, 99% used [0x0000000776a00000,0x000000077bc68140,0x000000077bc80000)
  to   space 96256K, 0% used [0x000000077ef80000,0x000000077ef80000,0x0000000784d80000)
 ParOldGen       total 846336K, used 596682K [0x00000006c2000000, 0x00000006f5a80000, 0x000000076b580000)
  object space 846336K, 70% used [0x00000006c2000000,0x00000006e66b2910,0x00000006f5a80000)
 Metaspace       used 12739K, capacity 12924K, committed 13056K, reserved 1060864K
  class space    used 1369K, capacity 1440K, committed 1536K, reserved 1048576K
}
Event: 31.690 GC heap before
{Heap before GC invocations=26 (full 4):
 PSYoungGen      total 269312K, used 269216K [0x000000076b580000, 0x0000000784d80000, 0x00000007c0000000)
  eden space 184832K, 100% used [0x000000076b580000,0x0000000776a00000,0x0000000776a00000)
  from space 84480K, 99% used [0x0000000776a00000,0x000000077bc68140,0x000000077bc80000)
  to   space 96256K, 0% used [0x000000077ef80000,0x000000077ef80000,0x0000000784d80000)
 ParOldGen       total 846336K, used 596682K [0x00000006c2000000, 0x00000006f5a80000, 0x000000076b580000)
  object space 846336K, 70% used [0x00000006c2000000,0x00000006e66b2910,0x00000006f5a80000)
 Metaspace       used 12739K, capacity 12924K, committed 13056K, reserved 1060864K
  class space    used 1369K, capacity 1440K, committed 1536K, reserved 1048576K
Event: 31.711 GC heap after
Heap after GC invocations=26 (full 4):
 PSYoungGen      total 317440K, used 70140K [0x000000076b580000, 0x0000000785700000, 0x00000007c0000000)
  eden space 221184K, 0% used [0x000000076b580000,0x000000076b580000,0x0000000778d80000)
  from space 96256K, 72% used [0x000000077ef80000,0x00000007833ff320,0x0000000784d80000)
  to   space 100352K, 0% used [0x0000000778d80000,0x0000000778d80000,0x000000077ef80000)
 ParOldGen       total 846336K, used 668155K [0x00000006c2000000, 0x00000006f5a80000, 0x000000076b580000)
  object space 846336K, 78% used [0x00000006c2000000,0x00000006eac7efc0,0x00000006f5a80000)
 Metaspace       used 12739K, capacity 12924K, committed 13056K, reserved 1060864K
  class space    used 1369K, capacity 1440K, committed 1536K, reserved 1048576K
}

