# JRE version: Java(TM) SE Runtime Environment (8.0_91-b15) (build 1.8.0_91-b15)
# Java VM: Java HotSpot(TM) 64-Bit Server VM (25.91-b15 mixed mode windows-amd64 compressed oops)
Heap:
 PSYoungGen      total 32256K, used 7220K [0x000000076b580000, 0x000000076d600000, 0x00000007c0000000)
  eden space 31232K, 21% used [0x000000076b580000,0x000000076bc0d1c0,0x000000076d400000)
  from space 1024K, 50% used [0x000000076d500000,0x000000076d580010,0x000000076d600000)
  to   space 1024K, 0% used [0x000000076d400000,0x000000076d400000,0x000000076d500000)
 ParOldGen       total 173568K, used 23007K [0x00000006c2000000, 0x00000006cc980000, 0x000000076b580000)
  object space 173568K, 13% used [0x00000006c2000000,0x00000006c3677db0,0x00000006cc980000)
 Metaspace       used 17526K, capacity 17822K, committed 18048K, reserved 1064960K
  class space    used 1823K, capacity 1909K, committed 1920K, reserved 1048576K
GC Heap History (10 events):
Event: 138.924 GC heap before
{Heap before GC invocations=612 (full 0):
 PSYoungGen      total 32256K, used 31680K [0x000000076b580000, 0x000000076d600000, 0x00000007c0000000)
  eden space 31232K, 100% used [0x000000076b580000,0x000000076d400000,0x000000076d400000)
  from space 1024K, 43% used [0x000000076d400000,0x000000076d470010,0x000000076d500000)
  to   space 1024K, 0% used [0x000000076d500000,0x000000076d500000,0x000000076d600000)
 ParOldGen       total 173568K, used 22887K [0x00000006c2000000, 0x00000006cc980000, 0x000000076b580000)
  object space 173568K, 13% used [0x00000006c2000000,0x00000006c3659db0,0x00000006cc980000)
 Metaspace       used 17525K, capacity 17822K, committed 18048K, reserved 1064960K
  class space    used 1823K, capacity 1909K, committed 1920K, reserved 1048576K
Event: 138.925 GC heap after
Heap after GC invocations=612 (full 0):
 PSYoungGen      total 32256K, used 384K [0x000000076b580000, 0x000000076d600000, 0x00000007c0000000)
  eden space 31232K, 0% used [0x000000076b580000,0x000000076b580000,0x000000076d400000)
  from space 1024K, 37% used [0x000000076d500000,0x000000076d560000,0x000000076d600000)
  to   space 1024K, 0% used [0x000000076d400000,0x000000076d400000,0x000000076d500000)
 ParOldGen       total 173568K, used 22911K [0x00000006c2000000, 0x00000006cc980000, 0x000000076b580000)
  object space 173568K, 13% used [0x00000006c2000000,0x00000006c365fdb0,0x00000006cc980000)
 Metaspace       used 17525K, capacity 17822K, committed 18048K, reserved 1064960K
  class space    used 1823K, capacity 1909K, committed 1920K, reserved 1048576K
}
Event: 139.129 GC heap before
{Heap before GC invocations=613 (full 0):
 PSYoungGen      total 32256K, used 31616K [0x000000076b580000, 0x000000076d600000, 0x00000007c0000000)
  eden space 31232K, 100% used [0x000000076b580000,0x000000076d400000,0x000000076d400000)
  from space 1024K, 37% used [0x000000076d500000,0x000000076d560000,0x000000076d600000)
  to   space 1024K, 0% used [0x000000076d400000,0x000000076d400000,0x000000076d500000)
 ParOldGen       total 173568K, used 22911K [0x00000006c2000000, 0x00000006cc980000, 0x000000076b580000)
  object space 173568K, 13% used [0x00000006c2000000,0x00000006c365fdb0,0x00000006cc980000)
 Metaspace       used 17525K, capacity 17822K, committed 18048K, reserved 1064960K
  class space    used 1823K, capacity 1909K, committed 1920K, reserved 1048576K
Event: 139.130 GC heap after
Heap after GC invocations=613 (full 0):
 PSYoungGen      total 32256K, used 512K [0x000000076b580000, 0x000000076d600000, 0x00000007c0000000)
  eden space 31232K, 0% used [0x000000076b580000,0x000000076b580000,0x000000076d400000)
  from space 1024K, 50% used [0x000000076d400000,0x000000076d480010,0x000000076d500000)
  to   space 1024K, 0% used [0x000000076d500000,0x000000076d500000,0x000000076d600000)
 ParOldGen       total 173568K, used 22935K [0x00000006c2000000, 0x00000006cc980000, 0x000000076b580000)
  object space 173568K, 13% used [0x00000006c2000000,0x00000006c3665db0,0x00000006cc980000)
 Metaspace       used 17525K, capacity 17822K, committed 18048K, reserved 1064960K
  class space    used 1823K, capacity 1909K, committed 1920K, reserved 1048576K
}
Event: 139.330 GC heap before
{Heap before GC invocations=614 (full 0):
 PSYoungGen      total 32256K, used 31744K [0x000000076b580000, 0x000000076d600000, 0x00000007c0000000)
  eden space 31232K, 100% used [0x000000076b580000,0x000000076d400000,0x000000076d400000)
  from space 1024K, 50% used [0x000000076d400000,0x000000076d480010,0x000000076d500000)
  to   space 1024K, 0% used [0x000000076d500000,0x000000076d500000,0x000000076d600000)
 ParOldGen       total 173568K, used 22935K [0x00000006c2000000, 0x00000006cc980000, 0x000000076b580000)
  object space 173568K, 13% used [0x00000006c2000000,0x00000006c3665db0,0x00000006cc980000)
 Metaspace       used 17525K, capacity 17822K, committed 18048K, reserved 1064960K
  class space    used 1823K, capacity 1909K, committed 1920K, reserved 1048576K
Event: 139.330 GC heap after
Heap after GC invocations=614 (full 0):
 PSYoungGen      total 32256K, used 416K [0x000000076b580000, 0x000000076d600000, 0x00000007c0000000)
  eden space 31232K, 0% used [0x000000076b580000,0x000000076b580000,0x000000076d400000)
  from space 1024K, 40% used [0x000000076d500000,0x000000076d568010,0x000000076d600000)
  to   space 1024K, 0% used [0x000000076d400000,0x000000076d400000,0x000000076d500000)
 ParOldGen       total 173568K, used 22951K [0x00000006c2000000, 0x00000006cc980000, 0x000000076b580000)
  object space 173568K, 13% used [0x00000006c2000000,0x00000006c3669db0,0x00000006cc980000)
 Metaspace       used 17525K, capacity 17822K, committed 18048K, reserved 1064960K
  class space    used 1823K, capacity 1909K, committed 1920K, reserved 1048576K
}
Event: 139.534 GC heap before
{Heap before GC invocations=615 (full 0):
 PSYoungGen      total 32256K, used 31648K [0x000000076b580000, 0x000000076d600000, 0x00000007c0000000)
  eden space 31232K, 100% used [0x000000076b580000,0x000000076d400000,0x000000076d400000)
  from space 1024K, 40% used [0x000000076d500000,0x000000076d568010,0x000000076d600000)
  to   space 1024K, 0% used [0x000000076d400000,0x000000076d400000,0x000000076d500000)
 ParOldGen       total 173568K, used 22951K [0x00000006c2000000, 0x00000006cc980000, 0x000000076b580000)
  object space 173568K, 13% used [0x00000006c2000000,0x00000006c3669db0,0x00000006cc980000)
 Metaspace       used 17525K, capacity 17822K, committed 18048K, reserved 1064960K
  class space    used 1823K, capacity 1909K, committed 1920K, reserved 1048576K
Event: 139.535 GC heap after
Heap after GC invocations=615 (full 0):
 PSYoungGen      total 32256K, used 480K [0x000000076b580000, 0x000000076d600000, 0x00000007c0000000)
  eden space 31232K, 0% used [0x000000076b580000,0x000000076b580000,0x000000076d400000)
  from space 1024K, 46% used [0x000000076d400000,0x000000076d478010,0x000000076d500000)
  to   space 1024K, 0% used [0x000000076d500000,0x000000076d500000,0x000000076d600000)
 ParOldGen       total 173568K, used 22983K [0x00000006c2000000, 0x00000006cc980000, 0x000000076b580000)
  object space 173568K, 13% used [0x00000006c2000000,0x00000006c3671db0,0x00000006cc980000)
 Metaspace       used 17525K, capacity 17822K, committed 18048K, reserved 1064960K
  class space    used 1823K, capacity 1909K, committed 1920K, reserved 1048576K
}
Event: 139.744 GC heap before
{Heap before GC invocations=616 (full 0):
 PSYoungGen      total 32256K, used 31712K [0x000000076b580000, 0x000000076d600000, 0x00000007c0000000)
  eden space 31232K, 100% used [0x000000076b580000,0x000000076d400000,0x000000076d400000)
  from space 1024K, 46% used [0x000000076d400000,0x000000076d478010,0x000000076d500000)
  to   space 1024K, 0% used [0x000000076d500000,0x000000076d500000,0x000000076d600000)
 ParOldGen       total 173568K, used 22983K [0x00000006c2000000, 0x00000006cc980000, 0x000000076b580000)
  object space 173568K, 13% used [0x00000006c2000000,0x00000006c3671db0,0x00000006cc980000)
 Metaspace       used 17526K, capacity 17822K, committed 18048K, reserved 1064960K
  class space    used 1823K, capacity 1909K, committed 1920K, reserved 1048576K
Event: 139.745 GC heap after
Heap after GC invocations=616 (full 0):
 PSYoungGen      total 32256K, used 512K [0x000000076b580000, 0x000000076d600000, 0x00000007c0000000)
  eden space 31232K, 0% used [0x000000076b580000,0x000000076b580000,0x000000076d400000)
  from space 1024K, 50% used [0x000000076d500000,0x000000076d580010,0x000000076d600000)
  to   space 1024K, 0% used [0x000000076d400000,0x000000076d400000,0x000000076d500000)
 ParOldGen       total 173568K, used 23007K [0x00000006c2000000, 0x00000006cc980000, 0x000000076b580000)
  object space 173568K, 13% used [0x00000006c2000000,0x00000006c3677db0,0x00000006cc980000)
 Metaspace       used 17526K, capacity 17822K, committed 18048K, reserved 1064960K
  class space    used 1823K, capacity 1909K, committed 1920K, reserved 1048576K
}

