# JRE version: Java(TM) SE Runtime Environment (8.0_91-b15) (build 1.8.0_91-b15)
# Java VM: Java HotSpot(TM) 64-Bit Server VM (25.91-b15 mixed mode windows-amd64 compressed oops)
Heap:
 PSYoungGen      total 950272K, used 844325K [0x000000076b580000, 0x00000007c0000000, 0x00000007c0000000)
  eden space 515584K, 79% used [0x000000076b580000,0x00000007845cf498,0x000000078ad00000)
  from space 434688K, 99% used [0x000000078ad00000,0x00000007a553a288,0x00000007a5580000)
  to   space 436736K, 0% used [0x00000007a5580000,0x00000007a5580000,0x00000007c0000000)
 ParOldGen       total 1967616K, used 1521448K [0x00000006c2000000, 0x000000073a180000, 0x000000076b580000)
  object space 1967616K, 77% used [0x00000006c2000000,0x000000071edca000,0x000000073a180000)
 Metaspace       used 12520K, capacity 12728K, committed 13056K, reserved 1060864K
  class space    used 1374K, capacity 1440K, committed 1536K, reserved 1048576K
GC Heap History (10 events):
Event: 15.748 GC heap before
{Heap before GC invocations=19 (full 5):
 PSYoungGen      total 758784K, used 517084K [0x000000076b580000, 0x00000007b4680000, 0x00000007c0000000)
  eden space 487424K, 100% used [0x000000076b580000,0x0000000789180000,0x0000000789180000)
  from space 271360K, 10% used [0x0000000789180000,0x000000078ae77350,0x0000000799a80000)
  to   space 284160K, 0% used [0x00000007a3100000,0x00000007a3100000,0x00000007b4680000)
 ParOldGen       total 1465856K, used 1068926K [0x00000006c2000000, 0x000000071b780000, 0x000000076b580000)
  object space 1465856K, 72% used [0x00000006c2000000,0x00000007033dfbd8,0x000000071b780000)
 Metaspace       used 12439K, capacity 12600K, committed 12800K, reserved 1060864K
  class space    used 1371K, capacity 1440K, committed 1536K, reserved 1048576K
Event: 15.785 GC heap after
Heap after GC invocations=19 (full 5):
 PSYoungGen      total 892928K, used 216343K [0x000000076b580000, 0x00000007b6200000, 0x00000007c0000000)
  eden space 608768K, 0% used [0x000000076b580000,0x000000076b580000,0x0000000790800000)
  from space 284160K, 76% used [0x00000007a3100000,0x00000007b0445c40,0x00000007b4680000)
  to   space 304128K, 0% used [0x0000000790800000,0x0000000790800000,0x00000007a3100000)
 ParOldGen       total 1465856K, used 1098557K [0x00000006c2000000, 0x000000071b780000, 0x000000076b580000)
  object space 1465856K, 74% used [0x00000006c2000000,0x00000007050cf6b8,0x000000071b780000)
 Metaspace       used 12439K, capacity 12600K, committed 12800K, reserved 1060864K
  class space    used 1371K, capacity 1440K, committed 1536K, reserved 1048576K
}
Event: 18.340 GC heap before
{Heap before GC invocations=20 (full 5):
 PSYoungGen      total 892928K, used 825111K [0x000000076b580000, 0x00000007b6200000, 0x00000007c0000000)
  eden space 608768K, 100% used [0x000000076b580000,0x0000000790800000,0x0000000790800000)
  from space 284160K, 76% used [0x00000007a3100000,0x00000007b0445c40,0x00000007b4680000)
  to   space 304128K, 0% used [0x0000000790800000,0x0000000790800000,0x00000007a3100000)
 ParOldGen       total 1465856K, used 1098557K [0x00000006c2000000, 0x000000071b780000, 0x000000076b580000)
  object space 1465856K, 74% used [0x00000006c2000000,0x00000007050cf6b8,0x000000071b780000)
 Metaspace       used 12474K, capacity 12664K, committed 12800K, reserved 1060864K
  class space    used 1371K, capacity 1440K, committed 1536K, reserved 1048576K
Event: 18.405 GC heap after
Heap after GC invocations=20 (full 5):
 PSYoungGen      total 912896K, used 304123K [0x000000076b580000, 0x00000007c0000000, 0x00000007c0000000)
  eden space 608768K, 0% used [0x000000076b580000,0x000000076b580000,0x0000000790800000)
  from space 304128K, 99% used [0x0000000790800000,0x00000007a30fee40,0x00000007a3100000)
  to   space 436736K, 0% used [0x00000007a5580000,0x00000007a5580000,0x00000007c0000000)
 ParOldGen       total 1465856K, used 1327030K [0x00000006c2000000, 0x000000071b780000, 0x000000076b580000)
  object space 1465856K, 90% used [0x00000006c2000000,0x0000000712fed8b8,0x000000071b780000)
 Metaspace       used 12474K, capacity 12664K, committed 12800K, reserved 1060864K
  class space    used 1371K, capacity 1440K, committed 1536K, reserved 1048576K
}
Event: 18.405 GC heap before
{Heap before GC invocations=21 (full 6):
 PSYoungGen      total 912896K, used 304123K [0x000000076b580000, 0x00000007c0000000, 0x00000007c0000000)
  eden space 608768K, 0% used [0x000000076b580000,0x000000076b580000,0x0000000790800000)
  from space 304128K, 99% used [0x0000000790800000,0x00000007a30fee40,0x00000007a3100000)
  to   space 436736K, 0% used [0x00000007a5580000,0x00000007a5580000,0x00000007c0000000)
 ParOldGen       total 1465856K, used 1327030K [0x00000006c2000000, 0x000000071b780000, 0x000000076b580000)
  object space 1465856K, 90% used [0x00000006c2000000,0x0000000712fed8b8,0x000000071b780000)
 Metaspace       used 12474K, capacity 12664K, committed 12800K, reserved 1060864K
  class space    used 1371K, capacity 1440K, committed 1536K, reserved 1048576K
Event: 18.572 GC heap after
Heap after GC invocations=21 (full 6):
 PSYoungGen      total 912896K, used 55704K [0x000000076b580000, 0x00000007c0000000, 0x00000007c0000000)
  eden space 608768K, 0% used [0x000000076b580000,0x000000076b580000,0x0000000790800000)
  from space 304128K, 18% used [0x0000000790800000,0x0000000793e662a0,0x00000007a3100000)
  to   space 436736K, 0% used [0x00000007a5580000,0x00000007a5580000,0x00000007c0000000)
 ParOldGen       total 1967616K, used 1465726K [0x00000006c2000000, 0x000000073a180000, 0x000000076b580000)
  object space 1967616K, 74% used [0x00000006c2000000,0x000000071b75fb00,0x000000073a180000)
 Metaspace       used 12474K, capacity 12664K, committed 12800K, reserved 1060864K
  class space    used 1371K, capacity 1440K, committed 1536K, reserved 1048576K
}
Event: 21.122 GC heap before
{Heap before GC invocations=22 (full 6):
 PSYoungGen      total 912896K, used 664472K [0x000000076b580000, 0x00000007c0000000, 0x00000007c0000000)
  eden space 608768K, 100% used [0x000000076b580000,0x0000000790800000,0x0000000790800000)
  from space 304128K, 18% used [0x0000000790800000,0x0000000793e662a0,0x00000007a3100000)
  to   space 436736K, 0% used [0x00000007a5580000,0x00000007a5580000,0x00000007c0000000)
 ParOldGen       total 1967616K, used 1465726K [0x00000006c2000000, 0x000000073a180000, 0x000000076b580000)
  object space 1967616K, 74% used [0x00000006c2000000,0x000000071b75fb00,0x000000073a180000)
 Metaspace       used 12514K, capacity 12664K, committed 12800K, reserved 1060864K
  class space    used 1373K, capacity 1440K, committed 1536K, reserved 1048576K
Event: 21.159 GC heap after
Heap after GC invocations=22 (full 6):
 PSYoungGen      total 952320K, used 234423K [0x000000076b580000, 0x00000007c0000000, 0x00000007c0000000)
  eden space 515584K, 0% used [0x000000076b580000,0x000000076b580000,0x000000078ad00000)
  from space 436736K, 53% used [0x00000007a5580000,0x00000007b3a6dcc8,0x00000007c0000000)
  to   space 434688K, 0% used [0x000000078ad00000,0x000000078ad00000,0x00000007a5580000)
 ParOldGen       total 1967616K, used 1521448K [0x00000006c2000000, 0x000000073a180000, 0x000000076b580000)
  object space 1967616K, 77% used [0x00000006c2000000,0x000000071edca000,0x000000073a180000)
 Metaspace       used 12514K, capacity 12664K, committed 12800K, reserved 1060864K
  class space    used 1373K, capacity 1440K, committed 1536K, reserved 1048576K
}
Event: 23.324 GC heap before
{Heap before GC invocations=23 (full 6):
 PSYoungGen      total 952320K, used 750007K [0x000000076b580000, 0x00000007c0000000, 0x00000007c0000000)
  eden space 515584K, 100% used [0x000000076b580000,0x000000078ad00000,0x000000078ad00000)
  from space 436736K, 53% used [0x00000007a5580000,0x00000007b3a6dcc8,0x00000007c0000000)
  to   space 434688K, 0% used [0x000000078ad00000,0x000000078ad00000,0x00000007a5580000)
 ParOldGen       total 1967616K, used 1521448K [0x00000006c2000000, 0x000000073a180000, 0x000000076b580000)
  object space 1967616K, 77% used [0x00000006c2000000,0x000000071edca000,0x000000073a180000)
 Metaspace       used 12514K, capacity 12664K, committed 12800K, reserved 1060864K
  class space    used 1373K, capacity 1440K, committed 1536K, reserved 1048576K
Event: 23.368 GC heap after
Heap after GC invocations=23 (full 6):
 PSYoungGen      total 950272K, used 434408K [0x000000076b580000, 0x00000007c0000000, 0x00000007c0000000)
  eden space 515584K, 0% used [0x000000076b580000,0x000000076b580000,0x000000078ad00000)
  from space 434688K, 99% used [0x000000078ad00000,0x00000007a553a288,0x00000007a5580000)
  to   space 436736K, 0% used [0x00000007a5580000,0x00000007a5580000,0x00000007c0000000)
 ParOldGen       total 1967616K, used 1521448K [0x00000006c2000000, 0x000000073a180000, 0x000000076b580000)
  object space 1967616K, 77% used [0x00000006c2000000,0x000000071edca000,0x000000073a180000)
 Metaspace       used 12514K, capacity 12664K, committed 12800K, reserved 1060864K
  class space    used 1373K, capacity 1440K, committed 1536K, reserved 1048576K
}

