# JRE version: Java(TM) SE Runtime Environment (8.0_91-b15) (build 1.8.0_91-b15)
# Java VM: Java HotSpot(TM) 64-Bit Server VM (25.91-b15 mixed mode windows-amd64 compressed oops)
Heap:
 PSYoungGen      total 636416K, used 127307K [0x000000076b580000, 0x00000007ab400000, 0x00000007c0000000)
  eden space 437760K, 11% used [0x000000076b580000,0x000000076e81d8e8,0x0000000786100000)
  from space 198656K, 37% used [0x0000000786100000,0x000000078aab5588,0x0000000792300000)
  to   space 220160K, 0% used [0x000000079dd00000,0x000000079dd00000,0x00000007ab400000)
 ParOldGen       total 1031168K, used 712143K [0x00000006c2000000, 0x0000000700f00000, 0x000000076b580000)
  object space 1031168K, 69% used [0x00000006c2000000,0x00000006ed773ca0,0x0000000700f00000)
 Metaspace       used 12795K, capacity 12988K, committed 13312K, reserved 1060864K
  class space    used 1374K, capacity 1440K, committed 1536K, reserved 1048576K
GC Heap History (10 events):
Event: 18.773 GC heap before
{Heap before GC invocations=11 (full 2):
 PSYoungGen      total 456192K, used 433932K [0x000000076b580000, 0x000000078fa00000, 0x00000007c0000000)
  eden space 355328K, 100% used [0x000000076b580000,0x0000000781080000,0x0000000781080000)
  from space 100864K, 77% used [0x0000000787c00000,0x000000078c8c3340,0x000000078de80000)
  to   space 110080K, 0% used [0x0000000781080000,0x0000000781080000,0x0000000787c00000)
 ParOldGen       total 466432K, used 278219K [0x00000006c2000000, 0x00000006de780000, 0x000000076b580000)
  object space 466432K, 59% used [0x00000006c2000000,0x00000006d2fb2fc0,0x00000006de780000)
 Metaspace       used 12754K, capacity 12924K, committed 13056K, reserved 1060864K
  class space    used 1371K, capacity 1440K, committed 1536K, reserved 1048576K
Event: 18.806 GC heap after
Heap after GC invocations=11 (full 2):
 PSYoungGen      total 465408K, used 110064K [0x000000076b580000, 0x000000079c900000, 0x00000007c0000000)
  eden space 355328K, 0% used [0x000000076b580000,0x000000076b580000,0x0000000781080000)
  from space 110080K, 99% used [0x0000000781080000,0x0000000787bfc1a0,0x0000000787c00000)
  to   space 169984K, 0% used [0x0000000792300000,0x0000000792300000,0x000000079c900000)
 ParOldGen       total 466432K, used 378353K [0x00000006c2000000, 0x00000006de780000, 0x000000076b580000)
  object space 466432K, 81% used [0x00000006c2000000,0x00000006d917c780,0x00000006de780000)
 Metaspace       used 12754K, capacity 12924K, committed 13056K, reserved 1060864K
  class space    used 1371K, capacity 1440K, committed 1536K, reserved 1048576K
}
Event: 18.806 GC heap before
{Heap before GC invocations=12 (full 3):
 PSYoungGen      total 465408K, used 110064K [0x000000076b580000, 0x000000079c900000, 0x00000007c0000000)
  eden space 355328K, 0% used [0x000000076b580000,0x000000076b580000,0x0000000781080000)
  from space 110080K, 99% used [0x0000000781080000,0x0000000787bfc1a0,0x0000000787c00000)
  to   space 169984K, 0% used [0x0000000792300000,0x0000000792300000,0x000000079c900000)
 ParOldGen       total 466432K, used 378353K [0x00000006c2000000, 0x00000006de780000, 0x000000076b580000)
  object space 466432K, 81% used [0x00000006c2000000,0x00000006d917c780,0x00000006de780000)
 Metaspace       used 12754K, capacity 12924K, committed 13056K, reserved 1060864K
  class space    used 1371K, capacity 1440K, committed 1536K, reserved 1048576K
Event: 18.877 GC heap after
Heap after GC invocations=12 (full 3):
 PSYoungGen      total 465408K, used 20396K [0x000000076b580000, 0x000000079c900000, 0x00000007c0000000)
  eden space 355328K, 0% used [0x000000076b580000,0x000000076b580000,0x0000000781080000)
  from space 110080K, 18% used [0x0000000781080000,0x000000078246b2b8,0x0000000787c00000)
  to   space 169984K, 0% used [0x0000000792300000,0x0000000792300000,0x000000079c900000)
 ParOldGen       total 712192K, used 466373K [0x00000006c2000000, 0x00000006ed780000, 0x000000076b580000)
  object space 712192K, 65% used [0x00000006c2000000,0x00000006de771490,0x00000006ed780000)
 Metaspace       used 12754K, capacity 12924K, committed 13056K, reserved 1060864K
  class space    used 1371K, capacity 1440K, committed 1536K, reserved 1048576K
}
Event: 20.361 GC heap before
{Heap before GC invocations=13 (full 3):
 PSYoungGen      total 465408K, used 375724K [0x000000076b580000, 0x000000079c900000, 0x00000007c0000000)
  eden space 355328K, 100% used [0x000000076b580000,0x0000000781080000,0x0000000781080000)
  from space 110080K, 18% used [0x0000000781080000,0x000000078246b2b8,0x0000000787c00000)
  to   space 169984K, 0% used [0x0000000792300000,0x0000000792300000,0x000000079c900000)
 ParOldGen       total 712192K, used 466373K [0x00000006c2000000, 0x00000006ed780000, 0x000000076b580000)
  object space 712192K, 65% used [0x00000006c2000000,0x00000006de771490,0x00000006ed780000)
 Metaspace       used 12791K, capacity 12988K, committed 13312K, reserved 1060864K
  class space    used 1374K, capacity 1440K, committed 1536K, reserved 1048576K
Event: 20.396 GC heap after
Heap after GC invocations=13 (full 3):
 PSYoungGen      total 607744K, used 169960K [0x000000076b580000, 0x00000007a1480000, 0x00000007c0000000)
  eden space 437760K, 0% used [0x000000076b580000,0x000000076b580000,0x0000000786100000)
  from space 169984K, 99% used [0x0000000792300000,0x000000079c8fa120,0x000000079c900000)
  to   space 198656K, 0% used [0x0000000786100000,0x0000000786100000,0x0000000792300000)
 ParOldGen       total 712192K, used 483714K [0x00000006c2000000, 0x00000006ed780000, 0x000000076b580000)
  object space 712192K, 67% used [0x00000006c2000000,0x00000006df8609b0,0x00000006ed780000)
 Metaspace       used 12791K, capacity 12988K, committed 13312K, reserved 1060864K
  class space    used 1374K, capacity 1440K, committed 1536K, reserved 1048576K
}
Event: 22.195 GC heap before
{Heap before GC invocations=14 (full 3):
 PSYoungGen      total 607744K, used 607720K [0x000000076b580000, 0x00000007a1480000, 0x00000007c0000000)
  eden space 437760K, 100% used [0x000000076b580000,0x0000000786100000,0x0000000786100000)
  from space 169984K, 99% used [0x0000000792300000,0x000000079c8fa120,0x000000079c900000)
  to   space 198656K, 0% used [0x0000000786100000,0x0000000786100000,0x0000000792300000)
 ParOldGen       total 712192K, used 483714K [0x00000006c2000000, 0x00000006ed780000, 0x000000076b580000)
  object space 712192K, 67% used [0x00000006c2000000,0x00000006df8609b0,0x00000006ed780000)
 Metaspace       used 12791K, capacity 12988K, committed 13312K, reserved 1060864K
  class space    used 1374K, capacity 1440K, committed 1536K, reserved 1048576K
Event: 22.237 GC heap after
Heap after GC invocations=14 (full 3):
 PSYoungGen      total 636416K, used 165878K [0x000000076b580000, 0x00000007ab400000, 0x00000007c0000000)
  eden space 437760K, 0% used [0x000000076b580000,0x000000076b580000,0x0000000786100000)
  from space 198656K, 83% used [0x0000000786100000,0x00000007902fdb80,0x0000000792300000)
  to   space 220160K, 0% used [0x000000079dd00000,0x000000079dd00000,0x00000007ab400000)
 ParOldGen       total 712192K, used 627861K [0x00000006c2000000, 0x00000006ed780000, 0x000000076b580000)
  object space 712192K, 88% used [0x00000006c2000000,0x00000006e85255a0,0x00000006ed780000)
 Metaspace       used 12791K, capacity 12988K, committed 13312K, reserved 1060864K
  class space    used 1374K, capacity 1440K, committed 1536K, reserved 1048576K
}
Event: 22.237 GC heap before
{Heap before GC invocations=15 (full 4):
 PSYoungGen      total 636416K, used 165878K [0x000000076b580000, 0x00000007ab400000, 0x00000007c0000000)
  eden space 437760K, 0% used [0x000000076b580000,0x000000076b580000,0x0000000786100000)
  from space 198656K, 83% used [0x0000000786100000,0x00000007902fdb80,0x0000000792300000)
  to   space 220160K, 0% used [0x000000079dd00000,0x000000079dd00000,0x00000007ab400000)
 ParOldGen       total 712192K, used 627861K [0x00000006c2000000, 0x00000006ed780000, 0x000000076b580000)
  object space 712192K, 88% used [0x00000006c2000000,0x00000006e85255a0,0x00000006ed780000)
 Metaspace       used 12791K, capacity 12988K, committed 13312K, reserved 1060864K
  class space    used 1374K, capacity 1440K, committed 1536K, reserved 1048576K
Event: 22.332 GC heap after
Heap after GC invocations=15 (full 4):
 PSYoungGen      total 636416K, used 75477K [0x000000076b580000, 0x00000007ab400000, 0x00000007c0000000)
  eden space 437760K, 0% used [0x000000076b580000,0x000000076b580000,0x0000000786100000)
  from space 198656K, 37% used [0x0000000786100000,0x000000078aab5588,0x0000000792300000)
  to   space 220160K, 0% used [0x000000079dd00000,0x000000079dd00000,0x00000007ab400000)
 ParOldGen       total 1031168K, used 712143K [0x00000006c2000000, 0x0000000700f00000, 0x000000076b580000)
  object space 1031168K, 69% used [0x00000006c2000000,0x00000006ed773ca0,0x0000000700f00000)
 Metaspace       used 12791K, capacity 12988K, committed 13312K, reserved 1060864K
  class space    used 1374K, capacity 1440K, committed 1536K, reserved 1048576K
}

