# JRE version: Java(TM) SE Runtime Environment (8.0_91-b15) (build 1.8.0_91-b15)
# Java VM: Java HotSpot(TM) 64-Bit Server VM (25.91-b15 mixed mode windows-amd64 compressed oops)
Heap:
 PSYoungGen      total 843776K, used 597829K [0x000000076b580000, 0x00000007be100000, 0x00000007c0000000)
  eden space 831488K, 70% used [0x000000076b580000,0x000000078f5d9770,0x000000079e180000)
  from space 12288K, 62% used [0x000000079e180000,0x000000079e8f8010,0x000000079ed80000)
  to   space 12288K, 0% used [0x00000007bd500000,0x00000007bd500000,0x00000007be100000)
 ParOldGen       total 173568K, used 7588K [0x00000006c2000000, 0x00000006cc980000, 0x000000076b580000)
  object space 173568K, 4% used [0x00000006c2000000,0x00000006c2769198,0x00000006cc980000)
 Metaspace       used 16963K, capacity 17142K, committed 17280K, reserved 1064960K
  class space    used 1809K, capacity 1877K, committed 1920K, reserved 1048576K
GC Heap History (10 events):
Event: 4.301 GC heap before
{Heap before GC invocations=7 (full 0):
 PSYoungGen      total 270848K, used 268724K [0x000000076b580000, 0x000000077c880000, 0x00000007c0000000)
  eden space 260096K, 100% used [0x000000076b580000,0x000000077b380000,0x000000077b380000)
  from space 10752K, 80% used [0x000000077be00000,0x000000077c66d0f8,0x000000077c880000)
  to   space 10752K, 0% used [0x000000077b380000,0x000000077b380000,0x000000077be00000)
 ParOldGen       total 173568K, used 56K [0x00000006c2000000, 0x00000006cc980000, 0x000000076b580000)
  object space 173568K, 0% used [0x00000006c2000000,0x00000006c200e000,0x00000006cc980000)
 Metaspace       used 16511K, capacity 16758K, committed 17024K, reserved 1064960K
  class space    used 1806K, capacity 1877K, committed 1920K, reserved 1048576K
Event: 4.314 GC heap after
Heap after GC invocations=7 (full 0):
 PSYoungGen      total 270848K, used 2496K [0x000000076b580000, 0x000000078c880000, 0x00000007c0000000)
  eden space 260096K, 0% used [0x000000076b580000,0x000000076b580000,0x000000077b380000)
  from space 10752K, 23% used [0x000000077b380000,0x000000077b5f0010,0x000000077be00000)
  to   space 11776K, 0% used [0x000000078bd00000,0x000000078bd00000,0x000000078c880000)
 ParOldGen       total 173568K, used 7428K [0x00000006c2000000, 0x00000006cc980000, 0x000000076b580000)
  object space 173568K, 4% used [0x00000006c2000000,0x00000006c2741198,0x00000006cc980000)
 Metaspace       used 16511K, capacity 16758K, committed 17024K, reserved 1064960K
  class space    used 1806K, capacity 1877K, committed 1920K, reserved 1048576K
}
Event: 5.039 GC heap before
{Heap before GC invocations=8 (full 0):
 PSYoungGen      total 270848K, used 262592K [0x000000076b580000, 0x000000078c880000, 0x00000007c0000000)
  eden space 260096K, 100% used [0x000000076b580000,0x000000077b380000,0x000000077b380000)
  from space 10752K, 23% used [0x000000077b380000,0x000000077b5f0010,0x000000077be00000)
  to   space 11776K, 0% used [0x000000078bd00000,0x000000078bd00000,0x000000078c880000)
 ParOldGen       total 173568K, used 7428K [0x00000006c2000000, 0x00000006cc980000, 0x000000076b580000)
  object space 173568K, 4% used [0x00000006c2000000,0x00000006c2741198,0x00000006cc980000)
 Metaspace       used 16558K, capacity 16822K, committed 17024K, reserved 1064960K
  class space    used 1806K, capacity 1877K, committed 1920K, reserved 1048576K
Event: 5.044 GC heap after
Heap after GC invocations=8 (full 0):
 PSYoungGen      total 531456K, used 2432K [0x000000076b580000, 0x000000078c980000, 0x00000007c0000000)
  eden space 519680K, 0% used [0x000000076b580000,0x000000076b580000,0x000000078b100000)
  from space 11776K, 20% used [0x000000078bd00000,0x000000078bf60010,0x000000078c880000)
  to   space 12288K, 0% used [0x000000078b100000,0x000000078b100000,0x000000078bd00000)
 ParOldGen       total 173568K, used 7452K [0x00000006c2000000, 0x00000006cc980000, 0x000000076b580000)
  object space 173568K, 4% used [0x00000006c2000000,0x00000006c2747198,0x00000006cc980000)
 Metaspace       used 16558K, capacity 16822K, committed 17024K, reserved 1064960K
  class space    used 1806K, capacity 1877K, committed 1920K, reserved 1048576K
}
Event: 6.317 GC heap before
{Heap before GC invocations=9 (full 0):
 PSYoungGen      total 531456K, used 522112K [0x000000076b580000, 0x000000078c980000, 0x00000007c0000000)
  eden space 519680K, 100% used [0x000000076b580000,0x000000078b100000,0x000000078b100000)
  from space 11776K, 20% used [0x000000078bd00000,0x000000078bf60010,0x000000078c880000)
  to   space 12288K, 0% used [0x000000078b100000,0x000000078b100000,0x000000078bd00000)
 ParOldGen       total 173568K, used 7452K [0x00000006c2000000, 0x00000006cc980000, 0x000000076b580000)
  object space 173568K, 4% used [0x00000006c2000000,0x00000006c2747198,0x00000006cc980000)
 Metaspace       used 16861K, capacity 17078K, committed 17280K, reserved 1064960K
  class space    used 1808K, capacity 1877K, committed 1920K, reserved 1048576K
Event: 6.327 GC heap after
Heap after GC invocations=9 (full 0):
 PSYoungGen      total 531968K, used 4768K [0x000000076b580000, 0x000000079f980000, 0x00000007c0000000)
  eden space 519680K, 0% used [0x000000076b580000,0x000000076b580000,0x000000078b100000)
  from space 12288K, 38% used [0x000000078b100000,0x000000078b5a8010,0x000000078bd00000)
  to   space 12288K, 0% used [0x000000079ed80000,0x000000079ed80000,0x000000079f980000)
 ParOldGen       total 173568K, used 7492K [0x00000006c2000000, 0x00000006cc980000, 0x000000076b580000)
  object space 173568K, 4% used [0x00000006c2000000,0x00000006c2751198,0x00000006cc980000)
 Metaspace       used 16861K, capacity 17078K, committed 17280K, reserved 1064960K
  class space    used 1808K, capacity 1877K, committed 1920K, reserved 1048576K
}
Event: 7.427 GC heap before
{Heap before GC invocations=10 (full 0):
 PSYoungGen      total 531968K, used 524448K [0x000000076b580000, 0x000000079f980000, 0x00000007c0000000)
  eden space 519680K, 100% used [0x000000076b580000,0x000000078b100000,0x000000078b100000)
  from space 12288K, 38% used [0x000000078b100000,0x000000078b5a8010,0x000000078bd00000)
  to   space 12288K, 0% used [0x000000079ed80000,0x000000079ed80000,0x000000079f980000)
 ParOldGen       total 173568K, used 7492K [0x00000006c2000000, 0x00000006cc980000, 0x000000076b580000)
  object space 173568K, 4% used [0x00000006c2000000,0x00000006c2751198,0x00000006cc980000)
 Metaspace       used 16881K, capacity 17142K, committed 17280K, reserved 1064960K
  class space    used 1809K, capacity 1877K, committed 1920K, reserved 1048576K
Event: 7.435 GC heap after
Heap after GC invocations=10 (full 0):
 PSYoungGen      total 843776K, used 4800K [0x000000076b580000, 0x000000079f980000, 0x00000007c0000000)
  eden space 831488K, 0% used [0x000000076b580000,0x000000076b580000,0x000000079e180000)
  from space 12288K, 39% used [0x000000079ed80000,0x000000079f230000,0x000000079f980000)
  to   space 12288K, 0% used [0x000000079e180000,0x000000079e180000,0x000000079ed80000)
 ParOldGen       total 173568K, used 7532K [0x00000006c2000000, 0x00000006cc980000, 0x000000076b580000)
  object space 173568K, 4% used [0x00000006c2000000,0x00000006c275b198,0x00000006cc980000)
 Metaspace       used 16881K, capacity 17142K, committed 17280K, reserved 1064960K
  class space    used 1809K, capacity 1877K, committed 1920K, reserved 1048576K
}
Event: 9.332 GC heap before
{Heap before GC invocations=11 (full 0):
 PSYoungGen      total 843776K, used 836288K [0x000000076b580000, 0x000000079f980000, 0x00000007c0000000)
  eden space 831488K, 100% used [0x000000076b580000,0x000000079e180000,0x000000079e180000)
  from space 12288K, 39% used [0x000000079ed80000,0x000000079f230000,0x000000079f980000)
  to   space 12288K, 0% used [0x000000079e180000,0x000000079e180000,0x000000079ed80000)
 ParOldGen       total 173568K, used 7532K [0x00000006c2000000, 0x00000006cc980000, 0x000000076b580000)
  object space 173568K, 4% used [0x00000006c2000000,0x00000006c275b198,0x00000006cc980000)
 Metaspace       used 16908K, capacity 17142K, committed 17280K, reserved 1064960K
  class space    used 1809K, capacity 1877K, committed 1920K, reserved 1048576K
Event: 9.347 GC heap after
Heap after GC invocations=11 (full 0):
 PSYoungGen      total 843776K, used 7648K [0x000000076b580000, 0x00000007be100000, 0x00000007c0000000)
  eden space 831488K, 0% used [0x000000076b580000,0x000000076b580000,0x000000079e180000)
  from space 12288K, 62% used [0x000000079e180000,0x000000079e8f8010,0x000000079ed80000)
  to   space 12288K, 0% used [0x00000007bd500000,0x00000007bd500000,0x00000007be100000)
 ParOldGen       total 173568K, used 7588K [0x00000006c2000000, 0x00000006cc980000, 0x000000076b580000)
  object space 173568K, 4% used [0x00000006c2000000,0x00000006c2769198,0x00000006cc980000)
 Metaspace       used 16908K, capacity 17142K, committed 17280K, reserved 1064960K
  class space    used 1809K, capacity 1877K, committed 1920K, reserved 1048576K
}

