# JRE version: Java(TM) SE Runtime Environment (8.0_91-b15) (build 1.8.0_91-b15)
# Java VM: Java HotSpot(TM) 64-Bit Server VM (25.91-b15 mixed mode windows-amd64 compressed oops)
Heap:
 PSYoungGen      total 95232K, used 38824K [0x000000076b580000, 0x0000000776500000, 0x00000007c0000000)
  eden space 48128K, 55% used [0x000000076b580000,0x000000076cf8a950,0x000000076e480000)
  from space 47104K, 25% used [0x0000000771f00000,0x0000000772adf970,0x0000000774d00000)
  to   space 59904K, 0% used [0x000000076e480000,0x000000076e480000,0x0000000771f00000)
 ParOldGen       total 291840K, used 172940K [0x00000006c2000000, 0x00000006d3d00000, 0x000000076b580000)
  object space 291840K, 59% used [0x00000006c2000000,0x00000006cc8e3170,0x00000006d3d00000)
 Metaspace       used 12673K, capacity 12872K, committed 13056K, reserved 1060864K
  class space    used 1371K, capacity 1440K, committed 1536K, reserved 1048576K
GC Heap History (10 events):
Event: 7.692 GC heap before
{Heap before GC invocations=5 (full 0):
 PSYoungGen      total 75776K, used 75764K [0x000000076b580000, 0x0000000770a00000, 0x00000007c0000000)
  eden space 65024K, 100% used [0x000000076b580000,0x000000076f500000,0x000000076f500000)
  from space 10752K, 99% used [0x000000076ff80000,0x00000007709fd398,0x0000000770a00000)
  to   space 10752K, 0% used [0x000000076f500000,0x000000076f500000,0x000000076ff80000)
 ParOldGen       total 173568K, used 95070K [0x00000006c2000000, 0x00000006cc980000, 0x000000076b580000)
  object space 173568K, 54% used [0x00000006c2000000,0x00000006c7cd7be0,0x00000006cc980000)
 Metaspace       used 12560K, capacity 12744K, committed 13056K, reserved 1060864K
  class space    used 1370K, capacity 1440K, committed 1536K, reserved 1048576K
Event: 7.699 GC heap after
Heap after GC invocations=5 (full 0):
 PSYoungGen      total 74240K, used 10740K [0x000000076b580000, 0x0000000774880000, 0x00000007c0000000)
  eden space 63488K, 0% used [0x000000076b580000,0x000000076b580000,0x000000076f380000)
  from space 10752K, 99% used [0x000000076f500000,0x000000076ff7d398,0x000000076ff80000)
  to   space 43520K, 0% used [0x0000000771e00000,0x0000000771e00000,0x0000000774880000)
 ParOldGen       total 173568K, used 121121K [0x00000006c2000000, 0x00000006cc980000, 0x000000076b580000)
  object space 173568K, 69% used [0x00000006c2000000,0x00000006c9648600,0x00000006cc980000)
 Metaspace       used 12560K, capacity 12744K, committed 13056K, reserved 1060864K
  class space    used 1370K, capacity 1440K, committed 1536K, reserved 1048576K
}
Event: 8.663 GC heap before
{Heap before GC invocations=6 (full 0):
 PSYoungGen      total 74240K, used 74228K [0x000000076b580000, 0x0000000774880000, 0x00000007c0000000)
  eden space 63488K, 100% used [0x000000076b580000,0x000000076f380000,0x000000076f380000)
  from space 10752K, 99% used [0x000000076f500000,0x000000076ff7d398,0x000000076ff80000)
  to   space 43520K, 0% used [0x0000000771e00000,0x0000000771e00000,0x0000000774880000)
 ParOldGen       total 173568K, used 121121K [0x00000006c2000000, 0x00000006cc980000, 0x000000076b580000)
  object space 173568K, 69% used [0x00000006c2000000,0x00000006c9648600,0x00000006cc980000)
 Metaspace       used 12568K, capacity 12744K, committed 13056K, reserved 1060864K
  class space    used 1370K, capacity 1440K, committed 1536K, reserved 1048576K
Event: 8.670 GC heap after
Heap after GC invocations=6 (full 0):
 PSYoungGen      total 104960K, used 37927K [0x000000076b580000, 0x0000000774800000, 0x00000007c0000000)
  eden space 61952K, 0% used [0x000000076b580000,0x000000076b580000,0x000000076f200000)
  from space 43008K, 88% used [0x0000000771e00000,0x0000000774309c58,0x0000000774800000)
  to   space 44032K, 0% used [0x000000076f200000,0x000000076f200000,0x0000000771d00000)
 ParOldGen       total 173568K, used 121129K [0x00000006c2000000, 0x00000006cc980000, 0x000000076b580000)
  object space 173568K, 69% used [0x00000006c2000000,0x00000006c964a600,0x00000006cc980000)
 Metaspace       used 12568K, capacity 12744K, committed 13056K, reserved 1060864K
  class space    used 1370K, capacity 1440K, committed 1536K, reserved 1048576K
}
Event: 9.619 GC heap before
{Heap before GC invocations=7 (full 0):
 PSYoungGen      total 104960K, used 99787K [0x000000076b580000, 0x0000000774800000, 0x00000007c0000000)
  eden space 61952K, 99% used [0x000000076b580000,0x000000076f1e8fb0,0x000000076f200000)
  from space 43008K, 88% used [0x0000000771e00000,0x0000000774309c58,0x0000000774800000)
  to   space 44032K, 0% used [0x000000076f200000,0x000000076f200000,0x0000000771d00000)
 ParOldGen       total 173568K, used 121129K [0x00000006c2000000, 0x00000006cc980000, 0x000000076b580000)
  object space 173568K, 69% used [0x00000006c2000000,0x00000006c964a600,0x00000006cc980000)
 Metaspace       used 12623K, capacity 12808K, committed 13056K, reserved 1060864K
  class space    used 1371K, capacity 1440K, committed 1536K, reserved 1048576K
Event: 9.629 GC heap after
Heap after GC invocations=7 (full 0):
 PSYoungGen      total 104960K, used 43877K [0x000000076b580000, 0x0000000774d00000, 0x00000007c0000000)
  eden space 60928K, 0% used [0x000000076b580000,0x000000076b580000,0x000000076f100000)
  from space 44032K, 99% used [0x000000076f200000,0x0000000771cd9420,0x0000000771d00000)
  to   space 47104K, 0% used [0x0000000771f00000,0x0000000771f00000,0x0000000774d00000)
 ParOldGen       total 173568K, used 137177K [0x00000006c2000000, 0x00000006cc980000, 0x000000076b580000)
  object space 173568K, 79% used [0x00000006c2000000,0x00000006ca5f6508,0x00000006cc980000)
 Metaspace       used 12623K, capacity 12808K, committed 13056K, reserved 1060864K
  class space    used 1371K, capacity 1440K, committed 1536K, reserved 1048576K
}
Event: 10.564 GC heap before
{Heap before GC invocations=8 (full 0):
 PSYoungGen      total 104960K, used 104805K [0x000000076b580000, 0x0000000774d00000, 0x00000007c0000000)
  eden space 60928K, 100% used [0x000000076b580000,0x000000076f100000,0x000000076f100000)
  from space 44032K, 99% used [0x000000076f200000,0x0000000771cd9420,0x0000000771d00000)
  to   space 47104K, 0% used [0x0000000771f00000,0x0000000771f00000,0x0000000774d00000)
 ParOldGen       total 173568K, used 137177K [0x00000006c2000000, 0x00000006cc980000, 0x000000076b580000)
  object space 173568K, 79% used [0x00000006c2000000,0x00000006ca5f6508,0x00000006cc980000)
 Metaspace       used 12625K, capacity 12808K, committed 13056K, reserved 1060864K
  class space    used 1371K, capacity 1440K, committed 1536K, reserved 1048576K
Event: 10.573 GC heap after
Heap after GC invocations=8 (full 0):
 PSYoungGen      total 95232K, used 47100K [0x000000076b580000, 0x0000000776500000, 0x00000007c0000000)
  eden space 48128K, 0% used [0x000000076b580000,0x000000076b580000,0x000000076e480000)
  from space 47104K, 99% used [0x0000000771f00000,0x0000000774cff000,0x0000000774d00000)
  to   space 59904K, 0% used [0x000000076e480000,0x000000076e480000,0x0000000771f00000)
 ParOldGen       total 173568K, used 158829K [0x00000006c2000000, 0x00000006cc980000, 0x000000076b580000)
  object space 173568K, 91% used [0x00000006c2000000,0x00000006cbb1b4b8,0x00000006cc980000)
 Metaspace       used 12625K, capacity 12808K, committed 13056K, reserved 1060864K
  class space    used 1371K, capacity 1440K, committed 1536K, reserved 1048576K
}
Event: 10.573 GC heap before
{Heap before GC invocations=9 (full 1):
 PSYoungGen      total 95232K, used 47100K [0x000000076b580000, 0x0000000776500000, 0x00000007c0000000)
  eden space 48128K, 0% used [0x000000076b580000,0x000000076b580000,0x000000076e480000)
  from space 47104K, 99% used [0x0000000771f00000,0x0000000774cff000,0x0000000774d00000)
  to   space 59904K, 0% used [0x000000076e480000,0x000000076e480000,0x0000000771f00000)
 ParOldGen       total 173568K, used 158829K [0x00000006c2000000, 0x00000006cc980000, 0x000000076b580000)
  object space 173568K, 91% used [0x00000006c2000000,0x00000006cbb1b4b8,0x00000006cc980000)
 Metaspace       used 12625K, capacity 12808K, committed 13056K, reserved 1060864K
  class space    used 1371K, capacity 1440K, committed 1536K, reserved 1048576K
Event: 10.605 GC heap after
Heap after GC invocations=9 (full 1):
 PSYoungGen      total 95232K, used 12158K [0x000000076b580000, 0x0000000776500000, 0x00000007c0000000)
  eden space 48128K, 0% used [0x000000076b580000,0x000000076b580000,0x000000076e480000)
  from space 47104K, 25% used [0x0000000771f00000,0x0000000772adf970,0x0000000774d00000)
  to   space 59904K, 0% used [0x000000076e480000,0x000000076e480000,0x0000000771f00000)
 ParOldGen       total 291840K, used 172940K [0x00000006c2000000, 0x00000006d3d00000, 0x000000076b580000)
  object space 291840K, 59% used [0x00000006c2000000,0x00000006cc8e3170,0x00000006d3d00000)
 Metaspace       used 12625K, capacity 12808K, committed 13056K, reserved 1060864K
  class space    used 1371K, capacity 1440K, committed 1536K, reserved 1048576K
}

