# JRE version: Java(TM) SE Runtime Environment (8.0_91-b15) (build 1.8.0_91-b15)
# Java VM: Java HotSpot(TM) 64-Bit Server VM (25.91-b15 mixed mode windows-amd64 compressed oops)
Heap:
 PSYoungGen      total 72192K, used 5908K [0x000000076b580000, 0x0000000774580000, 0x00000007c0000000)
  eden space 61952K, 8% used [0x000000076b580000,0x000000076ba9d100,0x000000076f200000)
  from space 10240K, 6% used [0x000000076f200000,0x000000076f2a8010,0x000000076fc00000)
  to   space 11776K, 0% used [0x0000000773a00000,0x0000000773a00000,0x0000000774580000)
 ParOldGen       total 173568K, used 7424K [0x00000006c2000000, 0x00000006cc980000, 0x000000076b580000)
  object space 173568K, 4% used [0x00000006c2000000,0x00000006c2740378,0x00000006cc980000)
 Metaspace       used 16304K, capacity 16498K, committed 16768K, reserved 1064960K
  class space    used 1808K, capacity 1877K, committed 1920K, reserved 1048576K
GC Heap History (10 events):
Event: 2.686 GC heap before
{Heap before GC invocations=3 (full 0):
 PSYoungGen      total 75776K, used 73092K [0x000000076b580000, 0x0000000770a00000, 0x00000007c0000000)
  eden space 65024K, 100% used [0x000000076b580000,0x000000076f500000,0x000000076f500000)
  from space 10752K, 75% used [0x000000076ff80000,0x0000000770761108,0x0000000770a00000)
  to   space 10752K, 0% used [0x000000076f500000,0x000000076f500000,0x000000076ff80000)
 ParOldGen       total 173568K, used 24K [0x00000006c2000000, 0x00000006cc980000, 0x000000076b580000)
  object space 173568K, 0% used [0x00000006c2000000,0x00000006c2006000,0x00000006cc980000)
 Metaspace       used 16003K, capacity 16242K, committed 16512K, reserved 1064960K
  class space    used 1805K, capacity 1877K, committed 1920K, reserved 1048576K
Event: 2.690 GC heap after
Heap after GC invocations=3 (full 0):
 PSYoungGen      total 75776K, used 8020K [0x000000076b580000, 0x0000000770a00000, 0x00000007c0000000)
  eden space 65024K, 0% used [0x000000076b580000,0x000000076b580000,0x000000076f500000)
  from space 10752K, 74% used [0x000000076f500000,0x000000076fcd5108,0x000000076ff80000)
  to   space 10752K, 0% used [0x000000076ff80000,0x000000076ff80000,0x0000000770a00000)
 ParOldGen       total 173568K, used 32K [0x00000006c2000000, 0x00000006cc980000, 0x000000076b580000)
  object space 173568K, 0% used [0x00000006c2000000,0x00000006c2008000,0x00000006cc980000)
 Metaspace       used 16003K, capacity 16242K, committed 16512K, reserved 1064960K
  class space    used 1805K, capacity 1877K, committed 1920K, reserved 1048576K
}
Event: 3.164 GC heap before
{Heap before GC invocations=4 (full 0):
 PSYoungGen      total 75776K, used 73044K [0x000000076b580000, 0x0000000770a00000, 0x00000007c0000000)
  eden space 65024K, 100% used [0x000000076b580000,0x000000076f500000,0x000000076f500000)
  from space 10752K, 74% used [0x000000076f500000,0x000000076fcd5108,0x000000076ff80000)
  to   space 10752K, 0% used [0x000000076ff80000,0x000000076ff80000,0x0000000770a00000)
 ParOldGen       total 173568K, used 32K [0x00000006c2000000, 0x00000006cc980000, 0x000000076b580000)
  object space 173568K, 0% used [0x00000006c2000000,0x00000006c2008000,0x00000006cc980000)
 Metaspace       used 16108K, capacity 16370K, committed 16512K, reserved 1064960K
  class space    used 1808K, capacity 1877K, committed 1920K, reserved 1048576K
Event: 3.169 GC heap after
Heap after GC invocations=4 (full 0):
 PSYoungGen      total 75776K, used 8100K [0x000000076b580000, 0x0000000770a00000, 0x00000007c0000000)
  eden space 65024K, 0% used [0x000000076b580000,0x000000076b580000,0x000000076f500000)
  from space 10752K, 75% used [0x000000076ff80000,0x0000000770769108,0x0000000770a00000)
  to   space 10752K, 0% used [0x000000076f500000,0x000000076f500000,0x000000076ff80000)
 ParOldGen       total 173568K, used 40K [0x00000006c2000000, 0x00000006cc980000, 0x000000076b580000)
  object space 173568K, 0% used [0x00000006c2000000,0x00000006c200a000,0x00000006cc980000)
 Metaspace       used 16108K, capacity 16370K, committed 16512K, reserved 1064960K
  class space    used 1808K, capacity 1877K, committed 1920K, reserved 1048576K
}
Event: 3.643 GC heap before
{Heap before GC invocations=5 (full 0):
 PSYoungGen      total 75776K, used 73124K [0x000000076b580000, 0x0000000770a00000, 0x00000007c0000000)
  eden space 65024K, 100% used [0x000000076b580000,0x000000076f500000,0x000000076f500000)
  from space 10752K, 75% used [0x000000076ff80000,0x0000000770769108,0x0000000770a00000)
  to   space 10752K, 0% used [0x000000076f500000,0x000000076f500000,0x000000076ff80000)
 ParOldGen       total 173568K, used 40K [0x00000006c2000000, 0x00000006cc980000, 0x000000076b580000)
  object space 173568K, 0% used [0x00000006c2000000,0x00000006c200a000,0x00000006cc980000)
 Metaspace       used 16213K, capacity 16434K, committed 16512K, reserved 1064960K
  class space    used 1808K, capacity 1877K, committed 1920K, reserved 1048576K
Event: 3.648 GC heap after
Heap after GC invocations=5 (full 0):
 PSYoungGen      total 71680K, used 8100K [0x000000076b580000, 0x0000000770780000, 0x00000007c0000000)
  eden space 63488K, 0% used [0x000000076b580000,0x000000076b580000,0x000000076f380000)
  from space 8192K, 98% used [0x000000076f500000,0x000000076fce9108,0x000000076fd00000)
  to   space 10240K, 0% used [0x000000076fd80000,0x000000076fd80000,0x0000000770780000)
 ParOldGen       total 173568K, used 48K [0x00000006c2000000, 0x00000006cc980000, 0x000000076b580000)
  object space 173568K, 0% used [0x00000006c2000000,0x00000006c200c000,0x00000006cc980000)
 Metaspace       used 16213K, capacity 16434K, committed 16512K, reserved 1064960K
  class space    used 1808K, capacity 1877K, committed 1920K, reserved 1048576K
}
Event: 4.097 GC heap before
{Heap before GC invocations=6 (full 0):
 PSYoungGen      total 71680K, used 71588K [0x000000076b580000, 0x0000000770780000, 0x00000007c0000000)
  eden space 63488K, 100% used [0x000000076b580000,0x000000076f380000,0x000000076f380000)
  from space 8192K, 98% used [0x000000076f500000,0x000000076fce9108,0x000000076fd00000)
  to   space 10240K, 0% used [0x000000076fd80000,0x000000076fd80000,0x0000000770780000)
 ParOldGen       total 173568K, used 48K [0x00000006c2000000, 0x00000006cc980000, 0x000000076b580000)
  object space 173568K, 0% used [0x00000006c2000000,0x00000006c200c000,0x00000006cc980000)
 Metaspace       used 16238K, capacity 16434K, committed 16512K, reserved 1064960K
  class space    used 1808K, capacity 1877K, committed 1920K, reserved 1048576K
Event: 4.101 GC heap after
Heap after GC invocations=6 (full 0):
 PSYoungGen      total 70656K, used 8116K [0x000000076b580000, 0x0000000770600000, 0x00000007c0000000)
  eden space 61952K, 0% used [0x000000076b580000,0x000000076b580000,0x000000076f200000)
  from space 8704K, 93% used [0x000000076fd80000,0x000000077056d118,0x0000000770600000)
  to   space 10240K, 0% used [0x000000076f200000,0x000000076f200000,0x000000076fc00000)
 ParOldGen       total 173568K, used 56K [0x00000006c2000000, 0x00000006cc980000, 0x000000076b580000)
  object space 173568K, 0% used [0x00000006c2000000,0x00000006c200e000,0x00000006cc980000)
 Metaspace       used 16238K, capacity 16434K, committed 16512K, reserved 1064960K
  class space    used 1808K, capacity 1877K, committed 1920K, reserved 1048576K
}
Event: 4.553 GC heap before
{Heap before GC invocations=7 (full 0):
 PSYoungGen      total 70656K, used 70068K [0x000000076b580000, 0x0000000770600000, 0x00000007c0000000)
  eden space 61952K, 100% used [0x000000076b580000,0x000000076f200000,0x000000076f200000)
  from space 8704K, 93% used [0x000000076fd80000,0x000000077056d118,0x0000000770600000)
  to   space 10240K, 0% used [0x000000076f200000,0x000000076f200000,0x000000076fc00000)
 ParOldGen       total 173568K, used 56K [0x00000006c2000000, 0x00000006cc980000, 0x000000076b580000)
  object space 173568K, 0% used [0x00000006c2000000,0x00000006c200e000,0x00000006cc980000)
 Metaspace       used 16302K, capacity 16498K, committed 16768K, reserved 1064960K
  class space    used 1808K, capacity 1877K, committed 1920K, reserved 1048576K
Event: 4.563 GC heap after
Heap after GC invocations=7 (full 0):
 PSYoungGen      total 72192K, used 672K [0x000000076b580000, 0x0000000774580000, 0x00000007c0000000)
  eden space 61952K, 0% used [0x000000076b580000,0x000000076b580000,0x000000076f200000)
  from space 10240K, 6% used [0x000000076f200000,0x000000076f2a8010,0x000000076fc00000)
  to   space 11776K, 0% used [0x0000000773a00000,0x0000000773a00000,0x0000000774580000)
 ParOldGen       total 173568K, used 7424K [0x00000006c2000000, 0x00000006cc980000, 0x000000076b580000)
  object space 173568K, 4% used [0x00000006c2000000,0x00000006c2740378,0x00000006cc980000)
 Metaspace       used 16302K, capacity 16498K, committed 16768K, reserved 1064960K
  class space    used 1808K, capacity 1877K, committed 1920K, reserved 1048576K
}

