# JRE version: Java(TM) SE Runtime Environment (8.0_91-b15) (build 1.8.0_91-b15)
# Java VM: Java HotSpot(TM) 64-Bit Server VM (25.91-b15 mixed mode windows-amd64 compressed oops)
Heap:
 PSYoungGen      total 35328K, used 18698K [0x000000076b580000, 0x0000000779480000, 0x00000007c0000000)
  eden space 34816K, 53% used [0x000000076b580000,0x000000076c7b2810,0x000000076d780000)
  from space 512K, 12% used [0x0000000779380000,0x0000000779390000,0x0000000779400000)
  to   space 512K, 0% used [0x0000000779400000,0x0000000779400000,0x0000000779480000)
 ParOldGen       total 173568K, used 2474K [0x00000006c2000000, 0x00000006cc980000, 0x000000076b580000)
  object space 173568K, 1% used [0x00000006c2000000,0x00000006c226a880,0x00000006cc980000)
 Metaspace       used 10866K, capacity 11032K, committed 11392K, reserved 1058816K
  class space    used 1219K, capacity 1283K, committed 1408K, reserved 1048576K
GC Heap History (10 events):
Event: 18.286 GC heap before
{Heap before GC invocations=287 (full 0):
 PSYoungGen      total 37888K, used 37472K [0x000000076b580000, 0x0000000779480000, 0x00000007c0000000)
  eden space 37376K, 100% used [0x000000076b580000,0x000000076da00000,0x000000076da00000)
  from space 512K, 18% used [0x0000000779400000,0x0000000779418000,0x0000000779480000)
  to   space 512K, 0% used [0x0000000779380000,0x0000000779380000,0x0000000779400000)
 ParOldGen       total 173568K, used 2474K [0x00000006c2000000, 0x00000006cc980000, 0x000000076b580000)
  object space 173568K, 1% used [0x00000006c2000000,0x00000006c226a880,0x00000006cc980000)
 Metaspace       used 10861K, capacity 11032K, committed 11392K, reserved 1058816K
  class space    used 1219K, capacity 1283K, committed 1408K, reserved 1048576K
Event: 18.286 GC heap after
Heap after GC invocations=287 (full 0):
 PSYoungGen      total 37376K, used 32K [0x000000076b580000, 0x0000000779480000, 0x00000007c0000000)
  eden space 36864K, 0% used [0x000000076b580000,0x000000076b580000,0x000000076d980000)
  from space 512K, 6% used [0x0000000779380000,0x0000000779388000,0x0000000779400000)
  to   space 512K, 0% used [0x0000000779400000,0x0000000779400000,0x0000000779480000)
 ParOldGen       total 173568K, used 2474K [0x00000006c2000000, 0x00000006cc980000, 0x000000076b580000)
  object space 173568K, 1% used [0x00000006c2000000,0x00000006c226a880,0x00000006cc980000)
 Metaspace       used 10861K, capacity 11032K, committed 11392K, reserved 1058816K
  class space    used 1219K, capacity 1283K, committed 1408K, reserved 1048576K
}
Event: 18.334 GC heap before
{Heap before GC invocations=288 (full 0):
 PSYoungGen      total 37376K, used 36896K [0x000000076b580000, 0x0000000779480000, 0x00000007c0000000)
  eden space 36864K, 100% used [0x000000076b580000,0x000000076d980000,0x000000076d980000)
  from space 512K, 6% used [0x0000000779380000,0x0000000779388000,0x0000000779400000)
  to   space 512K, 0% used [0x0000000779400000,0x0000000779400000,0x0000000779480000)
 ParOldGen       total 173568K, used 2474K [0x00000006c2000000, 0x00000006cc980000, 0x000000076b580000)
  object space 173568K, 1% used [0x00000006c2000000,0x00000006c226a880,0x00000006cc980000)
 Metaspace       used 10861K, capacity 11032K, committed 11392K, reserved 1058816K
  class space    used 1219K, capacity 1283K, committed 1408K, reserved 1048576K
Event: 18.334 GC heap after
Heap after GC invocations=288 (full 0):
 PSYoungGen      total 36864K, used 96K [0x000000076b580000, 0x0000000779480000, 0x00000007c0000000)
  eden space 36352K, 0% used [0x000000076b580000,0x000000076b580000,0x000000076d900000)
  from space 512K, 18% used [0x0000000779400000,0x0000000779418000,0x0000000779480000)
  to   space 512K, 0% used [0x0000000779380000,0x0000000779380000,0x0000000779400000)
 ParOldGen       total 173568K, used 2474K [0x00000006c2000000, 0x00000006cc980000, 0x000000076b580000)
  object space 173568K, 1% used [0x00000006c2000000,0x00000006c226a880,0x00000006cc980000)
 Metaspace       used 10861K, capacity 11032K, committed 11392K, reserved 1058816K
  class space    used 1219K, capacity 1283K, committed 1408K, reserved 1048576K
}
Event: 18.382 GC heap before
{Heap before GC invocations=289 (full 0):
 PSYoungGen      total 36864K, used 36448K [0x000000076b580000, 0x0000000779480000, 0x00000007c0000000)
  eden space 36352K, 100% used [0x000000076b580000,0x000000076d900000,0x000000076d900000)
  from space 512K, 18% used [0x0000000779400000,0x0000000779418000,0x0000000779480000)
  to   space 512K, 0% used [0x0000000779380000,0x0000000779380000,0x0000000779400000)
 ParOldGen       total 173568K, used 2474K [0x00000006c2000000, 0x00000006cc980000, 0x000000076b580000)
  object space 173568K, 1% used [0x00000006c2000000,0x00000006c226a880,0x00000006cc980000)
 Metaspace       used 10861K, capacity 11032K, committed 11392K, reserved 1058816K
  class space    used 1219K, capacity 1283K, committed 1408K, reserved 1048576K
Event: 18.383 GC heap after
Heap after GC invocations=289 (full 0):
 PSYoungGen      total 36352K, used 64K [0x000000076b580000, 0x0000000779480000, 0x00000007c0000000)
  eden space 35840K, 0% used [0x000000076b580000,0x000000076b580000,0x000000076d880000)
  from space 512K, 12% used [0x0000000779380000,0x0000000779390000,0x0000000779400000)
  to   space 512K, 0% used [0x0000000779400000,0x0000000779400000,0x0000000779480000)
 ParOldGen       total 173568K, used 2474K [0x00000006c2000000, 0x00000006cc980000, 0x000000076b580000)
  object space 173568K, 1% used [0x00000006c2000000,0x00000006c226a880,0x00000006cc980000)
 Metaspace       used 10861K, capacity 11032K, committed 11392K, reserved 1058816K
  class space    used 1219K, capacity 1283K, committed 1408K, reserved 1048576K
}
Event: 18.429 GC heap before
{Heap before GC invocations=290 (full 0):
 PSYoungGen      total 36352K, used 35904K [0x000000076b580000, 0x0000000779480000, 0x00000007c0000000)
  eden space 35840K, 100% used [0x000000076b580000,0x000000076d880000,0x000000076d880000)
  from space 512K, 12% used [0x0000000779380000,0x0000000779390000,0x0000000779400000)
  to   space 512K, 0% used [0x0000000779400000,0x0000000779400000,0x0000000779480000)
 ParOldGen       total 173568K, used 2474K [0x00000006c2000000, 0x00000006cc980000, 0x000000076b580000)
  object space 173568K, 1% used [0x00000006c2000000,0x00000006c226a880,0x00000006cc980000)
 Metaspace       used 10861K, capacity 11032K, committed 11392K, reserved 1058816K
  class space    used 1219K, capacity 1283K, committed 1408K, reserved 1048576K
Event: 18.429 GC heap after
Heap after GC invocations=290 (full 0):
 PSYoungGen      total 35840K, used 64K [0x000000076b580000, 0x0000000779480000, 0x00000007c0000000)
  eden space 35328K, 0% used [0x000000076b580000,0x000000076b580000,0x000000076d800000)
  from space 512K, 12% used [0x0000000779400000,0x0000000779410000,0x0000000779480000)
  to   space 512K, 0% used [0x0000000779380000,0x0000000779380000,0x0000000779400000)
 ParOldGen       total 173568K, used 2474K [0x00000006c2000000, 0x00000006cc980000, 0x000000076b580000)
  object space 173568K, 1% used [0x00000006c2000000,0x00000006c226a880,0x00000006cc980000)
 Metaspace       used 10861K, capacity 11032K, committed 11392K, reserved 1058816K
  class space    used 1219K, capacity 1283K, committed 1408K, reserved 1048576K
}
Event: 18.503 GC heap before
{Heap before GC invocations=291 (full 0):
 PSYoungGen      total 35840K, used 35392K [0x000000076b580000, 0x0000000779480000, 0x00000007c0000000)
  eden space 35328K, 100% used [0x000000076b580000,0x000000076d800000,0x000000076d800000)
  from space 512K, 12% used [0x0000000779400000,0x0000000779410000,0x0000000779480000)
  to   space 512K, 0% used [0x0000000779380000,0x0000000779380000,0x0000000779400000)
 ParOldGen       total 173568K, used 2474K [0x00000006c2000000, 0x00000006cc980000, 0x000000076b580000)
  object space 173568K, 1% used [0x00000006c2000000,0x00000006c226a880,0x00000006cc980000)
 Metaspace       used 10866K, capacity 11032K, committed 11392K, reserved 1058816K
  class space    used 1219K, capacity 1283K, committed 1408K, reserved 1048576K
Event: 18.503 GC heap after
Heap after GC invocations=291 (full 0):
 PSYoungGen      total 35328K, used 64K [0x000000076b580000, 0x0000000779480000, 0x00000007c0000000)
  eden space 34816K, 0% used [0x000000076b580000,0x000000076b580000,0x000000076d780000)
  from space 512K, 12% used [0x0000000779380000,0x0000000779390000,0x0000000779400000)
  to   space 512K, 0% used [0x0000000779400000,0x0000000779400000,0x0000000779480000)
 ParOldGen       total 173568K, used 2474K [0x00000006c2000000, 0x00000006cc980000, 0x000000076b580000)
  object space 173568K, 1% used [0x00000006c2000000,0x00000006c226a880,0x00000006cc980000)
 Metaspace       used 10866K, capacity 11032K, committed 11392K, reserved 1058816K
  class space    used 1219K, capacity 1283K, committed 1408K, reserved 1048576K
}

