# JRE version: Java(TM) SE Runtime Environment (8.0_91-b15) (build 1.8.0_91-b15)
# Java VM: Java HotSpot(TM) 64-Bit Server VM (25.91-b15 mixed mode windows-amd64 compressed oops)
Heap:
 PSYoungGen      total 1322496K, used 273524K [0x000000076b580000, 0x00000007c0000000, 0x00000007c0000000)
  eden space 1282560K, 18% used [0x000000076b580000,0x000000077999d238,0x00000007b9a00000)
  from space 39936K, 100% used [0x00000007bd900000,0x00000007c0000000,0x00000007c0000000)
  to   space 52224K, 0% used [0x00000007b9a00000,0x00000007b9a00000,0x00000007bcd00000)
 ParOldGen       total 173568K, used 76809K [0x00000006c2000000, 0x00000006cc980000, 0x000000076b580000)
  object space 173568K, 44% used [0x00000006c2000000,0x00000006c6b02640,0x00000006cc980000)
 Metaspace       used 11584K, capacity 11744K, committed 11904K, reserved 1060864K
  class space    used 1278K, capacity 1342K, committed 1408K, reserved 1048576K
GC Heap History (10 events):
Event: 9.830 GC heap before
{Heap before GC invocations=10 (full 0):
 PSYoungGen      total 527872K, used 527872K [0x000000076b580000, 0x000000079f980000, 0x00000007c0000000)
  eden space 517632K, 100% used [0x000000076b580000,0x000000078af00000,0x000000078af00000)
  from space 10240K, 100% used [0x000000078af00000,0x000000078b900000,0x000000078b900000)
  to   space 13824K, 0% used [0x000000079ec00000,0x000000079ec00000,0x000000079f980000)
 ParOldGen       total 173568K, used 12777K [0x00000006c2000000, 0x00000006cc980000, 0x000000076b580000)
  object space 173568K, 7% used [0x00000006c2000000,0x00000006c2c7a640,0x00000006cc980000)
 Metaspace       used 11521K, capacity 11680K, committed 11904K, reserved 1060864K
  class space    used 1263K, capacity 1342K, committed 1408K, reserved 1048576K
Event: 9.872 GC heap after
Heap after GC invocations=10 (full 0):
 PSYoungGen      total 837632K, used 13824K [0x000000076b580000, 0x00000007a0280000, 0x00000007c0000000)
  eden space 823808K, 0% used [0x000000076b580000,0x000000076b580000,0x000000079da00000)
  from space 13824K, 100% used [0x000000079ec00000,0x000000079f980000,0x000000079f980000)
  to   space 18432K, 0% used [0x000000079da00000,0x000000079da00000,0x000000079ec00000)
 ParOldGen       total 173568K, used 21177K [0x00000006c2000000, 0x00000006cc980000, 0x000000076b580000)
  object space 173568K, 12% used [0x00000006c2000000,0x00000006c34ae640,0x00000006cc980000)
 Metaspace       used 11521K, capacity 11680K, committed 11904K, reserved 1060864K
  class space    used 1263K, capacity 1342K, committed 1408K, reserved 1048576K
}
Event: 13.313 GC heap before
{Heap before GC invocations=11 (full 0):
 PSYoungGen      total 837632K, used 837632K [0x000000076b580000, 0x00000007a0280000, 0x00000007c0000000)
  eden space 823808K, 100% used [0x000000076b580000,0x000000079da00000,0x000000079da00000)
  from space 13824K, 100% used [0x000000079ec00000,0x000000079f980000,0x000000079f980000)
  to   space 18432K, 0% used [0x000000079da00000,0x000000079da00000,0x000000079ec00000)
 ParOldGen       total 173568K, used 21177K [0x00000006c2000000, 0x00000006cc980000, 0x000000076b580000)
  object space 173568K, 12% used [0x00000006c2000000,0x00000006c34ae640,0x00000006cc980000)
 Metaspace       used 11521K, capacity 11680K, committed 11904K, reserved 1060864K
  class space    used 1263K, capacity 1342K, committed 1408K, reserved 1048576K
Event: 13.391 GC heap after
Heap after GC invocations=11 (full 0):
 PSYoungGen      total 842240K, used 18432K [0x000000076b580000, 0x00000007bf300000, 0x00000007c0000000)
  eden space 823808K, 0% used [0x000000076b580000,0x000000076b580000,0x000000079da00000)
  from space 18432K, 100% used [0x000000079da00000,0x000000079ec00000,0x000000079ec00000)
  to   space 27648K, 0% used [0x00000007bd800000,0x00000007bd800000,0x00000007bf300000)
 ParOldGen       total 173568K, used 39969K [0x00000006c2000000, 0x00000006cc980000, 0x000000076b580000)
  object space 173568K, 23% used [0x00000006c2000000,0x00000006c4708640,0x00000006cc980000)
 Metaspace       used 11521K, capacity 11680K, committed 11904K, reserved 1060864K
  class space    used 1263K, capacity 1342K, committed 1408K, reserved 1048576K
}
Event: 16.749 GC heap before
{Heap before GC invocations=12 (full 0):
 PSYoungGen      total 842240K, used 842240K [0x000000076b580000, 0x00000007bf300000, 0x00000007c0000000)
  eden space 823808K, 100% used [0x000000076b580000,0x000000079da00000,0x000000079da00000)
  from space 18432K, 100% used [0x000000079da00000,0x000000079ec00000,0x000000079ec00000)
  to   space 27648K, 0% used [0x00000007bd800000,0x00000007bd800000,0x00000007bf300000)
 ParOldGen       total 173568K, used 39969K [0x00000006c2000000, 0x00000006cc980000, 0x000000076b580000)
  object space 173568K, 23% used [0x00000006c2000000,0x00000006c4708640,0x00000006cc980000)
 Metaspace       used 11521K, capacity 11680K, committed 11904K, reserved 1060864K
  class space    used 1263K, capacity 1342K, committed 1408K, reserved 1048576K
Event: 16.826 GC heap after
Heap after GC invocations=12 (full 0):
 PSYoungGen      total 1342464K, used 27040K [0x000000076b580000, 0x00000007bfa00000, 0x00000007c0000000)
  eden space 1314816K, 0% used [0x000000076b580000,0x000000076b580000,0x00000007bb980000)
  from space 27648K, 97% used [0x00000007bd800000,0x00000007bf268000,0x00000007bf300000)
  to   space 31232K, 0% used [0x00000007bb980000,0x00000007bb980000,0x00000007bd800000)
 ParOldGen       total 173568K, used 48377K [0x00000006c2000000, 0x00000006cc980000, 0x000000076b580000)
  object space 173568K, 27% used [0x00000006c2000000,0x00000006c4f3e640,0x00000006cc980000)
 Metaspace       used 11521K, capacity 11680K, committed 11904K, reserved 1060864K
  class space    used 1263K, capacity 1342K, committed 1408K, reserved 1048576K
}
Event: 22.314 GC heap before
{Heap before GC invocations=13 (full 0):
 PSYoungGen      total 1342464K, used 1341856K [0x000000076b580000, 0x00000007bfa00000, 0x00000007c0000000)
  eden space 1314816K, 100% used [0x000000076b580000,0x00000007bb980000,0x00000007bb980000)
  from space 27648K, 97% used [0x00000007bd800000,0x00000007bf268000,0x00000007bf300000)
  to   space 31232K, 0% used [0x00000007bb980000,0x00000007bb980000,0x00000007bd800000)
 ParOldGen       total 173568K, used 48377K [0x00000006c2000000, 0x00000006cc980000, 0x000000076b580000)
  object space 173568K, 27% used [0x00000006c2000000,0x00000006c4f3e640,0x00000006cc980000)
 Metaspace       used 11567K, capacity 11744K, committed 11904K, reserved 1060864K
  class space    used 1277K, capacity 1342K, committed 1408K, reserved 1048576K
Event: 22.428 GC heap after
Heap after GC invocations=13 (full 0):
 PSYoungGen      total 1346048K, used 31232K [0x000000076b580000, 0x00000007c0000000, 0x00000007c0000000)
  eden space 1314816K, 0% used [0x000000076b580000,0x000000076b580000,0x00000007bb980000)
  from space 31232K, 100% used [0x00000007bb980000,0x00000007bd800000,0x00000007bd800000)
  to   space 39936K, 0% used [0x00000007bd900000,0x00000007bd900000,0x00000007c0000000)
 ParOldGen       total 173568K, used 60017K [0x00000006c2000000, 0x00000006cc980000, 0x000000076b580000)
  object space 173568K, 34% used [0x00000006c2000000,0x00000006c5a9c640,0x00000006cc980000)
 Metaspace       used 11567K, capacity 11744K, committed 11904K, reserved 1060864K
  class space    used 1277K, capacity 1342K, committed 1408K, reserved 1048576K
}
Event: 28.617 GC heap before
{Heap before GC invocations=14 (full 0):
 PSYoungGen      total 1346048K, used 1346048K [0x000000076b580000, 0x00000007c0000000, 0x00000007c0000000)
  eden space 1314816K, 100% used [0x000000076b580000,0x00000007bb980000,0x00000007bb980000)
  from space 31232K, 100% used [0x00000007bb980000,0x00000007bd800000,0x00000007bd800000)
  to   space 39936K, 0% used [0x00000007bd900000,0x00000007bd900000,0x00000007c0000000)
 ParOldGen       total 173568K, used 60017K [0x00000006c2000000, 0x00000006cc980000, 0x000000076b580000)
  object space 173568K, 34% used [0x00000006c2000000,0x00000006c5a9c640,0x00000006cc980000)
 Metaspace       used 11567K, capacity 11744K, committed 11904K, reserved 1060864K
  class space    used 1277K, capacity 1342K, committed 1408K, reserved 1048576K
Event: 28.738 GC heap after
Heap after GC invocations=14 (full 0):
 PSYoungGen      total 1322496K, used 39936K [0x000000076b580000, 0x00000007c0000000, 0x00000007c0000000)
  eden space 1282560K, 0% used [0x000000076b580000,0x000000076b580000,0x00000007b9a00000)
  from space 39936K, 100% used [0x00000007bd900000,0x00000007c0000000,0x00000007c0000000)
  to   space 52224K, 0% used [0x00000007b9a00000,0x00000007b9a00000,0x00000007bcd00000)
 ParOldGen       total 173568K, used 76809K [0x00000006c2000000, 0x00000006cc980000, 0x000000076b580000)
  object space 173568K, 44% used [0x00000006c2000000,0x00000006c6b02640,0x00000006cc980000)
 Metaspace       used 11567K, capacity 11744K, committed 11904K, reserved 1060864K
  class space    used 1277K, capacity 1342K, committed 1408K, reserved 1048576K
}

