# JRE version: Java(TM) SE Runtime Environment (8.0_91-b15) (build 1.8.0_91-b15)
# Java VM: Java HotSpot(TM) 64-Bit Server VM (25.91-b15 mixed mode windows-amd64 compressed oops)
Heap:
 PSYoungGen      total 935424K, used 464603K [0x000000076b580000, 0x00000007bd180000, 0x00000007c0000000)
  eden space 926208K, 49% used [0x000000076b580000,0x00000007872a6db8,0x00000007a3e00000)
  from space 9216K, 95% used [0x00000007bbc80000,0x00000007bc510010,0x00000007bc580000)
  to   space 12288K, 0% used [0x00000007bc580000,0x00000007bc580000,0x00000007bd180000)
 ParOldGen       total 173568K, used 14002K [0x00000006c2000000, 0x00000006cc980000, 0x000000076b580000)
  object space 173568K, 8% used [0x00000006c2000000,0x00000006c2dac8e0,0x00000006cc980000)
 Metaspace       used 16557K, capacity 16774K, committed 17024K, reserved 1064960K
  class space    used 1750K, capacity 1818K, committed 1920K, reserved 1048576K
GC Heap History (10 events):
Event: 24.571 GC heap before
{Heap before GC invocations=19 (full 0):
 PSYoungGen      total 1183232K, used 1183232K [0x000000076b580000, 0x00000007bf300000, 0x00000007c0000000)
  eden space 1177088K, 100% used [0x000000076b580000,0x00000007b3300000,0x00000007b3300000)
  from space 6144K, 100% used [0x00000007bed00000,0x00000007bf300000,0x00000007bf300000)
  to   space 16384K, 0% used [0x00000007bd300000,0x00000007bd300000,0x00000007be300000)
 ParOldGen       total 173568K, used 13754K [0x00000006c2000000, 0x00000006cc980000, 0x000000076b580000)
  object space 173568K, 7% used [0x00000006c2000000,0x00000006c2d6e8e0,0x00000006cc980000)
 Metaspace       used 16513K, capacity 16710K, committed 17024K, reserved 1064960K
  class space    used 1747K, capacity 1818K, committed 1920K, reserved 1048576K
Event: 24.587 GC heap after
Heap after GC invocations=19 (full 0):
 PSYoungGen      total 1132544K, used 10720K [0x000000076b580000, 0x00000007bed80000, 0x00000007c0000000)
  eden space 1121792K, 0% used [0x000000076b580000,0x000000076b580000,0x00000007afd00000)
  from space 10752K, 99% used [0x00000007bd300000,0x00000007bdd78010,0x00000007bdd80000)
  to   space 16384K, 0% used [0x00000007bdd80000,0x00000007bdd80000,0x00000007bed80000)
 ParOldGen       total 173568K, used 13842K [0x00000006c2000000, 0x00000006cc980000, 0x000000076b580000)
  object space 173568K, 7% used [0x00000006c2000000,0x00000006c2d848e0,0x00000006cc980000)
 Metaspace       used 16513K, capacity 16710K, committed 17024K, reserved 1064960K
  class space    used 1747K, capacity 1818K, committed 1920K, reserved 1048576K
}
Event: 26.387 GC heap before
{Heap before GC invocations=20 (full 0):
 PSYoungGen      total 1132544K, used 1132512K [0x000000076b580000, 0x00000007bed80000, 0x00000007c0000000)
  eden space 1121792K, 100% used [0x000000076b580000,0x00000007afd00000,0x00000007afd00000)
  from space 10752K, 99% used [0x00000007bd300000,0x00000007bdd78010,0x00000007bdd80000)
  to   space 16384K, 0% used [0x00000007bdd80000,0x00000007bdd80000,0x00000007bed80000)
 ParOldGen       total 173568K, used 13842K [0x00000006c2000000, 0x00000006cc980000, 0x000000076b580000)
  object space 173568K, 7% used [0x00000006c2000000,0x00000006c2d848e0,0x00000006cc980000)
 Metaspace       used 16539K, capacity 16774K, committed 17024K, reserved 1064960K
  class space    used 1750K, capacity 1818K, committed 1920K, reserved 1048576K
Event: 26.402 GC heap after
Heap after GC invocations=20 (full 0):
 PSYoungGen      total 1079296K, used 9984K [0x000000076b580000, 0x00000007be780000, 0x00000007c0000000)
  eden space 1069056K, 0% used [0x000000076b580000,0x000000076b580000,0x00000007ac980000)
  from space 10240K, 97% used [0x00000007bdd80000,0x00000007be740000,0x00000007be780000)
  to   space 16384K, 0% used [0x00000007bc780000,0x00000007bc780000,0x00000007bd780000)
 ParOldGen       total 173568K, used 13898K [0x00000006c2000000, 0x00000006cc980000, 0x000000076b580000)
  object space 173568K, 8% used [0x00000006c2000000,0x00000006c2d928e0,0x00000006cc980000)
 Metaspace       used 16539K, capacity 16774K, committed 17024K, reserved 1064960K
  class space    used 1750K, capacity 1818K, committed 1920K, reserved 1048576K
}
Event: 28.049 GC heap before
{Heap before GC invocations=21 (full 0):
 PSYoungGen      total 1079296K, used 1079040K [0x000000076b580000, 0x00000007be780000, 0x00000007c0000000)
  eden space 1069056K, 100% used [0x000000076b580000,0x00000007ac980000,0x00000007ac980000)
  from space 10240K, 97% used [0x00000007bdd80000,0x00000007be740000,0x00000007be780000)
  to   space 16384K, 0% used [0x00000007bc780000,0x00000007bc780000,0x00000007bd780000)
 ParOldGen       total 173568K, used 13898K [0x00000006c2000000, 0x00000006cc980000, 0x000000076b580000)
  object space 173568K, 8% used [0x00000006c2000000,0x00000006c2d928e0,0x00000006cc980000)
 Metaspace       used 16541K, capacity 16774K, committed 17024K, reserved 1064960K
  class space    used 1750K, capacity 1818K, committed 1920K, reserved 1048576K
Event: 28.063 GC heap after
Heap after GC invocations=21 (full 0):
 PSYoungGen      total 1028608K, used 9568K [0x000000076b580000, 0x00000007bde00000, 0x00000007c0000000)
  eden space 1018880K, 0% used [0x000000076b580000,0x000000076b580000,0x00000007a9880000)
  from space 9728K, 98% used [0x00000007bc780000,0x00000007bd0d8010,0x00000007bd100000)
  to   space 13312K, 0% used [0x00000007bd100000,0x00000007bd100000,0x00000007bde00000)
 ParOldGen       total 173568K, used 13930K [0x00000006c2000000, 0x00000006cc980000, 0x000000076b580000)
  object space 173568K, 8% used [0x00000006c2000000,0x00000006c2d9a8e0,0x00000006cc980000)
 Metaspace       used 16541K, capacity 16774K, committed 17024K, reserved 1064960K
  class space    used 1750K, capacity 1818K, committed 1920K, reserved 1048576K
}
Event: 29.656 GC heap before
{Heap before GC invocations=22 (full 0):
 PSYoungGen      total 1028608K, used 1028448K [0x000000076b580000, 0x00000007bde00000, 0x00000007c0000000)
  eden space 1018880K, 100% used [0x000000076b580000,0x00000007a9880000,0x00000007a9880000)
  from space 9728K, 98% used [0x00000007bc780000,0x00000007bd0d8010,0x00000007bd100000)
  to   space 13312K, 0% used [0x00000007bd100000,0x00000007bd100000,0x00000007bde00000)
 ParOldGen       total 173568K, used 13930K [0x00000006c2000000, 0x00000006cc980000, 0x000000076b580000)
  object space 173568K, 8% used [0x00000006c2000000,0x00000006c2d9a8e0,0x00000006cc980000)
 Metaspace       used 16541K, capacity 16774K, committed 17024K, reserved 1064960K
  class space    used 1750K, capacity 1818K, committed 1920K, reserved 1048576K
Event: 29.670 GC heap after
Heap after GC invocations=22 (full 0):
 PSYoungGen      total 980992K, used 9344K [0x000000076b580000, 0x00000007bda80000, 0x00000007c0000000)
  eden space 971264K, 0% used [0x000000076b580000,0x000000076b580000,0x00000007a6a00000)
  from space 9728K, 96% used [0x00000007bd100000,0x00000007bda20010,0x00000007bda80000)
  to   space 15360K, 0% used [0x00000007bbc80000,0x00000007bbc80000,0x00000007bcb80000)
 ParOldGen       total 173568K, used 13970K [0x00000006c2000000, 0x00000006cc980000, 0x000000076b580000)
  object space 173568K, 8% used [0x00000006c2000000,0x00000006c2da48e0,0x00000006cc980000)
 Metaspace       used 16541K, capacity 16774K, committed 17024K, reserved 1064960K
  class space    used 1750K, capacity 1818K, committed 1920K, reserved 1048576K
}
Event: 31.240 GC heap before
{Heap before GC invocations=23 (full 0):
 PSYoungGen      total 980992K, used 980608K [0x000000076b580000, 0x00000007bda80000, 0x00000007c0000000)
  eden space 971264K, 100% used [0x000000076b580000,0x00000007a6a00000,0x00000007a6a00000)
  from space 9728K, 96% used [0x00000007bd100000,0x00000007bda20010,0x00000007bda80000)
  to   space 15360K, 0% used [0x00000007bbc80000,0x00000007bbc80000,0x00000007bcb80000)
 ParOldGen       total 173568K, used 13970K [0x00000006c2000000, 0x00000006cc980000, 0x000000076b580000)
  object space 173568K, 8% used [0x00000006c2000000,0x00000006c2da48e0,0x00000006cc980000)
 Metaspace       used 16555K, capacity 16774K, committed 17024K, reserved 1064960K
  class space    used 1750K, capacity 1818K, committed 1920K, reserved 1048576K
Event: 31.255 GC heap after
Heap after GC invocations=23 (full 0):
 PSYoungGen      total 935424K, used 8768K [0x000000076b580000, 0x00000007bd180000, 0x00000007c0000000)
  eden space 926208K, 0% used [0x000000076b580000,0x000000076b580000,0x00000007a3e00000)
  from space 9216K, 95% used [0x00000007bbc80000,0x00000007bc510010,0x00000007bc580000)
  to   space 12288K, 0% used [0x00000007bc580000,0x00000007bc580000,0x00000007bd180000)
 ParOldGen       total 173568K, used 14002K [0x00000006c2000000, 0x00000006cc980000, 0x000000076b580000)
  object space 173568K, 8% used [0x00000006c2000000,0x00000006c2dac8e0,0x00000006cc980000)
 Metaspace       used 16555K, capacity 16774K, committed 17024K, reserved 1064960K
  class space    used 1750K, capacity 1818K, committed 1920K, reserved 1048576K
}

