# JRE version: Java(TM) SE Runtime Environment (8.0_91-b15) (build 1.8.0_91-b15)
# Java VM: Java HotSpot(TM) 64-Bit Server VM (25.91-b15 mixed mode windows-amd64 compressed oops)
Heap:
 PSYoungGen      total 1298432K, used 403328K [0x000000076b580000, 0x00000007bfc00000, 0x00000007c0000000)
  eden space 1214976K, 28% used [0x000000076b580000,0x0000000780a883d8,0x00000007b5800000)
  from space 83456K, 64% used [0x00000007b5800000,0x00000007b8cd8000,0x00000007ba980000)
  to   space 81920K, 0% used [0x00000007bac00000,0x00000007bac00000,0x00000007bfc00000)
 ParOldGen       total 173568K, used 95426K [0x00000006c2000000, 0x00000006cc980000, 0x000000076b580000)
  object space 173568K, 54% used [0x00000006c2000000,0x00000006c7d30b98,0x00000006cc980000)
 Metaspace       used 10898K, capacity 11064K, committed 11392K, reserved 1058816K
  class space    used 1223K, capacity 1315K, committed 1408K, reserved 1048576K
GC Heap History (10 events):
Event: 61.958 GC heap before
{Heap before GC invocations=25 (full 0):
 PSYoungGen      total 1296896K, used 1261536K [0x000000076b580000, 0x00000007c0000000, 0x00000007c0000000)
  eden space 1207808K, 100% used [0x000000076b580000,0x00000007b5100000,0x00000007b5100000)
  from space 89088K, 60% used [0x00000007ba780000,0x00000007bdbf8000,0x00000007bfe80000)
  to   space 88576K, 0% used [0x00000007b5100000,0x00000007b5100000,0x00000007ba780000)
 ParOldGen       total 173568K, used 95330K [0x00000006c2000000, 0x00000006cc980000, 0x000000076b580000)
  object space 173568K, 54% used [0x00000006c2000000,0x00000006c7d18b98,0x00000006cc980000)
 Metaspace       used 10838K, capacity 11032K, committed 11392K, reserved 1058816K
  class space    used 1220K, capacity 1283K, committed 1408K, reserved 1048576K
Event: 62.108 GC heap after
Heap after GC invocations=25 (full 0):
 PSYoungGen      total 1296384K, used 52864K [0x000000076b580000, 0x00000007bfc80000, 0x00000007c0000000)
  eden space 1207808K, 0% used [0x000000076b580000,0x000000076b580000,0x00000007b5100000)
  from space 88576K, 59% used [0x00000007b5100000,0x00000007b84a0000,0x00000007ba780000)
  to   space 87040K, 0% used [0x00000007ba780000,0x00000007ba780000,0x00000007bfc80000)
 ParOldGen       total 173568K, used 95346K [0x00000006c2000000, 0x00000006cc980000, 0x000000076b580000)
  object space 173568K, 54% used [0x00000006c2000000,0x00000006c7d1cb98,0x00000006cc980000)
 Metaspace       used 10838K, capacity 11032K, committed 11392K, reserved 1058816K
  class space    used 1220K, capacity 1283K, committed 1408K, reserved 1048576K
}
Event: 65.853 GC heap before
{Heap before GC invocations=26 (full 0):
 PSYoungGen      total 1296384K, used 1260672K [0x000000076b580000, 0x00000007bfc80000, 0x00000007c0000000)
  eden space 1207808K, 100% used [0x000000076b580000,0x00000007b5100000,0x00000007b5100000)
  from space 88576K, 59% used [0x00000007b5100000,0x00000007b84a0000,0x00000007ba780000)
  to   space 87040K, 0% used [0x00000007ba780000,0x00000007ba780000,0x00000007bfc80000)
 ParOldGen       total 173568K, used 95346K [0x00000006c2000000, 0x00000006cc980000, 0x000000076b580000)
  object space 173568K, 54% used [0x00000006c2000000,0x00000006c7d1cb98,0x00000006cc980000)
 Metaspace       used 10843K, capacity 11032K, committed 11392K, reserved 1058816K
  class space    used 1220K, capacity 1283K, committed 1408K, reserved 1048576K
Event: 65.988 GC heap after
Heap after GC invocations=26 (full 0):
 PSYoungGen      total 1297408K, used 53184K [0x000000076b580000, 0x00000007bfc80000, 0x00000007c0000000)
  eden space 1210368K, 0% used [0x000000076b580000,0x000000076b580000,0x00000007b5380000)
  from space 87040K, 61% used [0x00000007ba780000,0x00000007bdb70000,0x00000007bfc80000)
  to   space 86016K, 0% used [0x00000007b5380000,0x00000007b5380000,0x00000007ba780000)
 ParOldGen       total 173568K, used 95362K [0x00000006c2000000, 0x00000006cc980000, 0x000000076b580000)
  object space 173568K, 54% used [0x00000006c2000000,0x00000006c7d20b98,0x00000006cc980000)
 Metaspace       used 10843K, capacity 11032K, committed 11392K, reserved 1058816K
  class space    used 1220K, capacity 1283K, committed 1408K, reserved 1048576K
}
Event: 69.525 GC heap before
{Heap before GC invocations=27 (full 0):
 PSYoungGen      total 1297408K, used 1263552K [0x000000076b580000, 0x00000007bfc80000, 0x00000007c0000000)
  eden space 1210368K, 100% used [0x000000076b580000,0x00000007b5380000,0x00000007b5380000)
  from space 87040K, 61% used [0x00000007ba780000,0x00000007bdb70000,0x00000007bfc80000)
  to   space 86016K, 0% used [0x00000007b5380000,0x00000007b5380000,0x00000007ba780000)
 ParOldGen       total 173568K, used 95362K [0x00000006c2000000, 0x00000006cc980000, 0x000000076b580000)
  object space 173568K, 54% used [0x00000006c2000000,0x00000006c7d20b98,0x00000006cc980000)
 Metaspace       used 10843K, capacity 11032K, committed 11392K, reserved 1058816K
  class space    used 1220K, capacity 1283K, committed 1408K, reserved 1048576K
Event: 69.664 GC heap after
Heap after GC invocations=27 (full 0):
 PSYoungGen      total 1296384K, used 53888K [0x000000076b580000, 0x00000007bfc00000, 0x00000007c0000000)
  eden space 1210368K, 0% used [0x000000076b580000,0x000000076b580000,0x00000007b5380000)
  from space 86016K, 62% used [0x00000007b5380000,0x00000007b8820000,0x00000007ba780000)
  to   space 84480K, 0% used [0x00000007ba980000,0x00000007ba980000,0x00000007bfc00000)
 ParOldGen       total 173568K, used 95386K [0x00000006c2000000, 0x00000006cc980000, 0x000000076b580000)
  object space 173568K, 54% used [0x00000006c2000000,0x00000006c7d26b98,0x00000006cc980000)
 Metaspace       used 10843K, capacity 11032K, committed 11392K, reserved 1058816K
  class space    used 1220K, capacity 1283K, committed 1408K, reserved 1048576K
}
Event: 73.188 GC heap before
{Heap before GC invocations=28 (full 0):
 PSYoungGen      total 1296384K, used 1264256K [0x000000076b580000, 0x00000007bfc00000, 0x00000007c0000000)
  eden space 1210368K, 100% used [0x000000076b580000,0x00000007b5380000,0x00000007b5380000)
  from space 86016K, 62% used [0x00000007b5380000,0x00000007b8820000,0x00000007ba780000)
  to   space 84480K, 0% used [0x00000007ba980000,0x00000007ba980000,0x00000007bfc00000)
 ParOldGen       total 173568K, used 95386K [0x00000006c2000000, 0x00000006cc980000, 0x000000076b580000)
  object space 173568K, 54% used [0x00000006c2000000,0x00000006c7d26b98,0x00000006cc980000)
 Metaspace       used 10881K, capacity 11064K, committed 11392K, reserved 1058816K
  class space    used 1223K, capacity 1315K, committed 1408K, reserved 1048576K
Event: 73.333 GC heap after
Heap after GC invocations=28 (full 0):
 PSYoungGen      total 1299456K, used 53152K [0x000000076b580000, 0x00000007bfc80000, 0x00000007c0000000)
  eden space 1214976K, 0% used [0x000000076b580000,0x000000076b580000,0x00000007b5800000)
  from space 84480K, 62% used [0x00000007ba980000,0x00000007bdd68000,0x00000007bfc00000)
  to   space 83456K, 0% used [0x00000007b5800000,0x00000007b5800000,0x00000007ba980000)
 ParOldGen       total 173568K, used 95394K [0x00000006c2000000, 0x00000006cc980000, 0x000000076b580000)
  object space 173568K, 54% used [0x00000006c2000000,0x00000006c7d28b98,0x00000006cc980000)
 Metaspace       used 10881K, capacity 11064K, committed 11392K, reserved 1058816K
  class space    used 1223K, capacity 1315K, committed 1408K, reserved 1048576K
}
Event: 76.875 GC heap before
{Heap before GC invocations=29 (full 0):
 PSYoungGen      total 1299456K, used 1268128K [0x000000076b580000, 0x00000007bfc80000, 0x00000007c0000000)
  eden space 1214976K, 100% used [0x000000076b580000,0x00000007b5800000,0x00000007b5800000)
  from space 84480K, 62% used [0x00000007ba980000,0x00000007bdd68000,0x00000007bfc00000)
  to   space 83456K, 0% used [0x00000007b5800000,0x00000007b5800000,0x00000007ba980000)
 ParOldGen       total 173568K, used 95394K [0x00000006c2000000, 0x00000006cc980000, 0x000000076b580000)
  object space 173568K, 54% used [0x00000006c2000000,0x00000006c7d28b98,0x00000006cc980000)
 Metaspace       used 10881K, capacity 11064K, committed 11392K, reserved 1058816K
  class space    used 1223K, capacity 1315K, committed 1408K, reserved 1048576K
Event: 77.016 GC heap after
Heap after GC invocations=29 (full 0):
 PSYoungGen      total 1298432K, used 54112K [0x000000076b580000, 0x00000007bfc00000, 0x00000007c0000000)
  eden space 1214976K, 0% used [0x000000076b580000,0x000000076b580000,0x00000007b5800000)
  from space 83456K, 64% used [0x00000007b5800000,0x00000007b8cd8000,0x00000007ba980000)
  to   space 81920K, 0% used [0x00000007bac00000,0x00000007bac00000,0x00000007bfc00000)
 ParOldGen       total 173568K, used 95426K [0x00000006c2000000, 0x00000006cc980000, 0x000000076b580000)
  object space 173568K, 54% used [0x00000006c2000000,0x00000006c7d30b98,0x00000006cc980000)
 Metaspace       used 10881K, capacity 11064K, committed 11392K, reserved 1058816K
  class space    used 1223K, capacity 1315K, committed 1408K, reserved 1048576K
}

