# JRE version: Java(TM) SE Runtime Environment (8.0_91-b15) (build 1.8.0_91-b15)
# Java VM: Java HotSpot(TM) 64-Bit Server VM (25.91-b15 mixed mode windows-amd64 compressed oops)
Heap:
 PSYoungGen      total 99328K, used 90147K [0x000000076b580000, 0x0000000774c00000, 0x00000007c0000000)
  eden space 58368K, 93% used [0x000000076b580000,0x000000076eaca420,0x000000076ee80000)
  from space 40960K, 86% used [0x0000000771b80000,0x0000000773e3ea28,0x0000000774380000)
  to   space 46080K, 0% used [0x000000076ee80000,0x000000076ee80000,0x0000000771b80000)
 ParOldGen       total 173568K, used 108847K [0x00000006c2000000, 0x00000006cc980000, 0x000000076b580000)
  object space 173568K, 62% used [0x00000006c2000000,0x00000006c8a4bcb8,0x00000006cc980000)
 Metaspace       used 12688K, capacity 12868K, committed 13056K, reserved 1060864K
  class space    used 1372K, capacity 1440K, committed 1536K, reserved 1048576K
GC Heap History (10 events):
Event: 4.817 GC heap before
{Heap before GC invocations=2 (full 0):
 PSYoungGen      total 75776K, used 75754K [0x000000076b580000, 0x0000000770a00000, 0x00000007c0000000)
  eden space 65024K, 100% used [0x000000076b580000,0x000000076f500000,0x000000076f500000)
  from space 10752K, 99% used [0x000000076f500000,0x000000076ff7a9e8,0x000000076ff80000)
  to   space 10752K, 0% used [0x000000076ff80000,0x000000076ff80000,0x0000000770a00000)
 ParOldGen       total 173568K, used 12614K [0x00000006c2000000, 0x00000006cc980000, 0x000000076b580000)
  object space 173568K, 7% used [0x00000006c2000000,0x00000006c2c519e0,0x00000006cc980000)
 Metaspace       used 12401K, capacity 12612K, committed 12800K, reserved 1060864K
  class space    used 1368K, capacity 1440K, committed 1536K, reserved 1048576K
Event: 4.824 GC heap after
Heap after GC invocations=2 (full 0):
 PSYoungGen      total 75776K, used 10743K [0x000000076b580000, 0x0000000770a00000, 0x00000007c0000000)
  eden space 65024K, 0% used [0x000000076b580000,0x000000076b580000,0x000000076f500000)
  from space 10752K, 99% used [0x000000076ff80000,0x00000007709fdea8,0x0000000770a00000)
  to   space 10752K, 0% used [0x000000076f500000,0x000000076f500000,0x000000076ff80000)
 ParOldGen       total 173568K, used 35316K [0x00000006c2000000, 0x00000006cc980000, 0x000000076b580000)
  object space 173568K, 20% used [0x00000006c2000000,0x00000006c427d340,0x00000006cc980000)
 Metaspace       used 12401K, capacity 12612K, committed 12800K, reserved 1060864K
  class space    used 1368K, capacity 1440K, committed 1536K, reserved 1048576K
}
Event: 8.849 GC heap before
{Heap before GC invocations=3 (full 0):
 PSYoungGen      total 75776K, used 75767K [0x000000076b580000, 0x0000000770a00000, 0x00000007c0000000)
  eden space 65024K, 100% used [0x000000076b580000,0x000000076f500000,0x000000076f500000)
  from space 10752K, 99% used [0x000000076ff80000,0x00000007709fdea8,0x0000000770a00000)
  to   space 10752K, 0% used [0x000000076f500000,0x000000076f500000,0x000000076ff80000)
 ParOldGen       total 173568K, used 35323K [0x00000006c2000000, 0x00000006cc980000, 0x000000076b580000)
  object space 173568K, 20% used [0x00000006c2000000,0x00000006c427edb8,0x00000006cc980000)
 Metaspace       used 12495K, capacity 12740K, committed 13056K, reserved 1060864K
  class space    used 1368K, capacity 1440K, committed 1536K, reserved 1048576K
Event: 8.855 GC heap after
Heap after GC invocations=3 (full 0):
 PSYoungGen      total 75776K, used 10724K [0x000000076b580000, 0x0000000770a00000, 0x00000007c0000000)
  eden space 65024K, 0% used [0x000000076b580000,0x000000076b580000,0x000000076f500000)
  from space 10752K, 99% used [0x000000076f500000,0x000000076ff79388,0x000000076ff80000)
  to   space 10752K, 0% used [0x000000076ff80000,0x000000076ff80000,0x0000000770a00000)
 ParOldGen       total 173568K, used 55501K [0x00000006c2000000, 0x00000006cc980000, 0x000000076b580000)
  object space 173568K, 31% used [0x00000006c2000000,0x00000006c56334f8,0x00000006cc980000)
 Metaspace       used 12495K, capacity 12740K, committed 13056K, reserved 1060864K
  class space    used 1368K, capacity 1440K, committed 1536K, reserved 1048576K
}
Event: 10.467 GC heap before
{Heap before GC invocations=4 (full 0):
 PSYoungGen      total 75776K, used 75748K [0x000000076b580000, 0x0000000770a00000, 0x00000007c0000000)
  eden space 65024K, 100% used [0x000000076b580000,0x000000076f500000,0x000000076f500000)
  from space 10752K, 99% used [0x000000076f500000,0x000000076ff79388,0x000000076ff80000)
  to   space 10752K, 0% used [0x000000076ff80000,0x000000076ff80000,0x0000000770a00000)
 ParOldGen       total 173568K, used 55501K [0x00000006c2000000, 0x00000006cc980000, 0x000000076b580000)
  object space 173568K, 31% used [0x00000006c2000000,0x00000006c56334f8,0x00000006cc980000)
 Metaspace       used 12513K, capacity 12740K, committed 13056K, reserved 1060864K
  class space    used 1368K, capacity 1440K, committed 1536K, reserved 1048576K
Event: 10.473 GC heap after
Heap after GC invocations=4 (full 0):
 PSYoungGen      total 75776K, used 10567K [0x000000076b580000, 0x0000000770a00000, 0x00000007c0000000)
  eden space 65024K, 0% used [0x000000076b580000,0x000000076b580000,0x000000076f500000)
  from space 10752K, 98% used [0x000000076ff80000,0x00000007709d1eb8,0x0000000770a00000)
  to   space 10752K, 0% used [0x000000076f500000,0x000000076f500000,0x000000076ff80000)
 ParOldGen       total 173568K, used 82535K [0x00000006c2000000, 0x00000006cc980000, 0x000000076b580000)
  object space 173568K, 47% used [0x00000006c2000000,0x00000006c7099db8,0x00000006cc980000)
 Metaspace       used 12513K, capacity 12740K, committed 13056K, reserved 1060864K
  class space    used 1368K, capacity 1440K, committed 1536K, reserved 1048576K
}
Event: 11.470 GC heap before
{Heap before GC invocations=5 (full 0):
 PSYoungGen      total 75776K, used 75591K [0x000000076b580000, 0x0000000770a00000, 0x00000007c0000000)
  eden space 65024K, 100% used [0x000000076b580000,0x000000076f500000,0x000000076f500000)
  from space 10752K, 98% used [0x000000076ff80000,0x00000007709d1eb8,0x0000000770a00000)
  to   space 10752K, 0% used [0x000000076f500000,0x000000076f500000,0x000000076ff80000)
 ParOldGen       total 173568K, used 82535K [0x00000006c2000000, 0x00000006cc980000, 0x000000076b580000)
  object space 173568K, 47% used [0x00000006c2000000,0x00000006c7099db8,0x00000006cc980000)
 Metaspace       used 12593K, capacity 12804K, committed 13056K, reserved 1060864K
  class space    used 1368K, capacity 1440K, committed 1536K, reserved 1048576K
Event: 11.478 GC heap after
Heap after GC invocations=5 (full 0):
 PSYoungGen      total 74240K, used 10631K [0x000000076b580000, 0x0000000774380000, 0x00000007c0000000)
  eden space 63488K, 0% used [0x000000076b580000,0x000000076b580000,0x000000076f380000)
  from space 10752K, 98% used [0x000000076f500000,0x000000076ff61eb8,0x000000076ff80000)
  to   space 40960K, 0% used [0x0000000771b80000,0x0000000771b80000,0x0000000774380000)
 ParOldGen       total 173568K, used 108839K [0x00000006c2000000, 0x00000006cc980000, 0x000000076b580000)
  object space 173568K, 62% used [0x00000006c2000000,0x00000006c8a49cb8,0x00000006cc980000)
 Metaspace       used 12593K, capacity 12804K, committed 13056K, reserved 1060864K
  class space    used 1368K, capacity 1440K, committed 1536K, reserved 1048576K
}
Event: 12.438 GC heap before
{Heap before GC invocations=6 (full 0):
 PSYoungGen      total 74240K, used 74119K [0x000000076b580000, 0x0000000774380000, 0x00000007c0000000)
  eden space 63488K, 100% used [0x000000076b580000,0x000000076f380000,0x000000076f380000)
  from space 10752K, 98% used [0x000000076f500000,0x000000076ff61eb8,0x000000076ff80000)
  to   space 40960K, 0% used [0x0000000771b80000,0x0000000771b80000,0x0000000774380000)
 ParOldGen       total 173568K, used 108839K [0x00000006c2000000, 0x00000006cc980000, 0x000000076b580000)
  object space 173568K, 62% used [0x00000006c2000000,0x00000006c8a49cb8,0x00000006cc980000)
 Metaspace       used 12621K, capacity 12804K, committed 13056K, reserved 1060864K
  class space    used 1371K, capacity 1440K, committed 1536K, reserved 1048576K
Event: 12.445 GC heap after
Heap after GC invocations=6 (full 0):
 PSYoungGen      total 99328K, used 35578K [0x000000076b580000, 0x0000000774c00000, 0x00000007c0000000)
  eden space 58368K, 0% used [0x000000076b580000,0x000000076b580000,0x000000076ee80000)
  from space 40960K, 86% used [0x0000000771b80000,0x0000000773e3ea28,0x0000000774380000)
  to   space 46080K, 0% used [0x000000076ee80000,0x000000076ee80000,0x0000000771b80000)
 ParOldGen       total 173568K, used 108847K [0x00000006c2000000, 0x00000006cc980000, 0x000000076b580000)
  object space 173568K, 62% used [0x00000006c2000000,0x00000006c8a4bcb8,0x00000006cc980000)
 Metaspace       used 12621K, capacity 12804K, committed 13056K, reserved 1060864K
  class space    used 1371K, capacity 1440K, committed 1536K, reserved 1048576K
}

