# JRE version: Java(TM) SE Runtime Environment (8.0_91-b15) (build 1.8.0_91-b15)
# Java VM: Java HotSpot(TM) 64-Bit Server VM (25.91-b15 mixed mode windows-amd64 compressed oops)
Heap:
 PSYoungGen      total 77824K, used 62461K [0x000000076b580000, 0x0000000774f00000, 0x00000007c0000000)
  eden space 48640K, 69% used [0x000000076b580000,0x000000076d675870,0x000000076e500000)
  from space 29184K, 98% used [0x000000076e600000,0x0000000770209c40,0x0000000770280000)
  to   space 54272K, 0% used [0x0000000771a00000,0x0000000771a00000,0x0000000774f00000)
 ParOldGen       total 720384K, used 617977K [0x00000006c2000000, 0x00000006edf80000, 0x000000076b580000)
  object space 720384K, 85% used [0x00000006c2000000,0x00000006e7b7e758,0x00000006edf80000)
 Metaspace       used 12862K, capacity 13064K, committed 13312K, reserved 1060864K
  class space    used 1372K, capacity 1440K, committed 1536K, reserved 1048576K
GC Heap History (10 events):
Event: 53.213 GC heap before
{Heap before GC invocations=40 (full 6):
 PSYoungGen      total 92160K, used 86427K [0x000000076b580000, 0x0000000773780000, 0x00000007c0000000)
  eden space 56320K, 100% used [0x000000076b580000,0x000000076ec80000,0x000000076ec80000)
  from space 35840K, 84% used [0x000000076ed80000,0x0000000770ae6fc0,0x0000000771080000)
  to   space 38400K, 0% used [0x0000000771200000,0x0000000771200000,0x0000000773780000)
 ParOldGen       total 635904K, used 567101K [0x00000006c2000000, 0x00000006e8d00000, 0x000000076b580000)
  object space 635904K, 89% used [0x00000006c2000000,0x00000006e49cf4d8,0x00000006e8d00000)
 Metaspace       used 12854K, capacity 13064K, committed 13312K, reserved 1060864K
  class space    used 1372K, capacity 1440K, committed 1536K, reserved 1048576K
Event: 53.220 GC heap after
Heap after GC invocations=40 (full 6):
 PSYoungGen      total 90112K, used 38206K [0x000000076b580000, 0x0000000773f80000, 0x00000007c0000000)
  eden space 51712K, 0% used [0x000000076b580000,0x000000076b580000,0x000000076e800000)
  from space 38400K, 99% used [0x0000000771200000,0x000000077374fb00,0x0000000773780000)
  to   space 43008K, 0% used [0x000000076e800000,0x000000076e800000,0x0000000771200000)
 ParOldGen       total 635904K, used 579883K [0x00000006c2000000, 0x00000006e8d00000, 0x000000076b580000)
  object space 635904K, 91% used [0x00000006c2000000,0x00000006e564af78,0x00000006e8d00000)
 Metaspace       used 12854K, capacity 13064K, committed 13312K, reserved 1060864K
  class space    used 1372K, capacity 1440K, committed 1536K, reserved 1048576K
}
Event: 54.010 GC heap before
{Heap before GC invocations=41 (full 6):
 PSYoungGen      total 90112K, used 89918K [0x000000076b580000, 0x0000000773f80000, 0x00000007c0000000)
  eden space 51712K, 100% used [0x000000076b580000,0x000000076e800000,0x000000076e800000)
  from space 38400K, 99% used [0x0000000771200000,0x000000077374fb00,0x0000000773780000)
  to   space 43008K, 0% used [0x000000076e800000,0x000000076e800000,0x0000000771200000)
 ParOldGen       total 635904K, used 579883K [0x00000006c2000000, 0x00000006e8d00000, 0x000000076b580000)
  object space 635904K, 91% used [0x00000006c2000000,0x00000006e564af78,0x00000006e8d00000)
 Metaspace       used 12854K, capacity 13064K, committed 13312K, reserved 1060864K
  class space    used 1372K, capacity 1440K, committed 1536K, reserved 1048576K
Event: 54.018 GC heap after
Heap after GC invocations=41 (full 6):
 PSYoungGen      total 93696K, used 42986K [0x000000076b580000, 0x0000000775700000, 0x00000007c0000000)
  eden space 50688K, 0% used [0x000000076b580000,0x000000076b580000,0x000000076e700000)
  from space 43008K, 99% used [0x000000076e800000,0x00000007711faa60,0x0000000771200000)
  to   space 57344K, 0% used [0x0000000771f00000,0x0000000771f00000,0x0000000775700000)
 ParOldGen       total 635904K, used 603639K [0x00000006c2000000, 0x00000006e8d00000, 0x000000076b580000)
  object space 635904K, 94% used [0x00000006c2000000,0x00000006e6d7dc58,0x00000006e8d00000)
 Metaspace       used 12854K, capacity 13064K, committed 13312K, reserved 1060864K
  class space    used 1372K, capacity 1440K, committed 1536K, reserved 1048576K
}
Event: 54.018 GC heap before
{Heap before GC invocations=42 (full 7):
 PSYoungGen      total 93696K, used 42986K [0x000000076b580000, 0x0000000775700000, 0x00000007c0000000)
  eden space 50688K, 0% used [0x000000076b580000,0x000000076b580000,0x000000076e700000)
  from space 43008K, 99% used [0x000000076e800000,0x00000007711faa60,0x0000000771200000)
  to   space 57344K, 0% used [0x0000000771f00000,0x0000000771f00000,0x0000000775700000)
 ParOldGen       total 635904K, used 603639K [0x00000006c2000000, 0x00000006e8d00000, 0x000000076b580000)
  object space 635904K, 94% used [0x00000006c2000000,0x00000006e6d7dc58,0x00000006e8d00000)
 Metaspace       used 12854K, capacity 13064K, committed 13312K, reserved 1060864K
  class space    used 1372K, capacity 1440K, committed 1536K, reserved 1048576K
Event: 54.038 GC heap after
Heap after GC invocations=42 (full 7):
 PSYoungGen      total 93696K, used 0K [0x000000076b580000, 0x0000000775700000, 0x00000007c0000000)
  eden space 50688K, 0% used [0x000000076b580000,0x000000076b580000,0x000000076e700000)
  from space 43008K, 0% used [0x000000076e800000,0x000000076e800000,0x0000000771200000)
  to   space 57344K, 0% used [0x0000000771f00000,0x0000000771f00000,0x0000000775700000)
 ParOldGen       total 720384K, used 617977K [0x00000006c2000000, 0x00000006edf80000, 0x000000076b580000)
  object space 720384K, 85% used [0x00000006c2000000,0x00000006e7b7e758,0x00000006edf80000)
 Metaspace       used 12854K, capacity 13064K, committed 13312K, reserved 1060864K
  class space    used 1372K, capacity 1440K, committed 1536K, reserved 1048576K
}
Event: 56.338 GC heap before
{Heap before GC invocations=43 (full 7):
 PSYoungGen      total 93696K, used 50688K [0x000000076b580000, 0x0000000775700000, 0x00000007c0000000)
  eden space 50688K, 100% used [0x000000076b580000,0x000000076e700000,0x000000076e700000)
  from space 43008K, 0% used [0x000000076e800000,0x000000076e800000,0x0000000771200000)
  to   space 57344K, 0% used [0x0000000771f00000,0x0000000771f00000,0x0000000775700000)
 ParOldGen       total 720384K, used 617977K [0x00000006c2000000, 0x00000006edf80000, 0x000000076b580000)
  object space 720384K, 85% used [0x00000006c2000000,0x00000006e7b7e758,0x00000006edf80000)
 Metaspace       used 12854K, capacity 13064K, committed 13312K, reserved 1060864K
  class space    used 1372K, capacity 1440K, committed 1536K, reserved 1048576K
Event: 56.341 GC heap after
Heap after GC invocations=43 (full 7):
 PSYoungGen      total 102912K, used 18087K [0x000000076b580000, 0x0000000775300000, 0x00000007c0000000)
  eden space 49664K, 0% used [0x000000076b580000,0x000000076b580000,0x000000076e600000)
  from space 53248K, 33% used [0x0000000771f00000,0x00000007730a9ee0,0x0000000775300000)
  to   space 55808K, 0% used [0x000000076e600000,0x000000076e600000,0x0000000771c80000)
 ParOldGen       total 720384K, used 617977K [0x00000006c2000000, 0x00000006edf80000, 0x000000076b580000)
  object space 720384K, 85% used [0x00000006c2000000,0x00000006e7b7e758,0x00000006edf80000)
 Metaspace       used 12854K, capacity 13064K, committed 13312K, reserved 1060864K
  class space    used 1372K, capacity 1440K, committed 1536K, reserved 1048576K
}
Event: 59.700 GC heap before
{Heap before GC invocations=44 (full 7):
 PSYoungGen      total 102912K, used 67650K [0x000000076b580000, 0x0000000775300000, 0x00000007c0000000)
  eden space 49664K, 99% used [0x000000076b580000,0x000000076e5e6a80,0x000000076e600000)
  from space 53248K, 33% used [0x0000000771f00000,0x00000007730a9ee0,0x0000000775300000)
  to   space 55808K, 0% used [0x000000076e600000,0x000000076e600000,0x0000000771c80000)
 ParOldGen       total 720384K, used 617977K [0x00000006c2000000, 0x00000006edf80000, 0x000000076b580000)
  object space 720384K, 85% used [0x00000006c2000000,0x00000006e7b7e758,0x00000006edf80000)
 Metaspace       used 12855K, capacity 13064K, committed 13312K, reserved 1060864K
  class space    used 1372K, capacity 1440K, committed 1536K, reserved 1048576K
Event: 59.704 GC heap after
Heap after GC invocations=44 (full 7):
 PSYoungGen      total 77824K, used 28711K [0x000000076b580000, 0x0000000774f00000, 0x00000007c0000000)
  eden space 48640K, 0% used [0x000000076b580000,0x000000076b580000,0x000000076e500000)
  from space 29184K, 98% used [0x000000076e600000,0x0000000770209c40,0x0000000770280000)
  to   space 54272K, 0% used [0x0000000771a00000,0x0000000771a00000,0x0000000774f00000)
 ParOldGen       total 720384K, used 617977K [0x00000006c2000000, 0x00000006edf80000, 0x000000076b580000)
  object space 720384K, 85% used [0x00000006c2000000,0x00000006e7b7e758,0x00000006edf80000)
 Metaspace       used 12855K, capacity 13064K, committed 13312K, reserved 1060864K
  class space    used 1372K, capacity 1440K, committed 1536K, reserved 1048576K
}

