# JRE version: Java(TM) SE Runtime Environment (8.0_91-b15) (build 1.8.0_91-b15)
# Java VM: Java HotSpot(TM) 64-Bit Server VM (25.91-b15 mixed mode windows-amd64 compressed oops)
Heap:
 PSYoungGen      total 110080K, used 69628K [0x000000076b580000, 0x0000000775e00000, 0x00000007c0000000)
  eden space 60928K, 33% used [0x000000076b580000,0x000000076c9af8b8,0x000000076f100000)
  from space 49152K, 99% used [0x000000076f200000,0x00000007721cf860,0x0000000772200000)
  to   space 55808K, 0% used [0x0000000772780000,0x0000000772780000,0x0000000775e00000)
 ParOldGen       total 173568K, used 133363K [0x00000006c2000000, 0x00000006cc980000, 0x000000076b580000)
  object space 173568K, 76% used [0x00000006c2000000,0x00000006ca23cfd8,0x00000006cc980000)
 Metaspace       used 12639K, capacity 12804K, committed 13056K, reserved 1060864K
  class space    used 1371K, capacity 1448K, committed 1536K, reserved 1048576K
GC Heap History (10 events):
Event: 4.515 GC heap before
{Heap before GC invocations=3 (full 0):
 PSYoungGen      total 75776K, used 75770K [0x000000076b580000, 0x0000000770a00000, 0x00000007c0000000)
  eden space 65024K, 100% used [0x000000076b580000,0x000000076f500000,0x000000076f500000)
  from space 10752K, 99% used [0x000000076ff80000,0x00000007709fe9d8,0x0000000770a00000)
  to   space 10752K, 0% used [0x000000076f500000,0x000000076f500000,0x000000076ff80000)
 ParOldGen       total 173568K, used 45423K [0x00000006c2000000, 0x00000006cc980000, 0x000000076b580000)
  object space 173568K, 26% used [0x00000006c2000000,0x00000006c4c5bdd8,0x00000006cc980000)
 Metaspace       used 12395K, capacity 12612K, committed 12800K, reserved 1060864K
  class space    used 1367K, capacity 1448K, committed 1536K, reserved 1048576K
Event: 4.521 GC heap after
Heap after GC invocations=3 (full 0):
 PSYoungGen      total 75776K, used 10743K [0x000000076b580000, 0x0000000770a00000, 0x00000007c0000000)
  eden space 65024K, 0% used [0x000000076b580000,0x000000076b580000,0x000000076f500000)
  from space 10752K, 99% used [0x000000076f500000,0x000000076ff7dea8,0x000000076ff80000)
  to   space 10752K, 0% used [0x000000076ff80000,0x000000076ff80000,0x0000000770a00000)
 ParOldGen       total 173568K, used 70389K [0x00000006c2000000, 0x00000006cc980000, 0x000000076b580000)
  object space 173568K, 40% used [0x00000006c2000000,0x00000006c64bd478,0x00000006cc980000)
 Metaspace       used 12395K, capacity 12612K, committed 12800K, reserved 1060864K
  class space    used 1367K, capacity 1448K, committed 1536K, reserved 1048576K
}
Event: 6.388 GC heap before
{Heap before GC invocations=4 (full 0):
 PSYoungGen      total 75776K, used 75767K [0x000000076b580000, 0x0000000770a00000, 0x00000007c0000000)
  eden space 65024K, 100% used [0x000000076b580000,0x000000076f500000,0x000000076f500000)
  from space 10752K, 99% used [0x000000076f500000,0x000000076ff7dea8,0x000000076ff80000)
  to   space 10752K, 0% used [0x000000076ff80000,0x000000076ff80000,0x0000000770a00000)
 ParOldGen       total 173568K, used 70389K [0x00000006c2000000, 0x00000006cc980000, 0x000000076b580000)
  object space 173568K, 40% used [0x00000006c2000000,0x00000006c64bd478,0x00000006cc980000)
 Metaspace       used 12464K, capacity 12676K, committed 12800K, reserved 1060864K
  class space    used 1367K, capacity 1448K, committed 1536K, reserved 1048576K
Event: 6.395 GC heap after
Heap after GC invocations=4 (full 0):
 PSYoungGen      total 75776K, used 10724K [0x000000076b580000, 0x0000000770a00000, 0x00000007c0000000)
  eden space 65024K, 0% used [0x000000076b580000,0x000000076b580000,0x000000076f500000)
  from space 10752K, 99% used [0x000000076ff80000,0x00000007709f9388,0x0000000770a00000)
  to   space 10752K, 0% used [0x000000076f500000,0x000000076f500000,0x000000076ff80000)
 ParOldGen       total 173568K, used 96370K [0x00000006c2000000, 0x00000006cc980000, 0x000000076b580000)
  object space 173568K, 55% used [0x00000006c2000000,0x00000006c7e1c9b8,0x00000006cc980000)
 Metaspace       used 12464K, capacity 12676K, committed 12800K, reserved 1060864K
  class space    used 1367K, capacity 1448K, committed 1536K, reserved 1048576K
}
Event: 7.878 GC heap before
{Heap before GC invocations=5 (full 0):
 PSYoungGen      total 75776K, used 75748K [0x000000076b580000, 0x0000000770a00000, 0x00000007c0000000)
  eden space 65024K, 100% used [0x000000076b580000,0x000000076f500000,0x000000076f500000)
  from space 10752K, 99% used [0x000000076ff80000,0x00000007709f9388,0x0000000770a00000)
  to   space 10752K, 0% used [0x000000076f500000,0x000000076f500000,0x000000076ff80000)
 ParOldGen       total 173568K, used 96370K [0x00000006c2000000, 0x00000006cc980000, 0x000000076b580000)
  object space 173568K, 55% used [0x00000006c2000000,0x00000006c7e1c9b8,0x00000006cc980000)
 Metaspace       used 12545K, capacity 12740K, committed 13056K, reserved 1060864K
  class space    used 1367K, capacity 1448K, committed 1536K, reserved 1048576K
Event: 7.884 GC heap after
Heap after GC invocations=5 (full 0):
 PSYoungGen      total 74240K, used 10599K [0x000000076b580000, 0x0000000775380000, 0x00000007c0000000)
  eden space 63488K, 0% used [0x000000076b580000,0x000000076b580000,0x000000076f380000)
  from space 10752K, 98% used [0x000000076f500000,0x000000076ff59eb8,0x000000076ff80000)
  to   space 49152K, 0% used [0x0000000772380000,0x0000000772380000,0x0000000775380000)
 ParOldGen       total 173568K, used 122308K [0x00000006c2000000, 0x00000006cc980000, 0x000000076b580000)
  object space 173568K, 70% used [0x00000006c2000000,0x00000006c97713d8,0x00000006cc980000)
 Metaspace       used 12545K, capacity 12740K, committed 13056K, reserved 1060864K
  class space    used 1367K, capacity 1448K, committed 1536K, reserved 1048576K
}
Event: 8.837 GC heap before
{Heap before GC invocations=6 (full 0):
 PSYoungGen      total 74240K, used 74087K [0x000000076b580000, 0x0000000775380000, 0x00000007c0000000)
  eden space 63488K, 100% used [0x000000076b580000,0x000000076f380000,0x000000076f380000)
  from space 10752K, 98% used [0x000000076f500000,0x000000076ff59eb8,0x000000076ff80000)
  to   space 49152K, 0% used [0x0000000772380000,0x0000000772380000,0x0000000775380000)
 ParOldGen       total 173568K, used 122308K [0x00000006c2000000, 0x00000006cc980000, 0x000000076b580000)
  object space 173568K, 70% used [0x00000006c2000000,0x00000006c97713d8,0x00000006cc980000)
 Metaspace       used 12571K, capacity 12804K, committed 13056K, reserved 1060864K
  class space    used 1370K, capacity 1448K, committed 1536K, reserved 1048576K
Event: 8.844 GC heap after
Heap after GC invocations=6 (full 0):
 PSYoungGen      total 109568K, used 35815K [0x000000076b580000, 0x0000000775200000, 0x00000007c0000000)
  eden space 61952K, 0% used [0x000000076b580000,0x000000076b580000,0x000000076f200000)
  from space 47616K, 75% used [0x0000000772380000,0x0000000774679f08,0x0000000775200000)
  to   space 49152K, 0% used [0x000000076f200000,0x000000076f200000,0x0000000772200000)
 ParOldGen       total 173568K, used 122316K [0x00000006c2000000, 0x00000006cc980000, 0x000000076b580000)
  object space 173568K, 70% used [0x00000006c2000000,0x00000006c97733d8,0x00000006cc980000)
 Metaspace       used 12571K, capacity 12804K, committed 13056K, reserved 1060864K
  class space    used 1370K, capacity 1448K, committed 1536K, reserved 1048576K
}
Event: 9.796 GC heap before
{Heap before GC invocations=7 (full 0):
 PSYoungGen      total 109568K, used 97767K [0x000000076b580000, 0x0000000775200000, 0x00000007c0000000)
  eden space 61952K, 100% used [0x000000076b580000,0x000000076f200000,0x000000076f200000)
  from space 47616K, 75% used [0x0000000772380000,0x0000000774679f08,0x0000000775200000)
  to   space 49152K, 0% used [0x000000076f200000,0x000000076f200000,0x0000000772200000)
 ParOldGen       total 173568K, used 122316K [0x00000006c2000000, 0x00000006cc980000, 0x000000076b580000)
  object space 173568K, 70% used [0x00000006c2000000,0x00000006c97733d8,0x00000006cc980000)
 Metaspace       used 12635K, capacity 12804K, committed 13056K, reserved 1060864K
  class space    used 1371K, capacity 1448K, committed 1536K, reserved 1048576K
Event: 9.806 GC heap after
Heap after GC invocations=7 (full 0):
 PSYoungGen      total 110080K, used 48958K [0x000000076b580000, 0x0000000775e00000, 0x00000007c0000000)
  eden space 60928K, 0% used [0x000000076b580000,0x000000076b580000,0x000000076f100000)
  from space 49152K, 99% used [0x000000076f200000,0x00000007721cf860,0x0000000772200000)
  to   space 55808K, 0% used [0x0000000772780000,0x0000000772780000,0x0000000775e00000)
 ParOldGen       total 173568K, used 133363K [0x00000006c2000000, 0x00000006cc980000, 0x000000076b580000)
  object space 173568K, 76% used [0x00000006c2000000,0x00000006ca23cfd8,0x00000006cc980000)
 Metaspace       used 12635K, capacity 12804K, committed 13056K, reserved 1060864K
  class space    used 1371K, capacity 1448K, committed 1536K, reserved 1048576K
}

