# JRE version: Java(TM) SE Runtime Environment (8.0_91-b15) (build 1.8.0_91-b15)
# Java VM: Java HotSpot(TM) 64-Bit Server VM (25.91-b15 mixed mode windows-amd64 compressed oops)
Heap:
 PSYoungGen      total 73216K, used 30222K [0x000000076b580000, 0x0000000789280000, 0x00000007c0000000)
  eden space 72704K, 41% used [0x000000076b580000,0x000000076d2f38d8,0x000000076fc80000)
  from space 512K, 12% used [0x0000000789200000,0x0000000789210000,0x0000000789280000)
  to   space 512K, 0% used [0x0000000789180000,0x0000000789180000,0x0000000789200000)
 ParOldGen       total 173568K, used 2526K [0x00000006c2000000, 0x00000006cc980000, 0x000000076b580000)
  object space 173568K, 1% used [0x00000006c2000000,0x00000006c2277870,0x00000006cc980000)
 Metaspace       used 10886K, capacity 11064K, committed 11392K, reserved 1058816K
  class space    used 1222K, capacity 1315K, committed 1408K, reserved 1048576K
GC Heap History (10 events):
Event: 57.079 GC heap before
{Heap before GC invocations=962 (full 0):
 PSYoungGen      total 67072K, used 66656K [0x000000076b580000, 0x0000000789280000, 0x00000007c0000000)
  eden space 66560K, 100% used [0x000000076b580000,0x000000076f680000,0x000000076f680000)
  from space 512K, 18% used [0x0000000789180000,0x0000000789198000,0x0000000789200000)
  to   space 512K, 0% used [0x0000000789200000,0x0000000789200000,0x0000000789280000)
 ParOldGen       total 173568K, used 2526K [0x00000006c2000000, 0x00000006cc980000, 0x000000076b580000)
  object space 173568K, 1% used [0x00000006c2000000,0x00000006c2277870,0x00000006cc980000)
 Metaspace       used 10882K, capacity 11064K, committed 11392K, reserved 1058816K
  class space    used 1222K, capacity 1315K, committed 1408K, reserved 1048576K
Event: 57.080 GC heap after
Heap after GC invocations=962 (full 0):
 PSYoungGen      total 65536K, used 96K [0x000000076b580000, 0x0000000789280000, 0x00000007c0000000)
  eden space 65024K, 0% used [0x000000076b580000,0x000000076b580000,0x000000076f500000)
  from space 512K, 18% used [0x0000000789200000,0x0000000789218000,0x0000000789280000)
  to   space 512K, 0% used [0x0000000789180000,0x0000000789180000,0x0000000789200000)
 ParOldGen       total 173568K, used 2526K [0x00000006c2000000, 0x00000006cc980000, 0x000000076b580000)
  object space 173568K, 1% used [0x00000006c2000000,0x00000006c2277870,0x00000006cc980000)
 Metaspace       used 10882K, capacity 11064K, committed 11392K, reserved 1058816K
  class space    used 1222K, capacity 1315K, committed 1408K, reserved 1048576K
}
Event: 57.124 GC heap before
{Heap before GC invocations=963 (full 0):
 PSYoungGen      total 65536K, used 65120K [0x000000076b580000, 0x0000000789280000, 0x00000007c0000000)
  eden space 65024K, 100% used [0x000000076b580000,0x000000076f500000,0x000000076f500000)
  from space 512K, 18% used [0x0000000789200000,0x0000000789218000,0x0000000789280000)
  to   space 512K, 0% used [0x0000000789180000,0x0000000789180000,0x0000000789200000)
 ParOldGen       total 173568K, used 2526K [0x00000006c2000000, 0x00000006cc980000, 0x000000076b580000)
  object space 173568K, 1% used [0x00000006c2000000,0x00000006c2277870,0x00000006cc980000)
 Metaspace       used 10882K, capacity 11064K, committed 11392K, reserved 1058816K
  class space    used 1222K, capacity 1315K, committed 1408K, reserved 1048576K
Event: 57.124 GC heap after
Heap after GC invocations=963 (full 0):
 PSYoungGen      total 64000K, used 32K [0x000000076b580000, 0x0000000789280000, 0x00000007c0000000)
  eden space 63488K, 0% used [0x000000076b580000,0x000000076b580000,0x000000076f380000)
  from space 512K, 6% used [0x0000000789180000,0x0000000789188000,0x0000000789200000)
  to   space 512K, 0% used [0x0000000789200000,0x0000000789200000,0x0000000789280000)
 ParOldGen       total 173568K, used 2526K [0x00000006c2000000, 0x00000006cc980000, 0x000000076b580000)
  object space 173568K, 1% used [0x00000006c2000000,0x00000006c2277870,0x00000006cc980000)
 Metaspace       used 10882K, capacity 11064K, committed 11392K, reserved 1058816K
  class space    used 1222K, capacity 1315K, committed 1408K, reserved 1048576K
}
Event: 57.169 GC heap before
{Heap before GC invocations=964 (full 0):
 PSYoungGen      total 64000K, used 63520K [0x000000076b580000, 0x0000000789280000, 0x00000007c0000000)
  eden space 63488K, 100% used [0x000000076b580000,0x000000076f380000,0x000000076f380000)
  from space 512K, 6% used [0x0000000789180000,0x0000000789188000,0x0000000789200000)
  to   space 512K, 0% used [0x0000000789200000,0x0000000789200000,0x0000000789280000)
 ParOldGen       total 173568K, used 2526K [0x00000006c2000000, 0x00000006cc980000, 0x000000076b580000)
  object space 173568K, 1% used [0x00000006c2000000,0x00000006c2277870,0x00000006cc980000)
 Metaspace       used 10882K, capacity 11064K, committed 11392K, reserved 1058816K
  class space    used 1222K, capacity 1315K, committed 1408K, reserved 1048576K
Event: 57.169 GC heap after
Heap after GC invocations=964 (full 0):
 PSYoungGen      total 76800K, used 64K [0x000000076b580000, 0x0000000789280000, 0x00000007c0000000)
  eden space 76288K, 0% used [0x000000076b580000,0x000000076b580000,0x0000000770000000)
  from space 512K, 12% used [0x0000000789200000,0x0000000789210000,0x0000000789280000)
  to   space 512K, 0% used [0x0000000789180000,0x0000000789180000,0x0000000789200000)
 ParOldGen       total 173568K, used 2526K [0x00000006c2000000, 0x00000006cc980000, 0x000000076b580000)
  object space 173568K, 1% used [0x00000006c2000000,0x00000006c2277870,0x00000006cc980000)
 Metaspace       used 10882K, capacity 11064K, committed 11392K, reserved 1058816K
  class space    used 1222K, capacity 1315K, committed 1408K, reserved 1048576K
}
Event: 57.222 GC heap before
{Heap before GC invocations=965 (full 0):
 PSYoungGen      total 76800K, used 76352K [0x000000076b580000, 0x0000000789280000, 0x00000007c0000000)
  eden space 76288K, 100% used [0x000000076b580000,0x0000000770000000,0x0000000770000000)
  from space 512K, 12% used [0x0000000789200000,0x0000000789210000,0x0000000789280000)
  to   space 512K, 0% used [0x0000000789180000,0x0000000789180000,0x0000000789200000)
 ParOldGen       total 173568K, used 2526K [0x00000006c2000000, 0x00000006cc980000, 0x000000076b580000)
  object space 173568K, 1% used [0x00000006c2000000,0x00000006c2277870,0x00000006cc980000)
 Metaspace       used 10882K, capacity 11064K, committed 11392K, reserved 1058816K
  class space    used 1222K, capacity 1315K, committed 1408K, reserved 1048576K
Event: 57.222 GC heap after
Heap after GC invocations=965 (full 0):
 PSYoungGen      total 74752K, used 32K [0x000000076b580000, 0x0000000789280000, 0x00000007c0000000)
  eden space 74240K, 0% used [0x000000076b580000,0x000000076b580000,0x000000076fe00000)
  from space 512K, 6% used [0x0000000789180000,0x0000000789188000,0x0000000789200000)
  to   space 512K, 0% used [0x0000000789200000,0x0000000789200000,0x0000000789280000)
 ParOldGen       total 173568K, used 2526K [0x00000006c2000000, 0x00000006cc980000, 0x000000076b580000)
  object space 173568K, 1% used [0x00000006c2000000,0x00000006c2277870,0x00000006cc980000)
 Metaspace       used 10882K, capacity 11064K, committed 11392K, reserved 1058816K
  class space    used 1222K, capacity 1315K, committed 1408K, reserved 1048576K
}
Event: 57.308 GC heap before
{Heap before GC invocations=966 (full 0):
 PSYoungGen      total 74752K, used 74272K [0x000000076b580000, 0x0000000789280000, 0x00000007c0000000)
  eden space 74240K, 100% used [0x000000076b580000,0x000000076fe00000,0x000000076fe00000)
  from space 512K, 6% used [0x0000000789180000,0x0000000789188000,0x0000000789200000)
  to   space 512K, 0% used [0x0000000789200000,0x0000000789200000,0x0000000789280000)
 ParOldGen       total 173568K, used 2526K [0x00000006c2000000, 0x00000006cc980000, 0x000000076b580000)
  object space 173568K, 1% used [0x00000006c2000000,0x00000006c2277870,0x00000006cc980000)
 Metaspace       used 10886K, capacity 11064K, committed 11392K, reserved 1058816K
  class space    used 1222K, capacity 1315K, committed 1408K, reserved 1048576K
Event: 57.309 GC heap after
Heap after GC invocations=966 (full 0):
 PSYoungGen      total 73216K, used 64K [0x000000076b580000, 0x0000000789280000, 0x00000007c0000000)
  eden space 72704K, 0% used [0x000000076b580000,0x000000076b580000,0x000000076fc80000)
  from space 512K, 12% used [0x0000000789200000,0x0000000789210000,0x0000000789280000)
  to   space 512K, 0% used [0x0000000789180000,0x0000000789180000,0x0000000789200000)
 ParOldGen       total 173568K, used 2526K [0x00000006c2000000, 0x00000006cc980000, 0x000000076b580000)
  object space 173568K, 1% used [0x00000006c2000000,0x00000006c2277870,0x00000006cc980000)
 Metaspace       used 10886K, capacity 11064K, committed 11392K, reserved 1058816K
  class space    used 1222K, capacity 1315K, committed 1408K, reserved 1048576K
}

