# JRE version: Java(TM) SE Runtime Environment (8.0_91-b15) (build 1.8.0_91-b15)
# Java VM: Java HotSpot(TM) 64-Bit Server VM (25.91-b15 mixed mode windows-amd64 compressed oops)
Heap:
 PSYoungGen      total 56832K, used 11372K [0x000000076b580000, 0x000000076f900000, 0x00000007c0000000)
  eden space 47616K, 22% used [0x000000076b580000,0x000000076c01b1c8,0x000000076e400000)
  from space 9216K, 5% used [0x000000076f000000,0x000000076f080000,0x000000076f900000)
  to   space 10752K, 0% used [0x000000076e400000,0x000000076e400000,0x000000076ee80000)
 ParOldGen       total 173568K, used 8704K [0x00000006c2000000, 0x00000006cc980000, 0x000000076b580000)
  object space 173568K, 5% used [0x00000006c2000000,0x00000006c2880118,0x00000006cc980000)
 Metaspace       used 16874K, capacity 17090K, committed 17280K, reserved 1064960K
  class space    used 1811K, capacity 1877K, committed 1920K, reserved 1048576K
GC Heap History (10 events):
Event: 7.986 GC heap before
{Heap before GC invocations=16 (full 0):
 PSYoungGen      total 53760K, used 53472K [0x000000076b580000, 0x0000000770300000, 0x00000007c0000000)
  eden space 52736K, 100% used [0x000000076b580000,0x000000076e900000,0x000000076e900000)
  from space 1024K, 71% used [0x000000076ea00000,0x000000076eab8010,0x000000076eb00000)
  to   space 13312K, 0% used [0x000000076f600000,0x000000076f600000,0x0000000770300000)
 ParOldGen       total 173568K, used 8568K [0x00000006c2000000, 0x00000006cc980000, 0x000000076b580000)
  object space 173568K, 4% used [0x00000006c2000000,0x00000006c285e118,0x00000006cc980000)
 Metaspace       used 16611K, capacity 16834K, committed 17024K, reserved 1064960K
  class space    used 1811K, capacity 1877K, committed 1920K, reserved 1048576K
Event: 7.988 GC heap after
Heap after GC invocations=16 (full 0):
 PSYoungGen      total 62976K, used 640K [0x000000076b580000, 0x0000000770100000, 0x00000007c0000000)
  eden space 51712K, 0% used [0x000000076b580000,0x000000076b580000,0x000000076e800000)
  from space 11264K, 5% used [0x000000076f600000,0x000000076f6a0010,0x0000000770100000)
  to   space 12800K, 0% used [0x000000076e800000,0x000000076e800000,0x000000076f480000)
 ParOldGen       total 173568K, used 8600K [0x00000006c2000000, 0x00000006cc980000, 0x000000076b580000)
  object space 173568K, 4% used [0x00000006c2000000,0x00000006c2866118,0x00000006cc980000)
 Metaspace       used 16611K, capacity 16834K, committed 17024K, reserved 1064960K
  class space    used 1811K, capacity 1877K, committed 1920K, reserved 1048576K
}
Event: 8.332 GC heap before
{Heap before GC invocations=17 (full 0):
 PSYoungGen      total 62976K, used 52352K [0x000000076b580000, 0x0000000770100000, 0x00000007c0000000)
  eden space 51712K, 100% used [0x000000076b580000,0x000000076e800000,0x000000076e800000)
  from space 11264K, 5% used [0x000000076f600000,0x000000076f6a0010,0x0000000770100000)
  to   space 12800K, 0% used [0x000000076e800000,0x000000076e800000,0x000000076f480000)
 ParOldGen       total 173568K, used 8600K [0x00000006c2000000, 0x00000006cc980000, 0x000000076b580000)
  object space 173568K, 4% used [0x00000006c2000000,0x00000006c2866118,0x00000006cc980000)
 Metaspace       used 16621K, capacity 16834K, committed 17024K, reserved 1064960K
  class space    used 1811K, capacity 1877K, committed 1920K, reserved 1048576K
Event: 8.333 GC heap after
Heap after GC invocations=17 (full 0):
 PSYoungGen      total 51712K, used 544K [0x000000076b580000, 0x000000076ff00000, 0x00000007c0000000)
  eden space 50688K, 0% used [0x000000076b580000,0x000000076b580000,0x000000076e700000)
  from space 1024K, 53% used [0x000000076e800000,0x000000076e888000,0x000000076e900000)
  to   space 12288K, 0% used [0x000000076f300000,0x000000076f300000,0x000000076ff00000)
 ParOldGen       total 173568K, used 8624K [0x00000006c2000000, 0x00000006cc980000, 0x000000076b580000)
  object space 173568K, 4% used [0x00000006c2000000,0x00000006c286c118,0x00000006cc980000)
 Metaspace       used 16621K, capacity 16834K, committed 17024K, reserved 1064960K
  class space    used 1811K, capacity 1877K, committed 1920K, reserved 1048576K
}
Event: 8.679 GC heap before
{Heap before GC invocations=18 (full 0):
 PSYoungGen      total 51712K, used 51232K [0x000000076b580000, 0x000000076ff00000, 0x00000007c0000000)
  eden space 50688K, 100% used [0x000000076b580000,0x000000076e700000,0x000000076e700000)
  from space 1024K, 53% used [0x000000076e800000,0x000000076e888000,0x000000076e900000)
  to   space 12288K, 0% used [0x000000076f300000,0x000000076f300000,0x000000076ff00000)
 ParOldGen       total 173568K, used 8624K [0x00000006c2000000, 0x00000006cc980000, 0x000000076b580000)
  object space 173568K, 4% used [0x00000006c2000000,0x00000006c286c118,0x00000006cc980000)
 Metaspace       used 16626K, capacity 16834K, committed 17024K, reserved 1064960K
  class space    used 1811K, capacity 1877K, committed 1920K, reserved 1048576K
Event: 8.680 GC heap after
Heap after GC invocations=18 (full 0):
 PSYoungGen      total 59904K, used 608K [0x000000076b580000, 0x000000076fd00000, 0x00000007c0000000)
  eden space 49664K, 0% used [0x000000076b580000,0x000000076b580000,0x000000076e600000)
  from space 10240K, 5% used [0x000000076f300000,0x000000076f398010,0x000000076fd00000)
  to   space 11776K, 0% used [0x000000076e600000,0x000000076e600000,0x000000076f180000)
 ParOldGen       total 173568K, used 8656K [0x00000006c2000000, 0x00000006cc980000, 0x000000076b580000)
  object space 173568K, 4% used [0x00000006c2000000,0x00000006c2874118,0x00000006cc980000)
 Metaspace       used 16626K, capacity 16834K, committed 17024K, reserved 1064960K
  class space    used 1811K, capacity 1877K, committed 1920K, reserved 1048576K
}
Event: 9.023 GC heap before
{Heap before GC invocations=19 (full 0):
 PSYoungGen      total 59904K, used 50272K [0x000000076b580000, 0x000000076fd00000, 0x00000007c0000000)
  eden space 49664K, 100% used [0x000000076b580000,0x000000076e600000,0x000000076e600000)
  from space 10240K, 5% used [0x000000076f300000,0x000000076f398010,0x000000076fd00000)
  to   space 11776K, 0% used [0x000000076e600000,0x000000076e600000,0x000000076f180000)
 ParOldGen       total 173568K, used 8656K [0x00000006c2000000, 0x00000006cc980000, 0x000000076b580000)
  object space 173568K, 4% used [0x00000006c2000000,0x00000006c2874118,0x00000006cc980000)
 Metaspace       used 16872K, capacity 17090K, committed 17280K, reserved 1064960K
  class space    used 1811K, capacity 1877K, committed 1920K, reserved 1048576K
Event: 9.025 GC heap after
Heap after GC invocations=19 (full 0):
 PSYoungGen      total 49664K, used 576K [0x000000076b580000, 0x000000076fb00000, 0x00000007c0000000)
  eden space 48640K, 0% used [0x000000076b580000,0x000000076b580000,0x000000076e500000)
  from space 1024K, 56% used [0x000000076e600000,0x000000076e690010,0x000000076e700000)
  to   space 11264K, 0% used [0x000000076f000000,0x000000076f000000,0x000000076fb00000)
 ParOldGen       total 173568K, used 8680K [0x00000006c2000000, 0x00000006cc980000, 0x000000076b580000)
  object space 173568K, 5% used [0x00000006c2000000,0x00000006c287a118,0x00000006cc980000)
 Metaspace       used 16872K, capacity 17090K, committed 17280K, reserved 1064960K
  class space    used 1811K, capacity 1877K, committed 1920K, reserved 1048576K
}
Event: 9.358 GC heap before
{Heap before GC invocations=20 (full 0):
 PSYoungGen      total 49664K, used 49216K [0x000000076b580000, 0x000000076fb00000, 0x00000007c0000000)
  eden space 48640K, 100% used [0x000000076b580000,0x000000076e500000,0x000000076e500000)
  from space 1024K, 56% used [0x000000076e600000,0x000000076e690010,0x000000076e700000)
  to   space 11264K, 0% used [0x000000076f000000,0x000000076f000000,0x000000076fb00000)
 ParOldGen       total 173568K, used 8680K [0x00000006c2000000, 0x00000006cc980000, 0x000000076b580000)
  object space 173568K, 5% used [0x00000006c2000000,0x00000006c287a118,0x00000006cc980000)
 Metaspace       used 16873K, capacity 17090K, committed 17280K, reserved 1064960K
  class space    used 1811K, capacity 1877K, committed 1920K, reserved 1048576K
Event: 9.363 GC heap after
Heap after GC invocations=20 (full 0):
 PSYoungGen      total 56832K, used 512K [0x000000076b580000, 0x000000076f900000, 0x00000007c0000000)
  eden space 47616K, 0% used [0x000000076b580000,0x000000076b580000,0x000000076e400000)
  from space 9216K, 5% used [0x000000076f000000,0x000000076f080000,0x000000076f900000)
  to   space 10752K, 0% used [0x000000076e400000,0x000000076e400000,0x000000076ee80000)
 ParOldGen       total 173568K, used 8704K [0x00000006c2000000, 0x00000006cc980000, 0x000000076b580000)
  object space 173568K, 5% used [0x00000006c2000000,0x00000006c2880118,0x00000006cc980000)
 Metaspace       used 16873K, capacity 17090K, committed 17280K, reserved 1064960K
  class space    used 1811K, capacity 1877K, committed 1920K, reserved 1048576K
}

