# JRE version: Java(TM) SE Runtime Environment (8.0_91-b15) (build 1.8.0_91-b15)
# Java VM: Java HotSpot(TM) 64-Bit Server VM (25.91-b15 mixed mode windows-amd64 compressed oops)
Heap:
 PSYoungGen      total 45568K, used 32936K [0x000000076b580000, 0x0000000789300000, 0x00000007c0000000)
  eden space 45056K, 72% used [0x000000076b580000,0x000000076d59a1c8,0x000000076e180000)
  from space 512K, 12% used [0x0000000789200000,0x0000000789210000,0x0000000789280000)
  to   space 512K, 0% used [0x0000000789280000,0x0000000789280000,0x0000000789300000)
 ParOldGen       total 173568K, used 2574K [0x00000006c2000000, 0x00000006cc980000, 0x000000076b580000)
  object space 173568K, 1% used [0x00000006c2000000,0x00000006c2283870,0x00000006cc980000)
 Metaspace       used 10891K, capacity 11064K, committed 11392K, reserved 1058816K
  class space    used 1222K, capacity 1315K, committed 1408K, reserved 1048576K
GC Heap History (10 events):
Event: 37.651 GC heap before
{Heap before GC invocations=539 (full 0):
 PSYoungGen      total 31744K, used 31232K [0x000000076b580000, 0x0000000789300000, 0x00000007c0000000)
  eden space 31232K, 100% used [0x000000076b580000,0x000000076d400000,0x000000076d400000)
  from space 512K, 0% used [0x0000000789280000,0x0000000789280000,0x0000000789300000)
  to   space 512K, 0% used [0x0000000789200000,0x0000000789200000,0x0000000789280000)
 ParOldGen       total 173568K, used 2574K [0x00000006c2000000, 0x00000006cc980000, 0x000000076b580000)
  object space 173568K, 1% used [0x00000006c2000000,0x00000006c2283870,0x00000006cc980000)
 Metaspace       used 10886K, capacity 11064K, committed 11392K, reserved 1058816K
  class space    used 1222K, capacity 1315K, committed 1408K, reserved 1048576K
Event: 37.652 GC heap after
Heap after GC invocations=539 (full 0):
 PSYoungGen      total 31744K, used 0K [0x000000076b580000, 0x0000000789300000, 0x00000007c0000000)
  eden space 31232K, 0% used [0x000000076b580000,0x000000076b580000,0x000000076d400000)
  from space 512K, 0% used [0x0000000789200000,0x0000000789200000,0x0000000789280000)
  to   space 512K, 0% used [0x0000000789280000,0x0000000789280000,0x0000000789300000)
 ParOldGen       total 173568K, used 2574K [0x00000006c2000000, 0x00000006cc980000, 0x000000076b580000)
  object space 173568K, 1% used [0x00000006c2000000,0x00000006c2283870,0x00000006cc980000)
 Metaspace       used 10886K, capacity 11064K, committed 11392K, reserved 1058816K
  class space    used 1222K, capacity 1315K, committed 1408K, reserved 1048576K
}
Event: 37.691 GC heap before
{Heap before GC invocations=540 (full 0):
 PSYoungGen      total 31744K, used 31232K [0x000000076b580000, 0x0000000789300000, 0x00000007c0000000)
  eden space 31232K, 100% used [0x000000076b580000,0x000000076d400000,0x000000076d400000)
  from space 512K, 0% used [0x0000000789200000,0x0000000789200000,0x0000000789280000)
  to   space 512K, 0% used [0x0000000789280000,0x0000000789280000,0x0000000789300000)
 ParOldGen       total 173568K, used 2574K [0x00000006c2000000, 0x00000006cc980000, 0x000000076b580000)
  object space 173568K, 1% used [0x00000006c2000000,0x00000006c2283870,0x00000006cc980000)
 Metaspace       used 10886K, capacity 11064K, committed 11392K, reserved 1058816K
  class space    used 1222K, capacity 1315K, committed 1408K, reserved 1048576K
Event: 37.692 GC heap after
Heap after GC invocations=540 (full 0):
 PSYoungGen      total 31744K, used 32K [0x000000076b580000, 0x0000000789300000, 0x00000007c0000000)
  eden space 31232K, 0% used [0x000000076b580000,0x000000076b580000,0x000000076d400000)
  from space 512K, 6% used [0x0000000789280000,0x0000000789288000,0x0000000789300000)
  to   space 512K, 0% used [0x0000000789200000,0x0000000789200000,0x0000000789280000)
 ParOldGen       total 173568K, used 2574K [0x00000006c2000000, 0x00000006cc980000, 0x000000076b580000)
  object space 173568K, 1% used [0x00000006c2000000,0x00000006c2283870,0x00000006cc980000)
 Metaspace       used 10886K, capacity 11064K, committed 11392K, reserved 1058816K
  class space    used 1222K, capacity 1315K, committed 1408K, reserved 1048576K
}
Event: 37.733 GC heap before
{Heap before GC invocations=541 (full 0):
 PSYoungGen      total 31744K, used 31264K [0x000000076b580000, 0x0000000789300000, 0x00000007c0000000)
  eden space 31232K, 100% used [0x000000076b580000,0x000000076d400000,0x000000076d400000)
  from space 512K, 6% used [0x0000000789280000,0x0000000789288000,0x0000000789300000)
  to   space 512K, 0% used [0x0000000789200000,0x0000000789200000,0x0000000789280000)
 ParOldGen       total 173568K, used 2574K [0x00000006c2000000, 0x00000006cc980000, 0x000000076b580000)
  object space 173568K, 1% used [0x00000006c2000000,0x00000006c2283870,0x00000006cc980000)
 Metaspace       used 10886K, capacity 11064K, committed 11392K, reserved 1058816K
  class space    used 1222K, capacity 1315K, committed 1408K, reserved 1048576K
Event: 37.733 GC heap after
Heap after GC invocations=541 (full 0):
 PSYoungGen      total 38400K, used 32K [0x000000076b580000, 0x0000000789300000, 0x00000007c0000000)
  eden space 37888K, 0% used [0x000000076b580000,0x000000076b580000,0x000000076da80000)
  from space 512K, 6% used [0x0000000789200000,0x0000000789208000,0x0000000789280000)
  to   space 512K, 0% used [0x0000000789280000,0x0000000789280000,0x0000000789300000)
 ParOldGen       total 173568K, used 2574K [0x00000006c2000000, 0x00000006cc980000, 0x000000076b580000)
  object space 173568K, 1% used [0x00000006c2000000,0x00000006c2283870,0x00000006cc980000)
 Metaspace       used 10886K, capacity 11064K, committed 11392K, reserved 1058816K
  class space    used 1222K, capacity 1315K, committed 1408K, reserved 1048576K
}
Event: 37.782 GC heap before
{Heap before GC invocations=542 (full 0):
 PSYoungGen      total 38400K, used 37920K [0x000000076b580000, 0x0000000789300000, 0x00000007c0000000)
  eden space 37888K, 100% used [0x000000076b580000,0x000000076da80000,0x000000076da80000)
  from space 512K, 6% used [0x0000000789200000,0x0000000789208000,0x0000000789280000)
  to   space 512K, 0% used [0x0000000789280000,0x0000000789280000,0x0000000789300000)
 ParOldGen       total 173568K, used 2574K [0x00000006c2000000, 0x00000006cc980000, 0x000000076b580000)
  object space 173568K, 1% used [0x00000006c2000000,0x00000006c2283870,0x00000006cc980000)
 Metaspace       used 10886K, capacity 11064K, committed 11392K, reserved 1058816K
  class space    used 1222K, capacity 1315K, committed 1408K, reserved 1048576K
Event: 37.782 GC heap after
Heap after GC invocations=542 (full 0):
 PSYoungGen      total 46080K, used 96K [0x000000076b580000, 0x0000000789300000, 0x00000007c0000000)
  eden space 45568K, 0% used [0x000000076b580000,0x000000076b580000,0x000000076e200000)
  from space 512K, 18% used [0x0000000789280000,0x0000000789298000,0x0000000789300000)
  to   space 512K, 0% used [0x0000000789200000,0x0000000789200000,0x0000000789280000)
 ParOldGen       total 173568K, used 2574K [0x00000006c2000000, 0x00000006cc980000, 0x000000076b580000)
  object space 173568K, 1% used [0x00000006c2000000,0x00000006c2283870,0x00000006cc980000)
 Metaspace       used 10886K, capacity 11064K, committed 11392K, reserved 1058816K
  class space    used 1222K, capacity 1315K, committed 1408K, reserved 1048576K
}
Event: 37.860 GC heap before
{Heap before GC invocations=543 (full 0):
 PSYoungGen      total 46080K, used 45664K [0x000000076b580000, 0x0000000789300000, 0x00000007c0000000)
  eden space 45568K, 100% used [0x000000076b580000,0x000000076e200000,0x000000076e200000)
  from space 512K, 18% used [0x0000000789280000,0x0000000789298000,0x0000000789300000)
  to   space 512K, 0% used [0x0000000789200000,0x0000000789200000,0x0000000789280000)
 ParOldGen       total 173568K, used 2574K [0x00000006c2000000, 0x00000006cc980000, 0x000000076b580000)
  object space 173568K, 1% used [0x00000006c2000000,0x00000006c2283870,0x00000006cc980000)
 Metaspace       used 10891K, capacity 11064K, committed 11392K, reserved 1058816K
  class space    used 1222K, capacity 1315K, committed 1408K, reserved 1048576K
Event: 37.861 GC heap after
Heap after GC invocations=543 (full 0):
 PSYoungGen      total 45568K, used 64K [0x000000076b580000, 0x0000000789300000, 0x00000007c0000000)
  eden space 45056K, 0% used [0x000000076b580000,0x000000076b580000,0x000000076e180000)
  from space 512K, 12% used [0x0000000789200000,0x0000000789210000,0x0000000789280000)
  to   space 512K, 0% used [0x0000000789280000,0x0000000789280000,0x0000000789300000)
 ParOldGen       total 173568K, used 2574K [0x00000006c2000000, 0x00000006cc980000, 0x000000076b580000)
  object space 173568K, 1% used [0x00000006c2000000,0x00000006c2283870,0x00000006cc980000)
 Metaspace       used 10891K, capacity 11064K, committed 11392K, reserved 1058816K
  class space    used 1222K, capacity 1315K, committed 1408K, reserved 1048576K
}

