# JRE version: Java(TM) SE Runtime Environment (8.0_91-b15) (build 1.8.0_91-b15)
# Java VM: Java HotSpot(TM) 64-Bit Server VM (25.91-b15 mixed mode windows-amd64 compressed oops)
Heap:
 PSYoungGen      total 75776K, used 47840K [0x000000076b580000, 0x0000000770a00000, 0x00000007c0000000)
  eden space 65024K, 57% used [0x000000076b580000,0x000000076d9bad78,0x000000076f500000)
  from space 10752K, 99% used [0x000000076ff80000,0x00000007709fd398,0x0000000770a00000)
  to   space 10752K, 0% used [0x000000076f500000,0x000000076f500000,0x000000076ff80000)
 ParOldGen       total 173568K, used 91265K [0x00000006c2000000, 0x00000006cc980000, 0x000000076b580000)
  object space 173568K, 52% used [0x00000006c2000000,0x00000006c79205f8,0x00000006cc980000)
 Metaspace       used 12575K, capacity 12800K, committed 13056K, reserved 1060864K
  class space    used 1370K, capacity 1440K, committed 1536K, reserved 1048576K
GC Heap History (8 events):
Event: 1.972 GC heap before
{Heap before GC invocations=1 (full 0):
 PSYoungGen      total 75776K, used 64682K [0x000000076b580000, 0x0000000770a00000, 0x00000007c0000000)
  eden space 65024K, 99% used [0x000000076b580000,0x000000076f4aa878,0x000000076f500000)
  from space 10752K, 0% used [0x000000076ff80000,0x000000076ff80000,0x0000000770a00000)
  to   space 10752K, 0% used [0x000000076f500000,0x000000076f500000,0x000000076ff80000)
 ParOldGen       total 173568K, used 0K [0x00000006c2000000, 0x00000006cc980000, 0x000000076b580000)
  object space 173568K, 0% used [0x00000006c2000000,0x00000006c2000000,0x00000006cc980000)
 Metaspace       used 11971K, capacity 12148K, committed 12288K, reserved 1060864K
  class space    used 1366K, capacity 1440K, committed 1536K, reserved 1048576K
Event: 1.978 GC heap after
Heap after GC invocations=1 (full 0):
 PSYoungGen      total 75776K, used 10746K [0x000000076b580000, 0x0000000770a00000, 0x00000007c0000000)
  eden space 65024K, 0% used [0x000000076b580000,0x000000076b580000,0x000000076f500000)
  from space 10752K, 99% used [0x000000076f500000,0x000000076ff7e9d8,0x000000076ff80000)
  to   space 10752K, 0% used [0x000000076ff80000,0x000000076ff80000,0x0000000770a00000)
 ParOldGen       total 173568K, used 13978K [0x00000006c2000000, 0x00000006cc980000, 0x000000076b580000)
  object space 173568K, 8% used [0x00000006c2000000,0x00000006c2da6a20,0x00000006cc980000)
 Metaspace       used 11971K, capacity 12148K, committed 12288K, reserved 1060864K
  class space    used 1366K, capacity 1440K, committed 1536K, reserved 1048576K
}
Event: 2.915 GC heap before
{Heap before GC invocations=2 (full 0):
 PSYoungGen      total 75776K, used 75563K [0x000000076b580000, 0x0000000770a00000, 0x00000007c0000000)
  eden space 65024K, 99% used [0x000000076b580000,0x000000076f4cc598,0x000000076f500000)
  from space 10752K, 99% used [0x000000076f500000,0x000000076ff7e9d8,0x000000076ff80000)
  to   space 10752K, 0% used [0x000000076ff80000,0x000000076ff80000,0x0000000770a00000)
 ParOldGen       total 173568K, used 13978K [0x00000006c2000000, 0x00000006cc980000, 0x000000076b580000)
  object space 173568K, 8% used [0x00000006c2000000,0x00000006c2da6a20,0x00000006cc980000)
 Metaspace       used 12119K, capacity 12340K, committed 12544K, reserved 1060864K
  class space    used 1367K, capacity 1440K, committed 1536K, reserved 1048576K
Event: 2.922 GC heap after
Heap after GC invocations=2 (full 0):
 PSYoungGen      total 75776K, used 10730K [0x000000076b580000, 0x0000000770a00000, 0x00000007c0000000)
  eden space 65024K, 0% used [0x000000076b580000,0x000000076b580000,0x000000076f500000)
  from space 10752K, 99% used [0x000000076ff80000,0x00000007709fa9e8,0x0000000770a00000)
  to   space 10752K, 0% used [0x000000076f500000,0x000000076f500000,0x000000076ff80000)
 ParOldGen       total 173568K, used 39599K [0x00000006c2000000, 0x00000006cc980000, 0x000000076b580000)
  object space 173568K, 22% used [0x00000006c2000000,0x00000006c46abf60,0x00000006cc980000)
 Metaspace       used 12119K, capacity 12340K, committed 12544K, reserved 1060864K
  class space    used 1367K, capacity 1440K, committed 1536K, reserved 1048576K
}
Event: 3.905 GC heap before
{Heap before GC invocations=3 (full 0):
 PSYoungGen      total 75776K, used 75754K [0x000000076b580000, 0x0000000770a00000, 0x00000007c0000000)
  eden space 65024K, 100% used [0x000000076b580000,0x000000076f500000,0x000000076f500000)
  from space 10752K, 99% used [0x000000076ff80000,0x00000007709fa9e8,0x0000000770a00000)
  to   space 10752K, 0% used [0x000000076f500000,0x000000076f500000,0x000000076ff80000)
 ParOldGen       total 173568K, used 39601K [0x00000006c2000000, 0x00000006cc980000, 0x000000076b580000)
  object space 173568K, 22% used [0x00000006c2000000,0x00000006c46ac468,0x00000006cc980000)
 Metaspace       used 12196K, capacity 12412K, committed 12544K, reserved 1060864K
  class space    used 1367K, capacity 1440K, committed 1536K, reserved 1048576K
Event: 3.913 GC heap after
Heap after GC invocations=3 (full 0):
 PSYoungGen      total 75776K, used 10724K [0x000000076b580000, 0x0000000770a00000, 0x00000007c0000000)
  eden space 65024K, 0% used [0x000000076b580000,0x000000076b580000,0x000000076f500000)
  from space 10752K, 99% used [0x000000076f500000,0x000000076ff793a8,0x000000076ff80000)
  to   space 10752K, 0% used [0x000000076ff80000,0x000000076ff80000,0x0000000770a00000)
 ParOldGen       total 173568K, used 67832K [0x00000006c2000000, 0x00000006cc980000, 0x000000076b580000)
  object space 173568K, 39% used [0x00000006c2000000,0x00000006c623e208,0x00000006cc980000)
 Metaspace       used 12196K, capacity 12412K, committed 12544K, reserved 1060864K
  class space    used 1367K, capacity 1440K, committed 1536K, reserved 1048576K
}
Event: 5.934 GC heap before
{Heap before GC invocations=4 (full 0):
 PSYoungGen      total 75776K, used 75748K [0x000000076b580000, 0x0000000770a00000, 0x00000007c0000000)
  eden space 65024K, 100% used [0x000000076b580000,0x000000076f500000,0x000000076f500000)
  from space 10752K, 99% used [0x000000076f500000,0x000000076ff793a8,0x000000076ff80000)
  to   space 10752K, 0% used [0x000000076ff80000,0x000000076ff80000,0x0000000770a00000)
 ParOldGen       total 173568K, used 67835K [0x00000006c2000000, 0x00000006cc980000, 0x000000076b580000)
  object space 173568K, 39% used [0x00000006c2000000,0x00000006c623edf8,0x00000006cc980000)
 Metaspace       used 12435K, capacity 12672K, committed 12800K, reserved 1060864K
  class space    used 1367K, capacity 1440K, committed 1536K, reserved 1048576K
Event: 5.940 GC heap after
Heap after GC invocations=4 (full 0):
 PSYoungGen      total 75776K, used 10740K [0x000000076b580000, 0x0000000770a00000, 0x00000007c0000000)
  eden space 65024K, 0% used [0x000000076b580000,0x000000076b580000,0x000000076f500000)
  from space 10752K, 99% used [0x000000076ff80000,0x00000007709fd398,0x0000000770a00000)
  to   space 10752K, 0% used [0x000000076f500000,0x000000076f500000,0x000000076ff80000)
 ParOldGen       total 173568K, used 91265K [0x00000006c2000000, 0x00000006cc980000, 0x000000076b580000)
  object space 173568K, 52% used [0x00000006c2000000,0x00000006c79205f8,0x00000006cc980000)
 Metaspace       used 12435K, capacity 12672K, committed 12800K, reserved 1060864K
  class space    used 1367K, capacity 1440K, committed 1536K, reserved 1048576K
}

