# JRE version: Java(TM) SE Runtime Environment (8.0_91-b15) (build 1.8.0_91-b15)
# Java VM: Java HotSpot(TM) 64-Bit Server VM (25.91-b15 mixed mode windows-amd64 compressed oops)
Heap:
 PSYoungGen      total 269824K, used 40482K [0x000000076b580000, 0x000000078c480000, 0x00000007c0000000)
  eden space 259072K, 11% used [0x000000076b580000,0x000000076d3c09b0,0x000000077b280000)
  from space 10752K, 88% used [0x000000077b280000,0x000000077bbc8000,0x000000077bd00000)
  to   space 10752K, 0% used [0x000000078ba00000,0x000000078ba00000,0x000000078c480000)
 ParOldGen       total 173568K, used 6467K [0x00000006c2000000, 0x00000006cc980000, 0x000000076b580000)
  object space 173568K, 3% used [0x00000006c2000000,0x00000006c2650cc8,0x00000006cc980000)
 Metaspace       used 11607K, capacity 11796K, committed 11904K, reserved 1060864K
  class space    used 1323K, capacity 1406K, committed 1408K, reserved 1048576K
GC Heap History (10 events):
Event: 2.096 GC heap before
{Heap before GC invocations=3 (full 0):
 PSYoungGen      total 75776K, used 72878K [0x000000076b580000, 0x0000000774980000, 0x00000007c0000000)
  eden space 65024K, 100% used [0x000000076b580000,0x000000076f500000,0x000000076f500000)
  from space 10752K, 73% used [0x000000076ff80000,0x000000077072ba78,0x0000000770a00000)
  to   space 10752K, 0% used [0x000000076f500000,0x000000076f500000,0x000000076ff80000)
 ParOldGen       total 173568K, used 24K [0x00000006c2000000, 0x00000006cc980000, 0x000000076b580000)
  object space 173568K, 0% used [0x00000006c2000000,0x00000006c2006000,0x00000006cc980000)
 Metaspace       used 11590K, capacity 11796K, committed 11904K, reserved 1060864K
  class space    used 1323K, capacity 1406K, committed 1408K, reserved 1048576K
Event: 2.104 GC heap after
Heap after GC invocations=3 (full 0):
 PSYoungGen      total 75776K, used 7998K [0x000000076b580000, 0x0000000774980000, 0x00000007c0000000)
  eden space 65024K, 0% used [0x000000076b580000,0x000000076b580000,0x000000076f500000)
  from space 10752K, 74% used [0x000000076f500000,0x000000076fccfa68,0x000000076ff80000)
  to   space 10752K, 0% used [0x0000000773f00000,0x0000000773f00000,0x0000000774980000)
 ParOldGen       total 173568K, used 24K [0x00000006c2000000, 0x00000006cc980000, 0x000000076b580000)
  object space 173568K, 0% used [0x00000006c2000000,0x00000006c2006000,0x00000006cc980000)
 Metaspace       used 11590K, capacity 11796K, committed 11904K, reserved 1060864K
  class space    used 1323K, capacity 1406K, committed 1408K, reserved 1048576K
}
Event: 2.394 GC heap before
{Heap before GC invocations=4 (full 0):
 PSYoungGen      total 75776K, used 73022K [0x000000076b580000, 0x0000000774980000, 0x00000007c0000000)
  eden space 65024K, 100% used [0x000000076b580000,0x000000076f500000,0x000000076f500000)
  from space 10752K, 74% used [0x000000076f500000,0x000000076fccfa68,0x000000076ff80000)
  to   space 10752K, 0% used [0x0000000773f00000,0x0000000773f00000,0x0000000774980000)
 ParOldGen       total 173568K, used 24K [0x00000006c2000000, 0x00000006cc980000, 0x000000076b580000)
  object space 173568K, 0% used [0x00000006c2000000,0x00000006c2006000,0x00000006cc980000)
 Metaspace       used 11601K, capacity 11796K, committed 11904K, reserved 1060864K
  class space    used 1323K, capacity 1406K, committed 1408K, reserved 1048576K
Event: 2.405 GC heap after
Heap after GC invocations=4 (full 0):
 PSYoungGen      total 140800K, used 7934K [0x000000076b580000, 0x0000000774980000, 0x00000007c0000000)
  eden space 130048K, 0% used [0x000000076b580000,0x000000076b580000,0x0000000773480000)
  from space 10752K, 73% used [0x0000000773f00000,0x00000007746bfa88,0x0000000774980000)
  to   space 10752K, 0% used [0x0000000773480000,0x0000000773480000,0x0000000773f00000)
 ParOldGen       total 173568K, used 24K [0x00000006c2000000, 0x00000006cc980000, 0x000000076b580000)
  object space 173568K, 0% used [0x00000006c2000000,0x00000006c2006000,0x00000006cc980000)
 Metaspace       used 11601K, capacity 11796K, committed 11904K, reserved 1060864K
  class space    used 1323K, capacity 1406K, committed 1408K, reserved 1048576K
}
Event: 2.985 GC heap before
{Heap before GC invocations=5 (full 0):
 PSYoungGen      total 140800K, used 137982K [0x000000076b580000, 0x0000000774980000, 0x00000007c0000000)
  eden space 130048K, 100% used [0x000000076b580000,0x0000000773480000,0x0000000773480000)
  from space 10752K, 73% used [0x0000000773f00000,0x00000007746bfa88,0x0000000774980000)
  to   space 10752K, 0% used [0x0000000773480000,0x0000000773480000,0x0000000773f00000)
 ParOldGen       total 173568K, used 24K [0x00000006c2000000, 0x00000006cc980000, 0x000000076b580000)
  object space 173568K, 0% used [0x00000006c2000000,0x00000006c2006000,0x00000006cc980000)
 Metaspace       used 11603K, capacity 11796K, committed 11904K, reserved 1060864K
  class space    used 1323K, capacity 1406K, committed 1408K, reserved 1048576K
Event: 3.001 GC heap after
Heap after GC invocations=5 (full 0):
 PSYoungGen      total 140800K, used 10126K [0x000000076b580000, 0x000000077c680000, 0x00000007c0000000)
  eden space 130048K, 0% used [0x000000076b580000,0x000000076b580000,0x0000000773480000)
  from space 10752K, 94% used [0x0000000773480000,0x0000000773e63a78,0x0000000773f00000)
  to   space 9728K, 0% used [0x000000077bd00000,0x000000077bd00000,0x000000077c680000)
 ParOldGen       total 173568K, used 32K [0x00000006c2000000, 0x00000006cc980000, 0x000000076b580000)
  object space 173568K, 0% used [0x00000006c2000000,0x00000006c2008000,0x00000006cc980000)
 Metaspace       used 11603K, capacity 11796K, committed 11904K, reserved 1060864K
  class space    used 1323K, capacity 1406K, committed 1408K, reserved 1048576K
}
Event: 3.574 GC heap before
{Heap before GC invocations=6 (full 0):
 PSYoungGen      total 140800K, used 140174K [0x000000076b580000, 0x000000077c680000, 0x00000007c0000000)
  eden space 130048K, 100% used [0x000000076b580000,0x0000000773480000,0x0000000773480000)
  from space 10752K, 94% used [0x0000000773480000,0x0000000773e63a78,0x0000000773f00000)
  to   space 9728K, 0% used [0x000000077bd00000,0x000000077bd00000,0x000000077c680000)
 ParOldGen       total 173568K, used 32K [0x00000006c2000000, 0x00000006cc980000, 0x000000076b580000)
  object space 173568K, 0% used [0x00000006c2000000,0x00000006c2008000,0x00000006cc980000)
 Metaspace       used 11603K, capacity 11796K, committed 11904K, reserved 1060864K
  class space    used 1323K, capacity 1406K, committed 1408K, reserved 1048576K
Event: 3.590 GC heap after
Heap after GC invocations=6 (full 0):
 PSYoungGen      total 268800K, used 9710K [0x000000076b580000, 0x000000077c880000, 0x00000007c0000000)
  eden space 259072K, 0% used [0x000000076b580000,0x000000076b580000,0x000000077b280000)
  from space 9728K, 99% used [0x000000077bd00000,0x000000077c67ba78,0x000000077c680000)
  to   space 10752K, 0% used [0x000000077b280000,0x000000077b280000,0x000000077bd00000)
 ParOldGen       total 173568K, used 576K [0x00000006c2000000, 0x00000006cc980000, 0x000000076b580000)
  object space 173568K, 0% used [0x00000006c2000000,0x00000006c2090000,0x00000006cc980000)
 Metaspace       used 11603K, capacity 11796K, committed 11904K, reserved 1060864K
  class space    used 1323K, capacity 1406K, committed 1408K, reserved 1048576K
}
Event: 4.781 GC heap before
{Heap before GC invocations=7 (full 0):
 PSYoungGen      total 268800K, used 268782K [0x000000076b580000, 0x000000077c880000, 0x00000007c0000000)
  eden space 259072K, 100% used [0x000000076b580000,0x000000077b280000,0x000000077b280000)
  from space 9728K, 99% used [0x000000077bd00000,0x000000077c67ba78,0x000000077c680000)
  to   space 10752K, 0% used [0x000000077b280000,0x000000077b280000,0x000000077bd00000)
 ParOldGen       total 173568K, used 576K [0x00000006c2000000, 0x00000006cc980000, 0x000000076b580000)
  object space 173568K, 0% used [0x00000006c2000000,0x00000006c2090000,0x00000006cc980000)
 Metaspace       used 11603K, capacity 11796K, committed 11904K, reserved 1060864K
  class space    used 1323K, capacity 1406K, committed 1408K, reserved 1048576K
Event: 4.814 GC heap after
Heap after GC invocations=7 (full 0):
 PSYoungGen      total 269824K, used 9504K [0x000000076b580000, 0x000000078c480000, 0x00000007c0000000)
  eden space 259072K, 0% used [0x000000076b580000,0x000000076b580000,0x000000077b280000)
  from space 10752K, 88% used [0x000000077b280000,0x000000077bbc8000,0x000000077bd00000)
  to   space 10752K, 0% used [0x000000078ba00000,0x000000078ba00000,0x000000078c480000)
 ParOldGen       total 173568K, used 6467K [0x00000006c2000000, 0x00000006cc980000, 0x000000076b580000)
  object space 173568K, 3% used [0x00000006c2000000,0x00000006c2650cc8,0x00000006cc980000)
 Metaspace       used 11603K, capacity 11796K, committed 11904K, reserved 1060864K
  class space    used 1323K, capacity 1406K, committed 1408K, reserved 1048576K
}

