# JRE version: Java(TM) SE Runtime Environment (8.0_91-b15) (build 1.8.0_91-b15)
# Java VM: Java HotSpot(TM) 64-Bit Server VM (25.91-b15 mixed mode windows-amd64 compressed oops)
Heap:
 PSYoungGen      total 266752K, used 50753K [0x000000076b580000, 0x000000077c480000, 0x00000007c0000000)
  eden space 259072K, 16% used [0x000000076b580000,0x000000076df92cb0,0x000000077b280000)
  from space 7680K, 99% used [0x000000077bb00000,0x000000077c27d7a8,0x000000077c280000)
  to   space 8704K, 0% used [0x000000077b280000,0x000000077b280000,0x000000077bb00000)
 ParOldGen       total 173568K, used 384K [0x00000006c2000000, 0x00000006cc980000, 0x000000076b580000)
  object space 173568K, 0% used [0x00000006c2000000,0x00000006c2060000,0x00000006cc980000)
 Metaspace       used 11025K, capacity 11204K, committed 11392K, reserved 1058816K
  class space    used 1259K, capacity 1342K, committed 1408K, reserved 1048576K
GC Heap History (10 events):
Event: 1.565 GC heap before
{Heap before GC invocations=2 (full 0):
 PSYoungGen      total 75776K, used 70457K [0x000000076b580000, 0x0000000770a00000, 0x00000007c0000000)
  eden space 65024K, 100% used [0x000000076b580000,0x000000076f500000,0x000000076f500000)
  from space 10752K, 50% used [0x000000076f500000,0x000000076fa4e7a0,0x000000076ff80000)
  to   space 10752K, 0% used [0x000000076ff80000,0x000000076ff80000,0x0000000770a00000)
 ParOldGen       total 173568K, used 8K [0x00000006c2000000, 0x00000006cc980000, 0x000000076b580000)
  object space 173568K, 0% used [0x00000006c2000000,0x00000006c2002000,0x00000006cc980000)
 Metaspace       used 10992K, capacity 11204K, committed 11392K, reserved 1058816K
  class space    used 1259K, capacity 1342K, committed 1408K, reserved 1048576K
Event: 1.574 GC heap after
Heap after GC invocations=2 (full 0):
 PSYoungGen      total 75776K, used 5493K [0x000000076b580000, 0x0000000774980000, 0x00000007c0000000)
  eden space 65024K, 0% used [0x000000076b580000,0x000000076b580000,0x000000076f500000)
  from space 10752K, 51% used [0x000000076ff80000,0x00000007704dd7a8,0x0000000770a00000)
  to   space 10752K, 0% used [0x000000076f500000,0x000000076f500000,0x000000076ff80000)
 ParOldGen       total 173568K, used 16K [0x00000006c2000000, 0x00000006cc980000, 0x000000076b580000)
  object space 173568K, 0% used [0x00000006c2000000,0x00000006c2004000,0x00000006cc980000)
 Metaspace       used 10992K, capacity 11204K, committed 11392K, reserved 1058816K
  class space    used 1259K, capacity 1342K, committed 1408K, reserved 1048576K
}
Event: 1.878 GC heap before
{Heap before GC invocations=3 (full 0):
 PSYoungGen      total 75776K, used 70517K [0x000000076b580000, 0x0000000774980000, 0x00000007c0000000)
  eden space 65024K, 100% used [0x000000076b580000,0x000000076f500000,0x000000076f500000)
  from space 10752K, 51% used [0x000000076ff80000,0x00000007704dd7a8,0x0000000770a00000)
  to   space 10752K, 0% used [0x000000076f500000,0x000000076f500000,0x000000076ff80000)
 ParOldGen       total 173568K, used 16K [0x00000006c2000000, 0x00000006cc980000, 0x000000076b580000)
  object space 173568K, 0% used [0x00000006c2000000,0x00000006c2004000,0x00000006cc980000)
 Metaspace       used 11010K, capacity 11204K, committed 11392K, reserved 1058816K
  class space    used 1259K, capacity 1342K, committed 1408K, reserved 1048576K
Event: 1.885 GC heap after
Heap after GC invocations=3 (full 0):
 PSYoungGen      total 75776K, used 5573K [0x000000076b580000, 0x0000000774980000, 0x00000007c0000000)
  eden space 65024K, 0% used [0x000000076b580000,0x000000076b580000,0x000000076f500000)
  from space 10752K, 51% used [0x000000076f500000,0x000000076fa71798,0x000000076ff80000)
  to   space 10752K, 0% used [0x0000000773f00000,0x0000000773f00000,0x0000000774980000)
 ParOldGen       total 173568K, used 24K [0x00000006c2000000, 0x00000006cc980000, 0x000000076b580000)
  object space 173568K, 0% used [0x00000006c2000000,0x00000006c2006000,0x00000006cc980000)
 Metaspace       used 11010K, capacity 11204K, committed 11392K, reserved 1058816K
  class space    used 1259K, capacity 1342K, committed 1408K, reserved 1048576K
}
Event: 2.174 GC heap before
{Heap before GC invocations=4 (full 0):
 PSYoungGen      total 75776K, used 70597K [0x000000076b580000, 0x0000000774980000, 0x00000007c0000000)
  eden space 65024K, 100% used [0x000000076b580000,0x000000076f500000,0x000000076f500000)
  from space 10752K, 51% used [0x000000076f500000,0x000000076fa71798,0x000000076ff80000)
  to   space 10752K, 0% used [0x0000000773f00000,0x0000000773f00000,0x0000000774980000)
 ParOldGen       total 173568K, used 24K [0x00000006c2000000, 0x00000006cc980000, 0x000000076b580000)
  object space 173568K, 0% used [0x00000006c2000000,0x00000006c2006000,0x00000006cc980000)
 Metaspace       used 11019K, capacity 11204K, committed 11392K, reserved 1058816K
  class space    used 1259K, capacity 1342K, committed 1408K, reserved 1048576K
Event: 2.182 GC heap after
Heap after GC invocations=4 (full 0):
 PSYoungGen      total 140800K, used 5669K [0x000000076b580000, 0x0000000774980000, 0x00000007c0000000)
  eden space 130048K, 0% used [0x000000076b580000,0x000000076b580000,0x0000000773480000)
  from space 10752K, 52% used [0x0000000773f00000,0x00000007744897b8,0x0000000774980000)
  to   space 10752K, 0% used [0x0000000773480000,0x0000000773480000,0x0000000773f00000)
 ParOldGen       total 173568K, used 24K [0x00000006c2000000, 0x00000006cc980000, 0x000000076b580000)
  object space 173568K, 0% used [0x00000006c2000000,0x00000006c2006000,0x00000006cc980000)
 Metaspace       used 11019K, capacity 11204K, committed 11392K, reserved 1058816K
  class space    used 1259K, capacity 1342K, committed 1408K, reserved 1048576K
}
Event: 2.759 GC heap before
{Heap before GC invocations=5 (full 0):
 PSYoungGen      total 140800K, used 135717K [0x000000076b580000, 0x0000000774980000, 0x00000007c0000000)
  eden space 130048K, 100% used [0x000000076b580000,0x0000000773480000,0x0000000773480000)
  from space 10752K, 52% used [0x0000000773f00000,0x00000007744897b8,0x0000000774980000)
  to   space 10752K, 0% used [0x0000000773480000,0x0000000773480000,0x0000000773f00000)
 ParOldGen       total 173568K, used 24K [0x00000006c2000000, 0x00000006cc980000, 0x000000076b580000)
  object space 173568K, 0% used [0x00000006c2000000,0x00000006c2006000,0x00000006cc980000)
 Metaspace       used 11021K, capacity 11204K, committed 11392K, reserved 1058816K
  class space    used 1259K, capacity 1342K, committed 1408K, reserved 1048576K
Event: 2.775 GC heap after
Heap after GC invocations=5 (full 0):
 PSYoungGen      total 140800K, used 7893K [0x000000076b580000, 0x000000077c280000, 0x00000007c0000000)
  eden space 130048K, 0% used [0x000000076b580000,0x000000076b580000,0x0000000773480000)
  from space 10752K, 73% used [0x0000000773480000,0x0000000773c357a8,0x0000000773f00000)
  to   space 7680K, 0% used [0x000000077bb00000,0x000000077bb00000,0x000000077c280000)
 ParOldGen       total 173568K, used 32K [0x00000006c2000000, 0x00000006cc980000, 0x000000076b580000)
  object space 173568K, 0% used [0x00000006c2000000,0x00000006c2008000,0x00000006cc980000)
 Metaspace       used 11021K, capacity 11204K, committed 11392K, reserved 1058816K
  class space    used 1259K, capacity 1342K, committed 1408K, reserved 1048576K
}
Event: 3.339 GC heap before
{Heap before GC invocations=6 (full 0):
 PSYoungGen      total 140800K, used 137941K [0x000000076b580000, 0x000000077c280000, 0x00000007c0000000)
  eden space 130048K, 100% used [0x000000076b580000,0x0000000773480000,0x0000000773480000)
  from space 10752K, 73% used [0x0000000773480000,0x0000000773c357a8,0x0000000773f00000)
  to   space 7680K, 0% used [0x000000077bb00000,0x000000077bb00000,0x000000077c280000)
 ParOldGen       total 173568K, used 32K [0x00000006c2000000, 0x00000006cc980000, 0x000000076b580000)
  object space 173568K, 0% used [0x00000006c2000000,0x00000006c2008000,0x00000006cc980000)
 Metaspace       used 11021K, capacity 11204K, committed 11392K, reserved 1058816K
  class space    used 1259K, capacity 1342K, committed 1408K, reserved 1048576K
Event: 3.355 GC heap after
Heap after GC invocations=6 (full 0):
 PSYoungGen      total 266752K, used 7669K [0x000000076b580000, 0x000000077c480000, 0x00000007c0000000)
  eden space 259072K, 0% used [0x000000076b580000,0x000000076b580000,0x000000077b280000)
  from space 7680K, 99% used [0x000000077bb00000,0x000000077c27d7a8,0x000000077c280000)
  to   space 8704K, 0% used [0x000000077b280000,0x000000077b280000,0x000000077bb00000)
 ParOldGen       total 173568K, used 384K [0x00000006c2000000, 0x00000006cc980000, 0x000000076b580000)
  object space 173568K, 0% used [0x00000006c2000000,0x00000006c2060000,0x00000006cc980000)
 Metaspace       used 11021K, capacity 11204K, committed 11392K, reserved 1058816K
  class space    used 1259K, capacity 1342K, committed 1408K, reserved 1048576K
}

