# JRE version: Java(TM) SE Runtime Environment (8.0_91-b15) (build 1.8.0_91-b15)
# Java VM: Java HotSpot(TM) 64-Bit Server VM (25.91-b15 mixed mode windows-amd64 compressed oops)
Heap:
 PSYoungGen      total 45056K, used 10822K [0x000000076b580000, 0x0000000779480000, 0x00000007c0000000)
  eden space 44544K, 24% used [0x000000076b580000,0x000000076c0019f0,0x000000076e100000)
  from space 512K, 12% used [0x0000000779400000,0x0000000779410000,0x0000000779480000)
  to   space 512K, 0% used [0x0000000779380000,0x0000000779380000,0x0000000779400000)
 ParOldGen       total 173568K, used 2458K [0x00000006c2000000, 0x00000006cc980000, 0x000000076b580000)
  object space 173568K, 1% used [0x00000006c2000000,0x00000006c2266818,0x00000006cc980000)
 Metaspace       used 10860K, capacity 11032K, committed 11392K, reserved 1058816K
  class space    used 1219K, capacity 1283K, committed 1408K, reserved 1048576K
GC Heap History (10 events):
Event: 23.136 GC heap before
{Heap before GC invocations=300 (full 0):
 PSYoungGen      total 47616K, used 47104K [0x000000076b580000, 0x0000000779480000, 0x00000007c0000000)
  eden space 47104K, 100% used [0x000000076b580000,0x000000076e380000,0x000000076e380000)
  from space 512K, 0% used [0x0000000779380000,0x0000000779380000,0x0000000779400000)
  to   space 512K, 0% used [0x0000000779400000,0x0000000779400000,0x0000000779480000)
 ParOldGen       total 173568K, used 2458K [0x00000006c2000000, 0x00000006cc980000, 0x000000076b580000)
  object space 173568K, 1% used [0x00000006c2000000,0x00000006c2266818,0x00000006cc980000)
 Metaspace       used 10855K, capacity 11032K, committed 11392K, reserved 1058816K
  class space    used 1219K, capacity 1283K, committed 1408K, reserved 1048576K
Event: 23.137 GC heap after
Heap after GC invocations=300 (full 0):
 PSYoungGen      total 47104K, used 0K [0x000000076b580000, 0x0000000779480000, 0x00000007c0000000)
  eden space 46592K, 0% used [0x000000076b580000,0x000000076b580000,0x000000076e300000)
  from space 512K, 0% used [0x0000000779400000,0x0000000779400000,0x0000000779480000)
  to   space 512K, 0% used [0x0000000779380000,0x0000000779380000,0x0000000779400000)
 ParOldGen       total 173568K, used 2458K [0x00000006c2000000, 0x00000006cc980000, 0x000000076b580000)
  object space 173568K, 1% used [0x00000006c2000000,0x00000006c2266818,0x00000006cc980000)
 Metaspace       used 10855K, capacity 11032K, committed 11392K, reserved 1058816K
  class space    used 1219K, capacity 1283K, committed 1408K, reserved 1048576K
}
Event: 23.196 GC heap before
{Heap before GC invocations=301 (full 0):
 PSYoungGen      total 47104K, used 46592K [0x000000076b580000, 0x0000000779480000, 0x00000007c0000000)
  eden space 46592K, 100% used [0x000000076b580000,0x000000076e300000,0x000000076e300000)
  from space 512K, 0% used [0x0000000779400000,0x0000000779400000,0x0000000779480000)
  to   space 512K, 0% used [0x0000000779380000,0x0000000779380000,0x0000000779400000)
 ParOldGen       total 173568K, used 2458K [0x00000006c2000000, 0x00000006cc980000, 0x000000076b580000)
  object space 173568K, 1% used [0x00000006c2000000,0x00000006c2266818,0x00000006cc980000)
 Metaspace       used 10855K, capacity 11032K, committed 11392K, reserved 1058816K
  class space    used 1219K, capacity 1283K, committed 1408K, reserved 1048576K
Event: 23.197 GC heap after
Heap after GC invocations=301 (full 0):
 PSYoungGen      total 46592K, used 96K [0x000000076b580000, 0x0000000779480000, 0x00000007c0000000)
  eden space 46080K, 0% used [0x000000076b580000,0x000000076b580000,0x000000076e280000)
  from space 512K, 18% used [0x0000000779380000,0x0000000779398000,0x0000000779400000)
  to   space 512K, 0% used [0x0000000779400000,0x0000000779400000,0x0000000779480000)
 ParOldGen       total 173568K, used 2458K [0x00000006c2000000, 0x00000006cc980000, 0x000000076b580000)
  object space 173568K, 1% used [0x00000006c2000000,0x00000006c2266818,0x00000006cc980000)
 Metaspace       used 10855K, capacity 11032K, committed 11392K, reserved 1058816K
  class space    used 1219K, capacity 1283K, committed 1408K, reserved 1048576K
}
Event: 23.255 GC heap before
{Heap before GC invocations=302 (full 0):
 PSYoungGen      total 46592K, used 46176K [0x000000076b580000, 0x0000000779480000, 0x00000007c0000000)
  eden space 46080K, 100% used [0x000000076b580000,0x000000076e280000,0x000000076e280000)
  from space 512K, 18% used [0x0000000779380000,0x0000000779398000,0x0000000779400000)
  to   space 512K, 0% used [0x0000000779400000,0x0000000779400000,0x0000000779480000)
 ParOldGen       total 173568K, used 2458K [0x00000006c2000000, 0x00000006cc980000, 0x000000076b580000)
  object space 173568K, 1% used [0x00000006c2000000,0x00000006c2266818,0x00000006cc980000)
 Metaspace       used 10855K, capacity 11032K, committed 11392K, reserved 1058816K
  class space    used 1219K, capacity 1283K, committed 1408K, reserved 1048576K
Event: 23.255 GC heap after
Heap after GC invocations=302 (full 0):
 PSYoungGen      total 46080K, used 64K [0x000000076b580000, 0x0000000779480000, 0x00000007c0000000)
  eden space 45568K, 0% used [0x000000076b580000,0x000000076b580000,0x000000076e200000)
  from space 512K, 12% used [0x0000000779400000,0x0000000779410000,0x0000000779480000)
  to   space 512K, 0% used [0x0000000779380000,0x0000000779380000,0x0000000779400000)
 ParOldGen       total 173568K, used 2458K [0x00000006c2000000, 0x00000006cc980000, 0x000000076b580000)
  object space 173568K, 1% used [0x00000006c2000000,0x00000006c2266818,0x00000006cc980000)
 Metaspace       used 10855K, capacity 11032K, committed 11392K, reserved 1058816K
  class space    used 1219K, capacity 1283K, committed 1408K, reserved 1048576K
}
Event: 23.313 GC heap before
{Heap before GC invocations=303 (full 0):
 PSYoungGen      total 46080K, used 45632K [0x000000076b580000, 0x0000000779480000, 0x00000007c0000000)
  eden space 45568K, 100% used [0x000000076b580000,0x000000076e200000,0x000000076e200000)
  from space 512K, 12% used [0x0000000779400000,0x0000000779410000,0x0000000779480000)
  to   space 512K, 0% used [0x0000000779380000,0x0000000779380000,0x0000000779400000)
 ParOldGen       total 173568K, used 2458K [0x00000006c2000000, 0x00000006cc980000, 0x000000076b580000)
  object space 173568K, 1% used [0x00000006c2000000,0x00000006c2266818,0x00000006cc980000)
 Metaspace       used 10855K, capacity 11032K, committed 11392K, reserved 1058816K
  class space    used 1219K, capacity 1283K, committed 1408K, reserved 1048576K
Event: 23.313 GC heap after
Heap after GC invocations=303 (full 0):
 PSYoungGen      total 45568K, used 64K [0x000000076b580000, 0x0000000779480000, 0x00000007c0000000)
  eden space 45056K, 0% used [0x000000076b580000,0x000000076b580000,0x000000076e180000)
  from space 512K, 12% used [0x0000000779380000,0x0000000779390000,0x0000000779400000)
  to   space 512K, 0% used [0x0000000779400000,0x0000000779400000,0x0000000779480000)
 ParOldGen       total 173568K, used 2458K [0x00000006c2000000, 0x00000006cc980000, 0x000000076b580000)
  object space 173568K, 1% used [0x00000006c2000000,0x00000006c2266818,0x00000006cc980000)
 Metaspace       used 10855K, capacity 11032K, committed 11392K, reserved 1058816K
  class space    used 1219K, capacity 1283K, committed 1408K, reserved 1048576K
}
Event: 23.407 GC heap before
{Heap before GC invocations=304 (full 0):
 PSYoungGen      total 45568K, used 45120K [0x000000076b580000, 0x0000000779480000, 0x00000007c0000000)
  eden space 45056K, 100% used [0x000000076b580000,0x000000076e180000,0x000000076e180000)
  from space 512K, 12% used [0x0000000779380000,0x0000000779390000,0x0000000779400000)
  to   space 512K, 0% used [0x0000000779400000,0x0000000779400000,0x0000000779480000)
 ParOldGen       total 173568K, used 2458K [0x00000006c2000000, 0x00000006cc980000, 0x000000076b580000)
  object space 173568K, 1% used [0x00000006c2000000,0x00000006c2266818,0x00000006cc980000)
 Metaspace       used 10860K, capacity 11032K, committed 11392K, reserved 1058816K
  class space    used 1219K, capacity 1283K, committed 1408K, reserved 1048576K
Event: 23.407 GC heap after
Heap after GC invocations=304 (full 0):
 PSYoungGen      total 45056K, used 64K [0x000000076b580000, 0x0000000779480000, 0x00000007c0000000)
  eden space 44544K, 0% used [0x000000076b580000,0x000000076b580000,0x000000076e100000)
  from space 512K, 12% used [0x0000000779400000,0x0000000779410000,0x0000000779480000)
  to   space 512K, 0% used [0x0000000779380000,0x0000000779380000,0x0000000779400000)
 ParOldGen       total 173568K, used 2458K [0x00000006c2000000, 0x00000006cc980000, 0x000000076b580000)
  object space 173568K, 1% used [0x00000006c2000000,0x00000006c2266818,0x00000006cc980000)
 Metaspace       used 10860K, capacity 11032K, committed 11392K, reserved 1058816K
  class space    used 1219K, capacity 1283K, committed 1408K, reserved 1048576K
}

