# JRE version: Java(TM) SE Runtime Environment (8.0_91-b15) (build 1.8.0_91-b15)
# Java VM: Java HotSpot(TM) 64-Bit Server VM (25.91-b15 mixed mode windows-amd64 compressed oops)
Heap:
 PSYoungGen      total 32256K, used 23850K [0x000000076b580000, 0x000000076d600000, 0x00000007c0000000)
  eden space 31232K, 75% used [0x000000076b580000,0x000000076cc62bb8,0x000000076d400000)
  from space 1024K, 40% used [0x000000076d500000,0x000000076d568010,0x000000076d600000)
  to   space 1024K, 0% used [0x000000076d400000,0x000000076d400000,0x000000076d500000)
 ParOldGen       total 173568K, used 120991K [0x00000006c2000000, 0x00000006cc980000, 0x000000076b580000)
  object space 173568K, 69% used [0x00000006c2000000,0x00000006c9627d28,0x00000006cc980000)
 Metaspace       used 17405K, capacity 17598K, committed 17792K, reserved 1064960K
  class space    used 1820K, capacity 1877K, committed 1920K, reserved 1048576K
GC Heap History (10 events):
Event: 906.673 GC heap before
{Heap before GC invocations=4472 (full 0):
 PSYoungGen      total 32256K, used 31616K [0x000000076b580000, 0x000000076d600000, 0x00000007c0000000)
  eden space 31232K, 100% used [0x000000076b580000,0x000000076d400000,0x000000076d400000)
  from space 1024K, 37% used [0x000000076d400000,0x000000076d460000,0x000000076d500000)
  to   space 1024K, 0% used [0x000000076d500000,0x000000076d500000,0x000000076d600000)
 ParOldGen       total 173568K, used 120863K [0x00000006c2000000, 0x00000006cc980000, 0x000000076b580000)
  object space 173568K, 69% used [0x00000006c2000000,0x00000006c9607d28,0x00000006cc980000)
 Metaspace       used 17403K, capacity 17598K, committed 17792K, reserved 1064960K
  class space    used 1820K, capacity 1877K, committed 1920K, reserved 1048576K
Event: 906.675 GC heap after
Heap after GC invocations=4472 (full 0):
 PSYoungGen      total 32256K, used 512K [0x000000076b580000, 0x000000076d600000, 0x00000007c0000000)
  eden space 31232K, 0% used [0x000000076b580000,0x000000076b580000,0x000000076d400000)
  from space 1024K, 50% used [0x000000076d500000,0x000000076d580010,0x000000076d600000)
  to   space 1024K, 0% used [0x000000076d400000,0x000000076d400000,0x000000076d500000)
 ParOldGen       total 173568K, used 120887K [0x00000006c2000000, 0x00000006cc980000, 0x000000076b580000)
  object space 173568K, 69% used [0x00000006c2000000,0x00000006c960dd28,0x00000006cc980000)
 Metaspace       used 17403K, capacity 17598K, committed 17792K, reserved 1064960K
  class space    used 1820K, capacity 1877K, committed 1920K, reserved 1048576K
}
Event: 906.884 GC heap before
{Heap before GC invocations=4473 (full 0):
 PSYoungGen      total 32256K, used 31744K [0x000000076b580000, 0x000000076d600000, 0x00000007c0000000)
  eden space 31232K, 100% used [0x000000076b580000,0x000000076d400000,0x000000076d400000)
  from space 1024K, 50% used [0x000000076d500000,0x000000076d580010,0x000000076d600000)
  to   space 1024K, 0% used [0x000000076d400000,0x000000076d400000,0x000000076d500000)
 ParOldGen       total 173568K, used 120887K [0x00000006c2000000, 0x00000006cc980000, 0x000000076b580000)
  object space 173568K, 69% used [0x00000006c2000000,0x00000006c960dd28,0x00000006cc980000)
 Metaspace       used 17403K, capacity 17598K, committed 17792K, reserved 1064960K
  class space    used 1820K, capacity 1877K, committed 1920K, reserved 1048576K
Event: 906.886 GC heap after
Heap after GC invocations=4473 (full 0):
 PSYoungGen      total 32256K, used 416K [0x000000076b580000, 0x000000076d600000, 0x00000007c0000000)
  eden space 31232K, 0% used [0x000000076b580000,0x000000076b580000,0x000000076d400000)
  from space 1024K, 40% used [0x000000076d400000,0x000000076d468010,0x000000076d500000)
  to   space 1024K, 0% used [0x000000076d500000,0x000000076d500000,0x000000076d600000)
 ParOldGen       total 173568K, used 120911K [0x00000006c2000000, 0x00000006cc980000, 0x000000076b580000)
  object space 173568K, 69% used [0x00000006c2000000,0x00000006c9613d28,0x00000006cc980000)
 Metaspace       used 17403K, capacity 17598K, committed 17792K, reserved 1064960K
  class space    used 1820K, capacity 1877K, committed 1920K, reserved 1048576K
}
Event: 907.081 GC heap before
{Heap before GC invocations=4474 (full 0):
 PSYoungGen      total 32256K, used 31648K [0x000000076b580000, 0x000000076d600000, 0x00000007c0000000)
  eden space 31232K, 100% used [0x000000076b580000,0x000000076d400000,0x000000076d400000)
  from space 1024K, 40% used [0x000000076d400000,0x000000076d468010,0x000000076d500000)
  to   space 1024K, 0% used [0x000000076d500000,0x000000076d500000,0x000000076d600000)
 ParOldGen       total 173568K, used 120911K [0x00000006c2000000, 0x00000006cc980000, 0x000000076b580000)
  object space 173568K, 69% used [0x00000006c2000000,0x00000006c9613d28,0x00000006cc980000)
 Metaspace       used 17403K, capacity 17598K, committed 17792K, reserved 1064960K
  class space    used 1820K, capacity 1877K, committed 1920K, reserved 1048576K
Event: 907.082 GC heap after
Heap after GC invocations=4474 (full 0):
 PSYoungGen      total 32256K, used 384K [0x000000076b580000, 0x000000076d600000, 0x00000007c0000000)
  eden space 31232K, 0% used [0x000000076b580000,0x000000076b580000,0x000000076d400000)
  from space 1024K, 37% used [0x000000076d500000,0x000000076d560000,0x000000076d600000)
  to   space 1024K, 0% used [0x000000076d400000,0x000000076d400000,0x000000076d500000)
 ParOldGen       total 173568K, used 120935K [0x00000006c2000000, 0x00000006cc980000, 0x000000076b580000)
  object space 173568K, 69% used [0x00000006c2000000,0x00000006c9619d28,0x00000006cc980000)
 Metaspace       used 17403K, capacity 17598K, committed 17792K, reserved 1064960K
  class space    used 1820K, capacity 1877K, committed 1920K, reserved 1048576K
}
Event: 907.276 GC heap before
{Heap before GC invocations=4475 (full 0):
 PSYoungGen      total 32256K, used 31616K [0x000000076b580000, 0x000000076d600000, 0x00000007c0000000)
  eden space 31232K, 100% used [0x000000076b580000,0x000000076d400000,0x000000076d400000)
  from space 1024K, 37% used [0x000000076d500000,0x000000076d560000,0x000000076d600000)
  to   space 1024K, 0% used [0x000000076d400000,0x000000076d400000,0x000000076d500000)
 ParOldGen       total 173568K, used 120935K [0x00000006c2000000, 0x00000006cc980000, 0x000000076b580000)
  object space 173568K, 69% used [0x00000006c2000000,0x00000006c9619d28,0x00000006cc980000)
 Metaspace       used 17403K, capacity 17598K, committed 17792K, reserved 1064960K
  class space    used 1820K, capacity 1877K, committed 1920K, reserved 1048576K
Event: 907.277 GC heap after
Heap after GC invocations=4475 (full 0):
 PSYoungGen      total 32256K, used 512K [0x000000076b580000, 0x000000076d600000, 0x00000007c0000000)
  eden space 31232K, 0% used [0x000000076b580000,0x000000076b580000,0x000000076d400000)
  from space 1024K, 50% used [0x000000076d400000,0x000000076d480010,0x000000076d500000)
  to   space 1024K, 0% used [0x000000076d500000,0x000000076d500000,0x000000076d600000)
 ParOldGen       total 173568K, used 120967K [0x00000006c2000000, 0x00000006cc980000, 0x000000076b580000)
  object space 173568K, 69% used [0x00000006c2000000,0x00000006c9621d28,0x00000006cc980000)
 Metaspace       used 17403K, capacity 17598K, committed 17792K, reserved 1064960K
  class space    used 1820K, capacity 1877K, committed 1920K, reserved 1048576K
}
Event: 907.482 GC heap before
{Heap before GC invocations=4476 (full 0):
 PSYoungGen      total 32256K, used 31689K [0x000000076b580000, 0x000000076d600000, 0x00000007c0000000)
  eden space 31232K, 99% used [0x000000076b580000,0x000000076d3f26c8,0x000000076d400000)
  from space 1024K, 50% used [0x000000076d400000,0x000000076d480010,0x000000076d500000)
  to   space 1024K, 0% used [0x000000076d500000,0x000000076d500000,0x000000076d600000)
 ParOldGen       total 173568K, used 120967K [0x00000006c2000000, 0x00000006cc980000, 0x000000076b580000)
  object space 173568K, 69% used [0x00000006c2000000,0x00000006c9621d28,0x00000006cc980000)
 Metaspace       used 17403K, capacity 17598K, committed 17792K, reserved 1064960K
  class space    used 1820K, capacity 1877K, committed 1920K, reserved 1048576K
Event: 907.483 GC heap after
Heap after GC invocations=4476 (full 0):
 PSYoungGen      total 32256K, used 416K [0x000000076b580000, 0x000000076d600000, 0x00000007c0000000)
  eden space 31232K, 0% used [0x000000076b580000,0x000000076b580000,0x000000076d400000)
  from space 1024K, 40% used [0x000000076d500000,0x000000076d568010,0x000000076d600000)
  to   space 1024K, 0% used [0x000000076d400000,0x000000076d400000,0x000000076d500000)
 ParOldGen       total 173568K, used 120991K [0x00000006c2000000, 0x00000006cc980000, 0x000000076b580000)
  object space 173568K, 69% used [0x00000006c2000000,0x00000006c9627d28,0x00000006cc980000)
 Metaspace       used 17403K, capacity 17598K, committed 17792K, reserved 1064960K
  class space    used 1820K, capacity 1877K, committed 1920K, reserved 1048576K
}

