# JRE version: Java(TM) SE Runtime Environment (8.0_91-b15) (build 1.8.0_91-b15)
# Java VM: Java HotSpot(TM) 64-Bit Server VM (25.91-b15 mixed mode windows-amd64 compressed oops)
Heap:
 PSYoungGen      total 956928K, used 733487K [0x000000076b580000, 0x00000007c0000000, 0x00000007c0000000)
  eden space 545280K, 87% used [0x000000076b580000,0x0000000788775de0,0x000000078ca00000)
  from space 411648K, 62% used [0x00000007a6e00000,0x00000007b6855fa0,0x00000007c0000000)
  to   space 420864K, 0% used [0x000000078ca00000,0x000000078ca00000,0x00000007a6500000)
 ParOldGen       total 1925632K, used 1634541K [0x00000006c2000000, 0x0000000737880000, 0x000000076b580000)
  object space 1925632K, 84% used [0x00000006c2000000,0x0000000725c3b728,0x0000000737880000)
 Metaspace       used 12543K, capacity 12732K, committed 13056K, reserved 1060864K
  class space    used 1372K, capacity 1440K, committed 1536K, reserved 1048576K
GC Heap History (10 events):
Event: 13.978 GC heap before
{Heap before GC invocations=18 (full 5):
 PSYoungGen      total 788480K, used 203227K [0x000000076b580000, 0x00000007b7080000, 0x00000007c0000000)
  eden space 528896K, 0% used [0x000000076b580000,0x000000076b580000,0x000000078ba00000)
  from space 259584K, 78% used [0x000000078ba00000,0x0000000798076cc0,0x000000079b780000)
  to   space 278528K, 0% used [0x00000007a6080000,0x00000007a6080000,0x00000007b7080000)
 ParOldGen       total 1053184K, used 945009K [0x00000006c2000000, 0x0000000702480000, 0x000000076b580000)
  object space 1053184K, 89% used [0x00000006c2000000,0x00000006fbadc678,0x0000000702480000)
 Metaspace       used 12475K, capacity 12664K, committed 12800K, reserved 1060864K
  class space    used 1372K, capacity 1440K, committed 1536K, reserved 1048576K
Event: 14.107 GC heap after
Heap after GC invocations=18 (full 5):
 PSYoungGen      total 788480K, used 84256K [0x000000076b580000, 0x00000007b7080000, 0x00000007c0000000)
  eden space 528896K, 0% used [0x000000076b580000,0x000000076b580000,0x000000078ba00000)
  from space 259584K, 32% used [0x000000078ba00000,0x0000000790c48148,0x000000079b780000)
  to   space 278528K, 0% used [0x00000007a6080000,0x00000007a6080000,0x00000007b7080000)
 ParOldGen       total 1452544K, used 1052820K [0x00000006c2000000, 0x000000071aa80000, 0x000000076b580000)
  object space 1452544K, 72% used [0x00000006c2000000,0x00000007024253a0,0x000000071aa80000)
 Metaspace       used 12475K, capacity 12664K, committed 12800K, reserved 1060864K
  class space    used 1372K, capacity 1440K, committed 1536K, reserved 1048576K
}
Event: 16.277 GC heap before
{Heap before GC invocations=19 (full 5):
 PSYoungGen      total 788480K, used 613152K [0x000000076b580000, 0x00000007b7080000, 0x00000007c0000000)
  eden space 528896K, 100% used [0x000000076b580000,0x000000078ba00000,0x000000078ba00000)
  from space 259584K, 32% used [0x000000078ba00000,0x0000000790c48148,0x000000079b780000)
  to   space 278528K, 0% used [0x00000007a6080000,0x00000007a6080000,0x00000007b7080000)
 ParOldGen       total 1452544K, used 1052820K [0x00000006c2000000, 0x000000071aa80000, 0x000000076b580000)
  object space 1452544K, 72% used [0x00000006c2000000,0x00000007024253a0,0x000000071aa80000)
 Metaspace       used 12486K, capacity 12664K, committed 12800K, reserved 1060864K
  class space    used 1372K, capacity 1440K, committed 1536K, reserved 1048576K
Event: 16.329 GC heap after
Heap after GC invocations=19 (full 5):
 PSYoungGen      total 929280K, used 249244K [0x000000076b580000, 0x00000007ba980000, 0x00000007c0000000)
  eden space 650752K, 0% used [0x000000076b580000,0x000000076b580000,0x0000000793100000)
  from space 278528K, 89% used [0x00000007a6080000,0x00000007b53e7300,0x00000007b7080000)
  to   space 310784K, 0% used [0x0000000793100000,0x0000000793100000,0x00000007a6080000)
 ParOldGen       total 1452544K, used 1146540K [0x00000006c2000000, 0x000000071aa80000, 0x000000076b580000)
  object space 1452544K, 78% used [0x00000006c2000000,0x0000000707fab3a0,0x000000071aa80000)
 Metaspace       used 12486K, capacity 12664K, committed 12800K, reserved 1060864K
  class space    used 1372K, capacity 1440K, committed 1536K, reserved 1048576K
}
Event: 19.015 GC heap before
{Heap before GC invocations=20 (full 5):
 PSYoungGen      total 929280K, used 899996K [0x000000076b580000, 0x00000007ba980000, 0x00000007c0000000)
  eden space 650752K, 100% used [0x000000076b580000,0x0000000793100000,0x0000000793100000)
  from space 278528K, 89% used [0x00000007a6080000,0x00000007b53e7300,0x00000007b7080000)
  to   space 310784K, 0% used [0x0000000793100000,0x0000000793100000,0x00000007a6080000)
 ParOldGen       total 1452544K, used 1146540K [0x00000006c2000000, 0x000000071aa80000, 0x000000076b580000)
  object space 1452544K, 78% used [0x00000006c2000000,0x0000000707fab3a0,0x000000071aa80000)
 Metaspace       used 12486K, capacity 12664K, committed 12800K, reserved 1060864K
  class space    used 1372K, capacity 1440K, committed 1536K, reserved 1048576K
Event: 19.072 GC heap after
Heap after GC invocations=20 (full 5):
 PSYoungGen      total 961536K, used 310772K [0x000000076b580000, 0x00000007c0000000, 0x00000007c0000000)
  eden space 650752K, 0% used [0x000000076b580000,0x000000076b580000,0x0000000793100000)
  from space 310784K, 99% used [0x0000000793100000,0x00000007a607d2c8,0x00000007a6080000)
  to   space 411648K, 0% used [0x00000007a6e00000,0x00000007a6e00000,0x00000007c0000000)
 ParOldGen       total 1452544K, used 1290319K [0x00000006c2000000, 0x000000071aa80000, 0x000000076b580000)
  object space 1452544K, 88% used [0x00000006c2000000,0x0000000710c13f80,0x000000071aa80000)
 Metaspace       used 12486K, capacity 12664K, committed 12800K, reserved 1060864K
  class space    used 1372K, capacity 1440K, committed 1536K, reserved 1048576K
}
Event: 19.072 GC heap before
{Heap before GC invocations=21 (full 6):
 PSYoungGen      total 961536K, used 310772K [0x000000076b580000, 0x00000007c0000000, 0x00000007c0000000)
  eden space 650752K, 0% used [0x000000076b580000,0x000000076b580000,0x0000000793100000)
  from space 310784K, 99% used [0x0000000793100000,0x00000007a607d2c8,0x00000007a6080000)
  to   space 411648K, 0% used [0x00000007a6e00000,0x00000007a6e00000,0x00000007c0000000)
 ParOldGen       total 1452544K, used 1290319K [0x00000006c2000000, 0x000000071aa80000, 0x000000076b580000)
  object space 1452544K, 88% used [0x00000006c2000000,0x0000000710c13f80,0x000000071aa80000)
 Metaspace       used 12486K, capacity 12664K, committed 12800K, reserved 1060864K
  class space    used 1372K, capacity 1440K, committed 1536K, reserved 1048576K
Event: 19.197 GC heap after
Heap after GC invocations=21 (full 6):
 PSYoungGen      total 961536K, used 137992K [0x000000076b580000, 0x00000007c0000000, 0x00000007c0000000)
  eden space 650752K, 0% used [0x000000076b580000,0x000000076b580000,0x0000000793100000)
  from space 310784K, 44% used [0x0000000793100000,0x000000079b7c21c0,0x00000007a6080000)
  to   space 411648K, 0% used [0x00000007a6e00000,0x00000007a6e00000,0x00000007c0000000)
 ParOldGen       total 1925632K, used 1452340K [0x00000006c2000000, 0x0000000737880000, 0x000000076b580000)
  object space 1925632K, 75% used [0x00000006c2000000,0x000000071aa4d048,0x0000000737880000)
 Metaspace       used 12486K, capacity 12664K, committed 12800K, reserved 1060864K
  class space    used 1372K, capacity 1440K, committed 1536K, reserved 1048576K
}
Event: 21.914 GC heap before
{Heap before GC invocations=22 (full 6):
 PSYoungGen      total 961536K, used 788744K [0x000000076b580000, 0x00000007c0000000, 0x00000007c0000000)
  eden space 650752K, 100% used [0x000000076b580000,0x0000000793100000,0x0000000793100000)
  from space 310784K, 44% used [0x0000000793100000,0x000000079b7c21c0,0x00000007a6080000)
  to   space 411648K, 0% used [0x00000007a6e00000,0x00000007a6e00000,0x00000007c0000000)
 ParOldGen       total 1925632K, used 1452340K [0x00000006c2000000, 0x0000000737880000, 0x000000076b580000)
  object space 1925632K, 75% used [0x00000006c2000000,0x000000071aa4d048,0x0000000737880000)
 Metaspace       used 12519K, capacity 12728K, committed 13056K, reserved 1060864K
  class space    used 1372K, capacity 1440K, committed 1536K, reserved 1048576K
Event: 21.961 GC heap after
Heap after GC invocations=22 (full 6):
 PSYoungGen      total 956928K, used 256343K [0x000000076b580000, 0x00000007c0000000, 0x00000007c0000000)
  eden space 545280K, 0% used [0x000000076b580000,0x000000076b580000,0x000000078ca00000)
  from space 411648K, 62% used [0x00000007a6e00000,0x00000007b6855fa0,0x00000007c0000000)
  to   space 420864K, 0% used [0x000000078ca00000,0x000000078ca00000,0x00000007a6500000)
 ParOldGen       total 1925632K, used 1634541K [0x00000006c2000000, 0x0000000737880000, 0x000000076b580000)
  object space 1925632K, 84% used [0x00000006c2000000,0x0000000725c3b728,0x0000000737880000)
 Metaspace       used 12519K, capacity 12728K, committed 13056K, reserved 1060864K
  class space    used 1372K, capacity 1440K, committed 1536K, reserved 1048576K
}

