# JRE version: Java(TM) SE Runtime Environment (8.0_91-b15) (build 1.8.0_91-b15)
# Java VM: Java HotSpot(TM) 64-Bit Server VM (25.91-b15 mixed mode windows-amd64 compressed oops)
Heap:
 PSYoungGen      total 226816K, used 98315K [0x000000076b580000, 0x00000007af380000, 0x00000007c0000000)
  eden space 224256K, 42% used [0x000000076b580000,0x0000000771342fc8,0x0000000779080000)
  from space 2560K, 90% used [0x00000007aec80000,0x00000007aeec0010,0x00000007aef00000)
  to   space 4608K, 0% used [0x00000007aef00000,0x00000007aef00000,0x00000007af380000)
 ParOldGen       total 173568K, used 22022K [0x00000006c2000000, 0x00000006cc980000, 0x000000076b580000)
  object space 173568K, 12% used [0x00000006c2000000,0x00000006c35818f0,0x00000006cc980000)
 Metaspace       used 16653K, capacity 16902K, committed 17024K, reserved 1064960K
  class space    used 1763K, capacity 1882K, committed 1920K, reserved 1048576K
GC Heap History (10 events):
Event: 53.667 GC heap before
{Heap before GC invocations=65 (full 0):
 PSYoungGen      total 275968K, used 275520K [0x000000076b580000, 0x00000007afe00000, 0x00000007c0000000)
  eden space 272896K, 100% used [0x000000076b580000,0x000000077c000000,0x000000077c000000)
  from space 3072K, 85% used [0x00000007afb00000,0x00000007afd90000,0x00000007afe00000)
  to   space 5120K, 0% used [0x00000007af400000,0x00000007af400000,0x00000007af900000)
 ParOldGen       total 173568K, used 21894K [0x00000006c2000000, 0x00000006cc980000, 0x000000076b580000)
  object space 173568K, 12% used [0x00000006c2000000,0x00000006c35618f0,0x00000006cc980000)
 Metaspace       used 16530K, capacity 16774K, committed 17024K, reserved 1064960K
  class space    used 1749K, capacity 1818K, committed 1920K, reserved 1048576K
Event: 53.672 GC heap after
Heap after GC invocations=65 (full 0):
 PSYoungGen      total 265216K, used 2624K [0x000000076b580000, 0x00000007afb80000, 0x00000007c0000000)
  eden space 262144K, 0% used [0x000000076b580000,0x000000076b580000,0x000000077b580000)
  from space 3072K, 85% used [0x00000007af400000,0x00000007af690010,0x00000007af700000)
  to   space 4608K, 0% used [0x00000007af700000,0x00000007af700000,0x00000007afb80000)
 ParOldGen       total 173568K, used 21926K [0x00000006c2000000, 0x00000006cc980000, 0x000000076b580000)
  object space 173568K, 12% used [0x00000006c2000000,0x00000006c35698f0,0x00000006cc980000)
 Metaspace       used 16530K, capacity 16774K, committed 17024K, reserved 1064960K
  class space    used 1749K, capacity 1818K, committed 1920K, reserved 1048576K
}
Event: 54.073 GC heap before
{Heap before GC invocations=66 (full 0):
 PSYoungGen      total 265216K, used 264768K [0x000000076b580000, 0x00000007afb80000, 0x00000007c0000000)
  eden space 262144K, 100% used [0x000000076b580000,0x000000077b580000,0x000000077b580000)
  from space 3072K, 85% used [0x00000007af400000,0x00000007af690010,0x00000007af700000)
  to   space 4608K, 0% used [0x00000007af700000,0x00000007af700000,0x00000007afb80000)
 ParOldGen       total 173568K, used 21926K [0x00000006c2000000, 0x00000006cc980000, 0x000000076b580000)
  object space 173568K, 12% used [0x00000006c2000000,0x00000006c35698f0,0x00000006cc980000)
 Metaspace       used 16530K, capacity 16774K, committed 17024K, reserved 1064960K
  class space    used 1749K, capacity 1818K, committed 1920K, reserved 1048576K
Event: 54.077 GC heap after
Heap after GC invocations=66 (full 0):
 PSYoungGen      total 254464K, used 2400K [0x000000076b580000, 0x00000007af980000, 0x00000007c0000000)
  eden space 251904K, 0% used [0x000000076b580000,0x000000076b580000,0x000000077ab80000)
  from space 2560K, 93% used [0x00000007af700000,0x00000007af958000,0x00000007af980000)
  to   space 5120K, 0% used [0x00000007aef80000,0x00000007aef80000,0x00000007af480000)
 ParOldGen       total 173568K, used 21950K [0x00000006c2000000, 0x00000006cc980000, 0x000000076b580000)
  object space 173568K, 12% used [0x00000006c2000000,0x00000006c356f8f0,0x00000006cc980000)
 Metaspace       used 16530K, capacity 16774K, committed 17024K, reserved 1064960K
  class space    used 1749K, capacity 1818K, committed 1920K, reserved 1048576K
}
Event: 54.464 GC heap before
{Heap before GC invocations=67 (full 0):
 PSYoungGen      total 254464K, used 254304K [0x000000076b580000, 0x00000007af980000, 0x00000007c0000000)
  eden space 251904K, 100% used [0x000000076b580000,0x000000077ab80000,0x000000077ab80000)
  from space 2560K, 93% used [0x00000007af700000,0x00000007af958000,0x00000007af980000)
  to   space 5120K, 0% used [0x00000007aef80000,0x00000007aef80000,0x00000007af480000)
 ParOldGen       total 173568K, used 21950K [0x00000006c2000000, 0x00000006cc980000, 0x000000076b580000)
  object space 173568K, 12% used [0x00000006c2000000,0x00000006c356f8f0,0x00000006cc980000)
 Metaspace       used 16530K, capacity 16774K, committed 17024K, reserved 1064960K
  class space    used 1749K, capacity 1818K, committed 1920K, reserved 1048576K
Event: 54.468 GC heap after
Heap after GC invocations=67 (full 0):
 PSYoungGen      total 244736K, used 2304K [0x000000076b580000, 0x00000007af780000, 0x00000007c0000000)
  eden space 242176K, 0% used [0x000000076b580000,0x000000076b580000,0x000000077a200000)
  from space 2560K, 90% used [0x00000007aef80000,0x00000007af1c0000,0x00000007af200000)
  to   space 4608K, 0% used [0x00000007af300000,0x00000007af300000,0x00000007af780000)
 ParOldGen       total 173568K, used 21966K [0x00000006c2000000, 0x00000006cc980000, 0x000000076b580000)
  object space 173568K, 12% used [0x00000006c2000000,0x00000006c35738f0,0x00000006cc980000)
 Metaspace       used 16530K, capacity 16774K, committed 17024K, reserved 1064960K
  class space    used 1749K, capacity 1818K, committed 1920K, reserved 1048576K
}
Event: 54.854 GC heap before
{Heap before GC invocations=68 (full 0):
 PSYoungGen      total 244736K, used 244480K [0x000000076b580000, 0x00000007af780000, 0x00000007c0000000)
  eden space 242176K, 100% used [0x000000076b580000,0x000000077a200000,0x000000077a200000)
  from space 2560K, 90% used [0x00000007aef80000,0x00000007af1c0000,0x00000007af200000)
  to   space 4608K, 0% used [0x00000007af300000,0x00000007af300000,0x00000007af780000)
 ParOldGen       total 173568K, used 21966K [0x00000006c2000000, 0x00000006cc980000, 0x000000076b580000)
  object space 173568K, 12% used [0x00000006c2000000,0x00000006c35738f0,0x00000006cc980000)
 Metaspace       used 16530K, capacity 16774K, committed 17024K, reserved 1064960K
  class space    used 1749K, capacity 1818K, committed 1920K, reserved 1048576K
Event: 54.857 GC heap after
Heap after GC invocations=68 (full 0):
 PSYoungGen      total 235520K, used 2368K [0x000000076b580000, 0x00000007af580000, 0x00000007c0000000)
  eden space 232960K, 0% used [0x000000076b580000,0x000000076b580000,0x0000000779900000)
  from space 2560K, 92% used [0x00000007af300000,0x00000007af550010,0x00000007af580000)
  to   space 4608K, 0% used [0x00000007aec80000,0x00000007aec80000,0x00000007af100000)
 ParOldGen       total 173568K, used 21998K [0x00000006c2000000, 0x00000006cc980000, 0x000000076b580000)
  object space 173568K, 12% used [0x00000006c2000000,0x00000006c357b8f0,0x00000006cc980000)
 Metaspace       used 16530K, capacity 16774K, committed 17024K, reserved 1064960K
  class space    used 1749K, capacity 1818K, committed 1920K, reserved 1048576K
}
Event: 55.220 GC heap before
{Heap before GC invocations=69 (full 0):
 PSYoungGen      total 235520K, used 235328K [0x000000076b580000, 0x00000007af580000, 0x00000007c0000000)
  eden space 232960K, 100% used [0x000000076b580000,0x0000000779900000,0x0000000779900000)
  from space 2560K, 92% used [0x00000007af300000,0x00000007af550010,0x00000007af580000)
  to   space 4608K, 0% used [0x00000007aec80000,0x00000007aec80000,0x00000007af100000)
 ParOldGen       total 173568K, used 21998K [0x00000006c2000000, 0x00000006cc980000, 0x000000076b580000)
  object space 173568K, 12% used [0x00000006c2000000,0x00000006c357b8f0,0x00000006cc980000)
 Metaspace       used 16530K, capacity 16774K, committed 17024K, reserved 1064960K
  class space    used 1749K, capacity 1818K, committed 1920K, reserved 1048576K
Event: 55.224 GC heap after
Heap after GC invocations=69 (full 0):
 PSYoungGen      total 226816K, used 2304K [0x000000076b580000, 0x00000007af380000, 0x00000007c0000000)
  eden space 224256K, 0% used [0x000000076b580000,0x000000076b580000,0x0000000779080000)
  from space 2560K, 90% used [0x00000007aec80000,0x00000007aeec0010,0x00000007aef00000)
  to   space 4608K, 0% used [0x00000007aef00000,0x00000007aef00000,0x00000007af380000)
 ParOldGen       total 173568K, used 22022K [0x00000006c2000000, 0x00000006cc980000, 0x000000076b580000)
  object space 173568K, 12% used [0x00000006c2000000,0x00000006c35818f0,0x00000006cc980000)
 Metaspace       used 16530K, capacity 16774K, committed 17024K, reserved 1064960K
  class space    used 1749K, capacity 1818K, committed 1920K, reserved 1048576K
}

