# JRE version: Java(TM) SE Runtime Environment (8.0_91-b15) (build 1.8.0_91-b15)
# Java VM: Java HotSpot(TM) 64-Bit Server VM (25.91-b15 mixed mode windows-amd64 compressed oops)
Heap:
 PSYoungGen      total 1038848K, used 535112K [0x000000076b580000, 0x00000007c0000000, 0x00000007c0000000)
  eden space 748032K, 32% used [0x000000076b580000,0x000000077a4358f8,0x0000000799000000)
  from space 290816K, 99% used [0x0000000799000000,0x00000007aabdc9e0,0x00000007aac00000)
  to   space 348160K, 0% used [0x00000007aac00000,0x00000007aac00000,0x00000007c0000000)
 ParOldGen       total 1984000K, used 1469336K [0x00000006c2000000, 0x000000073b180000, 0x000000076b580000)
  object space 1984000K, 74% used [0x00000006c2000000,0x000000071bae6080,0x000000073b180000)
 Metaspace       used 12376K, capacity 12536K, committed 12800K, reserved 1060864K
  class space    used 1368K, capacity 1440K, committed 1536K, reserved 1048576K
GC Heap History (10 events):
Event: 15.483 GC heap before
{Heap before GC invocations=17 (full 4):
 PSYoungGen      total 804864K, used 804696K [0x000000076b580000, 0x00000007af700000, 0x00000007c0000000)
  eden space 592896K, 100% used [0x000000076b580000,0x000000078f880000,0x000000078f880000)
  from space 211968K, 99% used [0x000000079e780000,0x00000007ab6561c0,0x00000007ab680000)
  to   space 244736K, 0% used [0x000000078f880000,0x000000078f880000,0x000000079e780000)
 ParOldGen       total 1058816K, used 865986K [0x00000006c2000000, 0x0000000702a00000, 0x000000076b580000)
  object space 1058816K, 81% used [0x00000006c2000000,0x00000006f6db0a60,0x0000000702a00000)
 Metaspace       used 12357K, capacity 12536K, committed 12800K, reserved 1060864K
  class space    used 1368K, capacity 1440K, committed 1536K, reserved 1048576K
Event: 15.549 GC heap after
Heap after GC invocations=17 (full 4):
 PSYoungGen      total 837632K, used 229840K [0x000000076b580000, 0x00000007bdc00000, 0x00000007c0000000)
  eden space 592896K, 0% used [0x000000076b580000,0x000000076b580000,0x000000078f880000)
  from space 244736K, 93% used [0x000000078f880000,0x000000079d8f41c0,0x000000079e780000)
  to   space 277504K, 0% used [0x00000007acd00000,0x00000007acd00000,0x00000007bdc00000)
 ParOldGen       total 1058816K, used 1042152K [0x00000006c2000000, 0x0000000702a00000, 0x000000076b580000)
  object space 1058816K, 98% used [0x00000006c2000000,0x00000007019ba350,0x0000000702a00000)
 Metaspace       used 12357K, capacity 12536K, committed 12800K, reserved 1060864K
  class space    used 1368K, capacity 1440K, committed 1536K, reserved 1048576K
}
Event: 15.549 GC heap before
{Heap before GC invocations=18 (full 5):
 PSYoungGen      total 837632K, used 229840K [0x000000076b580000, 0x00000007bdc00000, 0x00000007c0000000)
  eden space 592896K, 0% used [0x000000076b580000,0x000000076b580000,0x000000078f880000)
  from space 244736K, 93% used [0x000000078f880000,0x000000079d8f41c0,0x000000079e780000)
  to   space 277504K, 0% used [0x00000007acd00000,0x00000007acd00000,0x00000007bdc00000)
 ParOldGen       total 1058816K, used 1042152K [0x00000006c2000000, 0x0000000702a00000, 0x000000076b580000)
  object space 1058816K, 98% used [0x00000006c2000000,0x00000007019ba350,0x0000000702a00000)
 Metaspace       used 12357K, capacity 12536K, committed 12800K, reserved 1060864K
  class space    used 1368K, capacity 1440K, committed 1536K, reserved 1048576K
Event: 15.662 GC heap after
Heap after GC invocations=18 (full 5):
 PSYoungGen      total 837632K, used 182031K [0x000000076b580000, 0x00000007bdc00000, 0x00000007c0000000)
  eden space 592896K, 0% used [0x000000076b580000,0x000000076b580000,0x000000078f880000)
  from space 244736K, 74% used [0x000000078f880000,0x000000079aa43e38,0x000000079e780000)
  to   space 277504K, 0% used [0x00000007acd00000,0x00000007acd00000,0x00000007bdc00000)
 ParOldGen       total 1479680K, used 1058705K [0x00000006c2000000, 0x000000071c500000, 0x000000076b580000)
  object space 1479680K, 71% used [0x00000006c2000000,0x00000007029e4560,0x000000071c500000)
 Metaspace       used 12357K, capacity 12536K, committed 12800K, reserved 1060864K
  class space    used 1368K, capacity 1440K, committed 1536K, reserved 1048576K
}
Event: 18.151 GC heap before
{Heap before GC invocations=19 (full 5):
 PSYoungGen      total 837632K, used 774927K [0x000000076b580000, 0x00000007bdc00000, 0x00000007c0000000)
  eden space 592896K, 100% used [0x000000076b580000,0x000000078f880000,0x000000078f880000)
  from space 244736K, 74% used [0x000000078f880000,0x000000079aa43e38,0x000000079e780000)
  to   space 277504K, 0% used [0x00000007acd00000,0x00000007acd00000,0x00000007bdc00000)
 ParOldGen       total 1479680K, used 1058705K [0x00000006c2000000, 0x000000071c500000, 0x000000076b580000)
  object space 1479680K, 71% used [0x00000006c2000000,0x00000007029e4560,0x000000071c500000)
 Metaspace       used 12368K, capacity 12536K, committed 12800K, reserved 1060864K
  class space    used 1368K, capacity 1440K, committed 1536K, reserved 1048576K
Event: 18.264 GC heap after
Heap after GC invocations=19 (full 5):
 PSYoungGen      total 1025536K, used 272919K [0x000000076b580000, 0x00000007c0000000, 0x00000007c0000000)
  eden space 748032K, 0% used [0x000000076b580000,0x000000076b580000,0x0000000799000000)
  from space 277504K, 98% used [0x00000007acd00000,0x00000007bd785fe0,0x00000007bdc00000)
  to   space 319488K, 0% used [0x0000000799000000,0x0000000799000000,0x00000007ac800000)
 ParOldGen       total 1479680K, used 1308986K [0x00000006c2000000, 0x000000071c500000, 0x000000076b580000)
  object space 1479680K, 88% used [0x00000006c2000000,0x0000000711e4ebe0,0x000000071c500000)
 Metaspace       used 12368K, capacity 12536K, committed 12800K, reserved 1060864K
  class space    used 1368K, capacity 1440K, committed 1536K, reserved 1048576K
}
Event: 18.264 GC heap before
{Heap before GC invocations=20 (full 6):
 PSYoungGen      total 1025536K, used 272919K [0x000000076b580000, 0x00000007c0000000, 0x00000007c0000000)
  eden space 748032K, 0% used [0x000000076b580000,0x000000076b580000,0x0000000799000000)
  from space 277504K, 98% used [0x00000007acd00000,0x00000007bd785fe0,0x00000007bdc00000)
  to   space 319488K, 0% used [0x0000000799000000,0x0000000799000000,0x00000007ac800000)
 ParOldGen       total 1479680K, used 1308986K [0x00000006c2000000, 0x000000071c500000, 0x000000076b580000)
  object space 1479680K, 88% used [0x00000006c2000000,0x0000000711e4ebe0,0x000000071c500000)
 Metaspace       used 12368K, capacity 12536K, committed 12800K, reserved 1060864K
  class space    used 1368K, capacity 1440K, committed 1536K, reserved 1048576K
Event: 18.340 GC heap after
Heap after GC invocations=20 (full 6):
 PSYoungGen      total 1025536K, used 0K [0x000000076b580000, 0x00000007c0000000, 0x00000007c0000000)
  eden space 748032K, 0% used [0x000000076b580000,0x000000076b580000,0x0000000799000000)
  from space 277504K, 0% used [0x00000007acd00000,0x00000007acd00000,0x00000007bdc00000)
  to   space 319488K, 0% used [0x0000000799000000,0x0000000799000000,0x00000007ac800000)
 ParOldGen       total 1984000K, used 1469336K [0x00000006c2000000, 0x000000073b180000, 0x000000076b580000)
  object space 1984000K, 74% used [0x00000006c2000000,0x000000071bae6080,0x000000073b180000)
 Metaspace       used 12368K, capacity 12536K, committed 12800K, reserved 1060864K
  class space    used 1368K, capacity 1440K, committed 1536K, reserved 1048576K
}
Event: 21.534 GC heap before
{Heap before GC invocations=21 (full 6):
 PSYoungGen      total 1025536K, used 748032K [0x000000076b580000, 0x00000007c0000000, 0x00000007c0000000)
  eden space 748032K, 100% used [0x000000076b580000,0x0000000799000000,0x0000000799000000)
  from space 277504K, 0% used [0x00000007acd00000,0x00000007acd00000,0x00000007bdc00000)
  to   space 319488K, 0% used [0x0000000799000000,0x0000000799000000,0x00000007ac800000)
 ParOldGen       total 1984000K, used 1469336K [0x00000006c2000000, 0x000000073b180000, 0x000000076b580000)
  object space 1984000K, 74% used [0x00000006c2000000,0x000000071bae6080,0x000000073b180000)
 Metaspace       used 12372K, capacity 12536K, committed 12800K, reserved 1060864K
  class space    used 1368K, capacity 1440K, committed 1536K, reserved 1048576K
Event: 21.566 GC heap after
Heap after GC invocations=21 (full 6):
 PSYoungGen      total 1038848K, used 290674K [0x000000076b580000, 0x00000007c0000000, 0x00000007c0000000)
  eden space 748032K, 0% used [0x000000076b580000,0x000000076b580000,0x0000000799000000)
  from space 290816K, 99% used [0x0000000799000000,0x00000007aabdc9e0,0x00000007aac00000)
  to   space 348160K, 0% used [0x00000007aac00000,0x00000007aac00000,0x00000007c0000000)
 ParOldGen       total 1984000K, used 1469336K [0x00000006c2000000, 0x000000073b180000, 0x000000076b580000)
  object space 1984000K, 74% used [0x00000006c2000000,0x000000071bae6080,0x000000073b180000)
 Metaspace       used 12372K, capacity 12536K, committed 12800K, reserved 1060864K
  class space    used 1368K, capacity 1440K, committed 1536K, reserved 1048576K
}

