# JRE version: Java(TM) SE Runtime Environment (8.0_91-b15) (build 1.8.0_91-b15)
# Java VM: Java HotSpot(TM) 64-Bit Server VM (25.91-b15 mixed mode windows-amd64 compressed oops)
Heap:
 PSYoungGen      total 31744K, used 15463K [0x000000076b580000, 0x0000000779480000, 0x00000007c0000000)
  eden space 31232K, 49% used [0x000000076b580000,0x000000076c489f20,0x000000076d400000)
  from space 512K, 12% used [0x0000000779400000,0x0000000779410000,0x0000000779480000)
  to   space 512K, 0% used [0x0000000779380000,0x0000000779380000,0x0000000779400000)
 ParOldGen       total 173568K, used 2530K [0x00000006c2000000, 0x00000006cc980000, 0x000000076b580000)
  object space 173568K, 1% used [0x00000006c2000000,0x00000006c22789e8,0x00000006cc980000)
 Metaspace       used 10895K, capacity 11064K, committed 11392K, reserved 1058816K
  class space    used 1222K, capacity 1315K, committed 1408K, reserved 1048576K
GC Heap History (10 events):
Event: 25.777 GC heap before
{Heap before GC invocations=444 (full 0):
 PSYoungGen      total 31744K, used 31328K [0x000000076b580000, 0x0000000779480000, 0x00000007c0000000)
  eden space 31232K, 100% used [0x000000076b580000,0x000000076d400000,0x000000076d400000)
  from space 512K, 18% used [0x0000000779380000,0x0000000779398000,0x0000000779400000)
  to   space 512K, 0% used [0x0000000779400000,0x0000000779400000,0x0000000779480000)
 ParOldGen       total 173568K, used 2530K [0x00000006c2000000, 0x00000006cc980000, 0x000000076b580000)
  object space 173568K, 1% used [0x00000006c2000000,0x00000006c22789e8,0x00000006cc980000)
 Metaspace       used 10891K, capacity 11064K, committed 11392K, reserved 1058816K
  class space    used 1222K, capacity 1315K, committed 1408K, reserved 1048576K
Event: 25.777 GC heap after
Heap after GC invocations=444 (full 0):
 PSYoungGen      total 31744K, used 64K [0x000000076b580000, 0x0000000779480000, 0x00000007c0000000)
  eden space 31232K, 0% used [0x000000076b580000,0x000000076b580000,0x000000076d400000)
  from space 512K, 12% used [0x0000000779400000,0x0000000779410000,0x0000000779480000)
  to   space 512K, 0% used [0x0000000779380000,0x0000000779380000,0x0000000779400000)
 ParOldGen       total 173568K, used 2530K [0x00000006c2000000, 0x00000006cc980000, 0x000000076b580000)
  object space 173568K, 1% used [0x00000006c2000000,0x00000006c22789e8,0x00000006cc980000)
 Metaspace       used 10891K, capacity 11064K, committed 11392K, reserved 1058816K
  class space    used 1222K, capacity 1315K, committed 1408K, reserved 1048576K
}
Event: 25.834 GC heap before
{Heap before GC invocations=445 (full 0):
 PSYoungGen      total 31744K, used 31295K [0x000000076b580000, 0x0000000779480000, 0x00000007c0000000)
  eden space 31232K, 99% used [0x000000076b580000,0x000000076d3fffd0,0x000000076d400000)
  from space 512K, 12% used [0x0000000779400000,0x0000000779410000,0x0000000779480000)
  to   space 512K, 0% used [0x0000000779380000,0x0000000779380000,0x0000000779400000)
 ParOldGen       total 173568K, used 2530K [0x00000006c2000000, 0x00000006cc980000, 0x000000076b580000)
  object space 173568K, 1% used [0x00000006c2000000,0x00000006c22789e8,0x00000006cc980000)
 Metaspace       used 10891K, capacity 11064K, committed 11392K, reserved 1058816K
  class space    used 1222K, capacity 1315K, committed 1408K, reserved 1048576K
Event: 25.834 GC heap after
Heap after GC invocations=445 (full 0):
 PSYoungGen      total 31744K, used 96K [0x000000076b580000, 0x0000000779480000, 0x00000007c0000000)
  eden space 31232K, 0% used [0x000000076b580000,0x000000076b580000,0x000000076d400000)
  from space 512K, 18% used [0x0000000779380000,0x0000000779398000,0x0000000779400000)
  to   space 512K, 0% used [0x0000000779400000,0x0000000779400000,0x0000000779480000)
 ParOldGen       total 173568K, used 2530K [0x00000006c2000000, 0x00000006cc980000, 0x000000076b580000)
  object space 173568K, 1% used [0x00000006c2000000,0x00000006c22789e8,0x00000006cc980000)
 Metaspace       used 10891K, capacity 11064K, committed 11392K, reserved 1058816K
  class space    used 1222K, capacity 1315K, committed 1408K, reserved 1048576K
}
Event: 25.875 GC heap before
{Heap before GC invocations=446 (full 0):
 PSYoungGen      total 31744K, used 31328K [0x000000076b580000, 0x0000000779480000, 0x00000007c0000000)
  eden space 31232K, 100% used [0x000000076b580000,0x000000076d400000,0x000000076d400000)
  from space 512K, 18% used [0x0000000779380000,0x0000000779398000,0x0000000779400000)
  to   space 512K, 0% used [0x0000000779400000,0x0000000779400000,0x0000000779480000)
 ParOldGen       total 173568K, used 2530K [0x00000006c2000000, 0x00000006cc980000, 0x000000076b580000)
  object space 173568K, 1% used [0x00000006c2000000,0x00000006c22789e8,0x00000006cc980000)
 Metaspace       used 10891K, capacity 11064K, committed 11392K, reserved 1058816K
  class space    used 1222K, capacity 1315K, committed 1408K, reserved 1048576K
Event: 25.875 GC heap after
Heap after GC invocations=446 (full 0):
 PSYoungGen      total 31744K, used 64K [0x000000076b580000, 0x0000000779480000, 0x00000007c0000000)
  eden space 31232K, 0% used [0x000000076b580000,0x000000076b580000,0x000000076d400000)
  from space 512K, 12% used [0x0000000779400000,0x0000000779410000,0x0000000779480000)
  to   space 512K, 0% used [0x0000000779380000,0x0000000779380000,0x0000000779400000)
 ParOldGen       total 173568K, used 2530K [0x00000006c2000000, 0x00000006cc980000, 0x000000076b580000)
  object space 173568K, 1% used [0x00000006c2000000,0x00000006c22789e8,0x00000006cc980000)
 Metaspace       used 10891K, capacity 11064K, committed 11392K, reserved 1058816K
  class space    used 1222K, capacity 1315K, committed 1408K, reserved 1048576K
}
Event: 25.915 GC heap before
{Heap before GC invocations=447 (full 0):
 PSYoungGen      total 31744K, used 31296K [0x000000076b580000, 0x0000000779480000, 0x00000007c0000000)
  eden space 31232K, 100% used [0x000000076b580000,0x000000076d400000,0x000000076d400000)
  from space 512K, 12% used [0x0000000779400000,0x0000000779410000,0x0000000779480000)
  to   space 512K, 0% used [0x0000000779380000,0x0000000779380000,0x0000000779400000)
 ParOldGen       total 173568K, used 2530K [0x00000006c2000000, 0x00000006cc980000, 0x000000076b580000)
  object space 173568K, 1% used [0x00000006c2000000,0x00000006c22789e8,0x00000006cc980000)
 Metaspace       used 10891K, capacity 11064K, committed 11392K, reserved 1058816K
  class space    used 1222K, capacity 1315K, committed 1408K, reserved 1048576K
Event: 25.916 GC heap after
Heap after GC invocations=447 (full 0):
 PSYoungGen      total 31744K, used 96K [0x000000076b580000, 0x0000000779480000, 0x00000007c0000000)
  eden space 31232K, 0% used [0x000000076b580000,0x000000076b580000,0x000000076d400000)
  from space 512K, 18% used [0x0000000779380000,0x0000000779398000,0x0000000779400000)
  to   space 512K, 0% used [0x0000000779400000,0x0000000779400000,0x0000000779480000)
 ParOldGen       total 173568K, used 2530K [0x00000006c2000000, 0x00000006cc980000, 0x000000076b580000)
  object space 173568K, 1% used [0x00000006c2000000,0x00000006c22789e8,0x00000006cc980000)
 Metaspace       used 10891K, capacity 11064K, committed 11392K, reserved 1058816K
  class space    used 1222K, capacity 1315K, committed 1408K, reserved 1048576K
}
Event: 26.023 GC heap before
{Heap before GC invocations=448 (full 0):
 PSYoungGen      total 31744K, used 31328K [0x000000076b580000, 0x0000000779480000, 0x00000007c0000000)
  eden space 31232K, 100% used [0x000000076b580000,0x000000076d400000,0x000000076d400000)
  from space 512K, 18% used [0x0000000779380000,0x0000000779398000,0x0000000779400000)
  to   space 512K, 0% used [0x0000000779400000,0x0000000779400000,0x0000000779480000)
 ParOldGen       total 173568K, used 2530K [0x00000006c2000000, 0x00000006cc980000, 0x000000076b580000)
  object space 173568K, 1% used [0x00000006c2000000,0x00000006c22789e8,0x00000006cc980000)
 Metaspace       used 10895K, capacity 11064K, committed 11392K, reserved 1058816K
  class space    used 1222K, capacity 1315K, committed 1408K, reserved 1048576K
Event: 26.024 GC heap after
Heap after GC invocations=448 (full 0):
 PSYoungGen      total 31744K, used 64K [0x000000076b580000, 0x0000000779480000, 0x00000007c0000000)
  eden space 31232K, 0% used [0x000000076b580000,0x000000076b580000,0x000000076d400000)
  from space 512K, 12% used [0x0000000779400000,0x0000000779410000,0x0000000779480000)
  to   space 512K, 0% used [0x0000000779380000,0x0000000779380000,0x0000000779400000)
 ParOldGen       total 173568K, used 2530K [0x00000006c2000000, 0x00000006cc980000, 0x000000076b580000)
  object space 173568K, 1% used [0x00000006c2000000,0x00000006c22789e8,0x00000006cc980000)
 Metaspace       used 10895K, capacity 11064K, committed 11392K, reserved 1058816K
  class space    used 1222K, capacity 1315K, committed 1408K, reserved 1048576K
}

