# JRE version: Java(TM) SE Runtime Environment (8.0_91-b15) (build 1.8.0_91-b15)
# Java VM: Java HotSpot(TM) 64-Bit Server VM (25.91-b15 mixed mode windows-amd64 compressed oops)
Heap:
 PSYoungGen      total 47104K, used 46037K [0x000000076b580000, 0x000000076f480000, 0x00000007c0000000)
  eden space 46080K, 98% used [0x000000076b580000,0x000000076e1d5438,0x000000076e280000)
  from space 1024K, 62% used [0x000000076e300000,0x000000076e3a0010,0x000000076e400000)
  to   space 9216K, 0% used [0x000000076eb80000,0x000000076eb80000,0x000000076f480000)
 ParOldGen       total 173568K, used 8788K [0x00000006c2000000, 0x00000006cc980000, 0x000000076b580000)
  object space 173568K, 5% used [0x00000006c2000000,0x00000006c2895340,0x00000006cc980000)
 Metaspace       used 16958K, capacity 17150K, committed 17280K, reserved 1064960K
  class space    used 1810K, capacity 1885K, committed 1920K, reserved 1048576K
GC Heap History (10 events):
Event: 8.963 GC heap before
{Heap before GC invocations=19 (full 0):
 PSYoungGen      total 59904K, used 50130K [0x000000076b580000, 0x000000076fd00000, 0x00000007c0000000)
  eden space 49664K, 99% used [0x000000076b580000,0x000000076e5ecb78,0x000000076e600000)
  from space 10240K, 5% used [0x000000076f300000,0x000000076f388000,0x000000076fd00000)
  to   space 11776K, 0% used [0x000000076e600000,0x000000076e600000,0x000000076f180000)
 ParOldGen       total 173568K, used 8668K [0x00000006c2000000, 0x00000006cc980000, 0x000000076b580000)
  object space 173568K, 4% used [0x00000006c2000000,0x00000006c2877340,0x00000006cc980000)
 Metaspace       used 16917K, capacity 17150K, committed 17280K, reserved 1064960K
  class space    used 1809K, capacity 1885K, committed 1920K, reserved 1048576K
Event: 8.964 GC heap after
Heap after GC invocations=19 (full 0):
 PSYoungGen      total 49664K, used 608K [0x000000076b580000, 0x000000076fb00000, 0x00000007c0000000)
  eden space 48640K, 0% used [0x000000076b580000,0x000000076b580000,0x000000076e500000)
  from space 1024K, 59% used [0x000000076e600000,0x000000076e698010,0x000000076e700000)
  to   space 11264K, 0% used [0x000000076f000000,0x000000076f000000,0x000000076fb00000)
 ParOldGen       total 173568K, used 8684K [0x00000006c2000000, 0x00000006cc980000, 0x000000076b580000)
  object space 173568K, 5% used [0x00000006c2000000,0x00000006c287b340,0x00000006cc980000)
 Metaspace       used 16917K, capacity 17150K, committed 17280K, reserved 1064960K
  class space    used 1809K, capacity 1885K, committed 1920K, reserved 1048576K
}
Event: 9.290 GC heap before
{Heap before GC invocations=20 (full 0):
 PSYoungGen      total 49664K, used 49248K [0x000000076b580000, 0x000000076fb00000, 0x00000007c0000000)
  eden space 48640K, 100% used [0x000000076b580000,0x000000076e500000,0x000000076e500000)
  from space 1024K, 59% used [0x000000076e600000,0x000000076e698010,0x000000076e700000)
  to   space 11264K, 0% used [0x000000076f000000,0x000000076f000000,0x000000076fb00000)
 ParOldGen       total 173568K, used 8684K [0x00000006c2000000, 0x00000006cc980000, 0x000000076b580000)
  object space 173568K, 5% used [0x00000006c2000000,0x00000006c287b340,0x00000006cc980000)
 Metaspace       used 16917K, capacity 17150K, committed 17280K, reserved 1064960K
  class space    used 1809K, capacity 1885K, committed 1920K, reserved 1048576K
Event: 9.291 GC heap after
Heap after GC invocations=20 (full 0):
 PSYoungGen      total 57856K, used 576K [0x000000076b580000, 0x000000076fa00000, 0x00000007c0000000)
  eden space 47616K, 0% used [0x000000076b580000,0x000000076b580000,0x000000076e400000)
  from space 10240K, 5% used [0x000000076f000000,0x000000076f090010,0x000000076fa00000)
  to   space 11264K, 0% used [0x000000076e400000,0x000000076e400000,0x000000076ef00000)
 ParOldGen       total 173568K, used 8716K [0x00000006c2000000, 0x00000006cc980000, 0x000000076b580000)
  object space 173568K, 5% used [0x00000006c2000000,0x00000006c2883340,0x00000006cc980000)
 Metaspace       used 16917K, capacity 17150K, committed 17280K, reserved 1064960K
  class space    used 1809K, capacity 1885K, committed 1920K, reserved 1048576K
}
Event: 9.606 GC heap before
{Heap before GC invocations=21 (full 0):
 PSYoungGen      total 57856K, used 48192K [0x000000076b580000, 0x000000076fa00000, 0x00000007c0000000)
  eden space 47616K, 100% used [0x000000076b580000,0x000000076e400000,0x000000076e400000)
  from space 10240K, 5% used [0x000000076f000000,0x000000076f090010,0x000000076fa00000)
  to   space 11264K, 0% used [0x000000076e400000,0x000000076e400000,0x000000076ef00000)
 ParOldGen       total 173568K, used 8716K [0x00000006c2000000, 0x00000006cc980000, 0x000000076b580000)
  object space 173568K, 5% used [0x00000006c2000000,0x00000006c2883340,0x00000006cc980000)
 Metaspace       used 16917K, capacity 17150K, committed 17280K, reserved 1064960K
  class space    used 1809K, capacity 1885K, committed 1920K, reserved 1048576K
Event: 9.607 GC heap after
Heap after GC invocations=21 (full 0):
 PSYoungGen      total 48128K, used 640K [0x000000076b580000, 0x000000076f780000, 0x00000007c0000000)
  eden space 47104K, 0% used [0x000000076b580000,0x000000076b580000,0x000000076e380000)
  from space 1024K, 62% used [0x000000076e400000,0x000000076e4a0010,0x000000076e500000)
  to   space 10240K, 0% used [0x000000076ed80000,0x000000076ed80000,0x000000076f780000)
 ParOldGen       total 173568K, used 8732K [0x00000006c2000000, 0x00000006cc980000, 0x000000076b580000)
  object space 173568K, 5% used [0x00000006c2000000,0x00000006c2887340,0x00000006cc980000)
 Metaspace       used 16917K, capacity 17150K, committed 17280K, reserved 1064960K
  class space    used 1809K, capacity 1885K, committed 1920K, reserved 1048576K
}
Event: 9.921 GC heap before
{Heap before GC invocations=22 (full 0):
 PSYoungGen      total 48128K, used 47744K [0x000000076b580000, 0x000000076f780000, 0x00000007c0000000)
  eden space 47104K, 100% used [0x000000076b580000,0x000000076e380000,0x000000076e380000)
  from space 1024K, 62% used [0x000000076e400000,0x000000076e4a0010,0x000000076e500000)
  to   space 10240K, 0% used [0x000000076ed80000,0x000000076ed80000,0x000000076f780000)
 ParOldGen       total 173568K, used 8732K [0x00000006c2000000, 0x00000006cc980000, 0x000000076b580000)
  object space 173568K, 5% used [0x00000006c2000000,0x00000006c2887340,0x00000006cc980000)
 Metaspace       used 16955K, capacity 17150K, committed 17280K, reserved 1064960K
  class space    used 1809K, capacity 1885K, committed 1920K, reserved 1048576K
Event: 9.922 GC heap after
Heap after GC invocations=22 (full 0):
 PSYoungGen      total 55296K, used 544K [0x000000076b580000, 0x000000076f600000, 0x00000007c0000000)
  eden space 46592K, 0% used [0x000000076b580000,0x000000076b580000,0x000000076e300000)
  from space 8704K, 6% used [0x000000076ed80000,0x000000076ee08000,0x000000076f600000)
  to   space 9728K, 0% used [0x000000076e300000,0x000000076e300000,0x000000076ec80000)
 ParOldGen       total 173568K, used 8756K [0x00000006c2000000, 0x00000006cc980000, 0x000000076b580000)
  object space 173568K, 5% used [0x00000006c2000000,0x00000006c288d340,0x00000006cc980000)
 Metaspace       used 16955K, capacity 17150K, committed 17280K, reserved 1064960K
  class space    used 1809K, capacity 1885K, committed 1920K, reserved 1048576K
}
Event: 10.237 GC heap before
{Heap before GC invocations=23 (full 0):
 PSYoungGen      total 55296K, used 47136K [0x000000076b580000, 0x000000076f600000, 0x00000007c0000000)
  eden space 46592K, 100% used [0x000000076b580000,0x000000076e300000,0x000000076e300000)
  from space 8704K, 6% used [0x000000076ed80000,0x000000076ee08000,0x000000076f600000)
  to   space 9728K, 0% used [0x000000076e300000,0x000000076e300000,0x000000076ec80000)
 ParOldGen       total 173568K, used 8756K [0x00000006c2000000, 0x00000006cc980000, 0x000000076b580000)
  object space 173568K, 5% used [0x00000006c2000000,0x00000006c288d340,0x00000006cc980000)
 Metaspace       used 16956K, capacity 17150K, committed 17280K, reserved 1064960K
  class space    used 1809K, capacity 1885K, committed 1920K, reserved 1048576K
Event: 10.239 GC heap after
Heap after GC invocations=23 (full 0):
 PSYoungGen      total 47104K, used 640K [0x000000076b580000, 0x000000076f480000, 0x00000007c0000000)
  eden space 46080K, 0% used [0x000000076b580000,0x000000076b580000,0x000000076e280000)
  from space 1024K, 62% used [0x000000076e300000,0x000000076e3a0010,0x000000076e400000)
  to   space 9216K, 0% used [0x000000076eb80000,0x000000076eb80000,0x000000076f480000)
 ParOldGen       total 173568K, used 8788K [0x00000006c2000000, 0x00000006cc980000, 0x000000076b580000)
  object space 173568K, 5% used [0x00000006c2000000,0x00000006c2895340,0x00000006cc980000)
 Metaspace       used 16956K, capacity 17150K, committed 17280K, reserved 1064960K
  class space    used 1809K, capacity 1885K, committed 1920K, reserved 1048576K
}

