# JRE version: Java(TM) SE Runtime Environment (8.0_91-b15) (build 1.8.0_91-b15)
# Java VM: Java HotSpot(TM) 64-Bit Server VM (25.91-b15 mixed mode windows-amd64 compressed oops)
Heap:
 PSYoungGen      total 90624K, used 51617K [0x000000076b580000, 0x0000000776380000, 0x00000007c0000000)
  eden space 44032K, 82% used [0x000000076b580000,0x000000076d910c20,0x000000076e080000)
  from space 46592K, 32% used [0x0000000773600000,0x00000007744d77e0,0x0000000776380000)
  to   space 67072K, 0% used [0x000000076e080000,0x000000076e080000,0x0000000772200000)
 ParOldGen       total 291328K, used 242175K [0x00000006c2000000, 0x00000006d3c80000, 0x000000076b580000)
  object space 291328K, 83% used [0x00000006c2000000,0x00000006d0c7feb0,0x00000006d3c80000)
 Metaspace       used 12708K, capacity 12860K, committed 13056K, reserved 1060864K
  class space    used 1368K, capacity 1440K, committed 1536K, reserved 1048576K
GC Heap History (10 events):
Event: 11.622 GC heap before
{Heap before GC invocations=9 (full 1):
 PSYoungGen      total 101376K, used 55801K [0x000000076b580000, 0x0000000777b00000, 0x00000007c0000000)
  eden space 45568K, 0% used [0x000000076b580000,0x000000076b580000,0x000000076e200000)
  from space 55808K, 99% used [0x0000000772780000,0x0000000775dfe500,0x0000000775e00000)
  to   space 71168K, 0% used [0x000000076e200000,0x000000076e200000,0x0000000772780000)
 ParOldGen       total 173568K, used 147719K [0x00000006c2000000, 0x00000006cc980000, 0x000000076b580000)
  object space 173568K, 85% used [0x00000006c2000000,0x00000006cb041fe8,0x00000006cc980000)
 Metaspace       used 12613K, capacity 12796K, committed 13056K, reserved 1060864K
  class space    used 1368K, capacity 1440K, committed 1536K, reserved 1048576K
Event: 11.653 GC heap after
Heap after GC invocations=9 (full 1):
 PSYoungGen      total 101376K, used 9885K [0x000000076b580000, 0x0000000777b00000, 0x00000007c0000000)
  eden space 45568K, 0% used [0x000000076b580000,0x000000076b580000,0x000000076e200000)
  from space 55808K, 17% used [0x0000000772780000,0x0000000773127678,0x0000000775e00000)
  to   space 71168K, 0% used [0x000000076e200000,0x000000076e200000,0x0000000772780000)
 ParOldGen       total 291328K, used 173274K [0x00000006c2000000, 0x00000006d3c80000, 0x000000076b580000)
  object space 291328K, 59% used [0x00000006c2000000,0x00000006cc936a10,0x00000006d3c80000)
 Metaspace       used 12613K, capacity 12796K, committed 13056K, reserved 1060864K
  class space    used 1368K, capacity 1440K, committed 1536K, reserved 1048576K
}
Event: 12.364 GC heap before
{Heap before GC invocations=10 (full 1):
 PSYoungGen      total 101376K, used 55202K [0x000000076b580000, 0x0000000777b00000, 0x00000007c0000000)
  eden space 45568K, 99% used [0x000000076b580000,0x000000076e1c1340,0x000000076e200000)
  from space 55808K, 17% used [0x0000000772780000,0x0000000773127678,0x0000000775e00000)
  to   space 71168K, 0% used [0x000000076e200000,0x000000076e200000,0x0000000772780000)
 ParOldGen       total 291328K, used 173274K [0x00000006c2000000, 0x00000006d3c80000, 0x000000076b580000)
  object space 291328K, 59% used [0x00000006c2000000,0x00000006cc936a10,0x00000006d3c80000)
 Metaspace       used 12658K, capacity 12860K, committed 13056K, reserved 1060864K
  class space    used 1368K, capacity 1440K, committed 1536K, reserved 1048576K
Event: 12.368 GC heap after
Heap after GC invocations=10 (full 1):
 PSYoungGen      total 71168K, used 25757K [0x000000076b580000, 0x0000000776980000, 0x00000007c0000000)
  eden space 45056K, 0% used [0x000000076b580000,0x000000076b580000,0x000000076e180000)
  from space 26112K, 98% used [0x000000076e200000,0x000000076fb27540,0x000000076fb80000)
  to   space 69632K, 0% used [0x0000000772580000,0x0000000772580000,0x0000000776980000)
 ParOldGen       total 291328K, used 178800K [0x00000006c2000000, 0x00000006d3c80000, 0x000000076b580000)
  object space 291328K, 61% used [0x00000006c2000000,0x00000006cce9c330,0x00000006d3c80000)
 Metaspace       used 12658K, capacity 12860K, committed 13056K, reserved 1060864K
  class space    used 1368K, capacity 1440K, committed 1536K, reserved 1048576K
}
Event: 13.050 GC heap before
{Heap before GC invocations=11 (full 1):
 PSYoungGen      total 71168K, used 70813K [0x000000076b580000, 0x0000000776980000, 0x00000007c0000000)
  eden space 45056K, 100% used [0x000000076b580000,0x000000076e180000,0x000000076e180000)
  from space 26112K, 98% used [0x000000076e200000,0x000000076fb27540,0x000000076fb80000)
  to   space 69632K, 0% used [0x0000000772580000,0x0000000772580000,0x0000000776980000)
 ParOldGen       total 291328K, used 178800K [0x00000006c2000000, 0x00000006d3c80000, 0x000000076b580000)
  object space 291328K, 61% used [0x00000006c2000000,0x00000006cce9c330,0x00000006d3c80000)
 Metaspace       used 12658K, capacity 12860K, committed 13056K, reserved 1060864K
  class space    used 1368K, capacity 1440K, committed 1536K, reserved 1048576K
Event: 13.055 GC heap after
Heap after GC invocations=11 (full 1):
 PSYoungGen      total 107520K, used 36047K [0x000000076b580000, 0x0000000776300000, 0x00000007c0000000)
  eden space 44544K, 0% used [0x000000076b580000,0x000000076b580000,0x000000076e100000)
  from space 62976K, 57% used [0x0000000772580000,0x00000007748b3dc0,0x0000000776300000)
  to   space 66560K, 0% used [0x000000076e100000,0x000000076e100000,0x0000000772200000)
 ParOldGen       total 291328K, used 183548K [0x00000006c2000000, 0x00000006d3c80000, 0x000000076b580000)
  object space 291328K, 63% used [0x00000006c2000000,0x00000006cd33f290,0x00000006d3c80000)
 Metaspace       used 12658K, capacity 12860K, committed 13056K, reserved 1060864K
  class space    used 1368K, capacity 1440K, committed 1536K, reserved 1048576K
}
Event: 13.764 GC heap before
{Heap before GC invocations=12 (full 1):
 PSYoungGen      total 107520K, used 80591K [0x000000076b580000, 0x0000000776300000, 0x00000007c0000000)
  eden space 44544K, 100% used [0x000000076b580000,0x000000076e100000,0x000000076e100000)
  from space 62976K, 57% used [0x0000000772580000,0x00000007748b3dc0,0x0000000776300000)
  to   space 66560K, 0% used [0x000000076e100000,0x000000076e100000,0x0000000772200000)
 ParOldGen       total 291328K, used 183548K [0x00000006c2000000, 0x00000006d3c80000, 0x000000076b580000)
  object space 291328K, 63% used [0x00000006c2000000,0x00000006cd33f290,0x00000006d3c80000)
 Metaspace       used 12660K, capacity 12860K, committed 13056K, reserved 1060864K
  class space    used 1368K, capacity 1440K, committed 1536K, reserved 1048576K
Event: 13.771 GC heap after
Heap after GC invocations=12 (full 1):
 PSYoungGen      total 111104K, used 16960K [0x000000076b580000, 0x0000000777700000, 0x00000007c0000000)
  eden space 44544K, 0% used [0x000000076b580000,0x000000076b580000,0x000000076e100000)
  from space 66560K, 25% used [0x000000076e100000,0x000000076f190040,0x0000000772200000)
  to   space 66560K, 0% used [0x0000000773600000,0x0000000773600000,0x0000000777700000)
 ParOldGen       total 291328K, used 219110K [0x00000006c2000000, 0x00000006d3c80000, 0x000000076b580000)
  object space 291328K, 75% used [0x00000006c2000000,0x00000006cf5f9b90,0x00000006d3c80000)
 Metaspace       used 12660K, capacity 12860K, committed 13056K, reserved 1060864K
  class space    used 1368K, capacity 1440K, committed 1536K, reserved 1048576K
}
Event: 15.399 GC heap before
{Heap before GC invocations=13 (full 1):
 PSYoungGen      total 111104K, used 61504K [0x000000076b580000, 0x0000000777700000, 0x00000007c0000000)
  eden space 44544K, 100% used [0x000000076b580000,0x000000076e100000,0x000000076e100000)
  from space 66560K, 25% used [0x000000076e100000,0x000000076f190040,0x0000000772200000)
  to   space 66560K, 0% used [0x0000000773600000,0x0000000773600000,0x0000000777700000)
 ParOldGen       total 291328K, used 219110K [0x00000006c2000000, 0x00000006d3c80000, 0x000000076b580000)
  object space 291328K, 75% used [0x00000006c2000000,0x00000006cf5f9b90,0x00000006d3c80000)
 Metaspace       used 12704K, capacity 12860K, committed 13056K, reserved 1060864K
  class space    used 1368K, capacity 1440K, committed 1536K, reserved 1048576K
Event: 15.405 GC heap after
Heap after GC invocations=13 (full 1):
 PSYoungGen      total 90624K, used 15197K [0x000000076b580000, 0x0000000776380000, 0x00000007c0000000)
  eden space 44032K, 0% used [0x000000076b580000,0x000000076b580000,0x000000076e080000)
  from space 46592K, 32% used [0x0000000773600000,0x00000007744d77e0,0x0000000776380000)
  to   space 67072K, 0% used [0x000000076e080000,0x000000076e080000,0x0000000772200000)
 ParOldGen       total 291328K, used 242175K [0x00000006c2000000, 0x00000006d3c80000, 0x000000076b580000)
  object space 291328K, 83% used [0x00000006c2000000,0x00000006d0c7feb0,0x00000006d3c80000)
 Metaspace       used 12704K, capacity 12860K, committed 13056K, reserved 1060864K
  class space    used 1368K, capacity 1440K, committed 1536K, reserved 1048576K
}

