# JRE version: Java(TM) SE Runtime Environment (8.0_91-b15) (build 1.8.0_91-b15)
# Java VM: Java HotSpot(TM) 64-Bit Server VM (25.91-b15 mixed mode windows-amd64 compressed oops)
Heap:
 PSYoungGen      total 248832K, used 97050K [0x000000076b580000, 0x00000007b2f80000, 0x00000007c0000000)
  eden space 246272K, 38% used [0x000000076b580000,0x00000007711f68f0,0x000000077a600000)
  from space 2560K, 92% used [0x00000007b2d00000,0x00000007b2f50000,0x00000007b2f80000)
  to   space 8704K, 0% used [0x00000007b1e80000,0x00000007b1e80000,0x00000007b2700000)
 ParOldGen       total 173568K, used 17555K [0x00000006c2000000, 0x00000006cc980000, 0x000000076b580000)
  object space 173568K, 10% used [0x00000006c2000000,0x00000006c3124d10,0x00000006cc980000)
 Metaspace       used 17592K, capacity 17886K, committed 18048K, reserved 1064960K
  class space    used 1823K, capacity 1909K, committed 1920K, reserved 1048576K
GC Heap History (10 events):
Event: 66.332 GC heap before
{Heap before GC invocations=48 (full 0):
 PSYoungGen      total 303616K, used 303360K [0x000000076b580000, 0x00000007b4700000, 0x00000007c0000000)
  eden space 300544K, 100% used [0x000000076b580000,0x000000077db00000,0x000000077db00000)
  from space 3072K, 91% used [0x00000007b3580000,0x00000007b3840000,0x00000007b3880000)
  to   space 9728K, 0% used [0x00000007b3d80000,0x00000007b3d80000,0x00000007b4700000)
 ParOldGen       total 173568K, used 17411K [0x00000006c2000000, 0x00000006cc980000, 0x000000076b580000)
  object space 173568K, 10% used [0x00000006c2000000,0x00000006c3100d10,0x00000006cc980000)
 Metaspace       used 17571K, capacity 17822K, committed 18048K, reserved 1064960K
  class space    used 1820K, capacity 1909K, committed 1920K, reserved 1048576K
Event: 66.336 GC heap after
Heap after GC invocations=48 (full 0):
 PSYoungGen      total 291328K, used 2720K [0x000000076b580000, 0x00000007b4080000, 0x00000007c0000000)
  eden space 288256K, 0% used [0x000000076b580000,0x000000076b580000,0x000000077cf00000)
  from space 3072K, 88% used [0x00000007b3d80000,0x00000007b4028000,0x00000007b4080000)
  to   space 9728K, 0% used [0x00000007b2d80000,0x00000007b2d80000,0x00000007b3700000)
 ParOldGen       total 173568K, used 17427K [0x00000006c2000000, 0x00000006cc980000, 0x000000076b580000)
  object space 173568K, 10% used [0x00000006c2000000,0x00000006c3104d10,0x00000006cc980000)
 Metaspace       used 17571K, capacity 17822K, committed 18048K, reserved 1064960K
  class space    used 1820K, capacity 1909K, committed 1920K, reserved 1048576K
}
Event: 67.275 GC heap before
{Heap before GC invocations=49 (full 0):
 PSYoungGen      total 291328K, used 290976K [0x000000076b580000, 0x00000007b4080000, 0x00000007c0000000)
  eden space 288256K, 100% used [0x000000076b580000,0x000000077cf00000,0x000000077cf00000)
  from space 3072K, 88% used [0x00000007b3d80000,0x00000007b4028000,0x00000007b4080000)
  to   space 9728K, 0% used [0x00000007b2d80000,0x00000007b2d80000,0x00000007b3700000)
 ParOldGen       total 173568K, used 17427K [0x00000006c2000000, 0x00000006cc980000, 0x000000076b580000)
  object space 173568K, 10% used [0x00000006c2000000,0x00000006c3104d10,0x00000006cc980000)
 Metaspace       used 17591K, capacity 17886K, committed 18048K, reserved 1064960K
  class space    used 1823K, capacity 1909K, committed 1920K, reserved 1048576K
Event: 67.279 GC heap after
Heap after GC invocations=49 (full 0):
 PSYoungGen      total 280064K, used 2688K [0x000000076b580000, 0x00000007b3e00000, 0x00000007c0000000)
  eden space 276992K, 0% used [0x000000076b580000,0x000000076b580000,0x000000077c400000)
  from space 3072K, 87% used [0x00000007b2d80000,0x00000007b3020010,0x00000007b3080000)
  to   space 9216K, 0% used [0x00000007b3500000,0x00000007b3500000,0x00000007b3e00000)
 ParOldGen       total 173568K, used 17459K [0x00000006c2000000, 0x00000006cc980000, 0x000000076b580000)
  object space 173568K, 10% used [0x00000006c2000000,0x00000006c310cd10,0x00000006cc980000)
 Metaspace       used 17591K, capacity 17886K, committed 18048K, reserved 1064960K
  class space    used 1823K, capacity 1909K, committed 1920K, reserved 1048576K
}
Event: 68.216 GC heap before
{Heap before GC invocations=50 (full 0):
 PSYoungGen      total 280064K, used 279680K [0x000000076b580000, 0x00000007b3e00000, 0x00000007c0000000)
  eden space 276992K, 100% used [0x000000076b580000,0x000000077c400000,0x000000077c400000)
  from space 3072K, 87% used [0x00000007b2d80000,0x00000007b3020010,0x00000007b3080000)
  to   space 9216K, 0% used [0x00000007b3500000,0x00000007b3500000,0x00000007b3e00000)
 ParOldGen       total 173568K, used 17459K [0x00000006c2000000, 0x00000006cc980000, 0x000000076b580000)
  object space 173568K, 10% used [0x00000006c2000000,0x00000006c310cd10,0x00000006cc980000)
 Metaspace       used 17591K, capacity 17886K, committed 18048K, reserved 1064960K
  class space    used 1823K, capacity 1909K, committed 1920K, reserved 1048576K
Event: 68.220 GC heap after
Heap after GC invocations=50 (full 0):
 PSYoungGen      total 269312K, used 2560K [0x000000076b580000, 0x00000007b3800000, 0x00000007c0000000)
  eden space 266240K, 0% used [0x000000076b580000,0x000000076b580000,0x000000077b980000)
  from space 3072K, 83% used [0x00000007b3500000,0x00000007b3780010,0x00000007b3800000)
  to   space 9216K, 0% used [0x00000007b2600000,0x00000007b2600000,0x00000007b2f00000)
 ParOldGen       total 173568K, used 17507K [0x00000006c2000000, 0x00000006cc980000, 0x000000076b580000)
  object space 173568K, 10% used [0x00000006c2000000,0x00000006c3118d10,0x00000006cc980000)
 Metaspace       used 17591K, capacity 17886K, committed 18048K, reserved 1064960K
  class space    used 1823K, capacity 1909K, committed 1920K, reserved 1048576K
}
Event: 69.131 GC heap before
{Heap before GC invocations=51 (full 0):
 PSYoungGen      total 269312K, used 268800K [0x000000076b580000, 0x00000007b3800000, 0x00000007c0000000)
  eden space 266240K, 100% used [0x000000076b580000,0x000000077b980000,0x000000077b980000)
  from space 3072K, 83% used [0x00000007b3500000,0x00000007b3780010,0x00000007b3800000)
  to   space 9216K, 0% used [0x00000007b2600000,0x00000007b2600000,0x00000007b2f00000)
 ParOldGen       total 173568K, used 17507K [0x00000006c2000000, 0x00000006cc980000, 0x000000076b580000)
  object space 173568K, 10% used [0x00000006c2000000,0x00000006c3118d10,0x00000006cc980000)
 Metaspace       used 17591K, capacity 17886K, committed 18048K, reserved 1064960K
  class space    used 1823K, capacity 1909K, committed 1920K, reserved 1048576K
Event: 69.135 GC heap after
Heap after GC invocations=51 (full 0):
 PSYoungGen      total 258560K, used 2496K [0x000000076b580000, 0x00000007b3580000, 0x00000007c0000000)
  eden space 256000K, 0% used [0x000000076b580000,0x000000076b580000,0x000000077af80000)
  from space 2560K, 97% used [0x00000007b2600000,0x00000007b2870010,0x00000007b2880000)
  to   space 8704K, 0% used [0x00000007b2d00000,0x00000007b2d00000,0x00000007b3580000)
 ParOldGen       total 173568K, used 17531K [0x00000006c2000000, 0x00000006cc980000, 0x000000076b580000)
  object space 173568K, 10% used [0x00000006c2000000,0x00000006c311ed10,0x00000006cc980000)
 Metaspace       used 17591K, capacity 17886K, committed 18048K, reserved 1064960K
  class space    used 1823K, capacity 1909K, committed 1920K, reserved 1048576K
}
Event: 69.844 GC heap before
{Heap before GC invocations=52 (full 0):
 PSYoungGen      total 258560K, used 258496K [0x000000076b580000, 0x00000007b3580000, 0x00000007c0000000)
  eden space 256000K, 100% used [0x000000076b580000,0x000000077af80000,0x000000077af80000)
  from space 2560K, 97% used [0x00000007b2600000,0x00000007b2870010,0x00000007b2880000)
  to   space 8704K, 0% used [0x00000007b2d00000,0x00000007b2d00000,0x00000007b3580000)
 ParOldGen       total 173568K, used 17531K [0x00000006c2000000, 0x00000006cc980000, 0x000000076b580000)
  object space 173568K, 10% used [0x00000006c2000000,0x00000006c311ed10,0x00000006cc980000)
 Metaspace       used 17591K, capacity 17886K, committed 18048K, reserved 1064960K
  class space    used 1823K, capacity 1909K, committed 1920K, reserved 1048576K
Event: 69.847 GC heap after
Heap after GC invocations=52 (full 0):
 PSYoungGen      total 248832K, used 2368K [0x000000076b580000, 0x00000007b2f80000, 0x00000007c0000000)
  eden space 246272K, 0% used [0x000000076b580000,0x000000076b580000,0x000000077a600000)
  from space 2560K, 92% used [0x00000007b2d00000,0x00000007b2f50000,0x00000007b2f80000)
  to   space 8704K, 0% used [0x00000007b1e80000,0x00000007b1e80000,0x00000007b2700000)
 ParOldGen       total 173568K, used 17555K [0x00000006c2000000, 0x00000006cc980000, 0x000000076b580000)
  object space 173568K, 10% used [0x00000006c2000000,0x00000006c3124d10,0x00000006cc980000)
 Metaspace       used 17591K, capacity 17886K, committed 18048K, reserved 1064960K
  class space    used 1823K, capacity 1909K, committed 1920K, reserved 1048576K
}

