# JRE version: Java(TM) SE Runtime Environment (8.0_91-b15) (build 1.8.0_91-b15)
# Java VM: Java HotSpot(TM) 64-Bit Server VM (25.91-b15 mixed mode windows-amd64 compressed oops)
Heap:
 PSYoungGen      total 75776K, used 24667K [0x000000076b580000, 0x0000000770a00000, 0x00000007c0000000)
  eden space 65024K, 21% used [0x000000076b580000,0x000000076c3198b0,0x000000076f500000)
  from space 10752K, 99% used [0x000000076f500000,0x000000076ff7d3b8,0x000000076ff80000)
  to   space 10752K, 0% used [0x000000076ff80000,0x000000076ff80000,0x0000000770a00000)
 ParOldGen       total 173568K, used 63751K [0x00000006c2000000, 0x00000006cc980000, 0x000000076b580000)
  object space 173568K, 36% used [0x00000006c2000000,0x00000006c5e41c48,0x00000006cc980000)
 Metaspace       used 12404K, capacity 12600K, committed 12800K, reserved 1060864K
  class space    used 1370K, capacity 1440K, committed 1536K, reserved 1048576K
GC Heap History (6 events):
Event: 1.787 GC heap before
{Heap before GC invocations=1 (full 0):
 PSYoungGen      total 75776K, used 64684K [0x000000076b580000, 0x0000000770a00000, 0x00000007c0000000)
  eden space 65024K, 99% used [0x000000076b580000,0x000000076f4ab030,0x000000076f500000)
  from space 10752K, 0% used [0x000000076ff80000,0x000000076ff80000,0x0000000770a00000)
  to   space 10752K, 0% used [0x000000076f500000,0x000000076f500000,0x000000076ff80000)
 ParOldGen       total 173568K, used 0K [0x00000006c2000000, 0x00000006cc980000, 0x000000076b580000)
  object space 173568K, 0% used [0x00000006c2000000,0x00000006c2000000,0x00000006cc980000)
 Metaspace       used 11977K, capacity 12144K, committed 12288K, reserved 1060864K
  class space    used 1367K, capacity 1440K, committed 1536K, reserved 1048576K
Event: 1.798 GC heap after
Heap after GC invocations=1 (full 0):
 PSYoungGen      total 75776K, used 10746K [0x000000076b580000, 0x0000000770a00000, 0x00000007c0000000)
  eden space 65024K, 0% used [0x000000076b580000,0x000000076b580000,0x000000076f500000)
  from space 10752K, 99% used [0x000000076f500000,0x000000076ff7e9d8,0x000000076ff80000)
  to   space 10752K, 0% used [0x000000076ff80000,0x000000076ff80000,0x0000000770a00000)
 ParOldGen       total 173568K, used 14678K [0x00000006c2000000, 0x00000006cc980000, 0x000000076b580000)
  object space 173568K, 8% used [0x00000006c2000000,0x00000006c2e558c8,0x00000006cc980000)
 Metaspace       used 11977K, capacity 12144K, committed 12288K, reserved 1060864K
  class space    used 1367K, capacity 1440K, committed 1536K, reserved 1048576K
}
Event: 2.914 GC heap before
{Heap before GC invocations=2 (full 0):
 PSYoungGen      total 75776K, used 75770K [0x000000076b580000, 0x0000000770a00000, 0x00000007c0000000)
  eden space 65024K, 100% used [0x000000076b580000,0x000000076f500000,0x000000076f500000)
  from space 10752K, 99% used [0x000000076f500000,0x000000076ff7e9d8,0x000000076ff80000)
  to   space 10752K, 0% used [0x000000076ff80000,0x000000076ff80000,0x0000000770a00000)
 ParOldGen       total 173568K, used 14678K [0x00000006c2000000, 0x00000006cc980000, 0x000000076b580000)
  object space 173568K, 8% used [0x00000006c2000000,0x00000006c2e558c8,0x00000006cc980000)
 Metaspace       used 12288K, capacity 12536K, committed 12800K, reserved 1060864K
  class space    used 1367K, capacity 1440K, committed 1536K, reserved 1048576K
Event: 2.921 GC heap after
Heap after GC invocations=2 (full 0):
 PSYoungGen      total 75776K, used 10730K [0x000000076b580000, 0x0000000770a00000, 0x00000007c0000000)
  eden space 65024K, 0% used [0x000000076b580000,0x000000076b580000,0x000000076f500000)
  from space 10752K, 99% used [0x000000076ff80000,0x00000007709fa9e8,0x0000000770a00000)
  to   space 10752K, 0% used [0x000000076f500000,0x000000076f500000,0x000000076ff80000)
 ParOldGen       total 173568K, used 39187K [0x00000006c2000000, 0x00000006cc980000, 0x000000076b580000)
  object space 173568K, 22% used [0x00000006c2000000,0x00000006c4644f68,0x00000006cc980000)
 Metaspace       used 12288K, capacity 12536K, committed 12800K, reserved 1060864K
  class space    used 1367K, capacity 1440K, committed 1536K, reserved 1048576K
}
Event: 4.245 GC heap before
{Heap before GC invocations=3 (full 0):
 PSYoungGen      total 75776K, used 75479K [0x000000076b580000, 0x0000000770a00000, 0x00000007c0000000)
  eden space 65024K, 99% used [0x000000076b580000,0x000000076f4bb538,0x000000076f500000)
  from space 10752K, 99% used [0x000000076ff80000,0x00000007709fa9e8,0x0000000770a00000)
  to   space 10752K, 0% used [0x000000076f500000,0x000000076f500000,0x000000076ff80000)
 ParOldGen       total 173568K, used 39187K [0x00000006c2000000, 0x00000006cc980000, 0x000000076b580000)
  object space 173568K, 22% used [0x00000006c2000000,0x00000006c4644f68,0x00000006cc980000)
 Metaspace       used 12394K, capacity 12600K, committed 12800K, reserved 1060864K
  class space    used 1370K, capacity 1440K, committed 1536K, reserved 1048576K
Event: 4.251 GC heap after
Heap after GC invocations=3 (full 0):
 PSYoungGen      total 75776K, used 10740K [0x000000076b580000, 0x0000000770a00000, 0x00000007c0000000)
  eden space 65024K, 0% used [0x000000076b580000,0x000000076b580000,0x000000076f500000)
  from space 10752K, 99% used [0x000000076f500000,0x000000076ff7d3b8,0x000000076ff80000)
  to   space 10752K, 0% used [0x000000076ff80000,0x000000076ff80000,0x0000000770a00000)
 ParOldGen       total 173568K, used 63751K [0x00000006c2000000, 0x00000006cc980000, 0x000000076b580000)
  object space 173568K, 36% used [0x00000006c2000000,0x00000006c5e41c48,0x00000006cc980000)
 Metaspace       used 12394K, capacity 12600K, committed 12800K, reserved 1060864K
  class space    used 1370K, capacity 1440K, committed 1536K, reserved 1048576K
}

