# JRE version: Java(TM) SE Runtime Environment (8.0_91-b15) (build 1.8.0_91-b15)
# Java VM: Java HotSpot(TM) 64-Bit Server VM (25.91-b15 mixed mode windows-amd64 compressed oops)
Heap:
 PSYoungGen      total 60928K, used 29258K [0x000000076b580000, 0x000000076ff00000, 0x00000007c0000000)
  eden space 49664K, 57% used [0x000000076b580000,0x000000076d182880,0x000000076e600000)
  from space 11264K, 5% used [0x000000076f400000,0x000000076f490010,0x000000076ff00000)
  to   space 12800K, 0% used [0x000000076e600000,0x000000076e600000,0x000000076f280000)
 ParOldGen       total 173568K, used 9816K [0x00000006c2000000, 0x00000006cc980000, 0x000000076b580000)
  object space 173568K, 5% used [0x00000006c2000000,0x00000006c2996328,0x00000006cc980000)
 Metaspace       used 16866K, capacity 17100K, committed 17280K, reserved 1064960K
  class space    used 1812K, capacity 1878K, committed 1920K, reserved 1048576K
GC Heap History (10 events):
Event: 8.405 GC heap before
{Heap before GC invocations=14 (full 0):
 PSYoungGen      total 55808K, used 55456K [0x000000076b580000, 0x0000000770800000, 0x00000007c0000000)
  eden space 54784K, 100% used [0x000000076b580000,0x000000076eb00000,0x000000076eb00000)
  from space 1024K, 65% used [0x000000076ec00000,0x000000076eca8010,0x000000076ed00000)
  to   space 14848K, 0% used [0x000000076f980000,0x000000076f980000,0x0000000770800000)
 ParOldGen       total 173568K, used 9616K [0x00000006c2000000, 0x00000006cc980000, 0x000000076b580000)
  object space 173568K, 5% used [0x00000006c2000000,0x00000006c2964328,0x00000006cc980000)
 Metaspace       used 16833K, capacity 17100K, committed 17280K, reserved 1064960K
  class space    used 1811K, capacity 1878K, committed 1920K, reserved 1048576K
Event: 8.407 GC heap after
Heap after GC invocations=14 (full 0):
 PSYoungGen      total 66560K, used 640K [0x000000076b580000, 0x0000000770600000, 0x00000007c0000000)
  eden space 53760K, 0% used [0x000000076b580000,0x000000076b580000,0x000000076ea00000)
  from space 12800K, 5% used [0x000000076f980000,0x000000076fa20010,0x0000000770600000)
  to   space 14336K, 0% used [0x000000076ea00000,0x000000076ea00000,0x000000076f800000)
 ParOldGen       total 173568K, used 9656K [0x00000006c2000000, 0x00000006cc980000, 0x000000076b580000)
  object space 173568K, 5% used [0x00000006c2000000,0x00000006c296e328,0x00000006cc980000)
 Metaspace       used 16833K, capacity 17100K, committed 17280K, reserved 1064960K
  class space    used 1811K, capacity 1878K, committed 1920K, reserved 1048576K
}
Event: 8.789 GC heap before
{Heap before GC invocations=15 (full 0):
 PSYoungGen      total 66560K, used 54400K [0x000000076b580000, 0x0000000770600000, 0x00000007c0000000)
  eden space 53760K, 100% used [0x000000076b580000,0x000000076ea00000,0x000000076ea00000)
  from space 12800K, 5% used [0x000000076f980000,0x000000076fa20010,0x0000000770600000)
  to   space 14336K, 0% used [0x000000076ea00000,0x000000076ea00000,0x000000076f800000)
 ParOldGen       total 173568K, used 9656K [0x00000006c2000000, 0x00000006cc980000, 0x000000076b580000)
  object space 173568K, 5% used [0x00000006c2000000,0x00000006c296e328,0x00000006cc980000)
 Metaspace       used 16837K, capacity 17100K, committed 17280K, reserved 1064960K
  class space    used 1812K, capacity 1878K, committed 1920K, reserved 1048576K
Event: 8.791 GC heap after
Heap after GC invocations=15 (full 0):
 PSYoungGen      total 53760K, used 736K [0x000000076b580000, 0x0000000770500000, 0x00000007c0000000)
  eden space 52736K, 0% used [0x000000076b580000,0x000000076b580000,0x000000076e900000)
  from space 1024K, 71% used [0x000000076ea00000,0x000000076eab8010,0x000000076eb00000)
  to   space 14336K, 0% used [0x000000076f700000,0x000000076f700000,0x0000000770500000)
 ParOldGen       total 173568K, used 9704K [0x00000006c2000000, 0x00000006cc980000, 0x000000076b580000)
  object space 173568K, 5% used [0x00000006c2000000,0x00000006c297a328,0x00000006cc980000)
 Metaspace       used 16837K, capacity 17100K, committed 17280K, reserved 1064960K
  class space    used 1812K, capacity 1878K, committed 1920K, reserved 1048576K
}
Event: 9.173 GC heap before
{Heap before GC invocations=16 (full 0):
 PSYoungGen      total 53760K, used 53472K [0x000000076b580000, 0x0000000770500000, 0x00000007c0000000)
  eden space 52736K, 100% used [0x000000076b580000,0x000000076e900000,0x000000076e900000)
  from space 1024K, 71% used [0x000000076ea00000,0x000000076eab8010,0x000000076eb00000)
  to   space 14336K, 0% used [0x000000076f700000,0x000000076f700000,0x0000000770500000)
 ParOldGen       total 173568K, used 9704K [0x00000006c2000000, 0x00000006cc980000, 0x000000076b580000)
  object space 173568K, 5% used [0x00000006c2000000,0x00000006c297a328,0x00000006cc980000)
 Metaspace       used 16845K, capacity 17100K, committed 17280K, reserved 1064960K
  class space    used 1812K, capacity 1878K, committed 1920K, reserved 1048576K
Event: 9.174 GC heap after
Heap after GC invocations=16 (full 0):
 PSYoungGen      total 64000K, used 576K [0x000000076b580000, 0x0000000770300000, 0x00000007c0000000)
  eden space 51712K, 0% used [0x000000076b580000,0x000000076b580000,0x000000076e800000)
  from space 12288K, 4% used [0x000000076f700000,0x000000076f790000,0x0000000770300000)
  to   space 13824K, 0% used [0x000000076e800000,0x000000076e800000,0x000000076f580000)
 ParOldGen       total 173568K, used 9744K [0x00000006c2000000, 0x00000006cc980000, 0x000000076b580000)
  object space 173568K, 5% used [0x00000006c2000000,0x00000006c2984328,0x00000006cc980000)
 Metaspace       used 16845K, capacity 17100K, committed 17280K, reserved 1064960K
  class space    used 1812K, capacity 1878K, committed 1920K, reserved 1048576K
}
Event: 9.532 GC heap before
{Heap before GC invocations=17 (full 0):
 PSYoungGen      total 64000K, used 52288K [0x000000076b580000, 0x0000000770300000, 0x00000007c0000000)
  eden space 51712K, 100% used [0x000000076b580000,0x000000076e800000,0x000000076e800000)
  from space 12288K, 4% used [0x000000076f700000,0x000000076f790000,0x0000000770300000)
  to   space 13824K, 0% used [0x000000076e800000,0x000000076e800000,0x000000076f580000)
 ParOldGen       total 173568K, used 9744K [0x00000006c2000000, 0x00000006cc980000, 0x000000076b580000)
  object space 173568K, 5% used [0x00000006c2000000,0x00000006c2984328,0x00000006cc980000)
 Metaspace       used 16856K, capacity 17100K, committed 17280K, reserved 1064960K
  class space    used 1812K, capacity 1878K, committed 1920K, reserved 1048576K
Event: 9.534 GC heap after
Heap after GC invocations=17 (full 0):
 PSYoungGen      total 51712K, used 608K [0x000000076b580000, 0x0000000770100000, 0x00000007c0000000)
  eden space 50688K, 0% used [0x000000076b580000,0x000000076b580000,0x000000076e700000)
  from space 1024K, 59% used [0x000000076e800000,0x000000076e898010,0x000000076e900000)
  to   space 13312K, 0% used [0x000000076f400000,0x000000076f400000,0x0000000770100000)
 ParOldGen       total 173568K, used 9784K [0x00000006c2000000, 0x00000006cc980000, 0x000000076b580000)
  object space 173568K, 5% used [0x00000006c2000000,0x00000006c298e328,0x00000006cc980000)
 Metaspace       used 16856K, capacity 17100K, committed 17280K, reserved 1064960K
  class space    used 1812K, capacity 1878K, committed 1920K, reserved 1048576K
}
Event: 9.892 GC heap before
{Heap before GC invocations=18 (full 0):
 PSYoungGen      total 51712K, used 51296K [0x000000076b580000, 0x0000000770100000, 0x00000007c0000000)
  eden space 50688K, 100% used [0x000000076b580000,0x000000076e700000,0x000000076e700000)
  from space 1024K, 59% used [0x000000076e800000,0x000000076e898010,0x000000076e900000)
  to   space 13312K, 0% used [0x000000076f400000,0x000000076f400000,0x0000000770100000)
 ParOldGen       total 173568K, used 9784K [0x00000006c2000000, 0x00000006cc980000, 0x000000076b580000)
  object space 173568K, 5% used [0x00000006c2000000,0x00000006c298e328,0x00000006cc980000)
 Metaspace       used 16861K, capacity 17100K, committed 17280K, reserved 1064960K
  class space    used 1812K, capacity 1878K, committed 1920K, reserved 1048576K
Event: 9.893 GC heap after
Heap after GC invocations=18 (full 0):
 PSYoungGen      total 60928K, used 576K [0x000000076b580000, 0x000000076ff00000, 0x00000007c0000000)
  eden space 49664K, 0% used [0x000000076b580000,0x000000076b580000,0x000000076e600000)
  from space 11264K, 5% used [0x000000076f400000,0x000000076f490010,0x000000076ff00000)
  to   space 12800K, 0% used [0x000000076e600000,0x000000076e600000,0x000000076f280000)
 ParOldGen       total 173568K, used 9816K [0x00000006c2000000, 0x00000006cc980000, 0x000000076b580000)
  object space 173568K, 5% used [0x00000006c2000000,0x00000006c2996328,0x00000006cc980000)
 Metaspace       used 16861K, capacity 17100K, committed 17280K, reserved 1064960K
  class space    used 1812K, capacity 1878K, committed 1920K, reserved 1048576K
}

