# JRE version: Java(TM) SE Runtime Environment (8.0_91-b15) (build 1.8.0_91-b15)
# Java VM: Java HotSpot(TM) 64-Bit Server VM (25.91-b15 mixed mode windows-amd64 compressed oops)
Heap:
 PSYoungGen      total 580608K, used 278112K [0x000000076b580000, 0x00000007a4e00000, 0x00000007c0000000)
  eden space 372224K, 18% used [0x000000076b580000,0x000000076f99afb0,0x0000000782100000)
  from space 208384K, 99% used [0x0000000792180000,0x000000079ecfd100,0x000000079ed00000)
  to   space 262656K, 0% used [0x0000000782100000,0x0000000782100000,0x0000000792180000)
 ParOldGen       total 464384K, used 380479K [0x00000006c2000000, 0x00000006de580000, 0x000000076b580000)
  object space 464384K, 81% used [0x00000006c2000000,0x00000006d938ffc0,0x00000006de580000)
 Metaspace       used 12863K, capacity 13084K, committed 13312K, reserved 1060864K
  class space    used 1379K, capacity 1472K, committed 1536K, reserved 1048576K
GC Heap History (10 events):
Event: 7.693 GC heap before
{Heap before GC invocations=8 (full 1):
 PSYoungGen      total 281600K, used 281428K [0x000000076b580000, 0x0000000783280000, 0x00000007c0000000)
  eden space 218624K, 100% used [0x000000076b580000,0x0000000778b00000,0x0000000778b00000)
  from space 62976K, 99% used [0x000000077f500000,0x00000007832551a0,0x0000000783280000)
  to   space 78336K, 0% used [0x0000000779980000,0x0000000779980000,0x000000077e600000)
 ParOldGen       total 280064K, used 144430K [0x00000006c2000000, 0x00000006d3180000, 0x000000076b580000)
  object space 280064K, 51% used [0x00000006c2000000,0x00000006cad0b9f8,0x00000006d3180000)
 Metaspace       used 12670K, capacity 12892K, committed 13056K, reserved 1060864K
  class space    used 1373K, capacity 1472K, committed 1536K, reserved 1048576K
Event: 7.714 GC heap after
Heap after GC invocations=8 (full 1):
 PSYoungGen      total 311808K, used 78335K [0x000000076b580000, 0x000000078f880000, 0x00000007c0000000)
  eden space 233472K, 0% used [0x000000076b580000,0x000000076b580000,0x0000000779980000)
  from space 78336K, 99% used [0x0000000779980000,0x000000077e5ffe60,0x000000077e600000)
  to   space 117760K, 0% used [0x0000000788580000,0x0000000788580000,0x000000078f880000)
 ParOldGen       total 280064K, used 194886K [0x00000006c2000000, 0x00000006d3180000, 0x000000076b580000)
  object space 280064K, 69% used [0x00000006c2000000,0x00000006cde51ab8,0x00000006d3180000)
 Metaspace       used 12670K, capacity 12892K, committed 13056K, reserved 1060864K
  class space    used 1373K, capacity 1472K, committed 1536K, reserved 1048576K
}
Event: 10.856 GC heap before
{Heap before GC invocations=9 (full 1):
 PSYoungGen      total 311808K, used 311807K [0x000000076b580000, 0x000000078f880000, 0x00000007c0000000)
  eden space 233472K, 100% used [0x000000076b580000,0x0000000779980000,0x0000000779980000)
  from space 78336K, 99% used [0x0000000779980000,0x000000077e5ffe60,0x000000077e600000)
  to   space 117760K, 0% used [0x0000000788580000,0x0000000788580000,0x000000078f880000)
 ParOldGen       total 280064K, used 194886K [0x00000006c2000000, 0x00000006d3180000, 0x000000076b580000)
  object space 280064K, 69% used [0x00000006c2000000,0x00000006cde51ab8,0x00000006d3180000)
 Metaspace       used 12735K, capacity 12956K, committed 13056K, reserved 1060864K
  class space    used 1375K, capacity 1472K, committed 1536K, reserved 1048576K
Event: 10.883 GC heap after
Heap after GC invocations=9 (full 1):
 PSYoungGen      total 432128K, used 117734K [0x000000076b580000, 0x0000000795d80000, 0x00000007c0000000)
  eden space 314368K, 0% used [0x000000076b580000,0x000000076b580000,0x000000077e880000)
  from space 117760K, 99% used [0x0000000788580000,0x000000078f879800,0x000000078f880000)
  to   space 160768K, 0% used [0x000000077e880000,0x000000077e880000,0x0000000788580000)
 ParOldGen       total 280064K, used 245334K [0x00000006c2000000, 0x00000006d3180000, 0x000000076b580000)
  object space 280064K, 87% used [0x00000006c2000000,0x00000006d0f95b78,0x00000006d3180000)
 Metaspace       used 12735K, capacity 12956K, committed 13056K, reserved 1060864K
  class space    used 1375K, capacity 1472K, committed 1536K, reserved 1048576K
}
Event: 10.883 GC heap before
{Heap before GC invocations=10 (full 2):
 PSYoungGen      total 432128K, used 117734K [0x000000076b580000, 0x0000000795d80000, 0x00000007c0000000)
  eden space 314368K, 0% used [0x000000076b580000,0x000000076b580000,0x000000077e880000)
  from space 117760K, 99% used [0x0000000788580000,0x000000078f879800,0x000000078f880000)
  to   space 160768K, 0% used [0x000000077e880000,0x000000077e880000,0x0000000788580000)
 ParOldGen       total 280064K, used 245334K [0x00000006c2000000, 0x00000006d3180000, 0x000000076b580000)
  object space 280064K, 87% used [0x00000006c2000000,0x00000006d0f95b78,0x00000006d3180000)
 Metaspace       used 12735K, capacity 12956K, committed 13056K, reserved 1060864K
  class space    used 1375K, capacity 1472K, committed 1536K, reserved 1048576K
Event: 10.941 GC heap after
Heap after GC invocations=10 (full 2):
 PSYoungGen      total 432128K, used 78661K [0x000000076b580000, 0x0000000795d80000, 0x00000007c0000000)
  eden space 314368K, 0% used [0x000000076b580000,0x000000076b580000,0x000000077e880000)
  from space 117760K, 66% used [0x0000000788580000,0x000000078d251508,0x000000078f880000)
  to   space 160768K, 0% used [0x000000077e880000,0x000000077e880000,0x0000000788580000)
 ParOldGen       total 464384K, used 279444K [0x00000006c2000000, 0x00000006de580000, 0x000000076b580000)
  object space 464384K, 60% used [0x00000006c2000000,0x00000006d30e5320,0x00000006de580000)
 Metaspace       used 12735K, capacity 12956K, committed 13056K, reserved 1060864K
  class space    used 1375K, capacity 1472K, committed 1536K, reserved 1048576K
}
Event: 16.670 GC heap before
{Heap before GC invocations=11 (full 2):
 PSYoungGen      total 432128K, used 393029K [0x000000076b580000, 0x0000000795d80000, 0x00000007c0000000)
  eden space 314368K, 100% used [0x000000076b580000,0x000000077e880000,0x000000077e880000)
  from space 117760K, 66% used [0x0000000788580000,0x000000078d251508,0x000000078f880000)
  to   space 160768K, 0% used [0x000000077e880000,0x000000077e880000,0x0000000788580000)
 ParOldGen       total 464384K, used 279444K [0x00000006c2000000, 0x00000006de580000, 0x000000076b580000)
  object space 464384K, 60% used [0x00000006c2000000,0x00000006d30e5320,0x00000006de580000)
 Metaspace       used 12766K, capacity 12956K, committed 13056K, reserved 1060864K
  class space    used 1375K, capacity 1472K, committed 1536K, reserved 1048576K
Event: 16.700 GC heap after
Heap after GC invocations=11 (full 2):
 PSYoungGen      total 475136K, used 160765K [0x000000076b580000, 0x000000079ed00000, 0x00000007c0000000)
  eden space 314368K, 0% used [0x000000076b580000,0x000000076b580000,0x000000077e880000)
  from space 160768K, 99% used [0x000000077e880000,0x000000078857f740,0x0000000788580000)
  to   space 208384K, 0% used [0x0000000792180000,0x0000000792180000,0x000000079ed00000)
 ParOldGen       total 464384K, used 326782K [0x00000006c2000000, 0x00000006de580000, 0x000000076b580000)
  object space 464384K, 70% used [0x00000006c2000000,0x00000006d5f1f800,0x00000006de580000)
 Metaspace       used 12766K, capacity 12956K, committed 13056K, reserved 1060864K
  class space    used 1375K, capacity 1472K, committed 1536K, reserved 1048576K
}
Event: 29.389 GC heap before
{Heap before GC invocations=12 (full 2):
 PSYoungGen      total 475136K, used 475133K [0x000000076b580000, 0x000000079ed00000, 0x00000007c0000000)
  eden space 314368K, 100% used [0x000000076b580000,0x000000077e880000,0x000000077e880000)
  from space 160768K, 99% used [0x000000077e880000,0x000000078857f740,0x0000000788580000)
  to   space 208384K, 0% used [0x0000000792180000,0x0000000792180000,0x000000079ed00000)
 ParOldGen       total 464384K, used 326782K [0x00000006c2000000, 0x00000006de580000, 0x000000076b580000)
  object space 464384K, 70% used [0x00000006c2000000,0x00000006d5f1f800,0x00000006de580000)
 Metaspace       used 12859K, capacity 13084K, committed 13312K, reserved 1060864K
  class space    used 1379K, capacity 1472K, committed 1536K, reserved 1048576K
Event: 29.431 GC heap after
Heap after GC invocations=12 (full 2):
 PSYoungGen      total 580608K, used 208372K [0x000000076b580000, 0x00000007a4e00000, 0x00000007c0000000)
  eden space 372224K, 0% used [0x000000076b580000,0x000000076b580000,0x0000000782100000)
  from space 208384K, 99% used [0x0000000792180000,0x000000079ecfd100,0x000000079ed00000)
  to   space 262656K, 0% used [0x0000000782100000,0x0000000782100000,0x0000000792180000)
 ParOldGen       total 464384K, used 380479K [0x00000006c2000000, 0x00000006de580000, 0x000000076b580000)
  object space 464384K, 81% used [0x00000006c2000000,0x00000006d938ffc0,0x00000006de580000)
 Metaspace       used 12859K, capacity 13084K, committed 13312K, reserved 1060864K
  class space    used 1379K, capacity 1472K, committed 1536K, reserved 1048576K
}

