# JRE version: Java(TM) SE Runtime Environment (8.0_91-b15) (build 1.8.0_91-b15)
# Java VM: Java HotSpot(TM) 64-Bit Server VM (25.91-b15 mixed mode windows-amd64 compressed oops)
Heap:
 PSYoungGen      total 72192K, used 43084K [0x000000076b580000, 0x0000000770600000, 0x00000007c0000000)
  eden space 66048K, 65% used [0x000000076b580000,0x000000076df8b060,0x000000076f600000)
  from space 6144K, 0% used [0x0000000770000000,0x0000000770008000,0x0000000770600000)
  to   space 8192K, 0% used [0x000000076f600000,0x000000076f600000,0x000000076fe00000)
 ParOldGen       total 173568K, used 9366K [0x00000006c2000000, 0x00000006cc980000, 0x000000076b580000)
  object space 173568K, 5% used [0x00000006c2000000,0x00000006c29258a8,0x00000006cc980000)
 Metaspace       used 12052K, capacity 12208K, committed 12416K, reserved 1060864K
  class space    used 1317K, capacity 1374K, committed 1408K, reserved 1048576K
GC Heap History (10 events):
Event: 7.686 GC heap before
{Heap before GC invocations=20 (full 0):
 PSYoungGen      total 49152K, used 48672K [0x000000076b580000, 0x000000076fa00000, 0x00000007c0000000)
  eden space 48640K, 100% used [0x000000076b580000,0x000000076e500000,0x000000076e500000)
  from space 512K, 6% used [0x000000076e600000,0x000000076e608000,0x000000076e680000)
  to   space 10752K, 0% used [0x000000076ef80000,0x000000076ef80000,0x000000076fa00000)
 ParOldGen       total 173568K, used 9366K [0x00000006c2000000, 0x00000006cc980000, 0x000000076b580000)
  object space 173568K, 5% used [0x00000006c2000000,0x00000006c29258a8,0x00000006cc980000)
 Metaspace       used 11302K, capacity 11480K, committed 11648K, reserved 1058816K
  class space    used 1286K, capacity 1372K, committed 1408K, reserved 1048576K
Event: 7.707 GC heap after
Heap after GC invocations=20 (full 0):
 PSYoungGen      total 59904K, used 32K [0x000000076b580000, 0x0000000770c00000, 0x00000007c0000000)
  eden space 49152K, 0% used [0x000000076b580000,0x000000076b580000,0x000000076e580000)
  from space 10752K, 0% used [0x000000076ef80000,0x000000076ef88000,0x000000076fa00000)
  to   space 10240K, 0% used [0x000000076e580000,0x000000076e580000,0x000000076ef80000)
 ParOldGen       total 173568K, used 9366K [0x00000006c2000000, 0x00000006cc980000, 0x000000076b580000)
  object space 173568K, 5% used [0x00000006c2000000,0x00000006c29258a8,0x00000006cc980000)
 Metaspace       used 11302K, capacity 11480K, committed 11648K, reserved 1058816K
  class space    used 1286K, capacity 1372K, committed 1408K, reserved 1048576K
}
Event: 7.987 GC heap before
{Heap before GC invocations=21 (full 0):
 PSYoungGen      total 59904K, used 49184K [0x000000076b580000, 0x0000000770c00000, 0x00000007c0000000)
  eden space 49152K, 100% used [0x000000076b580000,0x000000076e580000,0x000000076e580000)
  from space 10752K, 0% used [0x000000076ef80000,0x000000076ef88000,0x000000076fa00000)
  to   space 10240K, 0% used [0x000000076e580000,0x000000076e580000,0x000000076ef80000)
 ParOldGen       total 173568K, used 9366K [0x00000006c2000000, 0x00000006cc980000, 0x000000076b580000)
  object space 173568K, 5% used [0x00000006c2000000,0x00000006c29258a8,0x00000006cc980000)
 Metaspace       used 11302K, capacity 11480K, committed 11648K, reserved 1058816K
  class space    used 1286K, capacity 1372K, committed 1408K, reserved 1048576K
Event: 7.987 GC heap after
Heap after GC invocations=21 (full 0):
 PSYoungGen      total 59392K, used 32K [0x000000076b580000, 0x0000000770c00000, 0x00000007c0000000)
  eden space 49152K, 0% used [0x000000076b580000,0x000000076b580000,0x000000076e580000)
  from space 10240K, 0% used [0x000000076e580000,0x000000076e588000,0x000000076ef80000)
  to   space 9728K, 0% used [0x0000000770280000,0x0000000770280000,0x0000000770c00000)
 ParOldGen       total 173568K, used 9366K [0x00000006c2000000, 0x00000006cc980000, 0x000000076b580000)
  object space 173568K, 5% used [0x00000006c2000000,0x00000006c29258a8,0x00000006cc980000)
 Metaspace       used 11302K, capacity 11480K, committed 11648K, reserved 1058816K
  class space    used 1286K, capacity 1372K, committed 1408K, reserved 1048576K
}
Event: 8.266 GC heap before
{Heap before GC invocations=22 (full 0):
 PSYoungGen      total 59392K, used 49184K [0x000000076b580000, 0x0000000770c00000, 0x00000007c0000000)
  eden space 49152K, 100% used [0x000000076b580000,0x000000076e580000,0x000000076e580000)
  from space 10240K, 0% used [0x000000076e580000,0x000000076e588000,0x000000076ef80000)
  to   space 9728K, 0% used [0x0000000770280000,0x0000000770280000,0x0000000770c00000)
 ParOldGen       total 173568K, used 9366K [0x00000006c2000000, 0x00000006cc980000, 0x000000076b580000)
  object space 173568K, 5% used [0x00000006c2000000,0x00000006c29258a8,0x00000006cc980000)
 Metaspace       used 11302K, capacity 11480K, committed 11648K, reserved 1058816K
  class space    used 1286K, capacity 1372K, committed 1408K, reserved 1048576K
Event: 8.267 GC heap after
Heap after GC invocations=22 (full 0):
 PSYoungGen      total 77824K, used 32K [0x000000076b580000, 0x0000000770b00000, 0x00000007c0000000)
  eden space 69120K, 0% used [0x000000076b580000,0x000000076b580000,0x000000076f900000)
  from space 8704K, 0% used [0x0000000770280000,0x0000000770288000,0x0000000770b00000)
  to   space 9216K, 0% used [0x000000076f900000,0x000000076f900000,0x0000000770200000)
 ParOldGen       total 173568K, used 9366K [0x00000006c2000000, 0x00000006cc980000, 0x000000076b580000)
  object space 173568K, 5% used [0x00000006c2000000,0x00000006c29258a8,0x00000006cc980000)
 Metaspace       used 11302K, capacity 11480K, committed 11648K, reserved 1058816K
  class space    used 1286K, capacity 1372K, committed 1408K, reserved 1048576K
}
Event: 8.889 GC heap before
{Heap before GC invocations=23 (full 0):
 PSYoungGen      total 77824K, used 69152K [0x000000076b580000, 0x0000000770b00000, 0x00000007c0000000)
  eden space 69120K, 100% used [0x000000076b580000,0x000000076f900000,0x000000076f900000)
  from space 8704K, 0% used [0x0000000770280000,0x0000000770288000,0x0000000770b00000)
  to   space 9216K, 0% used [0x000000076f900000,0x000000076f900000,0x0000000770200000)
 ParOldGen       total 173568K, used 9366K [0x00000006c2000000, 0x00000006cc980000, 0x000000076b580000)
  object space 173568K, 5% used [0x00000006c2000000,0x00000006c29258a8,0x00000006cc980000)
 Metaspace       used 11302K, capacity 11480K, committed 11648K, reserved 1058816K
  class space    used 1286K, capacity 1372K, committed 1408K, reserved 1048576K
Event: 8.889 GC heap after
Heap after GC invocations=23 (full 0):
 PSYoungGen      total 68096K, used 32K [0x000000076b580000, 0x0000000770880000, 0x00000007c0000000)
  eden space 67584K, 0% used [0x000000076b580000,0x000000076b580000,0x000000076f780000)
  from space 512K, 6% used [0x000000076f900000,0x000000076f908000,0x000000076f980000)
  to   space 8704K, 0% used [0x0000000770000000,0x0000000770000000,0x0000000770880000)
 ParOldGen       total 173568K, used 9366K [0x00000006c2000000, 0x00000006cc980000, 0x000000076b580000)
  object space 173568K, 5% used [0x00000006c2000000,0x00000006c29258a8,0x00000006cc980000)
 Metaspace       used 11302K, capacity 11480K, committed 11648K, reserved 1058816K
  class space    used 1286K, capacity 1372K, committed 1408K, reserved 1048576K
}
Event: 9.312 GC heap before
{Heap before GC invocations=24 (full 0):
 PSYoungGen      total 68096K, used 67616K [0x000000076b580000, 0x0000000770880000, 0x00000007c0000000)
  eden space 67584K, 100% used [0x000000076b580000,0x000000076f780000,0x000000076f780000)
  from space 512K, 6% used [0x000000076f900000,0x000000076f908000,0x000000076f980000)
  to   space 8704K, 0% used [0x0000000770000000,0x0000000770000000,0x0000000770880000)
 ParOldGen       total 173568K, used 9366K [0x00000006c2000000, 0x00000006cc980000, 0x000000076b580000)
  object space 173568K, 5% used [0x00000006c2000000,0x00000006c29258a8,0x00000006cc980000)
 Metaspace       used 11302K, capacity 11480K, committed 11648K, reserved 1058816K
  class space    used 1286K, capacity 1372K, committed 1408K, reserved 1048576K
Event: 9.314 GC heap after
Heap after GC invocations=24 (full 0):
 PSYoungGen      total 72192K, used 32K [0x000000076b580000, 0x0000000770600000, 0x00000007c0000000)
  eden space 66048K, 0% used [0x000000076b580000,0x000000076b580000,0x000000076f600000)
  from space 6144K, 0% used [0x0000000770000000,0x0000000770008000,0x0000000770600000)
  to   space 8192K, 0% used [0x000000076f600000,0x000000076f600000,0x000000076fe00000)
 ParOldGen       total 173568K, used 9366K [0x00000006c2000000, 0x00000006cc980000, 0x000000076b580000)
  object space 173568K, 5% used [0x00000006c2000000,0x00000006c29258a8,0x00000006cc980000)
 Metaspace       used 11302K, capacity 11480K, committed 11648K, reserved 1058816K
  class space    used 1286K, capacity 1372K, committed 1408K, reserved 1048576K
}

