# JRE version: Java(TM) SE Runtime Environment (8.0_91-b15) (build 1.8.0_91-b15)
# Java VM: Java HotSpot(TM) 64-Bit Server VM (25.91-b15 mixed mode windows-amd64 compressed oops)
Heap:
 PSYoungGen      total 300544K, used 164764K [0x000000076b580000, 0x000000078dd00000, 0x00000007c0000000)
  eden space 243712K, 67% used [0x000000076b580000,0x0000000775667008,0x000000077a380000)
  from space 56832K, 0% used [0x000000077a380000,0x000000077a380000,0x000000077db00000)
  to   space 99840K, 0% used [0x0000000787b80000,0x0000000787b80000,0x000000078dd00000)
 ParOldGen       total 467456K, used 278905K [0x00000006c2000000, 0x00000006de880000, 0x000000076b580000)
  object space 467456K, 59% used [0x00000006c2000000,0x00000006d305e6e0,0x00000006de880000)
 Metaspace       used 12386K, capacity 12616K, committed 12800K, reserved 1060864K
  class space    used 1371K, capacity 1440K, committed 1536K, reserved 1048576K
GC Heap History (10 events):
Event: 2.734 GC heap before
{Heap before GC invocations=5 (full 0):
 PSYoungGen      total 140800K, used 140788K [0x000000076b580000, 0x0000000774980000, 0x00000007c0000000)
  eden space 130048K, 100% used [0x000000076b580000,0x0000000773480000,0x0000000773480000)
  from space 10752K, 99% used [0x0000000773f00000,0x000000077497d398,0x0000000774980000)
  to   space 10752K, 0% used [0x0000000773480000,0x0000000773480000,0x0000000773f00000)
 ParOldGen       total 173568K, used 92408K [0x00000006c2000000, 0x00000006cc980000, 0x000000076b580000)
  object space 173568K, 53% used [0x00000006c2000000,0x00000006c7a3e178,0x00000006cc980000)
 Metaspace       used 12270K, capacity 12424K, committed 12800K, reserved 1060864K
  class space    used 1371K, capacity 1440K, committed 1536K, reserved 1048576K
Event: 2.746 GC heap after
Heap after GC invocations=5 (full 0):
 PSYoungGen      total 140800K, used 10647K [0x000000076b580000, 0x0000000781280000, 0x00000007c0000000)
  eden space 130048K, 0% used [0x000000076b580000,0x000000076b580000,0x0000000773480000)
  from space 10752K, 99% used [0x0000000773480000,0x0000000773ee5ec8,0x0000000773f00000)
  to   space 48640K, 0% used [0x000000077e300000,0x000000077e300000,0x0000000781280000)
 ParOldGen       total 173568K, used 143546K [0x00000006c2000000, 0x00000006cc980000, 0x000000076b580000)
  object space 173568K, 82% used [0x00000006c2000000,0x00000006cac2ebf8,0x00000006cc980000)
 Metaspace       used 12270K, capacity 12424K, committed 12800K, reserved 1060864K
  class space    used 1371K, capacity 1440K, committed 1536K, reserved 1048576K
}
Event: 2.746 GC heap before
{Heap before GC invocations=6 (full 1):
 PSYoungGen      total 140800K, used 10647K [0x000000076b580000, 0x0000000781280000, 0x00000007c0000000)
  eden space 130048K, 0% used [0x000000076b580000,0x000000076b580000,0x0000000773480000)
  from space 10752K, 99% used [0x0000000773480000,0x0000000773ee5ec8,0x0000000773f00000)
  to   space 48640K, 0% used [0x000000077e300000,0x000000077e300000,0x0000000781280000)
 ParOldGen       total 173568K, used 143546K [0x00000006c2000000, 0x00000006cc980000, 0x000000076b580000)
  object space 173568K, 82% used [0x00000006c2000000,0x00000006cac2ebf8,0x00000006cc980000)
 Metaspace       used 12270K, capacity 12424K, committed 12800K, reserved 1060864K
  class space    used 1371K, capacity 1440K, committed 1536K, reserved 1048576K
Event: 2.772 GC heap after
Heap after GC invocations=6 (full 1):
 PSYoungGen      total 140800K, used 0K [0x000000076b580000, 0x0000000781280000, 0x00000007c0000000)
  eden space 130048K, 0% used [0x000000076b580000,0x000000076b580000,0x0000000773480000)
  from space 10752K, 0% used [0x0000000773480000,0x0000000773480000,0x0000000773f00000)
  to   space 48640K, 0% used [0x000000077e300000,0x000000077e300000,0x0000000781280000)
 ParOldGen       total 281088K, used 144405K [0x00000006c2000000, 0x00000006d3280000, 0x000000076b580000)
  object space 281088K, 51% used [0x00000006c2000000,0x00000006cad05558,0x00000006d3280000)
 Metaspace       used 12270K, capacity 12424K, committed 12800K, reserved 1060864K
  class space    used 1371K, capacity 1440K, committed 1536K, reserved 1048576K
}
Event: 3.324 GC heap before
{Heap before GC invocations=7 (full 1):
 PSYoungGen      total 140800K, used 130048K [0x000000076b580000, 0x0000000781280000, 0x00000007c0000000)
  eden space 130048K, 100% used [0x000000076b580000,0x0000000773480000,0x0000000773480000)
  from space 10752K, 0% used [0x0000000773480000,0x0000000773480000,0x0000000773f00000)
  to   space 48640K, 0% used [0x000000077e300000,0x000000077e300000,0x0000000781280000)
 ParOldGen       total 281088K, used 144405K [0x00000006c2000000, 0x00000006d3280000, 0x000000076b580000)
  object space 281088K, 51% used [0x00000006c2000000,0x00000006cad05558,0x00000006d3280000)
 Metaspace       used 12325K, capacity 12488K, committed 12800K, reserved 1060864K
  class space    used 1371K, capacity 1440K, committed 1536K, reserved 1048576K
Event: 3.334 GC heap after
Heap after GC invocations=7 (full 1):
 PSYoungGen      total 266240K, used 48528K [0x000000076b580000, 0x0000000781280000, 0x00000007c0000000)
  eden space 217600K, 0% used [0x000000076b580000,0x000000076b580000,0x0000000778a00000)
  from space 48640K, 99% used [0x000000077e300000,0x0000000781264380,0x0000000781280000)
  to   space 56832K, 0% used [0x000000077a380000,0x000000077a380000,0x000000077db00000)
 ParOldGen       total 281088K, used 159752K [0x00000006c2000000, 0x00000006d3280000, 0x000000076b580000)
  object space 281088K, 56% used [0x00000006c2000000,0x00000006cbc02218,0x00000006d3280000)
 Metaspace       used 12325K, capacity 12488K, committed 12800K, reserved 1060864K
  class space    used 1371K, capacity 1440K, committed 1536K, reserved 1048576K
}
Event: 4.280 GC heap before
{Heap before GC invocations=8 (full 1):
 PSYoungGen      total 266240K, used 266128K [0x000000076b580000, 0x0000000781280000, 0x00000007c0000000)
  eden space 217600K, 100% used [0x000000076b580000,0x0000000778a00000,0x0000000778a00000)
  from space 48640K, 99% used [0x000000077e300000,0x0000000781264380,0x0000000781280000)
  to   space 56832K, 0% used [0x000000077a380000,0x000000077a380000,0x000000077db00000)
 ParOldGen       total 281088K, used 159752K [0x00000006c2000000, 0x00000006d3280000, 0x000000076b580000)
  object space 281088K, 56% used [0x00000006c2000000,0x00000006cbc02218,0x00000006d3280000)
 Metaspace       used 12350K, capacity 12552K, committed 12800K, reserved 1060864K
  class space    used 1371K, capacity 1440K, committed 1536K, reserved 1048576K
Event: 4.301 GC heap after
Heap after GC invocations=8 (full 1):
 PSYoungGen      total 300544K, used 56819K [0x000000076b580000, 0x000000078dd00000, 0x00000007c0000000)
  eden space 243712K, 0% used [0x000000076b580000,0x000000076b580000,0x000000077a380000)
  from space 56832K, 99% used [0x000000077a380000,0x000000077dafcec0,0x000000077db00000)
  to   space 99840K, 0% used [0x0000000787b80000,0x0000000787b80000,0x000000078dd00000)
 ParOldGen       total 281088K, used 228088K [0x00000006c2000000, 0x00000006d3280000, 0x000000076b580000)
  object space 281088K, 81% used [0x00000006c2000000,0x00000006cfebe1b8,0x00000006d3280000)
 Metaspace       used 12350K, capacity 12552K, committed 12800K, reserved 1060864K
  class space    used 1371K, capacity 1440K, committed 1536K, reserved 1048576K
}
Event: 4.301 GC heap before
{Heap before GC invocations=9 (full 2):
 PSYoungGen      total 300544K, used 56819K [0x000000076b580000, 0x000000078dd00000, 0x00000007c0000000)
  eden space 243712K, 0% used [0x000000076b580000,0x000000076b580000,0x000000077a380000)
  from space 56832K, 99% used [0x000000077a380000,0x000000077dafcec0,0x000000077db00000)
  to   space 99840K, 0% used [0x0000000787b80000,0x0000000787b80000,0x000000078dd00000)
 ParOldGen       total 281088K, used 228088K [0x00000006c2000000, 0x00000006d3280000, 0x000000076b580000)
  object space 281088K, 81% used [0x00000006c2000000,0x00000006cfebe1b8,0x00000006d3280000)
 Metaspace       used 12350K, capacity 12552K, committed 12800K, reserved 1060864K
  class space    used 1371K, capacity 1440K, committed 1536K, reserved 1048576K
Event: 4.326 GC heap after
Heap after GC invocations=9 (full 2):
 PSYoungGen      total 300544K, used 0K [0x000000076b580000, 0x000000078dd00000, 0x00000007c0000000)
  eden space 243712K, 0% used [0x000000076b580000,0x000000076b580000,0x000000077a380000)
  from space 56832K, 0% used [0x000000077a380000,0x000000077a380000,0x000000077db00000)
  to   space 99840K, 0% used [0x0000000787b80000,0x0000000787b80000,0x000000078dd00000)
 ParOldGen       total 467456K, used 278905K [0x00000006c2000000, 0x00000006de880000, 0x000000076b580000)
  object space 467456K, 59% used [0x00000006c2000000,0x00000006d305e6e0,0x00000006de880000)
 Metaspace       used 12350K, capacity 12552K, committed 12800K, reserved 1060864K
  class space    used 1371K, capacity 1440K, committed 1536K, reserved 1048576K
}

