# JRE version: Java(TM) SE Runtime Environment (8.0_91-b15) (build 1.8.0_91-b15)
# Java VM: Java HotSpot(TM) 64-Bit Server VM (25.91-b15 mixed mode windows-amd64 compressed oops)
Heap:
 PSYoungGen      total 184320K, used 165021K [0x000000076b580000, 0x000000077ce80000, 0x00000007c0000000)
  eden space 122368K, 100% used [0x000000076b580000,0x0000000772d00000,0x0000000772d00000)
  from space 61952K, 68% used [0x0000000772d00000,0x00000007756a7580,0x0000000776980000)
  to   space 61952K, 0% used [0x0000000779200000,0x0000000779200000,0x000000077ce80000)
 ParOldGen       total 431104K, used 340553K [0x00000006c2000000, 0x00000006dc500000, 0x000000076b580000)
  object space 431104K, 78% used [0x00000006c2000000,0x00000006d6c92688,0x00000006dc500000)
 Metaspace       used 12760K, capacity 12932K, committed 13312K, reserved 1060864K
  class space    used 1372K, capacity 1440K, committed 1536K, reserved 1048576K
GC Heap History (10 events):
Event: 12.935 GC heap before
{Heap before GC invocations=13 (full 1):
 PSYoungGen      total 130560K, used 87848K [0x000000076b580000, 0x0000000778e00000, 0x00000007c0000000)
  eden space 63488K, 100% used [0x000000076b580000,0x000000076f380000,0x000000076f380000)
  from space 67072K, 36% used [0x000000076f380000,0x0000000770b4a1c0,0x0000000773500000)
  to   space 66048K, 0% used [0x0000000774d80000,0x0000000774d80000,0x0000000778e00000)
 ParOldGen       total 293376K, used 229817K [0x00000006c2000000, 0x00000006d3e80000, 0x000000076b580000)
  object space 293376K, 78% used [0x00000006c2000000,0x00000006d006e6f0,0x00000006d3e80000)
 Metaspace       used 12659K, capacity 12868K, committed 13056K, reserved 1060864K
  class space    used 1371K, capacity 1440K, committed 1536K, reserved 1048576K
Event: 12.942 GC heap after
Heap after GC invocations=13 (full 1):
 PSYoungGen      total 152576K, used 25090K [0x000000076b580000, 0x0000000778b00000, 0x00000007c0000000)
  eden space 89600K, 0% used [0x000000076b580000,0x000000076b580000,0x0000000770d00000)
  from space 62976K, 39% used [0x0000000774d80000,0x0000000776600b80,0x0000000778b00000)
  to   space 64512K, 0% used [0x0000000770d00000,0x0000000770d00000,0x0000000774c00000)
 ParOldGen       total 293376K, used 263513K [0x00000006c2000000, 0x00000006d3e80000, 0x000000076b580000)
  object space 293376K, 89% used [0x00000006c2000000,0x00000006d2156770,0x00000006d3e80000)
 Metaspace       used 12659K, capacity 12868K, committed 13056K, reserved 1060864K
  class space    used 1371K, capacity 1440K, committed 1536K, reserved 1048576K
}
Event: 12.942 GC heap before
{Heap before GC invocations=14 (full 2):
 PSYoungGen      total 152576K, used 25090K [0x000000076b580000, 0x0000000778b00000, 0x00000007c0000000)
  eden space 89600K, 0% used [0x000000076b580000,0x000000076b580000,0x0000000770d00000)
  from space 62976K, 39% used [0x0000000774d80000,0x0000000776600b80,0x0000000778b00000)
  to   space 64512K, 0% used [0x0000000770d00000,0x0000000770d00000,0x0000000774c00000)
 ParOldGen       total 293376K, used 263513K [0x00000006c2000000, 0x00000006d3e80000, 0x000000076b580000)
  object space 293376K, 89% used [0x00000006c2000000,0x00000006d2156770,0x00000006d3e80000)
 Metaspace       used 12659K, capacity 12868K, committed 13056K, reserved 1060864K
  class space    used 1371K, capacity 1440K, committed 1536K, reserved 1048576K
Event: 12.961 GC heap after
Heap after GC invocations=14 (full 2):
 PSYoungGen      total 152576K, used 0K [0x000000076b580000, 0x0000000778b00000, 0x00000007c0000000)
  eden space 89600K, 0% used [0x000000076b580000,0x000000076b580000,0x0000000770d00000)
  from space 62976K, 0% used [0x0000000774d80000,0x0000000774d80000,0x0000000778b00000)
  to   space 64512K, 0% used [0x0000000770d00000,0x0000000770d00000,0x0000000774c00000)
 ParOldGen       total 431104K, used 270890K [0x00000006c2000000, 0x00000006dc500000, 0x000000076b580000)
  object space 431104K, 62% used [0x00000006c2000000,0x00000006d288a838,0x00000006dc500000)
 Metaspace       used 12659K, capacity 12868K, committed 13056K, reserved 1060864K
  class space    used 1371K, capacity 1440K, committed 1536K, reserved 1048576K
}
Event: 14.322 GC heap before
{Heap before GC invocations=15 (full 2):
 PSYoungGen      total 152576K, used 89600K [0x000000076b580000, 0x0000000778b00000, 0x00000007c0000000)
  eden space 89600K, 100% used [0x000000076b580000,0x0000000770d00000,0x0000000770d00000)
  from space 62976K, 0% used [0x0000000774d80000,0x0000000774d80000,0x0000000778b00000)
  to   space 64512K, 0% used [0x0000000770d00000,0x0000000770d00000,0x0000000774c00000)
 ParOldGen       total 431104K, used 270890K [0x00000006c2000000, 0x00000006dc500000, 0x000000076b580000)
  object space 431104K, 62% used [0x00000006c2000000,0x00000006d288a838,0x00000006dc500000)
 Metaspace       used 12661K, capacity 12868K, committed 13056K, reserved 1060864K
  class space    used 1371K, capacity 1440K, committed 1536K, reserved 1048576K
Event: 14.327 GC heap after
Heap after GC invocations=15 (full 2):
 PSYoungGen      total 154112K, used 41922K [0x000000076b580000, 0x000000077aa80000, 0x00000007c0000000)
  eden space 89600K, 0% used [0x000000076b580000,0x000000076b580000,0x0000000770d00000)
  from space 64512K, 64% used [0x0000000770d00000,0x00000007735f0bc0,0x0000000774c00000)
  to   space 64512K, 0% used [0x0000000776b80000,0x0000000776b80000,0x000000077aa80000)
 ParOldGen       total 431104K, used 270890K [0x00000006c2000000, 0x00000006dc500000, 0x000000076b580000)
  object space 431104K, 62% used [0x00000006c2000000,0x00000006d288a838,0x00000006dc500000)
 Metaspace       used 12661K, capacity 12868K, committed 13056K, reserved 1060864K
  class space    used 1371K, capacity 1440K, committed 1536K, reserved 1048576K
}
Event: 15.803 GC heap before
{Heap before GC invocations=16 (full 2):
 PSYoungGen      total 154112K, used 131522K [0x000000076b580000, 0x000000077aa80000, 0x00000007c0000000)
  eden space 89600K, 100% used [0x000000076b580000,0x0000000770d00000,0x0000000770d00000)
  from space 64512K, 64% used [0x0000000770d00000,0x00000007735f0bc0,0x0000000774c00000)
  to   space 64512K, 0% used [0x0000000776b80000,0x0000000776b80000,0x000000077aa80000)
 ParOldGen       total 431104K, used 270890K [0x00000006c2000000, 0x00000006dc500000, 0x000000076b580000)
  object space 431104K, 62% used [0x00000006c2000000,0x00000006d288a838,0x00000006dc500000)
 Metaspace       used 12684K, capacity 12868K, committed 13056K, reserved 1060864K
  class space    used 1371K, capacity 1440K, committed 1536K, reserved 1048576K
Event: 15.814 GC heap after
Heap after GC invocations=16 (full 2):
 PSYoungGen      total 182272K, used 35714K [0x000000076b580000, 0x000000077a600000, 0x00000007c0000000)
  eden space 122368K, 0% used [0x000000076b580000,0x000000076b580000,0x0000000772d00000)
  from space 59904K, 59% used [0x0000000776b80000,0x0000000778e608e0,0x000000077a600000)
  to   space 61952K, 0% used [0x0000000772d00000,0x0000000772d00000,0x0000000776980000)
 ParOldGen       total 431104K, used 305356K [0x00000006c2000000, 0x00000006dc500000, 0x000000076b580000)
  object space 431104K, 70% used [0x00000006c2000000,0x00000006d4a33288,0x00000006dc500000)
 Metaspace       used 12684K, capacity 12868K, committed 13056K, reserved 1060864K
  class space    used 1371K, capacity 1440K, committed 1536K, reserved 1048576K
}
Event: 19.481 GC heap before
{Heap before GC invocations=17 (full 2):
 PSYoungGen      total 182272K, used 158082K [0x000000076b580000, 0x000000077a600000, 0x00000007c0000000)
  eden space 122368K, 100% used [0x000000076b580000,0x0000000772d00000,0x0000000772d00000)
  from space 59904K, 59% used [0x0000000776b80000,0x0000000778e608e0,0x000000077a600000)
  to   space 61952K, 0% used [0x0000000772d00000,0x0000000772d00000,0x0000000776980000)
 ParOldGen       total 431104K, used 305356K [0x00000006c2000000, 0x00000006dc500000, 0x000000076b580000)
  object space 431104K, 70% used [0x00000006c2000000,0x00000006d4a33288,0x00000006dc500000)
 Metaspace       used 12738K, capacity 12932K, committed 13312K, reserved 1060864K
  class space    used 1371K, capacity 1440K, committed 1536K, reserved 1048576K
Event: 19.491 GC heap after
Heap after GC invocations=17 (full 2):
 PSYoungGen      total 184320K, used 42653K [0x000000076b580000, 0x000000077ce80000, 0x00000007c0000000)
  eden space 122368K, 0% used [0x000000076b580000,0x000000076b580000,0x0000000772d00000)
  from space 61952K, 68% used [0x0000000772d00000,0x00000007756a7580,0x0000000776980000)
  to   space 61952K, 0% used [0x0000000779200000,0x0000000779200000,0x000000077ce80000)
 ParOldGen       total 431104K, used 340553K [0x00000006c2000000, 0x00000006dc500000, 0x000000076b580000)
  object space 431104K, 78% used [0x00000006c2000000,0x00000006d6c92688,0x00000006dc500000)
 Metaspace       used 12738K, capacity 12932K, committed 13312K, reserved 1060864K
  class space    used 1371K, capacity 1440K, committed 1536K, reserved 1048576K
}

