# JRE version: Java(TM) SE Runtime Environment (8.0_91-b15) (build 1.8.0_91-b15)
# Java VM: Java HotSpot(TM) 64-Bit Server VM (25.91-b15 mixed mode windows-amd64 compressed oops)
Heap:
 PSYoungGen      total 298496K, used 205546K [0x000000076b580000, 0x0000000787c80000, 0x00000007c0000000)
  eden space 222208K, 92% used [0x000000076b580000,0x0000000777e3abc0,0x0000000778e80000)
  from space 76288K, 0% used [0x0000000778e80000,0x0000000778e80000,0x000000077d900000)
  to   space 83456K, 0% used [0x0000000782b00000,0x0000000782b00000,0x0000000787c80000)
 ParOldGen       total 676864K, used 461039K [0x00000006c2000000, 0x00000006eb500000, 0x000000076b580000)
  object space 676864K, 68% used [0x00000006c2000000,0x00000006de23be70,0x00000006eb500000)
 Metaspace       used 12856K, capacity 13052K, committed 13312K, reserved 1060864K
  class space    used 1372K, capacity 1440K, committed 1536K, reserved 1048576K
GC Heap History (10 events):
Event: 10.284 GC heap before
{Heap before GC invocations=12 (full 1):
 PSYoungGen      total 225792K, used 225569K [0x000000076b580000, 0x000000077e100000, 0x00000007c0000000)
  eden space 162304K, 100% used [0x000000076b580000,0x0000000775400000,0x0000000775400000)
  from space 63488K, 99% used [0x0000000779780000,0x000000077d548680,0x000000077d580000)
  to   space 69120K, 0% used [0x0000000775400000,0x0000000775400000,0x0000000779780000)
 ParOldGen       total 292864K, used 214691K [0x00000006c2000000, 0x00000006d3e00000, 0x000000076b580000)
  object space 292864K, 73% used [0x00000006c2000000,0x00000006cf1a8ee0,0x00000006d3e00000)
 Metaspace       used 12753K, capacity 12924K, committed 13056K, reserved 1060864K
  class space    used 1369K, capacity 1440K, committed 1536K, reserved 1048576K
Event: 10.301 GC heap after
Heap after GC invocations=12 (full 1):
 PSYoungGen      total 231424K, used 56595K [0x000000076b580000, 0x0000000782100000, 0x00000007c0000000)
  eden space 162304K, 0% used [0x000000076b580000,0x000000076b580000,0x0000000775400000)
  from space 69120K, 81% used [0x0000000775400000,0x0000000778b44ec0,0x0000000779780000)
  to   space 71680K, 0% used [0x000000077db00000,0x000000077db00000,0x0000000782100000)
 ParOldGen       total 292864K, used 279306K [0x00000006c2000000, 0x00000006d3e00000, 0x000000076b580000)
  object space 292864K, 95% used [0x00000006c2000000,0x00000006d30c2900,0x00000006d3e00000)
 Metaspace       used 12753K, capacity 12924K, committed 13056K, reserved 1060864K
  class space    used 1369K, capacity 1440K, committed 1536K, reserved 1048576K
}
Event: 10.301 GC heap before
{Heap before GC invocations=13 (full 2):
 PSYoungGen      total 231424K, used 56595K [0x000000076b580000, 0x0000000782100000, 0x00000007c0000000)
  eden space 162304K, 0% used [0x000000076b580000,0x000000076b580000,0x0000000775400000)
  from space 69120K, 81% used [0x0000000775400000,0x0000000778b44ec0,0x0000000779780000)
  to   space 71680K, 0% used [0x000000077db00000,0x000000077db00000,0x0000000782100000)
 ParOldGen       total 292864K, used 279306K [0x00000006c2000000, 0x00000006d3e00000, 0x000000076b580000)
  object space 292864K, 95% used [0x00000006c2000000,0x00000006d30c2900,0x00000006d3e00000)
 Metaspace       used 12753K, capacity 12924K, committed 13056K, reserved 1060864K
  class space    used 1369K, capacity 1440K, committed 1536K, reserved 1048576K
Event: 10.335 GC heap after
Heap after GC invocations=13 (full 2):
 PSYoungGen      total 231424K, used 40292K [0x000000076b580000, 0x0000000782100000, 0x00000007c0000000)
  eden space 162304K, 0% used [0x000000076b580000,0x000000076b580000,0x0000000775400000)
  from space 69120K, 58% used [0x0000000775400000,0x0000000777b59270,0x0000000779780000)
  to   space 71680K, 0% used [0x000000077db00000,0x000000077db00000,0x0000000782100000)
 ParOldGen       total 462336K, used 292835K [0x00000006c2000000, 0x00000006de380000, 0x000000076b580000)
  object space 462336K, 63% used [0x00000006c2000000,0x00000006d3df8cc8,0x00000006de380000)
 Metaspace       used 12753K, capacity 12924K, committed 13056K, reserved 1060864K
  class space    used 1369K, capacity 1440K, committed 1536K, reserved 1048576K
}
Event: 12.693 GC heap before
{Heap before GC invocations=14 (full 2):
 PSYoungGen      total 231424K, used 202596K [0x000000076b580000, 0x0000000782100000, 0x00000007c0000000)
  eden space 162304K, 100% used [0x000000076b580000,0x0000000775400000,0x0000000775400000)
  from space 69120K, 58% used [0x0000000775400000,0x0000000777b59270,0x0000000779780000)
  to   space 71680K, 0% used [0x000000077db00000,0x000000077db00000,0x0000000782100000)
 ParOldGen       total 462336K, used 292835K [0x00000006c2000000, 0x00000006de380000, 0x000000076b580000)
  object space 462336K, 63% used [0x00000006c2000000,0x00000006d3df8d98,0x00000006de380000)
 Metaspace       used 12787K, capacity 12988K, committed 13312K, reserved 1060864K
  class space    used 1369K, capacity 1440K, committed 1536K, reserved 1048576K
Event: 12.712 GC heap after
Heap after GC invocations=14 (full 2):
 PSYoungGen      total 293888K, used 65360K [0x000000076b580000, 0x0000000782380000, 0x00000007c0000000)
  eden space 222208K, 0% used [0x000000076b580000,0x000000076b580000,0x0000000778e80000)
  from space 71680K, 91% used [0x000000077db00000,0x0000000781ad43c0,0x0000000782100000)
  to   space 76288K, 0% used [0x0000000778e80000,0x0000000778e80000,0x000000077d900000)
 ParOldGen       total 462336K, used 348460K [0x00000006c2000000, 0x00000006de380000, 0x000000076b580000)
  object space 462336K, 75% used [0x00000006c2000000,0x00000006d744b298,0x00000006de380000)
 Metaspace       used 12787K, capacity 12988K, committed 13312K, reserved 1060864K
  class space    used 1369K, capacity 1440K, committed 1536K, reserved 1048576K
}
Event: 17.023 GC heap before
{Heap before GC invocations=15 (full 2):
 PSYoungGen      total 293888K, used 287568K [0x000000076b580000, 0x0000000782380000, 0x00000007c0000000)
  eden space 222208K, 100% used [0x000000076b580000,0x0000000778e80000,0x0000000778e80000)
  from space 71680K, 91% used [0x000000077db00000,0x0000000781ad43c0,0x0000000782100000)
  to   space 76288K, 0% used [0x0000000778e80000,0x0000000778e80000,0x000000077d900000)
 ParOldGen       total 462336K, used 348535K [0x00000006c2000000, 0x00000006de380000, 0x000000076b580000)
  object space 462336K, 75% used [0x00000006c2000000,0x00000006d745df20,0x00000006de380000)
 Metaspace       used 12832K, capacity 12988K, committed 13312K, reserved 1060864K
  class space    used 1369K, capacity 1440K, committed 1536K, reserved 1048576K
Event: 17.041 GC heap after
Heap after GC invocations=15 (full 2):
 PSYoungGen      total 298496K, used 75253K [0x000000076b580000, 0x0000000787c80000, 0x00000007c0000000)
  eden space 222208K, 0% used [0x000000076b580000,0x000000076b580000,0x0000000778e80000)
  from space 76288K, 98% used [0x0000000778e80000,0x000000077d7fd760,0x000000077d900000)
  to   space 83456K, 0% used [0x0000000782b00000,0x0000000782b00000,0x0000000787c80000)
 ParOldGen       total 462336K, used 402422K [0x00000006c2000000, 0x00000006de380000, 0x000000076b580000)
  object space 462336K, 87% used [0x00000006c2000000,0x00000006da8fdbd0,0x00000006de380000)
 Metaspace       used 12832K, capacity 12988K, committed 13312K, reserved 1060864K
  class space    used 1369K, capacity 1440K, committed 1536K, reserved 1048576K
}
Event: 17.041 GC heap before
{Heap before GC invocations=16 (full 3):
 PSYoungGen      total 298496K, used 75253K [0x000000076b580000, 0x0000000787c80000, 0x00000007c0000000)
  eden space 222208K, 0% used [0x000000076b580000,0x000000076b580000,0x0000000778e80000)
  from space 76288K, 98% used [0x0000000778e80000,0x000000077d7fd760,0x000000077d900000)
  to   space 83456K, 0% used [0x0000000782b00000,0x0000000782b00000,0x0000000787c80000)
 ParOldGen       total 462336K, used 402422K [0x00000006c2000000, 0x00000006de380000, 0x000000076b580000)
  object space 462336K, 87% used [0x00000006c2000000,0x00000006da8fdbd0,0x00000006de380000)
 Metaspace       used 12832K, capacity 12988K, committed 13312K, reserved 1060864K
  class space    used 1369K, capacity 1440K, committed 1536K, reserved 1048576K
Event: 17.097 GC heap after
Heap after GC invocations=16 (full 3):
 PSYoungGen      total 298496K, used 0K [0x000000076b580000, 0x0000000787c80000, 0x00000007c0000000)
  eden space 222208K, 0% used [0x000000076b580000,0x000000076b580000,0x0000000778e80000)
  from space 76288K, 0% used [0x0000000778e80000,0x0000000778e80000,0x000000077d900000)
  to   space 83456K, 0% used [0x0000000782b00000,0x0000000782b00000,0x0000000787c80000)
 ParOldGen       total 676864K, used 461039K [0x00000006c2000000, 0x00000006eb500000, 0x000000076b580000)
  object space 676864K, 68% used [0x00000006c2000000,0x00000006de23be70,0x00000006eb500000)
 Metaspace       used 12832K, capacity 12988K, committed 13312K, reserved 1060864K
  class space    used 1369K, capacity 1440K, committed 1536K, reserved 1048576K
}

