# JRE version: Java(TM) SE Runtime Environment (8.0_91-b15) (build 1.8.0_91-b15)
# Java VM: Java HotSpot(TM) 64-Bit Server VM (25.91-b15 mixed mode windows-amd64 compressed oops)
Heap:
 PSYoungGen      total 326144K, used 135566K [0x000000076b580000, 0x000000078a480000, 0x00000007c0000000)
  eden space 322560K, 42% used [0x000000076b580000,0x00000007739d3968,0x000000077f080000)
  from space 3584K, 1% used [0x0000000789d80000,0x0000000789d90000,0x000000078a100000)
  to   space 3584K, 0% used [0x000000078a100000,0x000000078a100000,0x000000078a480000)
 ParOldGen       total 173568K, used 2481K [0x00000006c2000000, 0x00000006cc980000, 0x000000076b580000)
  object space 173568K, 1% used [0x00000006c2000000,0x00000006c226c690,0x00000006cc980000)
 Metaspace       used 10852K, capacity 11032K, committed 11392K, reserved 1058816K
  class space    used 1219K, capacity 1283K, committed 1408K, reserved 1048576K
GC Heap History (10 events):
Event: 7.667 GC heap before
{Heap before GC invocations=15 (full 0):
 PSYoungGen      total 399360K, used 398880K [0x000000076b580000, 0x000000078ab00000, 0x00000007c0000000)
  eden space 398848K, 100% used [0x000000076b580000,0x0000000783b00000,0x0000000783b00000)
  from space 512K, 6% used [0x000000078aa80000,0x000000078aa88000,0x000000078ab00000)
  to   space 4096K, 0% used [0x000000078a300000,0x000000078a300000,0x000000078a700000)
 ParOldGen       total 173568K, used 2481K [0x00000006c2000000, 0x00000006cc980000, 0x000000076b580000)
  object space 173568K, 1% used [0x00000006c2000000,0x00000006c226c690,0x00000006cc980000)
 Metaspace       used 10848K, capacity 11032K, committed 11392K, reserved 1058816K
  class space    used 1219K, capacity 1283K, committed 1408K, reserved 1048576K
Event: 7.667 GC heap after
Heap after GC invocations=15 (full 0):
 PSYoungGen      total 386048K, used 64K [0x000000076b580000, 0x000000078ab00000, 0x00000007c0000000)
  eden space 381952K, 0% used [0x000000076b580000,0x000000076b580000,0x0000000782a80000)
  from space 4096K, 1% used [0x000000078a300000,0x000000078a310000,0x000000078a700000)
  to   space 4096K, 0% used [0x000000078a700000,0x000000078a700000,0x000000078ab00000)
 ParOldGen       total 173568K, used 2481K [0x00000006c2000000, 0x00000006cc980000, 0x000000076b580000)
  object space 173568K, 1% used [0x00000006c2000000,0x00000006c226c690,0x00000006cc980000)
 Metaspace       used 10848K, capacity 11032K, committed 11392K, reserved 1058816K
  class space    used 1219K, capacity 1283K, committed 1408K, reserved 1048576K
}
Event: 8.184 GC heap before
{Heap before GC invocations=16 (full 0):
 PSYoungGen      total 386048K, used 382016K [0x000000076b580000, 0x000000078ab00000, 0x00000007c0000000)
  eden space 381952K, 100% used [0x000000076b580000,0x0000000782a80000,0x0000000782a80000)
  from space 4096K, 1% used [0x000000078a300000,0x000000078a310000,0x000000078a700000)
  to   space 4096K, 0% used [0x000000078a700000,0x000000078a700000,0x000000078ab00000)
 ParOldGen       total 173568K, used 2481K [0x00000006c2000000, 0x00000006cc980000, 0x000000076b580000)
  object space 173568K, 1% used [0x00000006c2000000,0x00000006c226c690,0x00000006cc980000)
 Metaspace       used 10848K, capacity 11032K, committed 11392K, reserved 1058816K
  class space    used 1219K, capacity 1283K, committed 1408K, reserved 1048576K
Event: 8.184 GC heap after
Heap after GC invocations=16 (full 0):
 PSYoungGen      total 366592K, used 96K [0x000000076b580000, 0x000000078a780000, 0x00000007c0000000)
  eden space 366080K, 0% used [0x000000076b580000,0x000000076b580000,0x0000000781b00000)
  from space 512K, 18% used [0x000000078a700000,0x000000078a718000,0x000000078a780000)
  to   space 3584K, 0% used [0x000000078a080000,0x000000078a080000,0x000000078a400000)
 ParOldGen       total 173568K, used 2481K [0x00000006c2000000, 0x00000006cc980000, 0x000000076b580000)
  object space 173568K, 1% used [0x00000006c2000000,0x00000006c226c690,0x00000006cc980000)
 Metaspace       used 10848K, capacity 11032K, committed 11392K, reserved 1058816K
  class space    used 1219K, capacity 1283K, committed 1408K, reserved 1048576K
}
Event: 8.668 GC heap before
{Heap before GC invocations=17 (full 0):
 PSYoungGen      total 366592K, used 366176K [0x000000076b580000, 0x000000078a780000, 0x00000007c0000000)
  eden space 366080K, 100% used [0x000000076b580000,0x0000000781b00000,0x0000000781b00000)
  from space 512K, 18% used [0x000000078a700000,0x000000078a718000,0x000000078a780000)
  to   space 3584K, 0% used [0x000000078a080000,0x000000078a080000,0x000000078a400000)
 ParOldGen       total 173568K, used 2481K [0x00000006c2000000, 0x00000006cc980000, 0x000000076b580000)
  object space 173568K, 1% used [0x00000006c2000000,0x00000006c226c690,0x00000006cc980000)
 Metaspace       used 10848K, capacity 11032K, committed 11392K, reserved 1058816K
  class space    used 1219K, capacity 1283K, committed 1408K, reserved 1048576K
Event: 8.668 GC heap after
Heap after GC invocations=17 (full 0):
 PSYoungGen      total 354304K, used 96K [0x000000076b580000, 0x000000078a780000, 0x00000007c0000000)
  eden space 350720K, 0% used [0x000000076b580000,0x000000076b580000,0x0000000780c00000)
  from space 3584K, 2% used [0x000000078a080000,0x000000078a098000,0x000000078a400000)
  to   space 3584K, 0% used [0x000000078a400000,0x000000078a400000,0x000000078a780000)
 ParOldGen       total 173568K, used 2481K [0x00000006c2000000, 0x00000006cc980000, 0x000000076b580000)
  object space 173568K, 1% used [0x00000006c2000000,0x00000006c226c690,0x00000006cc980000)
 Metaspace       used 10848K, capacity 11032K, committed 11392K, reserved 1058816K
  class space    used 1219K, capacity 1283K, committed 1408K, reserved 1048576K
}
Event: 9.137 GC heap before
{Heap before GC invocations=18 (full 0):
 PSYoungGen      total 354304K, used 350816K [0x000000076b580000, 0x000000078a780000, 0x00000007c0000000)
  eden space 350720K, 100% used [0x000000076b580000,0x0000000780c00000,0x0000000780c00000)
  from space 3584K, 2% used [0x000000078a080000,0x000000078a098000,0x000000078a400000)
  to   space 3584K, 0% used [0x000000078a400000,0x000000078a400000,0x000000078a780000)
 ParOldGen       total 173568K, used 2481K [0x00000006c2000000, 0x00000006cc980000, 0x000000076b580000)
  object space 173568K, 1% used [0x00000006c2000000,0x00000006c226c690,0x00000006cc980000)
 Metaspace       used 10848K, capacity 11032K, committed 11392K, reserved 1058816K
  class space    used 1219K, capacity 1283K, committed 1408K, reserved 1048576K
Event: 9.137 GC heap after
Heap after GC invocations=18 (full 0):
 PSYoungGen      total 336896K, used 64K [0x000000076b580000, 0x000000078a480000, 0x00000007c0000000)
  eden space 336384K, 0% used [0x000000076b580000,0x000000076b580000,0x000000077fe00000)
  from space 512K, 12% used [0x000000078a400000,0x000000078a410000,0x000000078a480000)
  to   space 3584K, 0% used [0x0000000789d80000,0x0000000789d80000,0x000000078a100000)
 ParOldGen       total 173568K, used 2481K [0x00000006c2000000, 0x00000006cc980000, 0x000000076b580000)
  object space 173568K, 1% used [0x00000006c2000000,0x00000006c226c690,0x00000006cc980000)
 Metaspace       used 10848K, capacity 11032K, committed 11392K, reserved 1058816K
  class space    used 1219K, capacity 1283K, committed 1408K, reserved 1048576K
}
Event: 9.592 GC heap before
{Heap before GC invocations=19 (full 0):
 PSYoungGen      total 336896K, used 336448K [0x000000076b580000, 0x000000078a480000, 0x00000007c0000000)
  eden space 336384K, 100% used [0x000000076b580000,0x000000077fe00000,0x000000077fe00000)
  from space 512K, 12% used [0x000000078a400000,0x000000078a410000,0x000000078a480000)
  to   space 3584K, 0% used [0x0000000789d80000,0x0000000789d80000,0x000000078a100000)
 ParOldGen       total 173568K, used 2481K [0x00000006c2000000, 0x00000006cc980000, 0x000000076b580000)
  object space 173568K, 1% used [0x00000006c2000000,0x00000006c226c690,0x00000006cc980000)
 Metaspace       used 10848K, capacity 11032K, committed 11392K, reserved 1058816K
  class space    used 1219K, capacity 1283K, committed 1408K, reserved 1048576K
Event: 9.592 GC heap after
Heap after GC invocations=19 (full 0):
 PSYoungGen      total 326144K, used 64K [0x000000076b580000, 0x000000078a480000, 0x00000007c0000000)
  eden space 322560K, 0% used [0x000000076b580000,0x000000076b580000,0x000000077f080000)
  from space 3584K, 1% used [0x0000000789d80000,0x0000000789d90000,0x000000078a100000)
  to   space 3584K, 0% used [0x000000078a100000,0x000000078a100000,0x000000078a480000)
 ParOldGen       total 173568K, used 2481K [0x00000006c2000000, 0x00000006cc980000, 0x000000076b580000)
  object space 173568K, 1% used [0x00000006c2000000,0x00000006c226c690,0x00000006cc980000)
 Metaspace       used 10848K, capacity 11032K, committed 11392K, reserved 1058816K
  class space    used 1219K, capacity 1283K, committed 1408K, reserved 1048576K
}

