# JRE version: Java(TM) SE Runtime Environment (8.0_91-b15) (build 1.8.0_91-b15)
# Java VM: Java HotSpot(TM) 64-Bit Server VM (25.91-b15 mixed mode windows-amd64 compressed oops)
Heap:
 PSYoungGen      total 75776K, used 33427K [0x000000076b580000, 0x0000000770a00000, 0x00000007c0000000)
  eden space 65024K, 37% used [0x000000076b580000,0x000000076cd81358,0x000000076f500000)
  from space 10752K, 82% used [0x000000076f500000,0x000000076fda3ad8,0x000000076ff80000)
  to   space 10752K, 0% used [0x000000076ff80000,0x000000076ff80000,0x0000000770a00000)
 ParOldGen       total 173568K, used 276K [0x00000006c2000000, 0x00000006cc980000, 0x000000076b580000)
  object space 173568K, 0% used [0x00000006c2000000,0x00000006c2045050,0x00000006cc980000)
 Metaspace       used 16060K, capacity 16242K, committed 16512K, reserved 1064960K
  class space    used 1807K, capacity 1877K, committed 1920K, reserved 1048576K
GC Heap History (6 events):
Event: 2.168 GC heap before
{Heap before GC invocations=1 (full 0):
 PSYoungGen      total 75776K, used 65024K [0x000000076b580000, 0x0000000770a00000, 0x00000007c0000000)
  eden space 65024K, 100% used [0x000000076b580000,0x000000076f500000,0x000000076f500000)
  from space 10752K, 0% used [0x000000076ff80000,0x000000076ff80000,0x0000000770a00000)
  to   space 10752K, 0% used [0x000000076f500000,0x000000076f500000,0x000000076ff80000)
 ParOldGen       total 173568K, used 0K [0x00000006c2000000, 0x00000006cc980000, 0x000000076b580000)
  object space 173568K, 0% used [0x00000006c2000000,0x00000006c2000000,0x00000006cc980000)
 Metaspace       used 15740K, capacity 15916K, committed 16000K, reserved 1062912K
  class space    used 1806K, capacity 1876K, committed 1920K, reserved 1048576K
Event: 2.175 GC heap after
Heap after GC invocations=1 (full 0):
 PSYoungGen      total 75776K, used 10750K [0x000000076b580000, 0x0000000770a00000, 0x00000007c0000000)
  eden space 65024K, 0% used [0x000000076b580000,0x000000076b580000,0x000000076f500000)
  from space 10752K, 99% used [0x000000076f500000,0x000000076ff7fa40,0x000000076ff80000)
  to   space 10752K, 0% used [0x000000076ff80000,0x000000076ff80000,0x0000000770a00000)
 ParOldGen       total 173568K, used 260K [0x00000006c2000000, 0x00000006cc980000, 0x000000076b580000)
  object space 173568K, 0% used [0x00000006c2000000,0x00000006c2041050,0x00000006cc980000)
 Metaspace       used 15740K, capacity 15916K, committed 16000K, reserved 1062912K
  class space    used 1806K, capacity 1876K, committed 1920K, reserved 1048576K
}
Event: 2.640 GC heap before
{Heap before GC invocations=2 (full 0):
 PSYoungGen      total 75776K, used 75774K [0x000000076b580000, 0x0000000770a00000, 0x00000007c0000000)
  eden space 65024K, 100% used [0x000000076b580000,0x000000076f500000,0x000000076f500000)
  from space 10752K, 99% used [0x000000076f500000,0x000000076ff7fa40,0x000000076ff80000)
  to   space 10752K, 0% used [0x000000076ff80000,0x000000076ff80000,0x0000000770a00000)
 ParOldGen       total 173568K, used 260K [0x00000006c2000000, 0x00000006cc980000, 0x000000076b580000)
  object space 173568K, 0% used [0x00000006c2000000,0x00000006c2041050,0x00000006cc980000)
 Metaspace       used 15916K, capacity 16178K, committed 16256K, reserved 1062912K
  class space    used 1807K, capacity 1877K, committed 1920K, reserved 1048576K
Event: 2.645 GC heap after
Heap after GC invocations=2 (full 0):
 PSYoungGen      total 75776K, used 8782K [0x000000076b580000, 0x0000000770a00000, 0x00000007c0000000)
  eden space 65024K, 0% used [0x000000076b580000,0x000000076b580000,0x000000076f500000)
  from space 10752K, 81% used [0x000000076ff80000,0x0000000770813ab8,0x0000000770a00000)
  to   space 10752K, 0% used [0x000000076f500000,0x000000076f500000,0x000000076ff80000)
 ParOldGen       total 173568K, used 268K [0x00000006c2000000, 0x00000006cc980000, 0x000000076b580000)
  object space 173568K, 0% used [0x00000006c2000000,0x00000006c2043050,0x00000006cc980000)
 Metaspace       used 15916K, capacity 16178K, committed 16256K, reserved 1062912K
  class space    used 1807K, capacity 1877K, committed 1920K, reserved 1048576K
}
Event: 3.112 GC heap before
{Heap before GC invocations=3 (full 0):
 PSYoungGen      total 75776K, used 73806K [0x000000076b580000, 0x0000000770a00000, 0x00000007c0000000)
  eden space 65024K, 100% used [0x000000076b580000,0x000000076f500000,0x000000076f500000)
  from space 10752K, 81% used [0x000000076ff80000,0x0000000770813ab8,0x0000000770a00000)
  to   space 10752K, 0% used [0x000000076f500000,0x000000076f500000,0x000000076ff80000)
 ParOldGen       total 173568K, used 268K [0x00000006c2000000, 0x00000006cc980000, 0x000000076b580000)
  object space 173568K, 0% used [0x00000006c2000000,0x00000006c2043050,0x00000006cc980000)
 Metaspace       used 16046K, capacity 16242K, committed 16512K, reserved 1064960K
  class space    used 1807K, capacity 1877K, committed 1920K, reserved 1048576K
Event: 3.115 GC heap after
Heap after GC invocations=3 (full 0):
 PSYoungGen      total 75776K, used 8846K [0x000000076b580000, 0x0000000770a00000, 0x00000007c0000000)
  eden space 65024K, 0% used [0x000000076b580000,0x000000076b580000,0x000000076f500000)
  from space 10752K, 82% used [0x000000076f500000,0x000000076fda3ad8,0x000000076ff80000)
  to   space 10752K, 0% used [0x000000076ff80000,0x000000076ff80000,0x0000000770a00000)
 ParOldGen       total 173568K, used 276K [0x00000006c2000000, 0x00000006cc980000, 0x000000076b580000)
  object space 173568K, 0% used [0x00000006c2000000,0x00000006c2045050,0x00000006cc980000)
 Metaspace       used 16046K, capacity 16242K, committed 16512K, reserved 1064960K
  class space    used 1807K, capacity 1877K, committed 1920K, reserved 1048576K
}

