# JRE version: Java(TM) SE Runtime Environment (8.0_91-b15) (build 1.8.0_91-b15)
# Java VM: Java HotSpot(TM) 64-Bit Server VM (25.91-b15 mixed mode windows-amd64 compressed oops)
Heap:
 PSYoungGen      total 1324032K, used 1052227K [0x000000076b580000, 0x00000007c0000000, 0x00000007c0000000)
  eden space 1281536K, 78% used [0x000000076b580000,0x00000007a8f98f30,0x00000007b9900000)
  from space 42496K, 99% used [0x00000007b9900000,0x00000007bc278000,0x00000007bc280000)
  to   space 57344K, 0% used [0x00000007bc800000,0x00000007bc800000,0x00000007c0000000)
 ParOldGen       total 173568K, used 87807K [0x00000006c2000000, 0x00000006cc980000, 0x000000076b580000)
  object space 173568K, 50% used [0x00000006c2000000,0x00000006c75bfcc8,0x00000006cc980000)
 Metaspace       used 12093K, capacity 12252K, committed 12416K, reserved 1060864K
  class space    used 1328K, capacity 1406K, committed 1408K, reserved 1048576K
GC Heap History (10 events):
Event: 15.649 GC heap before
{Heap before GC invocations=11 (full 0):
 PSYoungGen      total 839680K, used 839680K [0x000000076b580000, 0x00000007a0380000, 0x00000007c0000000)
  eden space 825344K, 100% used [0x000000076b580000,0x000000079db80000,0x000000079db80000)
  from space 14336K, 100% used [0x000000079ed80000,0x000000079fb80000,0x000000079fb80000)
  to   space 18432K, 0% used [0x000000079db80000,0x000000079db80000,0x000000079ed80000)
 ParOldGen       total 173568K, used 21455K [0x00000006c2000000, 0x00000006cc980000, 0x000000076b580000)
  object space 173568K, 12% used [0x00000006c2000000,0x00000006c34f3cc8,0x00000006cc980000)
 Metaspace       used 12069K, capacity 12252K, committed 12416K, reserved 1060864K
  class space    used 1324K, capacity 1406K, committed 1408K, reserved 1048576K
Event: 15.728 GC heap after
Heap after GC invocations=11 (full 0):
 PSYoungGen      total 843776K, used 18432K [0x000000076b580000, 0x00000007bf580000, 0x00000007c0000000)
  eden space 825344K, 0% used [0x000000076b580000,0x000000076b580000,0x000000079db80000)
  from space 18432K, 100% used [0x000000079db80000,0x000000079ed80000,0x000000079ed80000)
  to   space 27648K, 0% used [0x00000007bda80000,0x00000007bda80000,0x00000007bf580000)
 ParOldGen       total 173568K, used 40343K [0x00000006c2000000, 0x00000006cc980000, 0x000000076b580000)
  object space 173568K, 23% used [0x00000006c2000000,0x00000006c4765cc8,0x00000006cc980000)
 Metaspace       used 12069K, capacity 12252K, committed 12416K, reserved 1060864K
  class space    used 1324K, capacity 1406K, committed 1408K, reserved 1048576K
}
Event: 19.184 GC heap before
{Heap before GC invocations=12 (full 0):
 PSYoungGen      total 843776K, used 843776K [0x000000076b580000, 0x00000007bf580000, 0x00000007c0000000)
  eden space 825344K, 100% used [0x000000076b580000,0x000000079db80000,0x000000079db80000)
  from space 18432K, 100% used [0x000000079db80000,0x000000079ed80000,0x000000079ed80000)
  to   space 27648K, 0% used [0x00000007bda80000,0x00000007bda80000,0x00000007bf580000)
 ParOldGen       total 173568K, used 40343K [0x00000006c2000000, 0x00000006cc980000, 0x000000076b580000)
  object space 173568K, 23% used [0x00000006c2000000,0x00000006c4765cc8,0x00000006cc980000)
 Metaspace       used 12070K, capacity 12252K, committed 12416K, reserved 1060864K
  class space    used 1324K, capacity 1406K, committed 1408K, reserved 1048576K
Event: 19.265 GC heap after
Heap after GC invocations=12 (full 0):
 PSYoungGen      total 1345024K, used 27136K [0x000000076b580000, 0x00000007bfc80000, 0x00000007c0000000)
  eden space 1317376K, 0% used [0x000000076b580000,0x000000076b580000,0x00000007bbc00000)
  from space 27648K, 98% used [0x00000007bda80000,0x00000007bf500000,0x00000007bf580000)
  to   space 31232K, 0% used [0x00000007bbc00000,0x00000007bbc00000,0x00000007bda80000)
 ParOldGen       total 173568K, used 49287K [0x00000006c2000000, 0x00000006cc980000, 0x000000076b580000)
  object space 173568K, 28% used [0x00000006c2000000,0x00000006c5021cc8,0x00000006cc980000)
 Metaspace       used 12070K, capacity 12252K, committed 12416K, reserved 1060864K
  class space    used 1324K, capacity 1406K, committed 1408K, reserved 1048576K
}
Event: 24.894 GC heap before
{Heap before GC invocations=13 (full 0):
 PSYoungGen      total 1345024K, used 1344512K [0x000000076b580000, 0x00000007bfc80000, 0x00000007c0000000)
  eden space 1317376K, 100% used [0x000000076b580000,0x00000007bbc00000,0x00000007bbc00000)
  from space 27648K, 98% used [0x00000007bda80000,0x00000007bf500000,0x00000007bf580000)
  to   space 31232K, 0% used [0x00000007bbc00000,0x00000007bbc00000,0x00000007bda80000)
 ParOldGen       total 173568K, used 49287K [0x00000006c2000000, 0x00000006cc980000, 0x000000076b580000)
  object space 173568K, 28% used [0x00000006c2000000,0x00000006c5021cc8,0x00000006cc980000)
 Metaspace       used 12071K, capacity 12252K, committed 12416K, reserved 1060864K
  class space    used 1325K, capacity 1406K, committed 1408K, reserved 1048576K
Event: 25.014 GC heap after
Heap after GC invocations=13 (full 0):
 PSYoungGen      total 1348608K, used 31232K [0x000000076b580000, 0x00000007c0000000, 0x00000007c0000000)
  eden space 1317376K, 0% used [0x000000076b580000,0x000000076b580000,0x00000007bbc00000)
  from space 31232K, 100% used [0x00000007bbc00000,0x00000007bda80000,0x00000007bda80000)
  to   space 38400K, 0% used [0x00000007bda80000,0x00000007bda80000,0x00000007c0000000)
 ParOldGen       total 173568K, used 61567K [0x00000006c2000000, 0x00000006cc980000, 0x000000076b580000)
  object space 173568K, 35% used [0x00000006c2000000,0x00000006c5c1fcc8,0x00000006cc980000)
 Metaspace       used 12071K, capacity 12252K, committed 12416K, reserved 1060864K
  class space    used 1325K, capacity 1406K, committed 1408K, reserved 1048576K
}
Event: 30.561 GC heap before
{Heap before GC invocations=14 (full 0):
 PSYoungGen      total 1348608K, used 1348608K [0x000000076b580000, 0x00000007c0000000, 0x00000007c0000000)
  eden space 1317376K, 100% used [0x000000076b580000,0x00000007bbc00000,0x00000007bbc00000)
  from space 31232K, 100% used [0x00000007bbc00000,0x00000007bda80000,0x00000007bda80000)
  to   space 38400K, 0% used [0x00000007bda80000,0x00000007bda80000,0x00000007c0000000)
 ParOldGen       total 173568K, used 61567K [0x00000006c2000000, 0x00000006cc980000, 0x000000076b580000)
  object space 173568K, 35% used [0x00000006c2000000,0x00000006c5c1fcc8,0x00000006cc980000)
 Metaspace       used 12071K, capacity 12252K, committed 12416K, reserved 1060864K
  class space    used 1325K, capacity 1406K, committed 1408K, reserved 1048576K
Event: 30.681 GC heap after
Heap after GC invocations=14 (full 0):
 PSYoungGen      total 1319936K, used 38400K [0x000000076b580000, 0x00000007c0000000, 0x00000007c0000000)
  eden space 1281536K, 0% used [0x000000076b580000,0x000000076b580000,0x00000007b9900000)
  from space 38400K, 100% used [0x00000007bda80000,0x00000007c0000000,0x00000007c0000000)
  to   space 52736K, 0% used [0x00000007b9900000,0x00000007b9900000,0x00000007bcc80000)
 ParOldGen       total 173568K, used 80607K [0x00000006c2000000, 0x00000006cc980000, 0x000000076b580000)
  object space 173568K, 46% used [0x00000006c2000000,0x00000006c6eb7cc8,0x00000006cc980000)
 Metaspace       used 12071K, capacity 12252K, committed 12416K, reserved 1060864K
  class space    used 1325K, capacity 1406K, committed 1408K, reserved 1048576K
}
Event: 35.995 GC heap before
{Heap before GC invocations=15 (full 0):
 PSYoungGen      total 1319936K, used 1319936K [0x000000076b580000, 0x00000007c0000000, 0x00000007c0000000)
  eden space 1281536K, 100% used [0x000000076b580000,0x00000007b9900000,0x00000007b9900000)
  from space 38400K, 100% used [0x00000007bda80000,0x00000007c0000000,0x00000007c0000000)
  to   space 52736K, 0% used [0x00000007b9900000,0x00000007b9900000,0x00000007bcc80000)
 ParOldGen       total 173568K, used 80607K [0x00000006c2000000, 0x00000006cc980000, 0x000000076b580000)
  object space 173568K, 46% used [0x00000006c2000000,0x00000006c6eb7cc8,0x00000006cc980000)
 Metaspace       used 12071K, capacity 12252K, committed 12416K, reserved 1060864K
  class space    used 1325K, capacity 1406K, committed 1408K, reserved 1048576K
Event: 36.103 GC heap after
Heap after GC invocations=15 (full 0):
 PSYoungGen      total 1324032K, used 42464K [0x000000076b580000, 0x00000007c0000000, 0x00000007c0000000)
  eden space 1281536K, 0% used [0x000000076b580000,0x000000076b580000,0x00000007b9900000)
  from space 42496K, 99% used [0x00000007b9900000,0x00000007bc278000,0x00000007bc280000)
  to   space 57344K, 0% used [0x00000007bc800000,0x00000007bc800000,0x00000007c0000000)
 ParOldGen       total 173568K, used 87807K [0x00000006c2000000, 0x00000006cc980000, 0x000000076b580000)
  object space 173568K, 50% used [0x00000006c2000000,0x00000006c75bfcc8,0x00000006cc980000)
 Metaspace       used 12071K, capacity 12252K, committed 12416K, reserved 1060864K
  class space    used 1325K, capacity 1406K, committed 1408K, reserved 1048576K
}

