# JRE version: Java(TM) SE Runtime Environment (8.0_91-b15) (build 1.8.0_91-b15)
# Java VM: Java HotSpot(TM) 64-Bit Server VM (25.91-b15 mixed mode windows-amd64 compressed oops)
Heap:
 PSYoungGen      total 959488K, used 249801K [0x000000076b580000, 0x00000007c0000000, 0x00000007c0000000)
  eden space 531968K, 10% used [0x000000076b580000,0x000000076ed91710,0x000000078bd00000)
  from space 427520K, 45% used [0x000000078bd00000,0x00000007978e0d00,0x00000007a5e80000)
  to   space 414720K, 0% used [0x00000007a6b00000,0x00000007a6b00000,0x00000007c0000000)
 ParOldGen       total 1636352K, used 1153264K [0x00000006c2000000, 0x0000000725e00000, 0x000000076b580000)
  object space 1636352K, 70% used [0x00000006c2000000,0x000000070863c030,0x0000000725e00000)
 Metaspace       used 12661K, capacity 12860K, committed 13056K, reserved 1060864K
  class space    used 1373K, capacity 1440K, committed 1536K, reserved 1048576K
GC Heap History (10 events):
Event: 12.118 GC heap before
{Heap before GC invocations=12 (full 3):
 PSYoungGen      total 856064K, used 855962K [0x000000076b580000, 0x00000007b1680000, 0x00000007c0000000)
  eden space 642048K, 100% used [0x000000076b580000,0x0000000792880000,0x0000000792880000)
  from space 214016K, 99% used [0x00000007a2780000,0x00000007af866a20,0x00000007af880000)
  to   space 252928K, 0% used [0x0000000792880000,0x0000000792880000,0x00000007a1f80000)
 ParOldGen       total 741376K, used 498962K [0x00000006c2000000, 0x00000006ef400000, 0x000000076b580000)
  object space 741376K, 67% used [0x00000006c2000000,0x00000006e0744a78,0x00000006ef400000)
 Metaspace       used 12638K, capacity 12796K, committed 13056K, reserved 1060864K
  class space    used 1371K, capacity 1440K, committed 1536K, reserved 1048576K
Event: 12.186 GC heap after
Heap after GC invocations=12 (full 3):
 PSYoungGen      total 894976K, used 252915K [0x000000076b580000, 0x00000007c0000000, 0x00000007c0000000)
  eden space 642048K, 0% used [0x000000076b580000,0x000000076b580000,0x0000000792880000)
  from space 252928K, 99% used [0x0000000792880000,0x00000007a1f7cee0,0x00000007a1f80000)
  to   space 366592K, 0% used [0x00000007a9a00000,0x00000007a9a00000,0x00000007c0000000)
 ParOldGen       total 741376K, used 673739K [0x00000006c2000000, 0x00000006ef400000, 0x000000076b580000)
  object space 741376K, 90% used [0x00000006c2000000,0x00000006eb1f2fd8,0x00000006ef400000)
 Metaspace       used 12638K, capacity 12796K, committed 13056K, reserved 1060864K
  class space    used 1371K, capacity 1440K, committed 1536K, reserved 1048576K
}
Event: 12.186 GC heap before
{Heap before GC invocations=13 (full 4):
 PSYoungGen      total 894976K, used 252915K [0x000000076b580000, 0x00000007c0000000, 0x00000007c0000000)
  eden space 642048K, 0% used [0x000000076b580000,0x000000076b580000,0x0000000792880000)
  from space 252928K, 99% used [0x0000000792880000,0x00000007a1f7cee0,0x00000007a1f80000)
  to   space 366592K, 0% used [0x00000007a9a00000,0x00000007a9a00000,0x00000007c0000000)
 ParOldGen       total 741376K, used 673739K [0x00000006c2000000, 0x00000006ef400000, 0x000000076b580000)
  object space 741376K, 90% used [0x00000006c2000000,0x00000006eb1f2fd8,0x00000006ef400000)
 Metaspace       used 12638K, capacity 12796K, committed 13056K, reserved 1060864K
  class space    used 1371K, capacity 1440K, committed 1536K, reserved 1048576K
Event: 12.273 GC heap after
Heap after GC invocations=13 (full 4):
 PSYoungGen      total 894976K, used 156644K [0x000000076b580000, 0x00000007c0000000, 0x00000007c0000000)
  eden space 642048K, 0% used [0x000000076b580000,0x000000076b580000,0x0000000792880000)
  from space 252928K, 61% used [0x0000000792880000,0x000000079c179248,0x00000007a1f80000)
  to   space 366592K, 0% used [0x00000007a9a00000,0x00000007a9a00000,0x00000007c0000000)
 ParOldGen       total 1096704K, used 740918K [0x00000006c2000000, 0x0000000704f00000, 0x000000076b580000)
  object space 1096704K, 67% used [0x00000006c2000000,0x00000006ef38dbf0,0x0000000704f00000)
 Metaspace       used 12638K, capacity 12796K, committed 13056K, reserved 1060864K
  class space    used 1371K, capacity 1440K, committed 1536K, reserved 1048576K
}
Event: 14.964 GC heap before
{Heap before GC invocations=14 (full 4):
 PSYoungGen      total 894976K, used 798692K [0x000000076b580000, 0x00000007c0000000, 0x00000007c0000000)
  eden space 642048K, 100% used [0x000000076b580000,0x0000000792880000,0x0000000792880000)
  from space 252928K, 61% used [0x0000000792880000,0x000000079c179248,0x00000007a1f80000)
  to   space 366592K, 0% used [0x00000007a9a00000,0x00000007a9a00000,0x00000007c0000000)
 ParOldGen       total 1096704K, used 740918K [0x00000006c2000000, 0x0000000704f00000, 0x000000076b580000)
  object space 1096704K, 67% used [0x00000006c2000000,0x00000006ef38dbf0,0x0000000704f00000)
 Metaspace       used 12638K, capacity 12796K, committed 13056K, reserved 1060864K
  class space    used 1371K, capacity 1440K, committed 1536K, reserved 1048576K
Event: 15.022 GC heap after
Heap after GC invocations=14 (full 4):
 PSYoungGen      total 898560K, used 366405K [0x000000076b580000, 0x00000007c0000000, 0x00000007c0000000)
  eden space 531968K, 0% used [0x000000076b580000,0x000000076b580000,0x000000078bd00000)
  from space 366592K, 99% used [0x00000007a9a00000,0x00000007bffd1740,0x00000007c0000000)
  to   space 427520K, 0% used [0x000000078bd00000,0x000000078bd00000,0x00000007a5e80000)
 ParOldGen       total 1096704K, used 785771K [0x00000006c2000000, 0x0000000704f00000, 0x000000076b580000)
  object space 1096704K, 71% used [0x00000006c2000000,0x00000006f1f5aeb0,0x0000000704f00000)
 Metaspace       used 12638K, capacity 12796K, committed 13056K, reserved 1060864K
  class space    used 1371K, capacity 1440K, committed 1536K, reserved 1048576K
}
Event: 17.232 GC heap before
{Heap before GC invocations=15 (full 4):
 PSYoungGen      total 898560K, used 898373K [0x000000076b580000, 0x00000007c0000000, 0x00000007c0000000)
  eden space 531968K, 100% used [0x000000076b580000,0x000000078bd00000,0x000000078bd00000)
  from space 366592K, 99% used [0x00000007a9a00000,0x00000007bffd1740,0x00000007c0000000)
  to   space 427520K, 0% used [0x000000078bd00000,0x000000078bd00000,0x00000007a5e80000)
 ParOldGen       total 1096704K, used 785771K [0x00000006c2000000, 0x0000000704f00000, 0x000000076b580000)
  object space 1096704K, 71% used [0x00000006c2000000,0x00000006f1f5aeb0,0x0000000704f00000)
 Metaspace       used 12657K, capacity 12860K, committed 13056K, reserved 1060864K
  class space    used 1373K, capacity 1440K, committed 1536K, reserved 1048576K
Event: 17.314 GC heap after
Heap after GC invocations=15 (full 4):
 PSYoungGen      total 959488K, used 200734K [0x000000076b580000, 0x00000007c0000000, 0x00000007c0000000)
  eden space 531968K, 0% used [0x000000076b580000,0x000000076b580000,0x000000078bd00000)
  from space 427520K, 46% used [0x000000078bd00000,0x0000000798107aa0,0x00000007a5e80000)
  to   space 414720K, 0% used [0x00000007a6b00000,0x00000007a6b00000,0x00000007c0000000)
 ParOldGen       total 1153536K, used 1153342K [0x00000006c2000000, 0x0000000708680000, 0x000000076b580000)
  object space 1153536K, 99% used [0x00000006c2000000,0x000000070864f980,0x0000000708680000)
 Metaspace       used 12657K, capacity 12860K, committed 13056K, reserved 1060864K
  class space    used 1373K, capacity 1440K, committed 1536K, reserved 1048576K
}
Event: 17.314 GC heap before
{Heap before GC invocations=16 (full 5):
 PSYoungGen      total 959488K, used 200734K [0x000000076b580000, 0x00000007c0000000, 0x00000007c0000000)
  eden space 531968K, 0% used [0x000000076b580000,0x000000076b580000,0x000000078bd00000)
  from space 427520K, 46% used [0x000000078bd00000,0x0000000798107aa0,0x00000007a5e80000)
  to   space 414720K, 0% used [0x00000007a6b00000,0x00000007a6b00000,0x00000007c0000000)
 ParOldGen       total 1153536K, used 1153342K [0x00000006c2000000, 0x0000000708680000, 0x000000076b580000)
  object space 1153536K, 99% used [0x00000006c2000000,0x000000070864f980,0x0000000708680000)
 Metaspace       used 12657K, capacity 12860K, committed 13056K, reserved 1060864K
  class space    used 1373K, capacity 1440K, committed 1536K, reserved 1048576K
Event: 17.472 GC heap after
Heap after GC invocations=16 (full 5):
 PSYoungGen      total 959488K, used 192387K [0x000000076b580000, 0x00000007c0000000, 0x00000007c0000000)
  eden space 531968K, 0% used [0x000000076b580000,0x000000076b580000,0x000000078bd00000)
  from space 427520K, 45% used [0x000000078bd00000,0x00000007978e0d00,0x00000007a5e80000)
  to   space 414720K, 0% used [0x00000007a6b00000,0x00000007a6b00000,0x00000007c0000000)
 ParOldGen       total 1636352K, used 1153264K [0x00000006c2000000, 0x0000000725e00000, 0x000000076b580000)
  object space 1636352K, 70% used [0x00000006c2000000,0x000000070863c030,0x0000000725e00000)
 Metaspace       used 12657K, capacity 12860K, committed 13056K, reserved 1060864K
  class space    used 1373K, capacity 1440K, committed 1536K, reserved 1048576K
}

