# JRE version: Java(TM) SE Runtime Environment (8.0_91-b15) (build 1.8.0_91-b15)
# Java VM: Java HotSpot(TM) 64-Bit Server VM (25.91-b15 mixed mode windows-amd64 compressed oops)
Heap:
 PSYoungGen      total 32256K, used 30452K [0x000000076b580000, 0x000000076d600000, 0x00000007c0000000)
  eden space 31232K, 96% used [0x000000076b580000,0x000000076d2d5030,0x000000076d400000)
  from space 1024K, 40% used [0x000000076d400000,0x000000076d468010,0x000000076d500000)
  to   space 1024K, 0% used [0x000000076d500000,0x000000076d500000,0x000000076d600000)
 ParOldGen       total 173568K, used 11777K [0x00000006c2000000, 0x00000006cc980000, 0x000000076b580000)
  object space 173568K, 6% used [0x00000006c2000000,0x00000006c2b80470,0x00000006cc980000)
 Metaspace       used 17177K, capacity 17398K, committed 17536K, reserved 1064960K
  class space    used 1813K, capacity 1877K, committed 1920K, reserved 1048576K
GC Heap History (10 events):
Event: 35.677 GC heap before
{Heap before GC invocations=135 (full 0):
 PSYoungGen      total 32256K, used 31744K [0x000000076b580000, 0x000000076d600000, 0x00000007c0000000)
  eden space 31232K, 100% used [0x000000076b580000,0x000000076d400000,0x000000076d400000)
  from space 1024K, 50% used [0x000000076d500000,0x000000076d580010,0x000000076d600000)
  to   space 1024K, 0% used [0x000000076d400000,0x000000076d400000,0x000000076d500000)
 ParOldGen       total 173568K, used 11665K [0x00000006c2000000, 0x00000006cc980000, 0x000000076b580000)
  object space 173568K, 6% used [0x00000006c2000000,0x00000006c2b64470,0x00000006cc980000)
 Metaspace       used 17176K, capacity 17398K, committed 17536K, reserved 1064960K
  class space    used 1813K, capacity 1877K, committed 1920K, reserved 1048576K
Event: 35.678 GC heap after
Heap after GC invocations=135 (full 0):
 PSYoungGen      total 32256K, used 416K [0x000000076b580000, 0x000000076d600000, 0x00000007c0000000)
  eden space 31232K, 0% used [0x000000076b580000,0x000000076b580000,0x000000076d400000)
  from space 1024K, 40% used [0x000000076d400000,0x000000076d468010,0x000000076d500000)
  to   space 1024K, 0% used [0x000000076d500000,0x000000076d500000,0x000000076d600000)
 ParOldGen       total 173568K, used 11681K [0x00000006c2000000, 0x00000006cc980000, 0x000000076b580000)
  object space 173568K, 6% used [0x00000006c2000000,0x00000006c2b68470,0x00000006cc980000)
 Metaspace       used 17176K, capacity 17398K, committed 17536K, reserved 1064960K
  class space    used 1813K, capacity 1877K, committed 1920K, reserved 1048576K
}
Event: 35.881 GC heap before
{Heap before GC invocations=136 (full 0):
 PSYoungGen      total 32256K, used 31648K [0x000000076b580000, 0x000000076d600000, 0x00000007c0000000)
  eden space 31232K, 100% used [0x000000076b580000,0x000000076d400000,0x000000076d400000)
  from space 1024K, 40% used [0x000000076d400000,0x000000076d468010,0x000000076d500000)
  to   space 1024K, 0% used [0x000000076d500000,0x000000076d500000,0x000000076d600000)
 ParOldGen       total 173568K, used 11681K [0x00000006c2000000, 0x00000006cc980000, 0x000000076b580000)
  object space 173568K, 6% used [0x00000006c2000000,0x00000006c2b68470,0x00000006cc980000)
 Metaspace       used 17176K, capacity 17398K, committed 17536K, reserved 1064960K
  class space    used 1813K, capacity 1877K, committed 1920K, reserved 1048576K
Event: 35.882 GC heap after
Heap after GC invocations=136 (full 0):
 PSYoungGen      total 32256K, used 384K [0x000000076b580000, 0x000000076d600000, 0x00000007c0000000)
  eden space 31232K, 0% used [0x000000076b580000,0x000000076b580000,0x000000076d400000)
  from space 1024K, 37% used [0x000000076d500000,0x000000076d560000,0x000000076d600000)
  to   space 1024K, 0% used [0x000000076d400000,0x000000076d400000,0x000000076d500000)
 ParOldGen       total 173568K, used 11705K [0x00000006c2000000, 0x00000006cc980000, 0x000000076b580000)
  object space 173568K, 6% used [0x00000006c2000000,0x00000006c2b6e470,0x00000006cc980000)
 Metaspace       used 17176K, capacity 17398K, committed 17536K, reserved 1064960K
  class space    used 1813K, capacity 1877K, committed 1920K, reserved 1048576K
}
Event: 36.095 GC heap before
{Heap before GC invocations=137 (full 0):
 PSYoungGen      total 32256K, used 31616K [0x000000076b580000, 0x000000076d600000, 0x00000007c0000000)
  eden space 31232K, 100% used [0x000000076b580000,0x000000076d400000,0x000000076d400000)
  from space 1024K, 37% used [0x000000076d500000,0x000000076d560000,0x000000076d600000)
  to   space 1024K, 0% used [0x000000076d400000,0x000000076d400000,0x000000076d500000)
 ParOldGen       total 173568K, used 11705K [0x00000006c2000000, 0x00000006cc980000, 0x000000076b580000)
  object space 173568K, 6% used [0x00000006c2000000,0x00000006c2b6e470,0x00000006cc980000)
 Metaspace       used 17176K, capacity 17398K, committed 17536K, reserved 1064960K
  class space    used 1813K, capacity 1877K, committed 1920K, reserved 1048576K
Event: 36.096 GC heap after
Heap after GC invocations=137 (full 0):
 PSYoungGen      total 32256K, used 448K [0x000000076b580000, 0x000000076d600000, 0x00000007c0000000)
  eden space 31232K, 0% used [0x000000076b580000,0x000000076b580000,0x000000076d400000)
  from space 1024K, 43% used [0x000000076d400000,0x000000076d470010,0x000000076d500000)
  to   space 1024K, 0% used [0x000000076d500000,0x000000076d500000,0x000000076d600000)
 ParOldGen       total 173568K, used 11729K [0x00000006c2000000, 0x00000006cc980000, 0x000000076b580000)
  object space 173568K, 6% used [0x00000006c2000000,0x00000006c2b74470,0x00000006cc980000)
 Metaspace       used 17176K, capacity 17398K, committed 17536K, reserved 1064960K
  class space    used 1813K, capacity 1877K, committed 1920K, reserved 1048576K
}
Event: 36.298 GC heap before
{Heap before GC invocations=138 (full 0):
 PSYoungGen      total 32256K, used 31680K [0x000000076b580000, 0x000000076d600000, 0x00000007c0000000)
  eden space 31232K, 100% used [0x000000076b580000,0x000000076d400000,0x000000076d400000)
  from space 1024K, 43% used [0x000000076d400000,0x000000076d470010,0x000000076d500000)
  to   space 1024K, 0% used [0x000000076d500000,0x000000076d500000,0x000000076d600000)
 ParOldGen       total 173568K, used 11729K [0x00000006c2000000, 0x00000006cc980000, 0x000000076b580000)
  object space 173568K, 6% used [0x00000006c2000000,0x00000006c2b74470,0x00000006cc980000)
 Metaspace       used 17176K, capacity 17398K, committed 17536K, reserved 1064960K
  class space    used 1813K, capacity 1877K, committed 1920K, reserved 1048576K
Event: 36.299 GC heap after
Heap after GC invocations=138 (full 0):
 PSYoungGen      total 32256K, used 384K [0x000000076b580000, 0x000000076d600000, 0x00000007c0000000)
  eden space 31232K, 0% used [0x000000076b580000,0x000000076b580000,0x000000076d400000)
  from space 1024K, 37% used [0x000000076d500000,0x000000076d560000,0x000000076d600000)
  to   space 1024K, 0% used [0x000000076d400000,0x000000076d400000,0x000000076d500000)
 ParOldGen       total 173568K, used 11745K [0x00000006c2000000, 0x00000006cc980000, 0x000000076b580000)
  object space 173568K, 6% used [0x00000006c2000000,0x00000006c2b78470,0x00000006cc980000)
 Metaspace       used 17176K, capacity 17398K, committed 17536K, reserved 1064960K
  class space    used 1813K, capacity 1877K, committed 1920K, reserved 1048576K
}
Event: 36.505 GC heap before
{Heap before GC invocations=139 (full 0):
 PSYoungGen      total 32256K, used 31518K [0x000000076b580000, 0x000000076d600000, 0x00000007c0000000)
  eden space 31232K, 99% used [0x000000076b580000,0x000000076d3e7828,0x000000076d400000)
  from space 1024K, 37% used [0x000000076d500000,0x000000076d560000,0x000000076d600000)
  to   space 1024K, 0% used [0x000000076d400000,0x000000076d400000,0x000000076d500000)
 ParOldGen       total 173568K, used 11745K [0x00000006c2000000, 0x00000006cc980000, 0x000000076b580000)
  object space 173568K, 6% used [0x00000006c2000000,0x00000006c2b78470,0x00000006cc980000)
 Metaspace       used 17176K, capacity 17398K, committed 17536K, reserved 1064960K
  class space    used 1813K, capacity 1877K, committed 1920K, reserved 1048576K
Event: 36.506 GC heap after
Heap after GC invocations=139 (full 0):
 PSYoungGen      total 32256K, used 416K [0x000000076b580000, 0x000000076d600000, 0x00000007c0000000)
  eden space 31232K, 0% used [0x000000076b580000,0x000000076b580000,0x000000076d400000)
  from space 1024K, 40% used [0x000000076d400000,0x000000076d468010,0x000000076d500000)
  to   space 1024K, 0% used [0x000000076d500000,0x000000076d500000,0x000000076d600000)
 ParOldGen       total 173568K, used 11777K [0x00000006c2000000, 0x00000006cc980000, 0x000000076b580000)
  object space 173568K, 6% used [0x00000006c2000000,0x00000006c2b80470,0x00000006cc980000)
 Metaspace       used 17176K, capacity 17398K, committed 17536K, reserved 1064960K
  class space    used 1813K, capacity 1877K, committed 1920K, reserved 1048576K
}

