# JRE version: Java(TM) SE Runtime Environment (8.0_91-b15) (build 1.8.0_91-b15)
# Java VM: Java HotSpot(TM) 64-Bit Server VM (25.91-b15 mixed mode windows-amd64 compressed oops)
Heap:
 PSYoungGen      total 1001472K, used 635169K [0x000000076b580000, 0x00000007c0000000, 0x00000007c0000000)
  eden space 699904K, 78% used [0x000000076b580000,0x000000078cf14b38,0x0000000796100000)
  from space 301568K, 28% used [0x00000007aa880000,0x00000007afb33cc0,0x00000007bcf00000)
  to   space 335360K, 0% used [0x0000000796100000,0x0000000796100000,0x00000007aa880000)
 ParOldGen       total 2656256K, used 2111436K [0x00000006c2000000, 0x0000000764200000, 0x000000076b580000)
  object space 2656256K, 79% used [0x00000006c2000000,0x0000000742df33c0,0x0000000764200000)
 Metaspace       used 12831K, capacity 12988K, committed 13312K, reserved 1060864K
  class space    used 1372K, capacity 1440K, committed 1536K, reserved 1048576K
GC Heap History (10 events):
Event: 38.013 GC heap before
{Heap before GC invocations=28 (full 6):
 PSYoungGen      total 739840K, used 719490K [0x000000076b580000, 0x00000007afb80000, 0x00000007c0000000)
  eden space 520192K, 100% used [0x000000076b580000,0x000000078b180000,0x000000078b180000)
  from space 219648K, 90% used [0x000000078b180000,0x00000007974208c8,0x0000000798800000)
  to   space 244736K, 0% used [0x00000007a0c80000,0x00000007a0c80000,0x00000007afb80000)
 ParOldGen       total 1664512K, used 1332418K [0x00000006c2000000, 0x0000000727980000, 0x000000076b580000)
  object space 1664512K, 80% used [0x00000006c2000000,0x0000000713530aa0,0x0000000727980000)
 Metaspace       used 12806K, capacity 12988K, committed 13312K, reserved 1060864K
  class space    used 1368K, capacity 1440K, committed 1536K, reserved 1048576K
Event: 38.072 GC heap after
Heap after GC invocations=28 (full 6):
 PSYoungGen      total 855040K, used 201067K [0x000000076b580000, 0x00000007b2980000, 0x00000007c0000000)
  eden space 610304K, 0% used [0x000000076b580000,0x000000076b580000,0x0000000790980000)
  from space 244736K, 82% used [0x00000007a0c80000,0x00000007ad0daf80,0x00000007afb80000)
  to   space 265216K, 0% used [0x0000000790980000,0x0000000790980000,0x00000007a0c80000)
 ParOldGen       total 1664512K, used 1532516K [0x00000006c2000000, 0x0000000727980000, 0x000000076b580000)
  object space 1664512K, 92% used [0x00000006c2000000,0x000000071f899218,0x0000000727980000)
 Metaspace       used 12806K, capacity 12988K, committed 13312K, reserved 1060864K
  class space    used 1368K, capacity 1440K, committed 1536K, reserved 1048576K
}
Event: 38.072 GC heap before
{Heap before GC invocations=29 (full 7):
 PSYoungGen      total 855040K, used 201067K [0x000000076b580000, 0x00000007b2980000, 0x00000007c0000000)
  eden space 610304K, 0% used [0x000000076b580000,0x000000076b580000,0x0000000790980000)
  from space 244736K, 82% used [0x00000007a0c80000,0x00000007ad0daf80,0x00000007afb80000)
  to   space 265216K, 0% used [0x0000000790980000,0x0000000790980000,0x00000007a0c80000)
 ParOldGen       total 1664512K, used 1532516K [0x00000006c2000000, 0x0000000727980000, 0x000000076b580000)
  object space 1664512K, 92% used [0x00000006c2000000,0x000000071f899218,0x0000000727980000)
 Metaspace       used 12806K, capacity 12988K, committed 13312K, reserved 1060864K
  class space    used 1368K, capacity 1440K, committed 1536K, reserved 1048576K
Event: 38.189 GC heap after
Heap after GC invocations=29 (full 7):
 PSYoungGen      total 855040K, used 66712K [0x000000076b580000, 0x00000007b2980000, 0x00000007c0000000)
  eden space 610304K, 0% used [0x000000076b580000,0x000000076b580000,0x0000000790980000)
  from space 244736K, 27% used [0x00000007a0c80000,0x00000007a4da6228,0x00000007afb80000)
  to   space 265216K, 0% used [0x0000000790980000,0x0000000790980000,0x00000007a0c80000)
 ParOldGen       total 2111488K, used 1664419K [0x00000006c2000000, 0x0000000742e00000, 0x000000076b580000)
  object space 2111488K, 78% used [0x00000006c2000000,0x0000000727968f08,0x0000000742e00000)
 Metaspace       used 12806K, capacity 12988K, committed 13312K, reserved 1060864K
  class space    used 1368K, capacity 1440K, committed 1536K, reserved 1048576K
}
Event: 40.739 GC heap before
{Heap before GC invocations=30 (full 7):
 PSYoungGen      total 855040K, used 677016K [0x000000076b580000, 0x00000007b2980000, 0x00000007c0000000)
  eden space 610304K, 100% used [0x000000076b580000,0x0000000790980000,0x0000000790980000)
  from space 244736K, 27% used [0x00000007a0c80000,0x00000007a4da6228,0x00000007afb80000)
  to   space 265216K, 0% used [0x0000000790980000,0x0000000790980000,0x00000007a0c80000)
 ParOldGen       total 2111488K, used 1664419K [0x00000006c2000000, 0x0000000742e00000, 0x000000076b580000)
  object space 2111488K, 78% used [0x00000006c2000000,0x0000000727968f08,0x0000000742e00000)
 Metaspace       used 12806K, capacity 12988K, committed 13312K, reserved 1060864K
  class space    used 1369K, capacity 1440K, committed 1536K, reserved 1048576K
Event: 40.777 GC heap after
Heap after GC invocations=30 (full 7):
 PSYoungGen      total 875520K, used 256741K [0x000000076b580000, 0x00000007bcf00000, 0x00000007c0000000)
  eden space 610304K, 0% used [0x000000076b580000,0x000000076b580000,0x0000000790980000)
  from space 265216K, 96% used [0x0000000790980000,0x00000007a0439480,0x00000007a0c80000)
  to   space 301568K, 0% used [0x00000007aa880000,0x00000007aa880000,0x00000007bcf00000)
 ParOldGen       total 2111488K, used 1744594K [0x00000006c2000000, 0x0000000742e00000, 0x000000076b580000)
  object space 2111488K, 82% used [0x00000006c2000000,0x000000072c7b4aa8,0x0000000742e00000)
 Metaspace       used 12806K, capacity 12988K, committed 13312K, reserved 1060864K
  class space    used 1369K, capacity 1440K, committed 1536K, reserved 1048576K
}
Event: 43.348 GC heap before
{Heap before GC invocations=31 (full 7):
 PSYoungGen      total 875520K, used 867045K [0x000000076b580000, 0x00000007bcf00000, 0x00000007c0000000)
  eden space 610304K, 100% used [0x000000076b580000,0x0000000790980000,0x0000000790980000)
  from space 265216K, 96% used [0x0000000790980000,0x00000007a0439480,0x00000007a0c80000)
  to   space 301568K, 0% used [0x00000007aa880000,0x00000007aa880000,0x00000007bcf00000)
 ParOldGen       total 2111488K, used 1744594K [0x00000006c2000000, 0x0000000742e00000, 0x000000076b580000)
  object space 2111488K, 82% used [0x00000006c2000000,0x000000072c7b4aa8,0x0000000742e00000)
 Metaspace       used 12807K, capacity 12988K, committed 13312K, reserved 1060864K
  class space    used 1369K, capacity 1440K, committed 1536K, reserved 1048576K
Event: 43.466 GC heap after
Heap after GC invocations=31 (full 7):
 PSYoungGen      total 1001472K, used 268396K [0x000000076b580000, 0x00000007c0000000, 0x00000007c0000000)
  eden space 699904K, 0% used [0x000000076b580000,0x000000076b580000,0x0000000796100000)
  from space 301568K, 89% used [0x00000007aa880000,0x00000007bae9b080,0x00000007bcf00000)
  to   space 335360K, 0% used [0x0000000796100000,0x0000000796100000,0x00000007aa880000)
 ParOldGen       total 2111488K, used 2065667K [0x00000006c2000000, 0x0000000742e00000, 0x000000076b580000)
  object space 2111488K, 97% used [0x00000006c2000000,0x0000000740140e18,0x0000000742e00000)
 Metaspace       used 12807K, capacity 12988K, committed 13312K, reserved 1060864K
  class space    used 1369K, capacity 1440K, committed 1536K, reserved 1048576K
}
Event: 43.466 GC heap before
{Heap before GC invocations=32 (full 8):
 PSYoungGen      total 1001472K, used 268396K [0x000000076b580000, 0x00000007c0000000, 0x00000007c0000000)
  eden space 699904K, 0% used [0x000000076b580000,0x000000076b580000,0x0000000796100000)
  from space 301568K, 89% used [0x00000007aa880000,0x00000007bae9b080,0x00000007bcf00000)
  to   space 335360K, 0% used [0x0000000796100000,0x0000000796100000,0x00000007aa880000)
 ParOldGen       total 2111488K, used 2065667K [0x00000006c2000000, 0x0000000742e00000, 0x000000076b580000)
  object space 2111488K, 97% used [0x00000006c2000000,0x0000000740140e18,0x0000000742e00000)
 Metaspace       used 12807K, capacity 12988K, committed 13312K, reserved 1060864K
  class space    used 1369K, capacity 1440K, committed 1536K, reserved 1048576K
Event: 43.607 GC heap after
Heap after GC invocations=32 (full 8):
 PSYoungGen      total 1001472K, used 84687K [0x000000076b580000, 0x00000007c0000000, 0x00000007c0000000)
  eden space 699904K, 0% used [0x000000076b580000,0x000000076b580000,0x0000000796100000)
  from space 301568K, 28% used [0x00000007aa880000,0x00000007afb33cc0,0x00000007bcf00000)
  to   space 335360K, 0% used [0x0000000796100000,0x0000000796100000,0x00000007aa880000)
 ParOldGen       total 2656256K, used 2111436K [0x00000006c2000000, 0x0000000764200000, 0x000000076b580000)
  object space 2656256K, 79% used [0x00000006c2000000,0x0000000742df33c0,0x0000000764200000)
 Metaspace       used 12807K, capacity 12988K, committed 13312K, reserved 1060864K
  class space    used 1369K, capacity 1440K, committed 1536K, reserved 1048576K
}

