# JRE version: Java(TM) SE Runtime Environment (8.0_91-b15) (build 1.8.0_91-b15)
# Java VM: Java HotSpot(TM) 64-Bit Server VM (25.91-b15 mixed mode windows-amd64 compressed oops)
Heap:
 PSYoungGen      total 140800K, used 112648K [0x000000076b580000, 0x0000000783480000, 0x00000007c0000000)
  eden space 130048K, 86% used [0x000000076b580000,0x00000007723823c8,0x0000000773480000)
  from space 10752K, 0% used [0x0000000773480000,0x0000000773480000,0x0000000773f00000)
  to   space 66048K, 0% used [0x000000077f400000,0x000000077f400000,0x0000000783480000)
 ParOldGen       total 281088K, used 144419K [0x00000006c2000000, 0x00000006d3280000, 0x000000076b580000)
  object space 281088K, 51% used [0x00000006c2000000,0x00000006cad08c80,0x00000006d3280000)
 Metaspace       used 12290K, capacity 12472K, committed 12800K, reserved 1060864K
  class space    used 1371K, capacity 1440K, committed 1536K, reserved 1048576K
GC Heap History (10 events):
Event: 1.601 GC heap before
{Heap before GC invocations=2 (full 0):
 PSYoungGen      total 75776K, used 75767K [0x000000076b580000, 0x0000000770a00000, 0x00000007c0000000)
  eden space 65024K, 100% used [0x000000076b580000,0x000000076f500000,0x000000076f500000)
  from space 10752K, 99% used [0x000000076f500000,0x000000076ff7dec8,0x000000076ff80000)
  to   space 10752K, 0% used [0x000000076ff80000,0x000000076ff80000,0x0000000770a00000)
 ParOldGen       total 173568K, used 13919K [0x00000006c2000000, 0x00000006cc980000, 0x000000076b580000)
  object space 173568K, 8% used [0x00000006c2000000,0x00000006c2d97db8,0x00000006cc980000)
 Metaspace       used 12014K, capacity 12202K, committed 12544K, reserved 1060864K
  class space    used 1366K, capacity 1439K, committed 1536K, reserved 1048576K
Event: 1.611 GC heap after
Heap after GC invocations=2 (full 0):
 PSYoungGen      total 75776K, used 10724K [0x000000076b580000, 0x0000000774980000, 0x00000007c0000000)
  eden space 65024K, 0% used [0x000000076b580000,0x000000076b580000,0x000000076f500000)
  from space 10752K, 99% used [0x000000076ff80000,0x00000007709f93a8,0x0000000770a00000)
  to   space 10752K, 0% used [0x000000076f500000,0x000000076f500000,0x000000076ff80000)
 ParOldGen       total 173568K, used 39242K [0x00000006c2000000, 0x00000006cc980000, 0x000000076b580000)
  object space 173568K, 22% used [0x00000006c2000000,0x00000006c4652938,0x00000006cc980000)
 Metaspace       used 12014K, capacity 12202K, committed 12544K, reserved 1060864K
  class space    used 1366K, capacity 1439K, committed 1536K, reserved 1048576K
}
Event: 1.905 GC heap before
{Heap before GC invocations=3 (full 0):
 PSYoungGen      total 75776K, used 75748K [0x000000076b580000, 0x0000000774980000, 0x00000007c0000000)
  eden space 65024K, 100% used [0x000000076b580000,0x000000076f500000,0x000000076f500000)
  from space 10752K, 99% used [0x000000076ff80000,0x00000007709f93a8,0x0000000770a00000)
  to   space 10752K, 0% used [0x000000076f500000,0x000000076f500000,0x000000076ff80000)
 ParOldGen       total 173568K, used 39242K [0x00000006c2000000, 0x00000006cc980000, 0x000000076b580000)
  object space 173568K, 22% used [0x00000006c2000000,0x00000006c4652938,0x00000006cc980000)
 Metaspace       used 12109K, capacity 12280K, committed 12544K, reserved 1060864K
  class space    used 1370K, capacity 1440K, committed 1536K, reserved 1048576K
Event: 1.913 GC heap after
Heap after GC invocations=3 (full 0):
 PSYoungGen      total 75776K, used 10551K [0x000000076b580000, 0x0000000774980000, 0x00000007c0000000)
  eden space 65024K, 0% used [0x000000076b580000,0x000000076b580000,0x000000076f500000)
  from space 10752K, 98% used [0x000000076f500000,0x000000076ff4dec8,0x000000076ff80000)
  to   space 10752K, 0% used [0x0000000773f00000,0x0000000773f00000,0x0000000774980000)
 ParOldGen       total 173568K, used 66276K [0x00000006c2000000, 0x00000006cc980000, 0x000000076b580000)
  object space 173568K, 38% used [0x00000006c2000000,0x00000006c60b91f8,0x00000006cc980000)
 Metaspace       used 12109K, capacity 12280K, committed 12544K, reserved 1060864K
  class space    used 1370K, capacity 1440K, committed 1536K, reserved 1048576K
}
Event: 2.202 GC heap before
{Heap before GC invocations=4 (full 0):
 PSYoungGen      total 75776K, used 75371K [0x000000076b580000, 0x0000000774980000, 0x00000007c0000000)
  eden space 65024K, 99% used [0x000000076b580000,0x000000076f4ccdf0,0x000000076f500000)
  from space 10752K, 98% used [0x000000076f500000,0x000000076ff4dec8,0x000000076ff80000)
  to   space 10752K, 0% used [0x0000000773f00000,0x0000000773f00000,0x0000000774980000)
 ParOldGen       total 173568K, used 66276K [0x00000006c2000000, 0x00000006cc980000, 0x000000076b580000)
  object space 173568K, 38% used [0x00000006c2000000,0x00000006c60b91f8,0x00000006cc980000)
 Metaspace       used 12163K, capacity 12344K, committed 12544K, reserved 1060864K
  class space    used 1370K, capacity 1440K, committed 1536K, reserved 1048576K
Event: 2.212 GC heap after
Heap after GC invocations=4 (full 0):
 PSYoungGen      total 140800K, used 10615K [0x000000076b580000, 0x0000000774980000, 0x00000007c0000000)
  eden space 130048K, 0% used [0x000000076b580000,0x000000076b580000,0x0000000773480000)
  from space 10752K, 98% used [0x0000000773f00000,0x000000077495dec8,0x0000000774980000)
  to   space 10752K, 0% used [0x0000000773480000,0x0000000773480000,0x0000000773f00000)
 ParOldGen       total 173568K, used 93675K [0x00000006c2000000, 0x00000006cc980000, 0x000000076b580000)
  object space 173568K, 53% used [0x00000006c2000000,0x00000006c7b7af98,0x00000006cc980000)
 Metaspace       used 12163K, capacity 12344K, committed 12544K, reserved 1060864K
  class space    used 1370K, capacity 1440K, committed 1536K, reserved 1048576K
}
Event: 2.790 GC heap before
{Heap before GC invocations=5 (full 0):
 PSYoungGen      total 140800K, used 140663K [0x000000076b580000, 0x0000000774980000, 0x00000007c0000000)
  eden space 130048K, 100% used [0x000000076b580000,0x0000000773480000,0x0000000773480000)
  from space 10752K, 98% used [0x0000000773f00000,0x000000077495dec8,0x0000000774980000)
  to   space 10752K, 0% used [0x0000000773480000,0x0000000773480000,0x0000000773f00000)
 ParOldGen       total 173568K, used 93675K [0x00000006c2000000, 0x00000006cc980000, 0x000000076b580000)
  object space 173568K, 53% used [0x00000006c2000000,0x00000006c7b7af98,0x00000006cc980000)
 Metaspace       used 12276K, capacity 12472K, committed 12800K, reserved 1060864K
  class space    used 1371K, capacity 1440K, committed 1536K, reserved 1048576K
Event: 2.802 GC heap after
Heap after GC invocations=5 (full 0):
 PSYoungGen      total 140800K, used 10727K [0x000000076b580000, 0x0000000783480000, 0x00000007c0000000)
  eden space 130048K, 0% used [0x000000076b580000,0x000000076b580000,0x0000000773480000)
  from space 10752K, 99% used [0x0000000773480000,0x0000000773ef9eb8,0x0000000773f00000)
  to   space 66048K, 0% used [0x000000077f400000,0x000000077f400000,0x0000000783480000)
 ParOldGen       total 173568K, used 144473K [0x00000006c2000000, 0x00000006cc980000, 0x000000076b580000)
  object space 173568K, 83% used [0x00000006c2000000,0x00000006cad16538,0x00000006cc980000)
 Metaspace       used 12276K, capacity 12472K, committed 12800K, reserved 1060864K
  class space    used 1371K, capacity 1440K, committed 1536K, reserved 1048576K
}
Event: 2.802 GC heap before
{Heap before GC invocations=6 (full 1):
 PSYoungGen      total 140800K, used 10727K [0x000000076b580000, 0x0000000783480000, 0x00000007c0000000)
  eden space 130048K, 0% used [0x000000076b580000,0x000000076b580000,0x0000000773480000)
  from space 10752K, 99% used [0x0000000773480000,0x0000000773ef9eb8,0x0000000773f00000)
  to   space 66048K, 0% used [0x000000077f400000,0x000000077f400000,0x0000000783480000)
 ParOldGen       total 173568K, used 144473K [0x00000006c2000000, 0x00000006cc980000, 0x000000076b580000)
  object space 173568K, 83% used [0x00000006c2000000,0x00000006cad16538,0x00000006cc980000)
 Metaspace       used 12276K, capacity 12472K, committed 12800K, reserved 1060864K
  class space    used 1371K, capacity 1440K, committed 1536K, reserved 1048576K
Event: 2.829 GC heap after
Heap after GC invocations=6 (full 1):
 PSYoungGen      total 140800K, used 0K [0x000000076b580000, 0x0000000783480000, 0x00000007c0000000)
  eden space 130048K, 0% used [0x000000076b580000,0x000000076b580000,0x0000000773480000)
  from space 10752K, 0% used [0x0000000773480000,0x0000000773480000,0x0000000773f00000)
  to   space 66048K, 0% used [0x000000077f400000,0x000000077f400000,0x0000000783480000)
 ParOldGen       total 281088K, used 144419K [0x00000006c2000000, 0x00000006d3280000, 0x000000076b580000)
  object space 281088K, 51% used [0x00000006c2000000,0x00000006cad08c80,0x00000006d3280000)
 Metaspace       used 12276K, capacity 12472K, committed 12800K, reserved 1060864K
  class space    used 1371K, capacity 1440K, committed 1536K, reserved 1048576K
}

