# JRE version: Java(TM) SE Runtime Environment (8.0_91-b15) (build 1.8.0_91-b15)
# Java VM: Java HotSpot(TM) 64-Bit Server VM (25.91-b15 mixed mode windows-amd64 compressed oops)
Heap:
 PSYoungGen      total 223232K, used 99203K [0x000000076b580000, 0x000000077d400000, 0x00000007c0000000)
  eden space 155136K, 31% used [0x000000076b580000,0x000000076e5d88b0,0x0000000774d00000)
  from space 68096K, 72% used [0x0000000779000000,0x000000077c088738,0x000000077d280000)
  to   space 68608K, 0% used [0x0000000774d00000,0x0000000774d00000,0x0000000779000000)
 ParOldGen       total 543232K, used 440747K [0x00000006c2000000, 0x00000006e3280000, 0x000000076b580000)
  object space 543232K, 81% used [0x00000006c2000000,0x00000006dce6af20,0x00000006e3280000)
 Metaspace       used 12528K, capacity 12676K, committed 12928K, reserved 1060864K
  class space    used 1321K, capacity 1384K, committed 1408K, reserved 1048576K
GC Heap History (10 events):
Event: 18.353 GC heap before
{Heap before GC invocations=15 (full 2):
 PSYoungGen      total 159232K, used 120481K [0x000000076b580000, 0x0000000779680000, 0x00000007c0000000)
  eden space 90112K, 100% used [0x000000076b580000,0x0000000770d80000,0x0000000770d80000)
  from space 69120K, 43% used [0x0000000775300000,0x00000007770a8468,0x0000000779680000)
  to   space 70144K, 0% used [0x0000000770d80000,0x0000000770d80000,0x0000000775200000)
 ParOldGen       total 380416K, used 288384K [0x00000006c2000000, 0x00000006d9380000, 0x000000076b580000)
  object space 380416K, 75% used [0x00000006c2000000,0x00000006d39a0350,0x00000006d9380000)
 Metaspace       used 12453K, capacity 12612K, committed 12672K, reserved 1060864K
  class space    used 1318K, capacity 1384K, committed 1408K, reserved 1048576K
Event: 18.361 GC heap after
Heap after GC invocations=15 (full 2):
 PSYoungGen      total 160256K, used 37473K [0x000000076b580000, 0x000000077af80000, 0x00000007c0000000)
  eden space 90112K, 0% used [0x000000076b580000,0x000000076b580000,0x0000000770d80000)
  from space 70144K, 53% used [0x0000000770d80000,0x0000000773218570,0x0000000775200000)
  to   space 68096K, 0% used [0x0000000776d00000,0x0000000776d00000,0x000000077af80000)
 ParOldGen       total 380416K, used 317961K [0x00000006c2000000, 0x00000006d9380000, 0x000000076b580000)
  object space 380416K, 83% used [0x00000006c2000000,0x00000006d56827a0,0x00000006d9380000)
 Metaspace       used 12453K, capacity 12612K, committed 12672K, reserved 1060864K
  class space    used 1318K, capacity 1384K, committed 1408K, reserved 1048576K
}
Event: 20.530 GC heap before
{Heap before GC invocations=16 (full 2):
 PSYoungGen      total 160256K, used 127585K [0x000000076b580000, 0x000000077af80000, 0x00000007c0000000)
  eden space 90112K, 100% used [0x000000076b580000,0x0000000770d80000,0x0000000770d80000)
  from space 70144K, 53% used [0x0000000770d80000,0x0000000773218570,0x0000000775200000)
  to   space 68096K, 0% used [0x0000000776d00000,0x0000000776d00000,0x000000077af80000)
 ParOldGen       total 380416K, used 317961K [0x00000006c2000000, 0x00000006d9380000, 0x000000076b580000)
  object space 380416K, 83% used [0x00000006c2000000,0x00000006d56827a0,0x00000006d9380000)
 Metaspace       used 12491K, capacity 12676K, committed 12928K, reserved 1060864K
  class space    used 1318K, capacity 1384K, committed 1408K, reserved 1048576K
Event: 20.541 GC heap after
Heap after GC invocations=16 (full 2):
 PSYoungGen      total 183808K, used 38113K [0x000000076b580000, 0x000000077ac00000, 0x00000007c0000000)
  eden space 119296K, 0% used [0x000000076b580000,0x000000076b580000,0x0000000772a00000)
  from space 64512K, 59% used [0x0000000776d00000,0x0000000779238588,0x000000077ac00000)
  to   space 66560K, 0% used [0x0000000772a00000,0x0000000772a00000,0x0000000776b00000)
 ParOldGen       total 380416K, used 355275K [0x00000006c2000000, 0x00000006d9380000, 0x000000076b580000)
  object space 380416K, 93% used [0x00000006c2000000,0x00000006d7af2d10,0x00000006d9380000)
 Metaspace       used 12491K, capacity 12676K, committed 12928K, reserved 1060864K
  class space    used 1318K, capacity 1384K, committed 1408K, reserved 1048576K
}
Event: 20.541 GC heap before
{Heap before GC invocations=17 (full 3):
 PSYoungGen      total 183808K, used 38113K [0x000000076b580000, 0x000000077ac00000, 0x00000007c0000000)
  eden space 119296K, 0% used [0x000000076b580000,0x000000076b580000,0x0000000772a00000)
  from space 64512K, 59% used [0x0000000776d00000,0x0000000779238588,0x000000077ac00000)
  to   space 66560K, 0% used [0x0000000772a00000,0x0000000772a00000,0x0000000776b00000)
 ParOldGen       total 380416K, used 355275K [0x00000006c2000000, 0x00000006d9380000, 0x000000076b580000)
  object space 380416K, 93% used [0x00000006c2000000,0x00000006d7af2d10,0x00000006d9380000)
 Metaspace       used 12491K, capacity 12676K, committed 12928K, reserved 1060864K
  class space    used 1318K, capacity 1384K, committed 1408K, reserved 1048576K
Event: 20.580 GC heap after
Heap after GC invocations=17 (full 3):
 PSYoungGen      total 183808K, used 7093K [0x000000076b580000, 0x000000077ac00000, 0x00000007c0000000)
  eden space 119296K, 0% used [0x000000076b580000,0x000000076b580000,0x0000000772a00000)
  from space 64512K, 10% used [0x0000000776d00000,0x00000007773ed550,0x000000077ac00000)
  to   space 66560K, 0% used [0x0000000772a00000,0x0000000772a00000,0x0000000776b00000)
 ParOldGen       total 543232K, used 380305K [0x00000006c2000000, 0x00000006e3280000, 0x000000076b580000)
  object space 543232K, 70% used [0x00000006c2000000,0x00000006d9364650,0x00000006e3280000)
 Metaspace       used 12491K, capacity 12676K, committed 12928K, reserved 1060864K
  class space    used 1318K, capacity 1384K, committed 1408K, reserved 1048576K
}
Event: 22.922 GC heap before
{Heap before GC invocations=18 (full 3):
 PSYoungGen      total 183808K, used 126389K [0x000000076b580000, 0x000000077ac00000, 0x00000007c0000000)
  eden space 119296K, 100% used [0x000000076b580000,0x0000000772a00000,0x0000000772a00000)
  from space 64512K, 10% used [0x0000000776d00000,0x00000007773ed550,0x000000077ac00000)
  to   space 66560K, 0% used [0x0000000772a00000,0x0000000772a00000,0x0000000776b00000)
 ParOldGen       total 543232K, used 380305K [0x00000006c2000000, 0x00000006e3280000, 0x000000076b580000)
  object space 543232K, 70% used [0x00000006c2000000,0x00000006d9364650,0x00000006e3280000)
 Metaspace       used 12497K, capacity 12676K, committed 12928K, reserved 1060864K
  class space    used 1318K, capacity 1384K, committed 1408K, reserved 1048576K
Event: 22.930 GC heap after
Heap after GC invocations=18 (full 3):
 PSYoungGen      total 185856K, used 53537K [0x000000076b580000, 0x000000077d280000, 0x00000007c0000000)
  eden space 119296K, 0% used [0x000000076b580000,0x000000076b580000,0x0000000772a00000)
  from space 66560K, 80% used [0x0000000772a00000,0x0000000775e487c8,0x0000000776b00000)
  to   space 68096K, 0% used [0x0000000779000000,0x0000000779000000,0x000000077d280000)
 ParOldGen       total 543232K, used 387377K [0x00000006c2000000, 0x00000006e3280000, 0x000000076b580000)
  object space 543232K, 71% used [0x00000006c2000000,0x00000006d9a4c758,0x00000006e3280000)
 Metaspace       used 12497K, capacity 12676K, committed 12928K, reserved 1060864K
  class space    used 1318K, capacity 1384K, committed 1408K, reserved 1048576K
}
Event: 25.615 GC heap before
{Heap before GC invocations=19 (full 3):
 PSYoungGen      total 185856K, used 172274K [0x000000076b580000, 0x000000077d280000, 0x00000007c0000000)
  eden space 119296K, 99% used [0x000000076b580000,0x0000000772974090,0x0000000772a00000)
  from space 66560K, 80% used [0x0000000772a00000,0x0000000775e487c8,0x0000000776b00000)
  to   space 68096K, 0% used [0x0000000779000000,0x0000000779000000,0x000000077d280000)
 ParOldGen       total 543232K, used 387377K [0x00000006c2000000, 0x00000006e3280000, 0x000000076b580000)
  object space 543232K, 71% used [0x00000006c2000000,0x00000006d9a4c758,0x00000006e3280000)
 Metaspace       used 12524K, capacity 12676K, committed 12928K, reserved 1060864K
  class space    used 1321K, capacity 1384K, committed 1408K, reserved 1048576K
Event: 25.632 GC heap after
Heap after GC invocations=19 (full 3):
 PSYoungGen      total 223232K, used 49697K [0x000000076b580000, 0x000000077d400000, 0x00000007c0000000)
  eden space 155136K, 0% used [0x000000076b580000,0x000000076b580000,0x0000000774d00000)
  from space 68096K, 72% used [0x0000000779000000,0x000000077c088738,0x000000077d280000)
  to   space 68608K, 0% used [0x0000000774d00000,0x0000000774d00000,0x0000000779000000)
 ParOldGen       total 543232K, used 440747K [0x00000006c2000000, 0x00000006e3280000, 0x000000076b580000)
  object space 543232K, 81% used [0x00000006c2000000,0x00000006dce6af20,0x00000006e3280000)
 Metaspace       used 12524K, capacity 12676K, committed 12928K, reserved 1060864K
  class space    used 1321K, capacity 1384K, committed 1408K, reserved 1048576K
}

