# JRE version: Java(TM) SE Runtime Environment (8.0_91-b15) (build 1.8.0_91-b15)
# Java VM: Java HotSpot(TM) 64-Bit Server VM (25.91-b15 mixed mode windows-amd64 compressed oops)
Heap:
 PSYoungGen      total 684544K, used 104534K [0x000000076b580000, 0x00000007ae780000, 0x00000007c0000000)
  eden space 448512K, 3% used [0x000000076b580000,0x000000076c6cd668,0x0000000786b80000)
  from space 236032K, 36% used [0x0000000786b80000,0x000000078c048450,0x0000000795200000)
  to   space 248832K, 0% used [0x000000079f480000,0x000000079f480000,0x00000007ae780000)
 ParOldGen       total 1059840K, used 719739K [0x00000006c2000000, 0x0000000702b00000, 0x000000076b580000)
  object space 1059840K, 67% used [0x00000006c2000000,0x00000006ededec40,0x0000000702b00000)
 Metaspace       used 12537K, capacity 12740K, committed 13056K, reserved 1060864K
  class space    used 1377K, capacity 1440K, committed 1536K, reserved 1048576K
GC Heap History (10 events):
Event: 7.350 GC heap before
{Heap before GC invocations=11 (full 2):
 PSYoungGen      total 479232K, used 445644K [0x000000076b580000, 0x0000000795c80000, 0x00000007c0000000)
  eden space 356352K, 100% used [0x000000076b580000,0x0000000781180000,0x0000000781180000)
  from space 122880K, 72% used [0x0000000789f80000,0x000000078f6b3260,0x0000000791780000)
  to   space 145408K, 0% used [0x0000000781180000,0x0000000781180000,0x0000000789f80000)
 ParOldGen       total 471552K, used 280474K [0x00000006c2000000, 0x00000006dec80000, 0x000000076b580000)
  object space 471552K, 59% used [0x00000006c2000000,0x00000006d31e6930,0x00000006dec80000)
 Metaspace       used 12492K, capacity 12672K, committed 13056K, reserved 1060864K
  class space    used 1377K, capacity 1440K, committed 1536K, reserved 1048576K
Event: 7.385 GC heap after
Heap after GC invocations=11 (full 2):
 PSYoungGen      total 501760K, used 145394K [0x000000076b580000, 0x00000007a1800000, 0x00000007c0000000)
  eden space 356352K, 0% used [0x000000076b580000,0x000000076b580000,0x0000000781180000)
  from space 145408K, 99% used [0x0000000781180000,0x0000000789f7ca80,0x0000000789f80000)
  to   space 202752K, 0% used [0x0000000795200000,0x0000000795200000,0x00000007a1800000)
 ParOldGen       total 471552K, used 361531K [0x00000006c2000000, 0x00000006dec80000, 0x000000076b580000)
  object space 471552K, 76% used [0x00000006c2000000,0x00000006d810ee90,0x00000006dec80000)
 Metaspace       used 12492K, capacity 12672K, committed 13056K, reserved 1060864K
  class space    used 1377K, capacity 1440K, committed 1536K, reserved 1048576K
}
Event: 8.852 GC heap before
{Heap before GC invocations=12 (full 2):
 PSYoungGen      total 501760K, used 501746K [0x000000076b580000, 0x00000007a1800000, 0x00000007c0000000)
  eden space 356352K, 100% used [0x000000076b580000,0x0000000781180000,0x0000000781180000)
  from space 145408K, 99% used [0x0000000781180000,0x0000000789f7ca80,0x0000000789f80000)
  to   space 202752K, 0% used [0x0000000795200000,0x0000000795200000,0x00000007a1800000)
 ParOldGen       total 471552K, used 361910K [0x00000006c2000000, 0x00000006dec80000, 0x000000076b580000)
  object space 471552K, 76% used [0x00000006c2000000,0x00000006d816dbd0,0x00000006dec80000)
 Metaspace       used 12526K, capacity 12740K, committed 13056K, reserved 1060864K
  class space    used 1377K, capacity 1440K, committed 1536K, reserved 1048576K
Event: 8.898 GC heap after
Heap after GC invocations=12 (full 2):
 PSYoungGen      total 651264K, used 202688K [0x000000076b580000, 0x00000007a5e00000, 0x00000007c0000000)
  eden space 448512K, 0% used [0x000000076b580000,0x000000076b580000,0x0000000786b80000)
  from space 202752K, 99% used [0x0000000795200000,0x00000007a17f0300,0x00000007a1800000)
  to   space 236032K, 0% used [0x0000000786b80000,0x0000000786b80000,0x0000000795200000)
 ParOldGen       total 471552K, used 441411K [0x00000006c2000000, 0x00000006dec80000, 0x000000076b580000)
  object space 471552K, 93% used [0x00000006c2000000,0x00000006dcf10db0,0x00000006dec80000)
 Metaspace       used 12526K, capacity 12740K, committed 13056K, reserved 1060864K
  class space    used 1377K, capacity 1440K, committed 1536K, reserved 1048576K
}
Event: 8.898 GC heap before
{Heap before GC invocations=13 (full 3):
 PSYoungGen      total 651264K, used 202688K [0x000000076b580000, 0x00000007a5e00000, 0x00000007c0000000)
  eden space 448512K, 0% used [0x000000076b580000,0x000000076b580000,0x0000000786b80000)
  from space 202752K, 99% used [0x0000000795200000,0x00000007a17f0300,0x00000007a1800000)
  to   space 236032K, 0% used [0x0000000786b80000,0x0000000786b80000,0x0000000795200000)
 ParOldGen       total 471552K, used 441411K [0x00000006c2000000, 0x00000006dec80000, 0x000000076b580000)
  object space 471552K, 93% used [0x00000006c2000000,0x00000006dcf10db0,0x00000006dec80000)
 Metaspace       used 12526K, capacity 12740K, committed 13056K, reserved 1060864K
  class space    used 1377K, capacity 1440K, committed 1536K, reserved 1048576K
Event: 8.970 GC heap after
Heap after GC invocations=13 (full 3):
 PSYoungGen      total 651264K, used 170567K [0x000000076b580000, 0x00000007a5e00000, 0x00000007c0000000)
  eden space 448512K, 0% used [0x000000076b580000,0x000000076b580000,0x0000000786b80000)
  from space 202752K, 84% used [0x0000000795200000,0x000000079f891d30,0x00000007a1800000)
  to   space 236032K, 0% used [0x0000000786b80000,0x0000000786b80000,0x0000000795200000)
 ParOldGen       total 720384K, used 471461K [0x00000006c2000000, 0x00000006edf80000, 0x000000076b580000)
  object space 720384K, 65% used [0x00000006c2000000,0x00000006dec696f8,0x00000006edf80000)
 Metaspace       used 12526K, capacity 12740K, committed 13056K, reserved 1060864K
  class space    used 1377K, capacity 1440K, committed 1536K, reserved 1048576K
}
Event: 10.736 GC heap before
{Heap before GC invocations=14 (full 3):
 PSYoungGen      total 651264K, used 619079K [0x000000076b580000, 0x00000007a5e00000, 0x00000007c0000000)
  eden space 448512K, 100% used [0x000000076b580000,0x0000000786b80000,0x0000000786b80000)
  from space 202752K, 84% used [0x0000000795200000,0x000000079f891d30,0x00000007a1800000)
  to   space 236032K, 0% used [0x0000000786b80000,0x0000000786b80000,0x0000000795200000)
 ParOldGen       total 720384K, used 471461K [0x00000006c2000000, 0x00000006edf80000, 0x000000076b580000)
  object space 720384K, 65% used [0x00000006c2000000,0x00000006dec69770,0x00000006edf80000)
 Metaspace       used 12533K, capacity 12740K, committed 13056K, reserved 1060864K
  class space    used 1377K, capacity 1440K, committed 1536K, reserved 1048576K
Event: 10.778 GC heap after
Heap after GC invocations=14 (full 3):
 PSYoungGen      total 684544K, used 164719K [0x000000076b580000, 0x00000007ae780000, 0x00000007c0000000)
  eden space 448512K, 0% used [0x000000076b580000,0x000000076b580000,0x0000000786b80000)
  from space 236032K, 69% used [0x0000000786b80000,0x0000000790c5bce0,0x0000000795200000)
  to   space 248832K, 0% used [0x000000079f480000,0x000000079f480000,0x00000007ae780000)
 ParOldGen       total 720384K, used 643120K [0x00000006c2000000, 0x00000006edf80000, 0x000000076b580000)
  object space 720384K, 89% used [0x00000006c2000000,0x00000006e940c0f0,0x00000006edf80000)
 Metaspace       used 12533K, capacity 12740K, committed 13056K, reserved 1060864K
  class space    used 1377K, capacity 1440K, committed 1536K, reserved 1048576K
}
Event: 10.778 GC heap before
{Heap before GC invocations=15 (full 4):
 PSYoungGen      total 684544K, used 164719K [0x000000076b580000, 0x00000007ae780000, 0x00000007c0000000)
  eden space 448512K, 0% used [0x000000076b580000,0x000000076b580000,0x0000000786b80000)
  from space 236032K, 69% used [0x0000000786b80000,0x0000000790c5bce0,0x0000000795200000)
  to   space 248832K, 0% used [0x000000079f480000,0x000000079f480000,0x00000007ae780000)
 ParOldGen       total 720384K, used 643120K [0x00000006c2000000, 0x00000006edf80000, 0x000000076b580000)
  object space 720384K, 89% used [0x00000006c2000000,0x00000006e940c0f0,0x00000006edf80000)
 Metaspace       used 12533K, capacity 12740K, committed 13056K, reserved 1060864K
  class space    used 1377K, capacity 1440K, committed 1536K, reserved 1048576K
Event: 10.881 GC heap after
Heap after GC invocations=15 (full 4):
 PSYoungGen      total 684544K, used 86817K [0x000000076b580000, 0x00000007ae780000, 0x00000007c0000000)
  eden space 448512K, 0% used [0x000000076b580000,0x000000076b580000,0x0000000786b80000)
  from space 236032K, 36% used [0x0000000786b80000,0x000000078c048450,0x0000000795200000)
  to   space 248832K, 0% used [0x000000079f480000,0x000000079f480000,0x00000007ae780000)
 ParOldGen       total 1059840K, used 719739K [0x00000006c2000000, 0x0000000702b00000, 0x000000076b580000)
  object space 1059840K, 67% used [0x00000006c2000000,0x00000006ededec40,0x0000000702b00000)
 Metaspace       used 12533K, capacity 12740K, committed 13056K, reserved 1060864K
  class space    used 1377K, capacity 1440K, committed 1536K, reserved 1048576K
}

