# JRE version: Java(TM) SE Runtime Environment (8.0_91-b15) (build 1.8.0_91-b15)
# Java VM: Java HotSpot(TM) 64-Bit Server VM (25.91-b15 mixed mode windows-amd64 compressed oops)
Heap:
 PSYoungGen      total 1326592K, used 560514K [0x000000076b580000, 0x00000007c0000000, 0x00000007c0000000)
  eden space 1276416K, 40% used [0x000000076b580000,0x000000078aff09f0,0x00000007b9400000)
  from space 50176K, 83% used [0x00000007bcf00000,0x00000007bf7f0000,0x00000007c0000000)
  to   space 55296K, 0% used [0x00000007b9400000,0x00000007b9400000,0x00000007bca00000)
 ParOldGen       total 173568K, used 67698K [0x00000006c2000000, 0x00000006cc980000, 0x000000076b580000)
  object space 173568K, 39% used [0x00000006c2000000,0x00000006c621c818,0x00000006cc980000)
 Metaspace       used 10905K, capacity 11124K, committed 11392K, reserved 1058816K
  class space    used 1223K, capacity 1315K, committed 1408K, reserved 1048576K
GC Heap History (10 events):
Event: 5.981 GC heap before
{Heap before GC invocations=8 (full 0):
 PSYoungGen      total 268288K, used 268288K [0x000000076b580000, 0x000000078ca80000, 0x00000007c0000000)
  eden space 258560K, 100% used [0x000000076b580000,0x000000077b200000,0x000000077b200000)
  from space 9728K, 100% used [0x000000077b200000,0x000000077bb80000,0x000000077bb80000)
  to   space 14336K, 0% used [0x000000078bc80000,0x000000078bc80000,0x000000078ca80000)
 ParOldGen       total 173568K, used 7994K [0x00000006c2000000, 0x00000006cc980000, 0x000000076b580000)
  object space 173568K, 4% used [0x00000006c2000000,0x00000006c27ce818,0x00000006cc980000)
 Metaspace       used 10854K, capacity 11028K, committed 11392K, reserved 1058816K
  class space    used 1220K, capacity 1283K, committed 1408K, reserved 1048576K
Event: 6.018 GC heap after
Heap after GC invocations=8 (full 0):
 PSYoungGen      total 527360K, used 14336K [0x000000076b580000, 0x000000078d280000, 0x00000007c0000000)
  eden space 513024K, 0% used [0x000000076b580000,0x000000076b580000,0x000000078aa80000)
  from space 14336K, 100% used [0x000000078bc80000,0x000000078ca80000,0x000000078ca80000)
  to   space 18432K, 0% used [0x000000078aa80000,0x000000078aa80000,0x000000078bc80000)
 ParOldGen       total 173568K, used 12458K [0x00000006c2000000, 0x00000006cc980000, 0x000000076b580000)
  object space 173568K, 7% used [0x00000006c2000000,0x00000006c2c2a818,0x00000006cc980000)
 Metaspace       used 10854K, capacity 11028K, committed 11392K, reserved 1058816K
  class space    used 1220K, capacity 1283K, committed 1408K, reserved 1048576K
}
Event: 8.087 GC heap before
{Heap before GC invocations=9 (full 0):
 PSYoungGen      total 527360K, used 527360K [0x000000076b580000, 0x000000078d280000, 0x00000007c0000000)
  eden space 513024K, 100% used [0x000000076b580000,0x000000078aa80000,0x000000078aa80000)
  from space 14336K, 100% used [0x000000078bc80000,0x000000078ca80000,0x000000078ca80000)
  to   space 18432K, 0% used [0x000000078aa80000,0x000000078aa80000,0x000000078bc80000)
 ParOldGen       total 173568K, used 12458K [0x00000006c2000000, 0x00000006cc980000, 0x000000076b580000)
  object space 173568K, 7% used [0x00000006c2000000,0x00000006c2c2a818,0x00000006cc980000)
 Metaspace       used 10854K, capacity 11028K, committed 11392K, reserved 1058816K
  class space    used 1220K, capacity 1283K, committed 1408K, reserved 1048576K
Event: 8.148 GC heap after
Heap after GC invocations=9 (full 0):
 PSYoungGen      total 531456K, used 18432K [0x000000076b580000, 0x00000007a0e80000, 0x00000007c0000000)
  eden space 513024K, 0% used [0x000000076b580000,0x000000076b580000,0x000000078aa80000)
  from space 18432K, 100% used [0x000000078aa80000,0x000000078bc80000,0x000000078bc80000)
  to   space 28160K, 0% used [0x000000079f300000,0x000000079f300000,0x00000007a0e80000)
 ParOldGen       total 173568K, used 30322K [0x00000006c2000000, 0x00000006cc980000, 0x000000076b580000)
  object space 173568K, 17% used [0x00000006c2000000,0x00000006c3d9c818,0x00000006cc980000)
 Metaspace       used 10854K, capacity 11028K, committed 11392K, reserved 1058816K
  class space    used 1220K, capacity 1283K, committed 1408K, reserved 1048576K
}
Event: 10.178 GC heap before
{Heap before GC invocations=10 (full 0):
 PSYoungGen      total 531456K, used 531456K [0x000000076b580000, 0x00000007a0e80000, 0x00000007c0000000)
  eden space 513024K, 100% used [0x000000076b580000,0x000000078aa80000,0x000000078aa80000)
  from space 18432K, 100% used [0x000000078aa80000,0x000000078bc80000,0x000000078bc80000)
  to   space 28160K, 0% used [0x000000079f300000,0x000000079f300000,0x00000007a0e80000)
 ParOldGen       total 173568K, used 30322K [0x00000006c2000000, 0x00000006cc980000, 0x000000076b580000)
  object space 173568K, 17% used [0x00000006c2000000,0x00000006c3d9c818,0x00000006cc980000)
 Metaspace       used 10854K, capacity 11028K, committed 11392K, reserved 1058816K
  class space    used 1220K, capacity 1283K, committed 1408K, reserved 1048576K
Event: 10.253 GC heap after
Heap after GC invocations=10 (full 0):
 PSYoungGen      total 840192K, used 28160K [0x000000076b580000, 0x00000007a2080000, 0x00000007c0000000)
  eden space 812032K, 0% used [0x000000076b580000,0x000000076b580000,0x000000079ce80000)
  from space 28160K, 100% used [0x000000079f300000,0x00000007a0e80000,0x00000007a0e80000)
  to   space 37376K, 0% used [0x000000079ce80000,0x000000079ce80000,0x000000079f300000)
 ParOldGen       total 173568K, used 42642K [0x00000006c2000000, 0x00000006cc980000, 0x000000076b580000)
  object space 173568K, 24% used [0x00000006c2000000,0x00000006c49a4818,0x00000006cc980000)
 Metaspace       used 10854K, capacity 11028K, committed 11392K, reserved 1058816K
  class space    used 1220K, capacity 1283K, committed 1408K, reserved 1048576K
}
Event: 13.487 GC heap before
{Heap before GC invocations=11 (full 0):
 PSYoungGen      total 840192K, used 840192K [0x000000076b580000, 0x00000007a2080000, 0x00000007c0000000)
  eden space 812032K, 100% used [0x000000076b580000,0x000000079ce80000,0x000000079ce80000)
  from space 28160K, 100% used [0x000000079f300000,0x00000007a0e80000,0x00000007a0e80000)
  to   space 37376K, 0% used [0x000000079ce80000,0x000000079ce80000,0x000000079f300000)
 ParOldGen       total 173568K, used 42642K [0x00000006c2000000, 0x00000006cc980000, 0x000000076b580000)
  object space 173568K, 24% used [0x00000006c2000000,0x00000006c49a4818,0x00000006cc980000)
 Metaspace       used 10854K, capacity 11028K, committed 11392K, reserved 1058816K
  class space    used 1220K, capacity 1283K, committed 1408K, reserved 1048576K
Event: 13.611 GC heap after
Heap after GC invocations=11 (full 0):
 PSYoungGen      total 849408K, used 37376K [0x000000076b580000, 0x00000007c0000000, 0x00000007c0000000)
  eden space 812032K, 0% used [0x000000076b580000,0x000000076b580000,0x000000079ce80000)
  from space 37376K, 100% used [0x000000079ce80000,0x000000079f300000,0x000000079f300000)
  to   space 50176K, 0% used [0x00000007bcf00000,0x00000007bcf00000,0x00000007c0000000)
 ParOldGen       total 173568K, used 60746K [0x00000006c2000000, 0x00000006cc980000, 0x000000076b580000)
  object space 173568K, 34% used [0x00000006c2000000,0x00000006c5b52818,0x00000006cc980000)
 Metaspace       used 10854K, capacity 11028K, committed 11392K, reserved 1058816K
  class space    used 1220K, capacity 1283K, committed 1408K, reserved 1048576K
}
Event: 16.812 GC heap before
{Heap before GC invocations=12 (full 0):
 PSYoungGen      total 849408K, used 849408K [0x000000076b580000, 0x00000007c0000000, 0x00000007c0000000)
  eden space 812032K, 100% used [0x000000076b580000,0x000000079ce80000,0x000000079ce80000)
  from space 37376K, 100% used [0x000000079ce80000,0x000000079f300000,0x000000079f300000)
  to   space 50176K, 0% used [0x00000007bcf00000,0x00000007bcf00000,0x00000007c0000000)
 ParOldGen       total 173568K, used 60746K [0x00000006c2000000, 0x00000006cc980000, 0x000000076b580000)
  object space 173568K, 34% used [0x00000006c2000000,0x00000006c5b52818,0x00000006cc980000)
 Metaspace       used 10854K, capacity 11028K, committed 11392K, reserved 1058816K
  class space    used 1220K, capacity 1283K, committed 1408K, reserved 1048576K
Event: 16.926 GC heap after
Heap after GC invocations=12 (full 0):
 PSYoungGen      total 1326592K, used 41920K [0x000000076b580000, 0x00000007c0000000, 0x00000007c0000000)
  eden space 1276416K, 0% used [0x000000076b580000,0x000000076b580000,0x00000007b9400000)
  from space 50176K, 83% used [0x00000007bcf00000,0x00000007bf7f0000,0x00000007c0000000)
  to   space 55296K, 0% used [0x00000007b9400000,0x00000007b9400000,0x00000007bca00000)
 ParOldGen       total 173568K, used 67698K [0x00000006c2000000, 0x00000006cc980000, 0x000000076b580000)
  object space 173568K, 39% used [0x00000006c2000000,0x00000006c621c818,0x00000006cc980000)
 Metaspace       used 10854K, capacity 11028K, committed 11392K, reserved 1058816K
  class space    used 1220K, capacity 1283K, committed 1408K, reserved 1048576K
}

