# JRE version: Java(TM) SE Runtime Environment (8.0_91-b15) (build 1.8.0_91-b15)
# Java VM: Java HotSpot(TM) 64-Bit Server VM (25.91-b15 mixed mode windows-amd64 compressed oops)
Heap:
 PSYoungGen      total 473088K, used 159171K [0x000000076b580000, 0x000000079f980000, 0x00000007c0000000)
  eden space 354816K, 32% used [0x000000076b580000,0x0000000772599130,0x0000000781000000)
  from space 118272K, 37% used [0x0000000781000000,0x0000000783b57d50,0x0000000788380000)
  to   space 184832K, 0% used [0x0000000794500000,0x0000000794500000,0x000000079f980000)
 ParOldGen       total 719872K, used 466836K [0x00000006c2000000, 0x00000006edf00000, 0x000000076b580000)
  object space 719872K, 64% used [0x00000006c2000000,0x00000006de7e50f8,0x00000006edf00000)
 Metaspace       used 12373K, capacity 12616K, committed 12800K, reserved 1060864K
  class space    used 1367K, capacity 1440K, committed 1536K, reserved 1048576K
GC Heap History (10 events):
Event: 4.310 GC heap before
{Heap before GC invocations=8 (full 1):
 PSYoungGen      total 267264K, used 267081K [0x000000076b580000, 0x0000000781080000, 0x00000007c0000000)
  eden space 219648K, 100% used [0x000000076b580000,0x0000000778c00000,0x0000000778c00000)
  from space 47616K, 99% used [0x000000077e200000,0x00000007810524e0,0x0000000781080000)
  to   space 57344K, 0% used [0x000000077a080000,0x000000077a080000,0x000000077d880000)
 ParOldGen       total 283136K, used 161954K [0x00000006c2000000, 0x00000006d3480000, 0x000000076b580000)
  object space 283136K, 57% used [0x00000006c2000000,0x00000006cbe28a80,0x00000006d3480000)
 Metaspace       used 12328K, capacity 12552K, committed 12800K, reserved 1060864K
  class space    used 1367K, capacity 1440K, committed 1536K, reserved 1048576K
Event: 4.331 GC heap after
Heap after GC invocations=8 (full 1):
 PSYoungGen      total 297984K, used 57326K [0x000000076b580000, 0x000000078e700000, 0x00000007c0000000)
  eden space 240640K, 0% used [0x000000076b580000,0x000000076b580000,0x000000077a080000)
  from space 57344K, 99% used [0x000000077a080000,0x000000077d87b880,0x000000077d880000)
  to   space 101888K, 0% used [0x0000000788380000,0x0000000788380000,0x000000078e700000)
 ParOldGen       total 283136K, used 228997K [0x00000006c2000000, 0x00000006d3480000, 0x000000076b580000)
  object space 283136K, 80% used [0x00000006c2000000,0x00000006cffa16a0,0x00000006d3480000)
 Metaspace       used 12328K, capacity 12552K, committed 12800K, reserved 1060864K
  class space    used 1367K, capacity 1440K, committed 1536K, reserved 1048576K
}
Event: 4.331 GC heap before
{Heap before GC invocations=9 (full 2):
 PSYoungGen      total 297984K, used 57326K [0x000000076b580000, 0x000000078e700000, 0x00000007c0000000)
  eden space 240640K, 0% used [0x000000076b580000,0x000000076b580000,0x000000077a080000)
  from space 57344K, 99% used [0x000000077a080000,0x000000077d87b880,0x000000077d880000)
  to   space 101888K, 0% used [0x0000000788380000,0x0000000788380000,0x000000078e700000)
 ParOldGen       total 283136K, used 228997K [0x00000006c2000000, 0x00000006d3480000, 0x000000076b580000)
  object space 283136K, 80% used [0x00000006c2000000,0x00000006cffa16a0,0x00000006d3480000)
 Metaspace       used 12328K, capacity 12552K, committed 12800K, reserved 1060864K
  class space    used 1367K, capacity 1440K, committed 1536K, reserved 1048576K
Event: 4.356 GC heap after
Heap after GC invocations=9 (full 2):
 PSYoungGen      total 297984K, used 0K [0x000000076b580000, 0x000000078e700000, 0x00000007c0000000)
  eden space 240640K, 0% used [0x000000076b580000,0x000000076b580000,0x000000077a080000)
  from space 57344K, 0% used [0x000000077a080000,0x000000077a080000,0x000000077d880000)
  to   space 101888K, 0% used [0x0000000788380000,0x0000000788380000,0x000000078e700000)
 ParOldGen       total 467456K, used 280734K [0x00000006c2000000, 0x00000006de880000, 0x000000076b580000)
  object space 467456K, 60% used [0x00000006c2000000,0x00000006d3227b38,0x00000006de880000)
 Metaspace       used 12328K, capacity 12552K, committed 12800K, reserved 1060864K
  class space    used 1367K, capacity 1440K, committed 1536K, reserved 1048576K
}
Event: 5.362 GC heap before
{Heap before GC invocations=10 (full 2):
 PSYoungGen      total 297984K, used 240640K [0x000000076b580000, 0x000000078e700000, 0x00000007c0000000)
  eden space 240640K, 100% used [0x000000076b580000,0x000000077a080000,0x000000077a080000)
  from space 57344K, 0% used [0x000000077a080000,0x000000077a080000,0x000000077d880000)
  to   space 101888K, 0% used [0x0000000788380000,0x0000000788380000,0x000000078e700000)
 ParOldGen       total 467456K, used 280734K [0x00000006c2000000, 0x00000006de880000, 0x000000076b580000)
  object space 467456K, 60% used [0x00000006c2000000,0x00000006d3227b38,0x00000006de880000)
 Metaspace       used 12363K, capacity 12552K, committed 12800K, reserved 1060864K
  class space    used 1367K, capacity 1440K, committed 1536K, reserved 1048576K
Event: 5.378 GC heap after
Heap after GC invocations=10 (full 2):
 PSYoungGen      total 456704K, used 95802K [0x000000076b580000, 0x0000000791480000, 0x00000007c0000000)
  eden space 354816K, 0% used [0x000000076b580000,0x000000076b580000,0x0000000781000000)
  from space 101888K, 94% used [0x0000000788380000,0x000000078e10e860,0x000000078e700000)
  to   space 118272K, 0% used [0x0000000781000000,0x0000000781000000,0x0000000788380000)
 ParOldGen       total 467456K, used 280742K [0x00000006c2000000, 0x00000006de880000, 0x000000076b580000)
  object space 467456K, 60% used [0x00000006c2000000,0x00000006d3229b38,0x00000006de880000)
 Metaspace       used 12363K, capacity 12552K, committed 12800K, reserved 1060864K
  class space    used 1367K, capacity 1440K, committed 1536K, reserved 1048576K
}
Event: 6.848 GC heap before
{Heap before GC invocations=11 (full 2):
 PSYoungGen      total 456704K, used 450618K [0x000000076b580000, 0x0000000791480000, 0x00000007c0000000)
  eden space 354816K, 100% used [0x000000076b580000,0x0000000781000000,0x0000000781000000)
  from space 101888K, 94% used [0x0000000788380000,0x000000078e10e860,0x000000078e700000)
  to   space 118272K, 0% used [0x0000000781000000,0x0000000781000000,0x0000000788380000)
 ParOldGen       total 467456K, used 280742K [0x00000006c2000000, 0x00000006de880000, 0x000000076b580000)
  object space 467456K, 60% used [0x00000006c2000000,0x00000006d3229b38,0x00000006de880000)
 Metaspace       used 12368K, capacity 12552K, committed 12800K, reserved 1060864K
  class space    used 1367K, capacity 1440K, committed 1536K, reserved 1048576K
Event: 6.884 GC heap after
Heap after GC invocations=11 (full 2):
 PSYoungGen      total 473088K, used 118240K [0x000000076b580000, 0x000000079f980000, 0x00000007c0000000)
  eden space 354816K, 0% used [0x000000076b580000,0x000000076b580000,0x0000000781000000)
  from space 118272K, 99% used [0x0000000781000000,0x00000007883781c0,0x0000000788380000)
  to   space 184832K, 0% used [0x0000000794500000,0x0000000794500000,0x000000079f980000)
 ParOldGen       total 467456K, used 394224K [0x00000006c2000000, 0x00000006de880000, 0x000000076b580000)
  object space 467456K, 84% used [0x00000006c2000000,0x00000006da0fc278,0x00000006de880000)
 Metaspace       used 12368K, capacity 12552K, committed 12800K, reserved 1060864K
  class space    used 1367K, capacity 1440K, committed 1536K, reserved 1048576K
}
Event: 6.884 GC heap before
{Heap before GC invocations=12 (full 3):
 PSYoungGen      total 473088K, used 118240K [0x000000076b580000, 0x000000079f980000, 0x00000007c0000000)
  eden space 354816K, 0% used [0x000000076b580000,0x000000076b580000,0x0000000781000000)
  from space 118272K, 99% used [0x0000000781000000,0x00000007883781c0,0x0000000788380000)
  to   space 184832K, 0% used [0x0000000794500000,0x0000000794500000,0x000000079f980000)
 ParOldGen       total 467456K, used 394224K [0x00000006c2000000, 0x00000006de880000, 0x000000076b580000)
  object space 467456K, 84% used [0x00000006c2000000,0x00000006da0fc278,0x00000006de880000)
 Metaspace       used 12368K, capacity 12552K, committed 12800K, reserved 1060864K
  class space    used 1367K, capacity 1440K, committed 1536K, reserved 1048576K
Event: 6.963 GC heap after
Heap after GC invocations=12 (full 3):
 PSYoungGen      total 473088K, used 44383K [0x000000076b580000, 0x000000079f980000, 0x00000007c0000000)
  eden space 354816K, 0% used [0x000000076b580000,0x000000076b580000,0x0000000781000000)
  from space 118272K, 37% used [0x0000000781000000,0x0000000783b57d50,0x0000000788380000)
  to   space 184832K, 0% used [0x0000000794500000,0x0000000794500000,0x000000079f980000)
 ParOldGen       total 719872K, used 466836K [0x00000006c2000000, 0x00000006edf00000, 0x000000076b580000)
  object space 719872K, 64% used [0x00000006c2000000,0x00000006de7e50f8,0x00000006edf00000)
 Metaspace       used 12368K, capacity 12552K, committed 12800K, reserved 1060864K
  class space    used 1367K, capacity 1440K, committed 1536K, reserved 1048576K
}

