# JRE version: Java(TM) SE Runtime Environment (8.0_91-b15) (build 1.8.0_91-b15)
# Java VM: Java HotSpot(TM) 64-Bit Server VM (25.91-b15 mixed mode windows-amd64 compressed oops)
Heap:
 PSYoungGen      total 140800K, used 130048K [0x000000076b580000, 0x0000000783680000, 0x00000007c0000000)
  eden space 130048K, 100% used [0x000000076b580000,0x0000000773480000,0x0000000773480000)
  from space 10752K, 0% used [0x0000000773480000,0x0000000773480000,0x0000000773f00000)
  to   space 67072K, 0% used [0x000000077f500000,0x000000077f500000,0x0000000783680000)
 ParOldGen       total 281600K, used 144773K [0x00000006c2000000, 0x00000006d3300000, 0x000000076b580000)
  object space 281600K, 51% used [0x00000006c2000000,0x00000006cad61498,0x00000006d3300000)
 Metaspace       used 12327K, capacity 12472K, committed 12800K, reserved 1060864K
  class space    used 1371K, capacity 1440K, committed 1536K, reserved 1048576K
GC Heap History (10 events):
Event: 1.588 GC heap before
{Heap before GC invocations=2 (full 0):
 PSYoungGen      total 75776K, used 75754K [0x000000076b580000, 0x0000000770a00000, 0x00000007c0000000)
  eden space 65024K, 100% used [0x000000076b580000,0x000000076f500000,0x000000076f500000)
  from space 10752K, 99% used [0x000000076f500000,0x000000076ff7a9e8,0x000000076ff80000)
  to   space 10752K, 0% used [0x000000076ff80000,0x000000076ff80000,0x0000000770a00000)
 ParOldGen       total 173568K, used 14351K [0x00000006c2000000, 0x00000006cc980000, 0x000000076b580000)
  object space 173568K, 8% used [0x00000006c2000000,0x00000006c2e03c60,0x00000006cc980000)
 Metaspace       used 12017K, capacity 12202K, committed 12544K, reserved 1060864K
  class space    used 1366K, capacity 1439K, committed 1536K, reserved 1048576K
Event: 1.596 GC heap after
Heap after GC invocations=2 (full 0):
 PSYoungGen      total 75776K, used 10730K [0x000000076b580000, 0x0000000774980000, 0x00000007c0000000)
  eden space 65024K, 0% used [0x000000076b580000,0x000000076b580000,0x000000076f500000)
  from space 10752K, 99% used [0x000000076ff80000,0x00000007709fa9c8,0x0000000770a00000)
  to   space 10752K, 0% used [0x000000076f500000,0x000000076f500000,0x000000076ff80000)
 ParOldGen       total 173568K, used 39615K [0x00000006c2000000, 0x00000006cc980000, 0x000000076b580000)
  object space 173568K, 22% used [0x00000006c2000000,0x00000006c46afcc0,0x00000006cc980000)
 Metaspace       used 12017K, capacity 12202K, committed 12544K, reserved 1060864K
  class space    used 1366K, capacity 1439K, committed 1536K, reserved 1048576K
}
Event: 1.884 GC heap before
{Heap before GC invocations=3 (full 0):
 PSYoungGen      total 75776K, used 75754K [0x000000076b580000, 0x0000000774980000, 0x00000007c0000000)
  eden space 65024K, 100% used [0x000000076b580000,0x000000076f500000,0x000000076f500000)
  from space 10752K, 99% used [0x000000076ff80000,0x00000007709fa9c8,0x0000000770a00000)
  to   space 10752K, 0% used [0x000000076f500000,0x000000076f500000,0x000000076ff80000)
 ParOldGen       total 173568K, used 39615K [0x00000006c2000000, 0x00000006cc980000, 0x000000076b580000)
  object space 173568K, 22% used [0x00000006c2000000,0x00000006c46afcc0,0x00000006cc980000)
 Metaspace       used 12098K, capacity 12280K, committed 12544K, reserved 1060864K
  class space    used 1370K, capacity 1440K, committed 1536K, reserved 1048576K
Event: 1.891 GC heap after
Heap after GC invocations=3 (full 0):
 PSYoungGen      total 75776K, used 10740K [0x000000076b580000, 0x0000000774980000, 0x00000007c0000000)
  eden space 65024K, 0% used [0x000000076b580000,0x000000076b580000,0x000000076f500000)
  from space 10752K, 99% used [0x000000076f500000,0x000000076ff7d398,0x000000076ff80000)
  to   space 10752K, 0% used [0x0000000773f00000,0x0000000773f00000,0x0000000774980000)
 ParOldGen       total 173568K, used 66012K [0x00000006c2000000, 0x00000006cc980000, 0x000000076b580000)
  object space 173568K, 38% used [0x00000006c2000000,0x00000006c6077200,0x00000006cc980000)
 Metaspace       used 12098K, capacity 12280K, committed 12544K, reserved 1060864K
  class space    used 1370K, capacity 1440K, committed 1536K, reserved 1048576K
}
Event: 2.176 GC heap before
{Heap before GC invocations=4 (full 0):
 PSYoungGen      total 75776K, used 75562K [0x000000076b580000, 0x0000000774980000, 0x00000007c0000000)
  eden space 65024K, 99% used [0x000000076b580000,0x000000076f4cd528,0x000000076f500000)
  from space 10752K, 99% used [0x000000076f500000,0x000000076ff7d398,0x000000076ff80000)
  to   space 10752K, 0% used [0x0000000773f00000,0x0000000773f00000,0x0000000774980000)
 ParOldGen       total 173568K, used 66012K [0x00000006c2000000, 0x00000006cc980000, 0x000000076b580000)
  object space 173568K, 38% used [0x00000006c2000000,0x00000006c6077200,0x00000006cc980000)
 Metaspace       used 12142K, capacity 12344K, committed 12544K, reserved 1060864K
  class space    used 1370K, capacity 1440K, committed 1536K, reserved 1048576K
Event: 2.185 GC heap after
Heap after GC invocations=4 (full 0):
 PSYoungGen      total 140800K, used 10551K [0x000000076b580000, 0x0000000774980000, 0x00000007c0000000)
  eden space 130048K, 0% used [0x000000076b580000,0x000000076b580000,0x0000000773480000)
  from space 10752K, 98% used [0x0000000773f00000,0x000000077494dea8,0x0000000774980000)
  to   space 10752K, 0% used [0x0000000773480000,0x0000000773480000,0x0000000773f00000)
 ParOldGen       total 173568K, used 91951K [0x00000006c2000000, 0x00000006cc980000, 0x000000076b580000)
  object space 173568K, 52% used [0x00000006c2000000,0x00000006c79cbc20,0x00000006cc980000)
 Metaspace       used 12142K, capacity 12344K, committed 12544K, reserved 1060864K
  class space    used 1370K, capacity 1440K, committed 1536K, reserved 1048576K
}
Event: 2.766 GC heap before
{Heap before GC invocations=5 (full 0):
 PSYoungGen      total 140800K, used 140599K [0x000000076b580000, 0x0000000774980000, 0x00000007c0000000)
  eden space 130048K, 100% used [0x000000076b580000,0x0000000773480000,0x0000000773480000)
  from space 10752K, 98% used [0x0000000773f00000,0x000000077494dea8,0x0000000774980000)
  to   space 10752K, 0% used [0x0000000773480000,0x0000000773480000,0x0000000773f00000)
 ParOldGen       total 173568K, used 91951K [0x00000006c2000000, 0x00000006cc980000, 0x000000076b580000)
  object space 173568K, 52% used [0x00000006c2000000,0x00000006c79cbc20,0x00000006cc980000)
 Metaspace       used 12268K, capacity 12472K, committed 12800K, reserved 1060864K
  class space    used 1371K, capacity 1440K, committed 1536K, reserved 1048576K
Event: 2.777 GC heap after
Heap after GC invocations=5 (full 0):
 PSYoungGen      total 140800K, used 10751K [0x000000076b580000, 0x0000000783680000, 0x00000007c0000000)
  eden space 130048K, 0% used [0x000000076b580000,0x000000076b580000,0x0000000773480000)
  from space 10752K, 99% used [0x0000000773480000,0x0000000773effec8,0x0000000773f00000)
  to   space 67072K, 0% used [0x000000077f500000,0x000000077f500000,0x0000000783680000)
 ParOldGen       total 173568K, used 143105K [0x00000006c2000000, 0x00000006cc980000, 0x000000076b580000)
  object space 173568K, 82% used [0x00000006c2000000,0x00000006cabc06a0,0x00000006cc980000)
 Metaspace       used 12268K, capacity 12472K, committed 12800K, reserved 1060864K
  class space    used 1371K, capacity 1440K, committed 1536K, reserved 1048576K
}
Event: 2.777 GC heap before
{Heap before GC invocations=6 (full 1):
 PSYoungGen      total 140800K, used 10751K [0x000000076b580000, 0x0000000783680000, 0x00000007c0000000)
  eden space 130048K, 0% used [0x000000076b580000,0x000000076b580000,0x0000000773480000)
  from space 10752K, 99% used [0x0000000773480000,0x0000000773effec8,0x0000000773f00000)
  to   space 67072K, 0% used [0x000000077f500000,0x000000077f500000,0x0000000783680000)
 ParOldGen       total 173568K, used 143105K [0x00000006c2000000, 0x00000006cc980000, 0x000000076b580000)
  object space 173568K, 82% used [0x00000006c2000000,0x00000006cabc06a0,0x00000006cc980000)
 Metaspace       used 12268K, capacity 12472K, committed 12800K, reserved 1060864K
  class space    used 1371K, capacity 1440K, committed 1536K, reserved 1048576K
Event: 2.804 GC heap after
Heap after GC invocations=6 (full 1):
 PSYoungGen      total 140800K, used 0K [0x000000076b580000, 0x0000000783680000, 0x00000007c0000000)
  eden space 130048K, 0% used [0x000000076b580000,0x000000076b580000,0x0000000773480000)
  from space 10752K, 0% used [0x0000000773480000,0x0000000773480000,0x0000000773f00000)
  to   space 67072K, 0% used [0x000000077f500000,0x000000077f500000,0x0000000783680000)
 ParOldGen       total 281600K, used 144773K [0x00000006c2000000, 0x00000006d3300000, 0x000000076b580000)
  object space 281600K, 51% used [0x00000006c2000000,0x00000006cad61498,0x00000006d3300000)
 Metaspace       used 12268K, capacity 12472K, committed 12800K, reserved 1060864K
  class space    used 1371K, capacity 1440K, committed 1536K, reserved 1048576K
}

