# JRE version: Java(TM) SE Runtime Environment (8.0_91-b15) (build 1.8.0_91-b15)
# Java VM: Java HotSpot(TM) 64-Bit Server VM (25.91-b15 mixed mode windows-amd64 compressed oops)
Heap:
 PSYoungGen      total 1346048K, used 543807K [0x000000076b580000, 0x00000007c0000000, 0x00000007c0000000)
  eden space 1313280K, 39% used [0x000000076b580000,0x000000078ad07ce8,0x00000007bb800000)
  from space 32768K, 86% used [0x00000007bdb80000,0x00000007bf708000,0x00000007bfb80000)
  to   space 36352K, 0% used [0x00000007bb800000,0x00000007bb800000,0x00000007bdb80000)
 ParOldGen       total 173568K, used 48330K [0x00000006c2000000, 0x00000006cc980000, 0x000000076b580000)
  object space 173568K, 27% used [0x00000006c2000000,0x00000006c4f329e8,0x00000006cc980000)
 Metaspace       used 10866K, capacity 11032K, committed 11392K, reserved 1058816K
  class space    used 1220K, capacity 1283K, committed 1408K, reserved 1048576K
GC Heap History (10 events):
Event: 7.755 GC heap before
{Heap before GC invocations=8 (full 0):
 PSYoungGen      total 266752K, used 266752K [0x000000076b580000, 0x000000078c480000, 0x00000007c0000000)
  eden space 259584K, 100% used [0x000000076b580000,0x000000077b300000,0x000000077b300000)
  from space 7168K, 100% used [0x000000077b300000,0x000000077ba00000,0x000000077ba00000)
  to   space 10240K, 0% used [0x000000078ba80000,0x000000078ba80000,0x000000078c480000)
 ParOldGen       total 173568K, used 4530K [0x00000006c2000000, 0x00000006cc980000, 0x000000076b580000)
  object space 173568K, 2% used [0x00000006c2000000,0x00000006c246c9e8,0x00000006cc980000)
 Metaspace       used 10861K, capacity 11032K, committed 11392K, reserved 1058816K
  class space    used 1220K, capacity 1283K, committed 1408K, reserved 1048576K
Event: 7.788 GC heap after
Heap after GC invocations=8 (full 0):
 PSYoungGen      total 527872K, used 10240K [0x000000076b580000, 0x000000078c780000, 0x00000007c0000000)
  eden space 517632K, 0% used [0x000000076b580000,0x000000076b580000,0x000000078af00000)
  from space 10240K, 100% used [0x000000078ba80000,0x000000078c480000,0x000000078c480000)
  to   space 11776K, 0% used [0x000000078af00000,0x000000078af00000,0x000000078ba80000)
 ParOldGen       total 173568K, used 5546K [0x00000006c2000000, 0x00000006cc980000, 0x000000076b580000)
  object space 173568K, 3% used [0x00000006c2000000,0x00000006c256a9e8,0x00000006cc980000)
 Metaspace       used 10861K, capacity 11032K, committed 11392K, reserved 1058816K
  class space    used 1220K, capacity 1283K, committed 1408K, reserved 1048576K
}
Event: 11.200 GC heap before
{Heap before GC invocations=9 (full 0):
 PSYoungGen      total 527872K, used 527872K [0x000000076b580000, 0x000000078c780000, 0x00000007c0000000)
  eden space 517632K, 100% used [0x000000076b580000,0x000000078af00000,0x000000078af00000)
  from space 10240K, 100% used [0x000000078ba80000,0x000000078c480000,0x000000078c480000)
  to   space 11776K, 0% used [0x000000078af00000,0x000000078af00000,0x000000078ba80000)
 ParOldGen       total 173568K, used 5546K [0x00000006c2000000, 0x00000006cc980000, 0x000000076b580000)
  object space 173568K, 3% used [0x00000006c2000000,0x00000006c256a9e8,0x00000006cc980000)
 Metaspace       used 10861K, capacity 11032K, committed 11392K, reserved 1058816K
  class space    used 1220K, capacity 1283K, committed 1408K, reserved 1048576K
Event: 11.274 GC heap after
Heap after GC invocations=9 (full 0):
 PSYoungGen      total 529408K, used 11776K [0x000000076b580000, 0x00000007a0080000, 0x00000007c0000000)
  eden space 517632K, 0% used [0x000000076b580000,0x000000076b580000,0x000000078af00000)
  from space 11776K, 100% used [0x000000078af00000,0x000000078ba80000,0x000000078ba80000)
  to   space 17408K, 0% used [0x000000079ef80000,0x000000079ef80000,0x00000007a0080000)
 ParOldGen       total 173568K, used 14882K [0x00000006c2000000, 0x00000006cc980000, 0x000000076b580000)
  object space 173568K, 8% used [0x00000006c2000000,0x00000006c2e889e8,0x00000006cc980000)
 Metaspace       used 10861K, capacity 11032K, committed 11392K, reserved 1058816K
  class space    used 1220K, capacity 1283K, committed 1408K, reserved 1048576K
}
Event: 14.569 GC heap before
{Heap before GC invocations=10 (full 0):
 PSYoungGen      total 529408K, used 529408K [0x000000076b580000, 0x00000007a0080000, 0x00000007c0000000)
  eden space 517632K, 100% used [0x000000076b580000,0x000000078af00000,0x000000078af00000)
  from space 11776K, 100% used [0x000000078af00000,0x000000078ba80000,0x000000078ba80000)
  to   space 17408K, 0% used [0x000000079ef80000,0x000000079ef80000,0x00000007a0080000)
 ParOldGen       total 173568K, used 14882K [0x00000006c2000000, 0x00000006cc980000, 0x000000076b580000)
  object space 173568K, 8% used [0x00000006c2000000,0x00000006c2e889e8,0x00000006cc980000)
 Metaspace       used 10861K, capacity 11032K, committed 11392K, reserved 1058816K
  class space    used 1220K, capacity 1283K, committed 1408K, reserved 1048576K
Event: 14.628 GC heap after
Heap after GC invocations=10 (full 0):
 PSYoungGen      total 840192K, used 17408K [0x000000076b580000, 0x00000007a0b80000, 0x00000007c0000000)
  eden space 822784K, 0% used [0x000000076b580000,0x000000076b580000,0x000000079d900000)
  from space 17408K, 100% used [0x000000079ef80000,0x00000007a0080000,0x00000007a0080000)
  to   space 23040K, 0% used [0x000000079d900000,0x000000079d900000,0x000000079ef80000)
 ParOldGen       total 173568K, used 24338K [0x00000006c2000000, 0x00000006cc980000, 0x000000076b580000)
  object space 173568K, 14% used [0x00000006c2000000,0x00000006c37c49e8,0x00000006cc980000)
 Metaspace       used 10861K, capacity 11032K, committed 11392K, reserved 1058816K
  class space    used 1220K, capacity 1283K, committed 1408K, reserved 1048576K
}
Event: 20.098 GC heap before
{Heap before GC invocations=11 (full 0):
 PSYoungGen      total 840192K, used 840192K [0x000000076b580000, 0x00000007a0b80000, 0x00000007c0000000)
  eden space 822784K, 100% used [0x000000076b580000,0x000000079d900000,0x000000079d900000)
  from space 17408K, 100% used [0x000000079ef80000,0x00000007a0080000,0x00000007a0080000)
  to   space 23040K, 0% used [0x000000079d900000,0x000000079d900000,0x000000079ef80000)
 ParOldGen       total 173568K, used 24338K [0x00000006c2000000, 0x00000006cc980000, 0x000000076b580000)
  object space 173568K, 14% used [0x00000006c2000000,0x00000006c37c49e8,0x00000006cc980000)
 Metaspace       used 10861K, capacity 11032K, committed 11392K, reserved 1058816K
  class space    used 1220K, capacity 1283K, committed 1408K, reserved 1048576K
Event: 20.191 GC heap after
Heap after GC invocations=11 (full 0):
 PSYoungGen      total 845824K, used 23040K [0x000000076b580000, 0x00000007bfb80000, 0x00000007c0000000)
  eden space 822784K, 0% used [0x000000076b580000,0x000000076b580000,0x000000079d900000)
  from space 23040K, 100% used [0x000000079d900000,0x000000079ef80000,0x000000079ef80000)
  to   space 32768K, 0% used [0x00000007bdb80000,0x00000007bdb80000,0x00000007bfb80000)
 ParOldGen       total 173568K, used 41282K [0x00000006c2000000, 0x00000006cc980000, 0x000000076b580000)
  object space 173568K, 23% used [0x00000006c2000000,0x00000006c48509e8,0x00000006cc980000)
 Metaspace       used 10861K, capacity 11032K, committed 11392K, reserved 1058816K
  class space    used 1220K, capacity 1283K, committed 1408K, reserved 1048576K
}
Event: 25.539 GC heap before
{Heap before GC invocations=12 (full 0):
 PSYoungGen      total 845824K, used 845824K [0x000000076b580000, 0x00000007bfb80000, 0x00000007c0000000)
  eden space 822784K, 100% used [0x000000076b580000,0x000000079d900000,0x000000079d900000)
  from space 23040K, 100% used [0x000000079d900000,0x000000079ef80000,0x000000079ef80000)
  to   space 32768K, 0% used [0x00000007bdb80000,0x00000007bdb80000,0x00000007bfb80000)
 ParOldGen       total 173568K, used 41282K [0x00000006c2000000, 0x00000006cc980000, 0x000000076b580000)
  object space 173568K, 23% used [0x00000006c2000000,0x00000006c48509e8,0x00000006cc980000)
 Metaspace       used 10861K, capacity 11032K, committed 11392K, reserved 1058816K
  class space    used 1220K, capacity 1283K, committed 1408K, reserved 1048576K
Event: 25.630 GC heap after
Heap after GC invocations=12 (full 0):
 PSYoungGen      total 1346048K, used 28192K [0x000000076b580000, 0x00000007c0000000, 0x00000007c0000000)
  eden space 1313280K, 0% used [0x000000076b580000,0x000000076b580000,0x00000007bb800000)
  from space 32768K, 86% used [0x00000007bdb80000,0x00000007bf708000,0x00000007bfb80000)
  to   space 36352K, 0% used [0x00000007bb800000,0x00000007bb800000,0x00000007bdb80000)
 ParOldGen       total 173568K, used 48330K [0x00000006c2000000, 0x00000006cc980000, 0x000000076b580000)
  object space 173568K, 27% used [0x00000006c2000000,0x00000006c4f329e8,0x00000006cc980000)
 Metaspace       used 10861K, capacity 11032K, committed 11392K, reserved 1058816K
  class space    used 1220K, capacity 1283K, committed 1408K, reserved 1048576K
}

