# JRE version: Java(TM) SE Runtime Environment (8.0_91-b15) (build 1.8.0_91-b15)
# Java VM: Java HotSpot(TM) 64-Bit Server VM (25.91-b15 mixed mode windows-amd64 compressed oops)
Heap:
 PSYoungGen      total 32256K, used 1008K [0x000000076b580000, 0x000000076d600000, 0x00000007c0000000)
  eden space 31232K, 2% used [0x000000076b580000,0x000000076b61c3c8,0x000000076d400000)
  from space 1024K, 37% used [0x000000076d400000,0x000000076d460000,0x000000076d500000)
  to   space 1024K, 0% used [0x000000076d500000,0x000000076d500000,0x000000076d600000)
 ParOldGen       total 173568K, used 17642K [0x00000006c2000000, 0x00000006cc980000, 0x000000076b580000)
  object space 173568K, 10% used [0x00000006c2000000,0x00000006c313aa60,0x00000006cc980000)
 Metaspace       used 17006K, capacity 17242K, committed 17280K, reserved 1064960K
  class space    used 1830K, capacity 1917K, committed 1920K, reserved 1048576K
GC Heap History (10 events):
Event: 87.174 GC heap before
{Heap before GC invocations=379 (full 0):
 PSYoungGen      total 32256K, used 31680K [0x000000076b580000, 0x000000076d600000, 0x00000007c0000000)
  eden space 31232K, 100% used [0x000000076b580000,0x000000076d400000,0x000000076d400000)
  from space 1024K, 43% used [0x000000076d500000,0x000000076d570010,0x000000076d600000)
  to   space 1024K, 0% used [0x000000076d400000,0x000000076d400000,0x000000076d500000)
 ParOldGen       total 173568K, used 17498K [0x00000006c2000000, 0x00000006cc980000, 0x000000076b580000)
  object space 173568K, 10% used [0x00000006c2000000,0x00000006c3116a60,0x00000006cc980000)
 Metaspace       used 16990K, capacity 17210K, committed 17280K, reserved 1064960K
  class space    used 1828K, capacity 1885K, committed 1920K, reserved 1048576K
Event: 87.175 GC heap after
Heap after GC invocations=379 (full 0):
 PSYoungGen      total 32256K, used 352K [0x000000076b580000, 0x000000076d600000, 0x00000007c0000000)
  eden space 31232K, 0% used [0x000000076b580000,0x000000076b580000,0x000000076d400000)
  from space 1024K, 34% used [0x000000076d400000,0x000000076d458000,0x000000076d500000)
  to   space 1024K, 0% used [0x000000076d500000,0x000000076d500000,0x000000076d600000)
 ParOldGen       total 173568K, used 17522K [0x00000006c2000000, 0x00000006cc980000, 0x000000076b580000)
  object space 173568K, 10% used [0x00000006c2000000,0x00000006c311ca60,0x00000006cc980000)
 Metaspace       used 16990K, capacity 17210K, committed 17280K, reserved 1064960K
  class space    used 1828K, capacity 1885K, committed 1920K, reserved 1048576K
}
Event: 87.383 GC heap before
{Heap before GC invocations=380 (full 0):
 PSYoungGen      total 32256K, used 31495K [0x000000076b580000, 0x000000076d600000, 0x00000007c0000000)
  eden space 31232K, 99% used [0x000000076b580000,0x000000076d3e9e90,0x000000076d400000)
  from space 1024K, 34% used [0x000000076d400000,0x000000076d458000,0x000000076d500000)
  to   space 1024K, 0% used [0x000000076d500000,0x000000076d500000,0x000000076d600000)
 ParOldGen       total 173568K, used 17522K [0x00000006c2000000, 0x00000006cc980000, 0x000000076b580000)
  object space 173568K, 10% used [0x00000006c2000000,0x00000006c311ca60,0x00000006cc980000)
 Metaspace       used 17000K, capacity 17242K, committed 17280K, reserved 1064960K
  class space    used 1830K, capacity 1917K, committed 1920K, reserved 1048576K
Event: 87.384 GC heap after
Heap after GC invocations=380 (full 0):
 PSYoungGen      total 32256K, used 480K [0x000000076b580000, 0x000000076d600000, 0x00000007c0000000)
  eden space 31232K, 0% used [0x000000076b580000,0x000000076b580000,0x000000076d400000)
  from space 1024K, 46% used [0x000000076d500000,0x000000076d578010,0x000000076d600000)
  to   space 1024K, 0% used [0x000000076d400000,0x000000076d400000,0x000000076d500000)
 ParOldGen       total 173568K, used 17538K [0x00000006c2000000, 0x00000006cc980000, 0x000000076b580000)
  object space 173568K, 10% used [0x00000006c2000000,0x00000006c3120a60,0x00000006cc980000)
 Metaspace       used 17000K, capacity 17242K, committed 17280K, reserved 1064960K
  class space    used 1830K, capacity 1917K, committed 1920K, reserved 1048576K
}
Event: 87.586 GC heap before
{Heap before GC invocations=381 (full 0):
 PSYoungGen      total 32256K, used 31712K [0x000000076b580000, 0x000000076d600000, 0x00000007c0000000)
  eden space 31232K, 100% used [0x000000076b580000,0x000000076d400000,0x000000076d400000)
  from space 1024K, 46% used [0x000000076d500000,0x000000076d578010,0x000000076d600000)
  to   space 1024K, 0% used [0x000000076d400000,0x000000076d400000,0x000000076d500000)
 ParOldGen       total 173568K, used 17538K [0x00000006c2000000, 0x00000006cc980000, 0x000000076b580000)
  object space 173568K, 10% used [0x00000006c2000000,0x00000006c3120a60,0x00000006cc980000)
 Metaspace       used 17004K, capacity 17242K, committed 17280K, reserved 1064960K
  class space    used 1830K, capacity 1917K, committed 1920K, reserved 1048576K
Event: 87.587 GC heap after
Heap after GC invocations=381 (full 0):
 PSYoungGen      total 32256K, used 416K [0x000000076b580000, 0x000000076d600000, 0x00000007c0000000)
  eden space 31232K, 0% used [0x000000076b580000,0x000000076b580000,0x000000076d400000)
  from space 1024K, 40% used [0x000000076d400000,0x000000076d468000,0x000000076d500000)
  to   space 1024K, 0% used [0x000000076d500000,0x000000076d500000,0x000000076d600000)
 ParOldGen       total 173568K, used 17578K [0x00000006c2000000, 0x00000006cc980000, 0x000000076b580000)
  object space 173568K, 10% used [0x00000006c2000000,0x00000006c312aa60,0x00000006cc980000)
 Metaspace       used 17004K, capacity 17242K, committed 17280K, reserved 1064960K
  class space    used 1830K, capacity 1917K, committed 1920K, reserved 1048576K
}
Event: 87.795 GC heap before
{Heap before GC invocations=382 (full 0):
 PSYoungGen      total 32256K, used 31648K [0x000000076b580000, 0x000000076d600000, 0x00000007c0000000)
  eden space 31232K, 100% used [0x000000076b580000,0x000000076d400000,0x000000076d400000)
  from space 1024K, 40% used [0x000000076d400000,0x000000076d468000,0x000000076d500000)
  to   space 1024K, 0% used [0x000000076d500000,0x000000076d500000,0x000000076d600000)
 ParOldGen       total 173568K, used 17578K [0x00000006c2000000, 0x00000006cc980000, 0x000000076b580000)
  object space 173568K, 10% used [0x00000006c2000000,0x00000006c312aa60,0x00000006cc980000)
 Metaspace       used 17004K, capacity 17242K, committed 17280K, reserved 1064960K
  class space    used 1830K, capacity 1917K, committed 1920K, reserved 1048576K
Event: 87.796 GC heap after
Heap after GC invocations=382 (full 0):
 PSYoungGen      total 32256K, used 512K [0x000000076b580000, 0x000000076d600000, 0x00000007c0000000)
  eden space 31232K, 0% used [0x000000076b580000,0x000000076b580000,0x000000076d400000)
  from space 1024K, 50% used [0x000000076d500000,0x000000076d580010,0x000000076d600000)
  to   space 1024K, 0% used [0x000000076d400000,0x000000076d400000,0x000000076d500000)
 ParOldGen       total 173568K, used 17618K [0x00000006c2000000, 0x00000006cc980000, 0x000000076b580000)
  object space 173568K, 10% used [0x00000006c2000000,0x00000006c3134a60,0x00000006cc980000)
 Metaspace       used 17004K, capacity 17242K, committed 17280K, reserved 1064960K
  class space    used 1830K, capacity 1917K, committed 1920K, reserved 1048576K
}
Event: 88.011 GC heap before
{Heap before GC invocations=383 (full 0):
 PSYoungGen      total 32256K, used 31744K [0x000000076b580000, 0x000000076d600000, 0x00000007c0000000)
  eden space 31232K, 100% used [0x000000076b580000,0x000000076d400000,0x000000076d400000)
  from space 1024K, 50% used [0x000000076d500000,0x000000076d580010,0x000000076d600000)
  to   space 1024K, 0% used [0x000000076d400000,0x000000076d400000,0x000000076d500000)
 ParOldGen       total 173568K, used 17618K [0x00000006c2000000, 0x00000006cc980000, 0x000000076b580000)
  object space 173568K, 10% used [0x00000006c2000000,0x00000006c3134a60,0x00000006cc980000)
 Metaspace       used 17005K, capacity 17242K, committed 17280K, reserved 1064960K
  class space    used 1830K, capacity 1917K, committed 1920K, reserved 1048576K
Event: 88.012 GC heap after
Heap after GC invocations=383 (full 0):
 PSYoungGen      total 32256K, used 384K [0x000000076b580000, 0x000000076d600000, 0x00000007c0000000)
  eden space 31232K, 0% used [0x000000076b580000,0x000000076b580000,0x000000076d400000)
  from space 1024K, 37% used [0x000000076d400000,0x000000076d460000,0x000000076d500000)
  to   space 1024K, 0% used [0x000000076d500000,0x000000076d500000,0x000000076d600000)
 ParOldGen       total 173568K, used 17642K [0x00000006c2000000, 0x00000006cc980000, 0x000000076b580000)
  object space 173568K, 10% used [0x00000006c2000000,0x00000006c313aa60,0x00000006cc980000)
 Metaspace       used 17005K, capacity 17242K, committed 17280K, reserved 1064960K
  class space    used 1830K, capacity 1917K, committed 1920K, reserved 1048576K
}

