# JRE version: Java(TM) SE Runtime Environment (8.0_91-b15) (build 1.8.0_91-b15)
# Java VM: Java HotSpot(TM) 64-Bit Server VM (25.91-b15 mixed mode windows-amd64 compressed oops)
Heap:
 PSYoungGen      total 312320K, used 105398K [0x000000076b580000, 0x000000078c680000, 0x00000007c0000000)
  eden space 243712K, 41% used [0x000000076b580000,0x00000007717a4570,0x000000077a380000)
  from space 68608K, 7% used [0x000000077a380000,0x000000077a8494e0,0x000000077e680000)
  to   space 77824K, 0% used [0x0000000787a80000,0x0000000787a80000,0x000000078c680000)
 ParOldGen       total 468992K, used 276436K [0x00000006c2000000, 0x00000006dea00000, 0x000000076b580000)
  object space 468992K, 58% used [0x00000006c2000000,0x00000006d2df52f0,0x00000006dea00000)
 Metaspace       used 12367K, capacity 12600K, committed 12800K, reserved 1060864K
  class space    used 1370K, capacity 1440K, committed 1536K, reserved 1048576K
GC Heap History (10 events):
Event: 3.282 GC heap before
{Heap before GC invocations=5 (full 0):
 PSYoungGen      total 140800K, used 140791K [0x000000076b580000, 0x0000000774980000, 0x00000007c0000000)
  eden space 130048K, 100% used [0x000000076b580000,0x0000000773480000,0x0000000773480000)
  from space 10752K, 99% used [0x0000000773f00000,0x000000077497dec8,0x0000000774980000)
  to   space 10752K, 0% used [0x0000000773480000,0x0000000773480000,0x0000000773f00000)
 ParOldGen       total 173568K, used 91631K [0x00000006c2000000, 0x00000006cc980000, 0x000000076b580000)
  object space 173568K, 52% used [0x00000006c2000000,0x00000006c797bc20,0x00000006cc980000)
 Metaspace       used 12251K, capacity 12408K, committed 12544K, reserved 1060864K
  class space    used 1370K, capacity 1440K, committed 1536K, reserved 1048576K
Event: 3.295 GC heap after
Heap after GC invocations=5 (full 0):
 PSYoungGen      total 140800K, used 10743K [0x000000076b580000, 0x0000000782980000, 0x00000007c0000000)
  eden space 130048K, 0% used [0x000000076b580000,0x000000076b580000,0x0000000773480000)
  from space 10752K, 99% used [0x0000000773480000,0x0000000773efdec8,0x0000000773f00000)
  to   space 60416K, 0% used [0x000000077ee80000,0x000000077ee80000,0x0000000782980000)
 ParOldGen       total 173568K, used 142588K [0x00000006c2000000, 0x00000006cc980000, 0x000000076b580000)
  object space 173568K, 82% used [0x00000006c2000000,0x00000006cab3f1c0,0x00000006cc980000)
 Metaspace       used 12251K, capacity 12408K, committed 12544K, reserved 1060864K
  class space    used 1370K, capacity 1440K, committed 1536K, reserved 1048576K
}
Event: 3.295 GC heap before
{Heap before GC invocations=6 (full 1):
 PSYoungGen      total 140800K, used 10743K [0x000000076b580000, 0x0000000782980000, 0x00000007c0000000)
  eden space 130048K, 0% used [0x000000076b580000,0x000000076b580000,0x0000000773480000)
  from space 10752K, 99% used [0x0000000773480000,0x0000000773efdec8,0x0000000773f00000)
  to   space 60416K, 0% used [0x000000077ee80000,0x000000077ee80000,0x0000000782980000)
 ParOldGen       total 173568K, used 142588K [0x00000006c2000000, 0x00000006cc980000, 0x000000076b580000)
  object space 173568K, 82% used [0x00000006c2000000,0x00000006cab3f1c0,0x00000006cc980000)
 Metaspace       used 12251K, capacity 12408K, committed 12544K, reserved 1060864K
  class space    used 1370K, capacity 1440K, committed 1536K, reserved 1048576K
Event: 3.321 GC heap after
Heap after GC invocations=6 (full 1):
 PSYoungGen      total 140800K, used 0K [0x000000076b580000, 0x0000000782980000, 0x00000007c0000000)
  eden space 130048K, 0% used [0x000000076b580000,0x000000076b580000,0x0000000773480000)
  from space 10752K, 0% used [0x0000000773480000,0x0000000773480000,0x0000000773f00000)
  to   space 60416K, 0% used [0x000000077ee80000,0x000000077ee80000,0x0000000782980000)
 ParOldGen       total 276992K, used 144714K [0x00000006c2000000, 0x00000006d2e80000, 0x000000076b580000)
  object space 276992K, 52% used [0x00000006c2000000,0x00000006cad52bc8,0x00000006d2e80000)
 Metaspace       used 12251K, capacity 12408K, committed 12544K, reserved 1060864K
  class space    used 1370K, capacity 1440K, committed 1536K, reserved 1048576K
}
Event: 3.865 GC heap before
{Heap before GC invocations=7 (full 1):
 PSYoungGen      total 140800K, used 130048K [0x000000076b580000, 0x0000000782980000, 0x00000007c0000000)
  eden space 130048K, 100% used [0x000000076b580000,0x0000000773480000,0x0000000773480000)
  from space 10752K, 0% used [0x0000000773480000,0x0000000773480000,0x0000000773f00000)
  to   space 60416K, 0% used [0x000000077ee80000,0x000000077ee80000,0x0000000782980000)
 ParOldGen       total 276992K, used 144714K [0x00000006c2000000, 0x00000006d2e80000, 0x000000076b580000)
  object space 276992K, 52% used [0x00000006c2000000,0x00000006cad52bc8,0x00000006d2e80000)
 Metaspace       used 12309K, capacity 12472K, committed 12800K, reserved 1060864K
  class space    used 1370K, capacity 1440K, committed 1536K, reserved 1048576K
Event: 3.876 GC heap after
Heap after GC invocations=7 (full 1):
 PSYoungGen      total 284160K, used 60215K [0x000000076b580000, 0x0000000782980000, 0x00000007c0000000)
  eden space 223744K, 0% used [0x000000076b580000,0x000000076b580000,0x0000000779000000)
  from space 60416K, 99% used [0x000000077ee80000,0x000000078294df80,0x0000000782980000)
  to   space 68608K, 0% used [0x000000077a380000,0x000000077a380000,0x000000077e680000)
 ParOldGen       total 276992K, used 146549K [0x00000006c2000000, 0x00000006d2e80000, 0x000000076b580000)
  object space 276992K, 52% used [0x00000006c2000000,0x00000006caf1d428,0x00000006d2e80000)
 Metaspace       used 12309K, capacity 12472K, committed 12800K, reserved 1060864K
  class space    used 1370K, capacity 1440K, committed 1536K, reserved 1048576K
}
Event: 4.826 GC heap before
{Heap before GC invocations=8 (full 1):
 PSYoungGen      total 284160K, used 283959K [0x000000076b580000, 0x0000000782980000, 0x00000007c0000000)
  eden space 223744K, 100% used [0x000000076b580000,0x0000000779000000,0x0000000779000000)
  from space 60416K, 99% used [0x000000077ee80000,0x000000078294df80,0x0000000782980000)
  to   space 68608K, 0% used [0x000000077a380000,0x000000077a380000,0x000000077e680000)
 ParOldGen       total 276992K, used 146549K [0x00000006c2000000, 0x00000006d2e80000, 0x000000076b580000)
  object space 276992K, 52% used [0x00000006c2000000,0x00000006caf1d428,0x00000006d2e80000)
 Metaspace       used 12336K, capacity 12536K, committed 12800K, reserved 1060864K
  class space    used 1370K, capacity 1440K, committed 1536K, reserved 1048576K
Event: 4.848 GC heap after
Heap after GC invocations=8 (full 1):
 PSYoungGen      total 312320K, used 68442K [0x000000076b580000, 0x000000078c680000, 0x00000007c0000000)
  eden space 243712K, 0% used [0x000000076b580000,0x000000076b580000,0x000000077a380000)
  from space 68608K, 99% used [0x000000077a380000,0x000000077e656ac0,0x000000077e680000)
  to   space 77824K, 0% used [0x0000000787a80000,0x0000000787a80000,0x000000078c680000)
 ParOldGen       total 276992K, used 215218K [0x00000006c2000000, 0x00000006d2e80000, 0x000000076b580000)
  object space 276992K, 77% used [0x00000006c2000000,0x00000006cf22c8a8,0x00000006d2e80000)
 Metaspace       used 12336K, capacity 12536K, committed 12800K, reserved 1060864K
  class space    used 1370K, capacity 1440K, committed 1536K, reserved 1048576K
}
Event: 4.848 GC heap before
{Heap before GC invocations=9 (full 2):
 PSYoungGen      total 312320K, used 68442K [0x000000076b580000, 0x000000078c680000, 0x00000007c0000000)
  eden space 243712K, 0% used [0x000000076b580000,0x000000076b580000,0x000000077a380000)
  from space 68608K, 99% used [0x000000077a380000,0x000000077e656ac0,0x000000077e680000)
  to   space 77824K, 0% used [0x0000000787a80000,0x0000000787a80000,0x000000078c680000)
 ParOldGen       total 276992K, used 215218K [0x00000006c2000000, 0x00000006d2e80000, 0x000000076b580000)
  object space 276992K, 77% used [0x00000006c2000000,0x00000006cf22c8a8,0x00000006d2e80000)
 Metaspace       used 12336K, capacity 12536K, committed 12800K, reserved 1060864K
  class space    used 1370K, capacity 1440K, committed 1536K, reserved 1048576K
Event: 4.894 GC heap after
Heap after GC invocations=9 (full 2):
 PSYoungGen      total 312320K, used 4901K [0x000000076b580000, 0x000000078c680000, 0x00000007c0000000)
  eden space 243712K, 0% used [0x000000076b580000,0x000000076b580000,0x000000077a380000)
  from space 68608K, 7% used [0x000000077a380000,0x000000077a8494e0,0x000000077e680000)
  to   space 77824K, 0% used [0x0000000787a80000,0x0000000787a80000,0x000000078c680000)
 ParOldGen       total 468992K, used 276436K [0x00000006c2000000, 0x00000006dea00000, 0x000000076b580000)
  object space 468992K, 58% used [0x00000006c2000000,0x00000006d2df52f0,0x00000006dea00000)
 Metaspace       used 12336K, capacity 12536K, committed 12800K, reserved 1060864K
  class space    used 1370K, capacity 1440K, committed 1536K, reserved 1048576K
}

