# JRE version: Java(TM) SE Runtime Environment (8.0_91-b15) (build 1.8.0_91-b15)
# Java VM: Java HotSpot(TM) 64-Bit Server VM (25.91-b15 mixed mode windows-amd64 compressed oops)
Heap:
 PSYoungGen      total 221184K, used 36430K [0x000000076b580000, 0x00000007b2100000, 0x00000007c0000000)
  eden space 218624K, 15% used [0x000000076b580000,0x000000076d70b908,0x0000000778b00000)
  from space 2560K, 81% used [0x00000007b1e80000,0x00000007b2088000,0x00000007b2100000)
  to   space 8192K, 0% used [0x00000007b1100000,0x00000007b1100000,0x00000007b1900000)
 ParOldGen       total 173568K, used 12972K [0x00000006c2000000, 0x00000006cc980000, 0x000000076b580000)
  object space 173568K, 7% used [0x00000006c2000000,0x00000006c2cab3c0,0x00000006cc980000)
 Metaspace       used 17462K, capacity 17694K, committed 17792K, reserved 1064960K
  class space    used 1823K, capacity 1909K, committed 1920K, reserved 1048576K
GC Heap History (10 events):
Event: 53.894 GC heap before
{Heap before GC invocations=52 (full 0):
 PSYoungGen      total 269312K, used 268896K [0x000000076b580000, 0x00000007b3700000, 0x00000007c0000000)
  eden space 266240K, 100% used [0x000000076b580000,0x000000077b980000,0x000000077b980000)
  from space 3072K, 86% used [0x00000007b2680000,0x00000007b2918010,0x00000007b2980000)
  to   space 9216K, 0% used [0x00000007b2e00000,0x00000007b2e00000,0x00000007b3700000)
 ParOldGen       total 173568K, used 12828K [0x00000006c2000000, 0x00000006cc980000, 0x000000076b580000)
  object space 173568K, 7% used [0x00000006c2000000,0x00000006c2c873c0,0x00000006cc980000)
 Metaspace       used 17371K, capacity 17598K, committed 17792K, reserved 1064960K
  class space    used 1811K, capacity 1877K, committed 1920K, reserved 1048576K
Event: 53.899 GC heap after
Heap after GC invocations=52 (full 0):
 PSYoungGen      total 259072K, used 2592K [0x000000076b580000, 0x00000007b3100000, 0x00000007c0000000)
  eden space 256000K, 0% used [0x000000076b580000,0x000000076b580000,0x000000077af80000)
  from space 3072K, 84% used [0x00000007b2e00000,0x00000007b3088010,0x00000007b3100000)
  to   space 9216K, 0% used [0x00000007b1f00000,0x00000007b1f00000,0x00000007b2800000)
 ParOldGen       total 173568K, used 12852K [0x00000006c2000000, 0x00000006cc980000, 0x000000076b580000)
  object space 173568K, 7% used [0x00000006c2000000,0x00000006c2c8d3c0,0x00000006cc980000)
 Metaspace       used 17371K, capacity 17598K, committed 17792K, reserved 1064960K
  class space    used 1811K, capacity 1877K, committed 1920K, reserved 1048576K
}
Event: 54.294 GC heap before
{Heap before GC invocations=53 (full 0):
 PSYoungGen      total 259072K, used 258592K [0x000000076b580000, 0x00000007b3100000, 0x00000007c0000000)
  eden space 256000K, 100% used [0x000000076b580000,0x000000077af80000,0x000000077af80000)
  from space 3072K, 84% used [0x00000007b2e00000,0x00000007b3088010,0x00000007b3100000)
  to   space 9216K, 0% used [0x00000007b1f00000,0x00000007b1f00000,0x00000007b2800000)
 ParOldGen       total 173568K, used 12852K [0x00000006c2000000, 0x00000006cc980000, 0x000000076b580000)
  object space 173568K, 7% used [0x00000006c2000000,0x00000006c2c8d3c0,0x00000006cc980000)
 Metaspace       used 17371K, capacity 17598K, committed 17792K, reserved 1064960K
  class space    used 1811K, capacity 1877K, committed 1920K, reserved 1048576K
Event: 54.298 GC heap after
Heap after GC invocations=53 (full 0):
 PSYoungGen      total 248832K, used 2432K [0x000000076b580000, 0x00000007b2e80000, 0x00000007c0000000)
  eden space 246272K, 0% used [0x000000076b580000,0x000000076b580000,0x000000077a600000)
  from space 2560K, 95% used [0x00000007b1f00000,0x00000007b2160010,0x00000007b2180000)
  to   space 8704K, 0% used [0x00000007b2600000,0x00000007b2600000,0x00000007b2e80000)
 ParOldGen       total 173568K, used 12884K [0x00000006c2000000, 0x00000006cc980000, 0x000000076b580000)
  object space 173568K, 7% used [0x00000006c2000000,0x00000006c2c953c0,0x00000006cc980000)
 Metaspace       used 17371K, capacity 17598K, committed 17792K, reserved 1064960K
  class space    used 1811K, capacity 1877K, committed 1920K, reserved 1048576K
}
Event: 54.674 GC heap before
{Heap before GC invocations=54 (full 0):
 PSYoungGen      total 248832K, used 248704K [0x000000076b580000, 0x00000007b2e80000, 0x00000007c0000000)
  eden space 246272K, 100% used [0x000000076b580000,0x000000077a600000,0x000000077a600000)
  from space 2560K, 95% used [0x00000007b1f00000,0x00000007b2160010,0x00000007b2180000)
  to   space 8704K, 0% used [0x00000007b2600000,0x00000007b2600000,0x00000007b2e80000)
 ParOldGen       total 173568K, used 12884K [0x00000006c2000000, 0x00000006cc980000, 0x000000076b580000)
  object space 173568K, 7% used [0x00000006c2000000,0x00000006c2c953c0,0x00000006cc980000)
 Metaspace       used 17371K, capacity 17598K, committed 17792K, reserved 1064960K
  class space    used 1812K, capacity 1877K, committed 1920K, reserved 1048576K
Event: 54.679 GC heap after
Heap after GC invocations=54 (full 0):
 PSYoungGen      total 239104K, used 2272K [0x000000076b580000, 0x00000007b2880000, 0x00000007c0000000)
  eden space 236544K, 0% used [0x000000076b580000,0x000000076b580000,0x0000000779c80000)
  from space 2560K, 88% used [0x00000007b2600000,0x00000007b2838000,0x00000007b2880000)
  to   space 8704K, 0% used [0x00000007b1780000,0x00000007b1780000,0x00000007b2000000)
 ParOldGen       total 173568K, used 12908K [0x00000006c2000000, 0x00000006cc980000, 0x000000076b580000)
  object space 173568K, 7% used [0x00000006c2000000,0x00000006c2c9b3c0,0x00000006cc980000)
 Metaspace       used 17371K, capacity 17598K, committed 17792K, reserved 1064960K
  class space    used 1812K, capacity 1877K, committed 1920K, reserved 1048576K
}
Event: 55.020 GC heap before
{Heap before GC invocations=55 (full 0):
 PSYoungGen      total 239104K, used 238816K [0x000000076b580000, 0x00000007b2880000, 0x00000007c0000000)
  eden space 236544K, 100% used [0x000000076b580000,0x0000000779c80000,0x0000000779c80000)
  from space 2560K, 88% used [0x00000007b2600000,0x00000007b2838000,0x00000007b2880000)
  to   space 8704K, 0% used [0x00000007b1780000,0x00000007b1780000,0x00000007b2000000)
 ParOldGen       total 173568K, used 12908K [0x00000006c2000000, 0x00000006cc980000, 0x000000076b580000)
  object space 173568K, 7% used [0x00000006c2000000,0x00000006c2c9b3c0,0x00000006cc980000)
 Metaspace       used 17371K, capacity 17598K, committed 17792K, reserved 1064960K
  class space    used 1812K, capacity 1877K, committed 1920K, reserved 1048576K
Event: 55.024 GC heap after
Heap after GC invocations=55 (full 0):
 PSYoungGen      total 229888K, used 2176K [0x000000076b580000, 0x00000007b2680000, 0x00000007c0000000)
  eden space 227328K, 0% used [0x000000076b580000,0x000000076b580000,0x0000000779380000)
  from space 2560K, 85% used [0x00000007b1780000,0x00000007b19a0000,0x00000007b1a00000)
  to   space 8192K, 0% used [0x00000007b1e80000,0x00000007b1e80000,0x00000007b2680000)
 ParOldGen       total 173568K, used 12940K [0x00000006c2000000, 0x00000006cc980000, 0x000000076b580000)
  object space 173568K, 7% used [0x00000006c2000000,0x00000006c2ca33c0,0x00000006cc980000)
 Metaspace       used 17371K, capacity 17598K, committed 17792K, reserved 1064960K
  class space    used 1812K, capacity 1877K, committed 1920K, reserved 1048576K
}
Event: 55.372 GC heap before
{Heap before GC invocations=56 (full 0):
 PSYoungGen      total 229888K, used 229504K [0x000000076b580000, 0x00000007b2680000, 0x00000007c0000000)
  eden space 227328K, 100% used [0x000000076b580000,0x0000000779380000,0x0000000779380000)
  from space 2560K, 85% used [0x00000007b1780000,0x00000007b19a0000,0x00000007b1a00000)
  to   space 8192K, 0% used [0x00000007b1e80000,0x00000007b1e80000,0x00000007b2680000)
 ParOldGen       total 173568K, used 12940K [0x00000006c2000000, 0x00000006cc980000, 0x000000076b580000)
  object space 173568K, 7% used [0x00000006c2000000,0x00000006c2ca33c0,0x00000006cc980000)
 Metaspace       used 17371K, capacity 17598K, committed 17792K, reserved 1064960K
  class space    used 1812K, capacity 1877K, committed 1920K, reserved 1048576K
Event: 55.376 GC heap after
Heap after GC invocations=56 (full 0):
 PSYoungGen      total 221184K, used 2080K [0x000000076b580000, 0x00000007b2100000, 0x00000007c0000000)
  eden space 218624K, 0% used [0x000000076b580000,0x000000076b580000,0x0000000778b00000)
  from space 2560K, 81% used [0x00000007b1e80000,0x00000007b2088000,0x00000007b2100000)
  to   space 8192K, 0% used [0x00000007b1100000,0x00000007b1100000,0x00000007b1900000)
 ParOldGen       total 173568K, used 12972K [0x00000006c2000000, 0x00000006cc980000, 0x000000076b580000)
  object space 173568K, 7% used [0x00000006c2000000,0x00000006c2cab3c0,0x00000006cc980000)
 Metaspace       used 17371K, capacity 17598K, committed 17792K, reserved 1064960K
  class space    used 1812K, capacity 1877K, committed 1920K, reserved 1048576K
}

