# JRE version: Java(TM) SE Runtime Environment (8.0_91-b15) (build 1.8.0_91-b15)
# Java VM: Java HotSpot(TM) 64-Bit Server VM (25.91-b15 mixed mode windows-amd64 compressed oops)
Heap:
 PSYoungGen      total 32256K, used 10929K [0x000000076b580000, 0x000000076d600000, 0x00000007c0000000)
  eden space 31232K, 33% used [0x000000076b580000,0x000000076bfb46f0,0x000000076d400000)
  from space 1024K, 46% used [0x000000076d400000,0x000000076d478010,0x000000076d500000)
  to   space 1024K, 0% used [0x000000076d500000,0x000000076d500000,0x000000076d600000)
 ParOldGen       total 173568K, used 12029K [0x00000006c2000000, 0x00000006cc980000, 0x000000076b580000)
  object space 173568K, 6% used [0x00000006c2000000,0x00000006c2bbf4d0,0x00000006cc980000)
 Metaspace       used 17438K, capacity 17694K, committed 17792K, reserved 1064960K
  class space    used 1823K, capacity 1909K, committed 1920K, reserved 1048576K
GC Heap History (10 events):
Event: 334.155 GC heap before
{Heap before GC invocations=185 (full 0):
 PSYoungGen      total 32256K, used 31704K [0x000000076b580000, 0x000000076d600000, 0x00000007c0000000)
  eden space 31232K, 99% used [0x000000076b580000,0x000000076d3f61b0,0x000000076d400000)
  from space 1024K, 50% used [0x000000076d500000,0x000000076d580010,0x000000076d600000)
  to   space 1024K, 0% used [0x000000076d400000,0x000000076d400000,0x000000076d500000)
 ParOldGen       total 173568K, used 11909K [0x00000006c2000000, 0x00000006cc980000, 0x000000076b580000)
  object space 173568K, 6% used [0x00000006c2000000,0x00000006c2ba14d0,0x00000006cc980000)
 Metaspace       used 17436K, capacity 17694K, committed 17792K, reserved 1064960K
  class space    used 1823K, capacity 1909K, committed 1920K, reserved 1048576K
Event: 334.156 GC heap after
Heap after GC invocations=185 (full 0):
 PSYoungGen      total 32256K, used 416K [0x000000076b580000, 0x000000076d600000, 0x00000007c0000000)
  eden space 31232K, 0% used [0x000000076b580000,0x000000076b580000,0x000000076d400000)
  from space 1024K, 40% used [0x000000076d400000,0x000000076d468010,0x000000076d500000)
  to   space 1024K, 0% used [0x000000076d500000,0x000000076d500000,0x000000076d600000)
 ParOldGen       total 173568K, used 11941K [0x00000006c2000000, 0x00000006cc980000, 0x000000076b580000)
  object space 173568K, 6% used [0x00000006c2000000,0x00000006c2ba94d0,0x00000006cc980000)
 Metaspace       used 17436K, capacity 17694K, committed 17792K, reserved 1064960K
  class space    used 1823K, capacity 1909K, committed 1920K, reserved 1048576K
}
Event: 335.712 GC heap before
{Heap before GC invocations=186 (full 0):
 PSYoungGen      total 32256K, used 31648K [0x000000076b580000, 0x000000076d600000, 0x00000007c0000000)
  eden space 31232K, 100% used [0x000000076b580000,0x000000076d400000,0x000000076d400000)
  from space 1024K, 40% used [0x000000076d400000,0x000000076d468010,0x000000076d500000)
  to   space 1024K, 0% used [0x000000076d500000,0x000000076d500000,0x000000076d600000)
 ParOldGen       total 173568K, used 11941K [0x00000006c2000000, 0x00000006cc980000, 0x000000076b580000)
  object space 173568K, 6% used [0x00000006c2000000,0x00000006c2ba94d0,0x00000006cc980000)
 Metaspace       used 17436K, capacity 17694K, committed 17792K, reserved 1064960K
  class space    used 1823K, capacity 1909K, committed 1920K, reserved 1048576K
Event: 335.713 GC heap after
Heap after GC invocations=186 (full 0):
 PSYoungGen      total 32256K, used 512K [0x000000076b580000, 0x000000076d600000, 0x00000007c0000000)
  eden space 31232K, 0% used [0x000000076b580000,0x000000076b580000,0x000000076d400000)
  from space 1024K, 50% used [0x000000076d500000,0x000000076d580010,0x000000076d600000)
  to   space 1024K, 0% used [0x000000076d400000,0x000000076d400000,0x000000076d500000)
 ParOldGen       total 173568K, used 11965K [0x00000006c2000000, 0x00000006cc980000, 0x000000076b580000)
  object space 173568K, 6% used [0x00000006c2000000,0x00000006c2baf4d0,0x00000006cc980000)
 Metaspace       used 17436K, capacity 17694K, committed 17792K, reserved 1064960K
  class space    used 1823K, capacity 1909K, committed 1920K, reserved 1048576K
}
Event: 337.276 GC heap before
{Heap before GC invocations=187 (full 0):
 PSYoungGen      total 32256K, used 31744K [0x000000076b580000, 0x000000076d600000, 0x00000007c0000000)
  eden space 31232K, 100% used [0x000000076b580000,0x000000076d400000,0x000000076d400000)
  from space 1024K, 50% used [0x000000076d500000,0x000000076d580010,0x000000076d600000)
  to   space 1024K, 0% used [0x000000076d400000,0x000000076d400000,0x000000076d500000)
 ParOldGen       total 173568K, used 11965K [0x00000006c2000000, 0x00000006cc980000, 0x000000076b580000)
  object space 173568K, 6% used [0x00000006c2000000,0x00000006c2baf4d0,0x00000006cc980000)
 Metaspace       used 17436K, capacity 17694K, committed 17792K, reserved 1064960K
  class space    used 1823K, capacity 1909K, committed 1920K, reserved 1048576K
Event: 337.277 GC heap after
Heap after GC invocations=187 (full 0):
 PSYoungGen      total 32256K, used 416K [0x000000076b580000, 0x000000076d600000, 0x00000007c0000000)
  eden space 31232K, 0% used [0x000000076b580000,0x000000076b580000,0x000000076d400000)
  from space 1024K, 40% used [0x000000076d400000,0x000000076d468010,0x000000076d500000)
  to   space 1024K, 0% used [0x000000076d500000,0x000000076d500000,0x000000076d600000)
 ParOldGen       total 173568K, used 11981K [0x00000006c2000000, 0x00000006cc980000, 0x000000076b580000)
  object space 173568K, 6% used [0x00000006c2000000,0x00000006c2bb34d0,0x00000006cc980000)
 Metaspace       used 17436K, capacity 17694K, committed 17792K, reserved 1064960K
  class space    used 1823K, capacity 1909K, committed 1920K, reserved 1048576K
}
Event: 338.939 GC heap before
{Heap before GC invocations=188 (full 0):
 PSYoungGen      total 32256K, used 31648K [0x000000076b580000, 0x000000076d600000, 0x00000007c0000000)
  eden space 31232K, 100% used [0x000000076b580000,0x000000076d400000,0x000000076d400000)
  from space 1024K, 40% used [0x000000076d400000,0x000000076d468010,0x000000076d500000)
  to   space 1024K, 0% used [0x000000076d500000,0x000000076d500000,0x000000076d600000)
 ParOldGen       total 173568K, used 11981K [0x00000006c2000000, 0x00000006cc980000, 0x000000076b580000)
  object space 173568K, 6% used [0x00000006c2000000,0x00000006c2bb34d0,0x00000006cc980000)
 Metaspace       used 17436K, capacity 17694K, committed 17792K, reserved 1064960K
  class space    used 1823K, capacity 1909K, committed 1920K, reserved 1048576K
Event: 338.940 GC heap after
Heap after GC invocations=188 (full 0):
 PSYoungGen      total 32256K, used 352K [0x000000076b580000, 0x000000076d600000, 0x00000007c0000000)
  eden space 31232K, 0% used [0x000000076b580000,0x000000076b580000,0x000000076d400000)
  from space 1024K, 34% used [0x000000076d500000,0x000000076d558000,0x000000076d600000)
  to   space 1024K, 0% used [0x000000076d400000,0x000000076d400000,0x000000076d500000)
 ParOldGen       total 173568K, used 12013K [0x00000006c2000000, 0x00000006cc980000, 0x000000076b580000)
  object space 173568K, 6% used [0x00000006c2000000,0x00000006c2bbb4d0,0x00000006cc980000)
 Metaspace       used 17436K, capacity 17694K, committed 17792K, reserved 1064960K
  class space    used 1823K, capacity 1909K, committed 1920K, reserved 1048576K
}
Event: 340.496 GC heap before
{Heap before GC invocations=189 (full 0):
 PSYoungGen      total 32256K, used 31584K [0x000000076b580000, 0x000000076d600000, 0x00000007c0000000)
  eden space 31232K, 100% used [0x000000076b580000,0x000000076d400000,0x000000076d400000)
  from space 1024K, 34% used [0x000000076d500000,0x000000076d558000,0x000000076d600000)
  to   space 1024K, 0% used [0x000000076d400000,0x000000076d400000,0x000000076d500000)
 ParOldGen       total 173568K, used 12013K [0x00000006c2000000, 0x00000006cc980000, 0x000000076b580000)
  object space 173568K, 6% used [0x00000006c2000000,0x00000006c2bbb4d0,0x00000006cc980000)
 Metaspace       used 17437K, capacity 17694K, committed 17792K, reserved 1064960K
  class space    used 1823K, capacity 1909K, committed 1920K, reserved 1048576K
Event: 340.497 GC heap after
Heap after GC invocations=189 (full 0):
 PSYoungGen      total 32256K, used 480K [0x000000076b580000, 0x000000076d600000, 0x00000007c0000000)
  eden space 31232K, 0% used [0x000000076b580000,0x000000076b580000,0x000000076d400000)
  from space 1024K, 46% used [0x000000076d400000,0x000000076d478010,0x000000076d500000)
  to   space 1024K, 0% used [0x000000076d500000,0x000000076d500000,0x000000076d600000)
 ParOldGen       total 173568K, used 12029K [0x00000006c2000000, 0x00000006cc980000, 0x000000076b580000)
  object space 173568K, 6% used [0x00000006c2000000,0x00000006c2bbf4d0,0x00000006cc980000)
 Metaspace       used 17437K, capacity 17694K, committed 17792K, reserved 1064960K
  class space    used 1823K, capacity 1909K, committed 1920K, reserved 1048576K
}

