# JRE version: Java(TM) SE Runtime Environment (8.0_91-b15) (build 1.8.0_91-b15)
# Java VM: Java HotSpot(TM) 64-Bit Server VM (25.91-b15 mixed mode windows-amd64 compressed oops)
Heap:
 PSYoungGen      total 45568K, used 7729K [0x000000076b580000, 0x000000076f280000, 0x00000007c0000000)
  eden space 45056K, 16% used [0x000000076b580000,0x000000076bc9c4a8,0x000000076e180000)
  from space 512K, 87% used [0x000000076e200000,0x000000076e270000,0x000000076e280000)
  to   space 8704K, 0% used [0x000000076ea00000,0x000000076ea00000,0x000000076f280000)
 ParOldGen       total 173568K, used 9023K [0x00000006c2000000, 0x00000006cc980000, 0x000000076b580000)
  object space 173568K, 5% used [0x00000006c2000000,0x00000006c28cfff8,0x00000006cc980000)
 Metaspace       used 17441K, capacity 17602K, committed 17920K, reserved 1064960K
  class space    used 1878K, capacity 1941K, committed 2048K, reserved 1048576K
GC Heap History (10 events):
Event: 10.017 GC heap before
{Heap before GC invocations=21 (full 0):
 PSYoungGen      total 57344K, used 48160K [0x000000076b580000, 0x000000076fa00000, 0x00000007c0000000)
  eden space 47616K, 100% used [0x000000076b580000,0x000000076e400000,0x000000076e400000)
  from space 9728K, 5% used [0x000000076f080000,0x000000076f108000,0x000000076fa00000)
  to   space 11264K, 0% used [0x000000076e400000,0x000000076e400000,0x000000076ef00000)
 ParOldGen       total 173568K, used 8879K [0x00000006c2000000, 0x00000006cc980000, 0x000000076b580000)
  object space 173568K, 5% used [0x00000006c2000000,0x00000006c28abff8,0x00000006cc980000)
 Metaspace       used 17389K, capacity 17602K, committed 17920K, reserved 1064960K
  class space    used 1876K, capacity 1941K, committed 2048K, reserved 1048576K
Event: 10.018 GC heap after
Heap after GC invocations=21 (full 0):
 PSYoungGen      total 48128K, used 576K [0x000000076b580000, 0x000000076f880000, 0x00000007c0000000)
  eden space 47104K, 0% used [0x000000076b580000,0x000000076b580000,0x000000076e380000)
  from space 1024K, 56% used [0x000000076e400000,0x000000076e490010,0x000000076e500000)
  to   space 10752K, 0% used [0x000000076ee00000,0x000000076ee00000,0x000000076f880000)
 ParOldGen       total 173568K, used 8903K [0x00000006c2000000, 0x00000006cc980000, 0x000000076b580000)
  object space 173568K, 5% used [0x00000006c2000000,0x00000006c28b1ff8,0x00000006cc980000)
 Metaspace       used 17389K, capacity 17602K, committed 17920K, reserved 1064960K
  class space    used 1876K, capacity 1941K, committed 2048K, reserved 1048576K
}
Event: 10.338 GC heap before
{Heap before GC invocations=22 (full 0):
 PSYoungGen      total 48128K, used 47680K [0x000000076b580000, 0x000000076f880000, 0x00000007c0000000)
  eden space 47104K, 100% used [0x000000076b580000,0x000000076e380000,0x000000076e380000)
  from space 1024K, 56% used [0x000000076e400000,0x000000076e490010,0x000000076e500000)
  to   space 10752K, 0% used [0x000000076ee00000,0x000000076ee00000,0x000000076f880000)
 ParOldGen       total 173568K, used 8903K [0x00000006c2000000, 0x00000006cc980000, 0x000000076b580000)
  object space 173568K, 5% used [0x00000006c2000000,0x00000006c28b1ff8,0x00000006cc980000)
 Metaspace       used 17428K, capacity 17602K, committed 17920K, reserved 1064960K
  class space    used 1876K, capacity 1941K, committed 2048K, reserved 1048576K
Event: 10.339 GC heap after
Heap after GC invocations=22 (full 0):
 PSYoungGen      total 55808K, used 608K [0x000000076b580000, 0x000000076f700000, 0x00000007c0000000)
  eden space 46592K, 0% used [0x000000076b580000,0x000000076b580000,0x000000076e300000)
  from space 9216K, 6% used [0x000000076ee00000,0x000000076ee98010,0x000000076f700000)
  to   space 10240K, 0% used [0x000000076e300000,0x000000076e300000,0x000000076ed00000)
 ParOldGen       total 173568K, used 8935K [0x00000006c2000000, 0x00000006cc980000, 0x000000076b580000)
  object space 173568K, 5% used [0x00000006c2000000,0x00000006c28b9ff8,0x00000006cc980000)
 Metaspace       used 17428K, capacity 17602K, committed 17920K, reserved 1064960K
  class space    used 1876K, capacity 1941K, committed 2048K, reserved 1048576K
}
Event: 10.652 GC heap before
{Heap before GC invocations=23 (full 0):
 PSYoungGen      total 55808K, used 47200K [0x000000076b580000, 0x000000076f700000, 0x00000007c0000000)
  eden space 46592K, 100% used [0x000000076b580000,0x000000076e300000,0x000000076e300000)
  from space 9216K, 6% used [0x000000076ee00000,0x000000076ee98010,0x000000076f700000)
  to   space 10240K, 0% used [0x000000076e300000,0x000000076e300000,0x000000076ed00000)
 ParOldGen       total 173568K, used 8935K [0x00000006c2000000, 0x00000006cc980000, 0x000000076b580000)
  object space 173568K, 5% used [0x00000006c2000000,0x00000006c28b9ff8,0x00000006cc980000)
 Metaspace       used 17428K, capacity 17602K, committed 17920K, reserved 1064960K
  class space    used 1876K, capacity 1941K, committed 2048K, reserved 1048576K
Event: 10.653 GC heap after
Heap after GC invocations=23 (full 0):
 PSYoungGen      total 46592K, used 480K [0x000000076b580000, 0x000000076f580000, 0x00000007c0000000)
  eden space 46080K, 0% used [0x000000076b580000,0x000000076b580000,0x000000076e280000)
  from space 512K, 93% used [0x000000076e300000,0x000000076e378000,0x000000076e380000)
  to   space 9728K, 0% used [0x000000076ec00000,0x000000076ec00000,0x000000076f580000)
 ParOldGen       total 173568K, used 8975K [0x00000006c2000000, 0x00000006cc980000, 0x000000076b580000)
  object space 173568K, 5% used [0x00000006c2000000,0x00000006c28c3ff8,0x00000006cc980000)
 Metaspace       used 17428K, capacity 17602K, committed 17920K, reserved 1064960K
  class space    used 1876K, capacity 1941K, committed 2048K, reserved 1048576K
}
Event: 10.972 GC heap before
{Heap before GC invocations=24 (full 0):
 PSYoungGen      total 46592K, used 46560K [0x000000076b580000, 0x000000076f580000, 0x00000007c0000000)
  eden space 46080K, 100% used [0x000000076b580000,0x000000076e280000,0x000000076e280000)
  from space 512K, 93% used [0x000000076e300000,0x000000076e378000,0x000000076e380000)
  to   space 9728K, 0% used [0x000000076ec00000,0x000000076ec00000,0x000000076f580000)
 ParOldGen       total 173568K, used 8975K [0x00000006c2000000, 0x00000006cc980000, 0x000000076b580000)
  object space 173568K, 5% used [0x00000006c2000000,0x00000006c28c3ff8,0x00000006cc980000)
 Metaspace       used 17429K, capacity 17602K, committed 17920K, reserved 1064960K
  class space    used 1877K, capacity 1941K, committed 2048K, reserved 1048576K
Event: 10.974 GC heap after
Heap after GC invocations=24 (full 0):
 PSYoungGen      total 53760K, used 544K [0x000000076b580000, 0x000000076f400000, 0x00000007c0000000)
  eden space 45568K, 0% used [0x000000076b580000,0x000000076b580000,0x000000076e200000)
  from space 8192K, 6% used [0x000000076ec00000,0x000000076ec88000,0x000000076f400000)
  to   space 9216K, 0% used [0x000000076e200000,0x000000076e200000,0x000000076eb00000)
 ParOldGen       total 173568K, used 8999K [0x00000006c2000000, 0x00000006cc980000, 0x000000076b580000)
  object space 173568K, 5% used [0x00000006c2000000,0x00000006c28c9ff8,0x00000006cc980000)
 Metaspace       used 17429K, capacity 17602K, committed 17920K, reserved 1064960K
  class space    used 1877K, capacity 1941K, committed 2048K, reserved 1048576K
}
Event: 11.272 GC heap before
{Heap before GC invocations=25 (full 0):
 PSYoungGen      total 53760K, used 46112K [0x000000076b580000, 0x000000076f400000, 0x00000007c0000000)
  eden space 45568K, 100% used [0x000000076b580000,0x000000076e200000,0x000000076e200000)
  from space 8192K, 6% used [0x000000076ec00000,0x000000076ec88000,0x000000076f400000)
  to   space 9216K, 0% used [0x000000076e200000,0x000000076e200000,0x000000076eb00000)
 ParOldGen       total 173568K, used 8999K [0x00000006c2000000, 0x00000006cc980000, 0x000000076b580000)
  object space 173568K, 5% used [0x00000006c2000000,0x00000006c28c9ff8,0x00000006cc980000)
 Metaspace       used 17441K, capacity 17602K, committed 17920K, reserved 1064960K
  class space    used 1878K, capacity 1941K, committed 2048K, reserved 1048576K
Event: 11.275 GC heap after
Heap after GC invocations=25 (full 0):
 PSYoungGen      total 45568K, used 448K [0x000000076b580000, 0x000000076f280000, 0x00000007c0000000)
  eden space 45056K, 0% used [0x000000076b580000,0x000000076b580000,0x000000076e180000)
  from space 512K, 87% used [0x000000076e200000,0x000000076e270000,0x000000076e280000)
  to   space 8704K, 0% used [0x000000076ea00000,0x000000076ea00000,0x000000076f280000)
 ParOldGen       total 173568K, used 9023K [0x00000006c2000000, 0x00000006cc980000, 0x000000076b580000)
  object space 173568K, 5% used [0x00000006c2000000,0x00000006c28cfff8,0x00000006cc980000)
 Metaspace       used 17441K, capacity 17602K, committed 17920K, reserved 1064960K
  class space    used 1878K, capacity 1941K, committed 2048K, reserved 1048576K
}

