# JRE version: Java(TM) SE Runtime Environment (8.0_91-b15) (build 1.8.0_91-b15)
# Java VM: Java HotSpot(TM) 64-Bit Server VM (25.91-b15 mixed mode windows-amd64 compressed oops)
Heap:
 PSYoungGen      total 221184K, used 73983K [0x000000076b580000, 0x00000007b2200000, 0x00000007c0000000)
  eden space 218624K, 32% used [0x000000076b580000,0x000000076fb9fe60,0x0000000778b00000)
  from space 2560K, 85% used [0x00000007b1f80000,0x00000007b21a0010,0x00000007b2200000)
  to   space 8192K, 0% used [0x00000007b1200000,0x00000007b1200000,0x00000007b1a00000)
 ParOldGen       total 173568K, used 13091K [0x00000006c2000000, 0x00000006cc980000, 0x000000076b580000)
  object space 173568K, 7% used [0x00000006c2000000,0x00000006c2cc8e10,0x00000006cc980000)
 Metaspace       used 17486K, capacity 17726K, committed 17920K, reserved 1064960K
  class space    used 1832K, capacity 1941K, committed 2048K, reserved 1048576K
GC Heap History (10 events):
Event: 54.527 GC heap before
{Heap before GC invocations=52 (full 0):
 PSYoungGen      total 269312K, used 268928K [0x000000076b580000, 0x00000007b3800000, 0x00000007c0000000)
  eden space 266240K, 100% used [0x000000076b580000,0x000000077b980000,0x000000077b980000)
  from space 3072K, 87% used [0x00000007b2780000,0x00000007b2a20010,0x00000007b2a80000)
  to   space 9216K, 0% used [0x00000007b2f00000,0x00000007b2f00000,0x00000007b3800000)
 ParOldGen       total 173568K, used 12955K [0x00000006c2000000, 0x00000006cc980000, 0x000000076b580000)
  object space 173568K, 7% used [0x00000006c2000000,0x00000006c2ca6e10,0x00000006cc980000)
 Metaspace       used 17413K, capacity 17630K, committed 17792K, reserved 1064960K
  class space    used 1824K, capacity 1909K, committed 1920K, reserved 1048576K
Event: 54.531 GC heap after
Heap after GC invocations=52 (full 0):
 PSYoungGen      total 258560K, used 2464K [0x000000076b580000, 0x00000007b3180000, 0x00000007c0000000)
  eden space 256000K, 0% used [0x000000076b580000,0x000000076b580000,0x000000077af80000)
  from space 2560K, 96% used [0x00000007b2f00000,0x00000007b3168010,0x00000007b3180000)
  to   space 9216K, 0% used [0x00000007b1f80000,0x00000007b1f80000,0x00000007b2880000)
 ParOldGen       total 173568K, used 12987K [0x00000006c2000000, 0x00000006cc980000, 0x000000076b580000)
  object space 173568K, 7% used [0x00000006c2000000,0x00000006c2caee10,0x00000006cc980000)
 Metaspace       used 17413K, capacity 17630K, committed 17792K, reserved 1064960K
  class space    used 1824K, capacity 1909K, committed 1920K, reserved 1048576K
}
Event: 54.926 GC heap before
{Heap before GC invocations=53 (full 0):
 PSYoungGen      total 258560K, used 258464K [0x000000076b580000, 0x00000007b3180000, 0x00000007c0000000)
  eden space 256000K, 100% used [0x000000076b580000,0x000000077af80000,0x000000077af80000)
  from space 2560K, 96% used [0x00000007b2f00000,0x00000007b3168010,0x00000007b3180000)
  to   space 9216K, 0% used [0x00000007b1f80000,0x00000007b1f80000,0x00000007b2880000)
 ParOldGen       total 173568K, used 12987K [0x00000006c2000000, 0x00000006cc980000, 0x000000076b580000)
  object space 173568K, 7% used [0x00000006c2000000,0x00000006c2caee10,0x00000006cc980000)
 Metaspace       used 17413K, capacity 17630K, committed 17792K, reserved 1064960K
  class space    used 1824K, capacity 1909K, committed 1920K, reserved 1048576K
Event: 54.930 GC heap after
Heap after GC invocations=53 (full 0):
 PSYoungGen      total 248832K, used 2400K [0x000000076b580000, 0x00000007b2f80000, 0x00000007c0000000)
  eden space 246272K, 0% used [0x000000076b580000,0x000000076b580000,0x000000077a600000)
  from space 2560K, 93% used [0x00000007b1f80000,0x00000007b21d8010,0x00000007b2200000)
  to   space 8704K, 0% used [0x00000007b2700000,0x00000007b2700000,0x00000007b2f80000)
 ParOldGen       total 173568K, used 13019K [0x00000006c2000000, 0x00000006cc980000, 0x000000076b580000)
  object space 173568K, 7% used [0x00000006c2000000,0x00000006c2cb6e10,0x00000006cc980000)
 Metaspace       used 17413K, capacity 17630K, committed 17792K, reserved 1064960K
  class space    used 1824K, capacity 1909K, committed 1920K, reserved 1048576K
}
Event: 55.320 GC heap before
{Heap before GC invocations=54 (full 0):
 PSYoungGen      total 248832K, used 248672K [0x000000076b580000, 0x00000007b2f80000, 0x00000007c0000000)
  eden space 246272K, 100% used [0x000000076b580000,0x000000077a600000,0x000000077a600000)
  from space 2560K, 93% used [0x00000007b1f80000,0x00000007b21d8010,0x00000007b2200000)
  to   space 8704K, 0% used [0x00000007b2700000,0x00000007b2700000,0x00000007b2f80000)
 ParOldGen       total 173568K, used 13019K [0x00000006c2000000, 0x00000006cc980000, 0x000000076b580000)
  object space 173568K, 7% used [0x00000006c2000000,0x00000006c2cb6e10,0x00000006cc980000)
 Metaspace       used 17413K, capacity 17630K, committed 17792K, reserved 1064960K
  class space    used 1824K, capacity 1909K, committed 1920K, reserved 1048576K
Event: 55.325 GC heap after
Heap after GC invocations=54 (full 0):
 PSYoungGen      total 239104K, used 2304K [0x000000076b580000, 0x00000007b2980000, 0x00000007c0000000)
  eden space 236544K, 0% used [0x000000076b580000,0x000000076b580000,0x0000000779c80000)
  from space 2560K, 90% used [0x00000007b2700000,0x00000007b2940010,0x00000007b2980000)
  to   space 8704K, 0% used [0x00000007b1880000,0x00000007b1880000,0x00000007b2100000)
 ParOldGen       total 173568K, used 13043K [0x00000006c2000000, 0x00000006cc980000, 0x000000076b580000)
  object space 173568K, 7% used [0x00000006c2000000,0x00000006c2cbce10,0x00000006cc980000)
 Metaspace       used 17413K, capacity 17630K, committed 17792K, reserved 1064960K
  class space    used 1824K, capacity 1909K, committed 1920K, reserved 1048576K
}
Event: 55.698 GC heap before
{Heap before GC invocations=55 (full 0):
 PSYoungGen      total 239104K, used 238848K [0x000000076b580000, 0x00000007b2980000, 0x00000007c0000000)
  eden space 236544K, 100% used [0x000000076b580000,0x0000000779c80000,0x0000000779c80000)
  from space 2560K, 90% used [0x00000007b2700000,0x00000007b2940010,0x00000007b2980000)
  to   space 8704K, 0% used [0x00000007b1880000,0x00000007b1880000,0x00000007b2100000)
 ParOldGen       total 173568K, used 13043K [0x00000006c2000000, 0x00000006cc980000, 0x000000076b580000)
  object space 173568K, 7% used [0x00000006c2000000,0x00000006c2cbce10,0x00000006cc980000)
 Metaspace       used 17413K, capacity 17630K, committed 17792K, reserved 1064960K
  class space    used 1824K, capacity 1909K, committed 1920K, reserved 1048576K
Event: 55.702 GC heap after
Heap after GC invocations=55 (full 0):
 PSYoungGen      total 229888K, used 2208K [0x000000076b580000, 0x00000007b2780000, 0x00000007c0000000)
  eden space 227328K, 0% used [0x000000076b580000,0x000000076b580000,0x0000000779380000)
  from space 2560K, 86% used [0x00000007b1880000,0x00000007b1aa8010,0x00000007b1b00000)
  to   space 8192K, 0% used [0x00000007b1f80000,0x00000007b1f80000,0x00000007b2780000)
 ParOldGen       total 173568K, used 13067K [0x00000006c2000000, 0x00000006cc980000, 0x000000076b580000)
  object space 173568K, 7% used [0x00000006c2000000,0x00000006c2cc2e10,0x00000006cc980000)
 Metaspace       used 17413K, capacity 17630K, committed 17792K, reserved 1064960K
  class space    used 1824K, capacity 1909K, committed 1920K, reserved 1048576K
}
Event: 56.026 GC heap before
{Heap before GC invocations=56 (full 0):
 PSYoungGen      total 229888K, used 229536K [0x000000076b580000, 0x00000007b2780000, 0x00000007c0000000)
  eden space 227328K, 100% used [0x000000076b580000,0x0000000779380000,0x0000000779380000)
  from space 2560K, 86% used [0x00000007b1880000,0x00000007b1aa8010,0x00000007b1b00000)
  to   space 8192K, 0% used [0x00000007b1f80000,0x00000007b1f80000,0x00000007b2780000)
 ParOldGen       total 173568K, used 13067K [0x00000006c2000000, 0x00000006cc980000, 0x000000076b580000)
  object space 173568K, 7% used [0x00000006c2000000,0x00000006c2cc2e10,0x00000006cc980000)
 Metaspace       used 17413K, capacity 17630K, committed 17792K, reserved 1064960K
  class space    used 1824K, capacity 1909K, committed 1920K, reserved 1048576K
Event: 56.029 GC heap after
Heap after GC invocations=56 (full 0):
 PSYoungGen      total 221184K, used 2176K [0x000000076b580000, 0x00000007b2200000, 0x00000007c0000000)
  eden space 218624K, 0% used [0x000000076b580000,0x000000076b580000,0x0000000778b00000)
  from space 2560K, 85% used [0x00000007b1f80000,0x00000007b21a0010,0x00000007b2200000)
  to   space 8192K, 0% used [0x00000007b1200000,0x00000007b1200000,0x00000007b1a00000)
 ParOldGen       total 173568K, used 13091K [0x00000006c2000000, 0x00000006cc980000, 0x000000076b580000)
  object space 173568K, 7% used [0x00000006c2000000,0x00000006c2cc8e10,0x00000006cc980000)
 Metaspace       used 17413K, capacity 17630K, committed 17792K, reserved 1064960K
  class space    used 1824K, capacity 1909K, committed 1920K, reserved 1048576K
}

