# JRE version: Java(TM) SE Runtime Environment (8.0_91-b15) (build 1.8.0_91-b15)
# Java VM: Java HotSpot(TM) 64-Bit Server VM (25.91-b15 mixed mode windows-amd64 compressed oops)
Heap:
 PSYoungGen      total 69120K, used 29852K [0x000000076b580000, 0x0000000783080000, 0x00000007c0000000)
  eden space 68608K, 43% used [0x000000076b580000,0x000000076d29f0b0,0x000000076f880000)
  from space 512K, 6% used [0x0000000783000000,0x0000000783008000,0x0000000783080000)
  to   space 512K, 0% used [0x0000000782f80000,0x0000000782f80000,0x0000000783000000)
 ParOldGen       total 173568K, used 2589K [0x00000006c2000000, 0x00000006cc980000, 0x000000076b580000)
  object space 173568K, 1% used [0x00000006c2000000,0x00000006c22876a0,0x00000006cc980000)
 Metaspace       used 10917K, capacity 11128K, committed 11392K, reserved 1058816K
  class space    used 1223K, capacity 1315K, committed 1408K, reserved 1048576K
GC Heap History (10 events):
Event: 180.665 GC heap before
{Heap before GC invocations=3360 (full 0):
 PSYoungGen      total 61440K, used 60992K [0x000000076b580000, 0x0000000783080000, 0x00000007c0000000)
  eden space 60928K, 100% used [0x000000076b580000,0x000000076f100000,0x000000076f100000)
  from space 512K, 12% used [0x0000000782f80000,0x0000000782f90000,0x0000000783000000)
  to   space 512K, 0% used [0x0000000783000000,0x0000000783000000,0x0000000783080000)
 ParOldGen       total 173568K, used 2589K [0x00000006c2000000, 0x00000006cc980000, 0x000000076b580000)
  object space 173568K, 1% used [0x00000006c2000000,0x00000006c22876a0,0x00000006cc980000)
 Metaspace       used 10913K, capacity 11128K, committed 11392K, reserved 1058816K
  class space    used 1223K, capacity 1315K, committed 1408K, reserved 1048576K
Event: 180.665 GC heap after
Heap after GC invocations=3360 (full 0):
 PSYoungGen      total 60416K, used 96K [0x000000076b580000, 0x0000000783080000, 0x00000007c0000000)
  eden space 59904K, 0% used [0x000000076b580000,0x000000076b580000,0x000000076f000000)
  from space 512K, 18% used [0x0000000783000000,0x0000000783018000,0x0000000783080000)
  to   space 512K, 0% used [0x0000000782f80000,0x0000000782f80000,0x0000000783000000)
 ParOldGen       total 173568K, used 2589K [0x00000006c2000000, 0x00000006cc980000, 0x000000076b580000)
  object space 173568K, 1% used [0x00000006c2000000,0x00000006c22876a0,0x00000006cc980000)
 Metaspace       used 10913K, capacity 11128K, committed 11392K, reserved 1058816K
  class space    used 1223K, capacity 1315K, committed 1408K, reserved 1048576K
}
Event: 180.721 GC heap before
{Heap before GC invocations=3361 (full 0):
 PSYoungGen      total 60416K, used 60000K [0x000000076b580000, 0x0000000783080000, 0x00000007c0000000)
  eden space 59904K, 100% used [0x000000076b580000,0x000000076f000000,0x000000076f000000)
  from space 512K, 18% used [0x0000000783000000,0x0000000783018000,0x0000000783080000)
  to   space 512K, 0% used [0x0000000782f80000,0x0000000782f80000,0x0000000783000000)
 ParOldGen       total 173568K, used 2589K [0x00000006c2000000, 0x00000006cc980000, 0x000000076b580000)
  object space 173568K, 1% used [0x00000006c2000000,0x00000006c22876a0,0x00000006cc980000)
 Metaspace       used 10913K, capacity 11128K, committed 11392K, reserved 1058816K
  class space    used 1223K, capacity 1315K, committed 1408K, reserved 1048576K
Event: 180.721 GC heap after
Heap after GC invocations=3361 (full 0):
 PSYoungGen      total 59392K, used 96K [0x000000076b580000, 0x0000000783080000, 0x00000007c0000000)
  eden space 58880K, 0% used [0x000000076b580000,0x000000076b580000,0x000000076ef00000)
  from space 512K, 18% used [0x0000000782f80000,0x0000000782f98000,0x0000000783000000)
  to   space 512K, 0% used [0x0000000783000000,0x0000000783000000,0x0000000783080000)
 ParOldGen       total 173568K, used 2589K [0x00000006c2000000, 0x00000006cc980000, 0x000000076b580000)
  object space 173568K, 1% used [0x00000006c2000000,0x00000006c22876a0,0x00000006cc980000)
 Metaspace       used 10913K, capacity 11128K, committed 11392K, reserved 1058816K
  class space    used 1223K, capacity 1315K, committed 1408K, reserved 1048576K
}
Event: 180.770 GC heap before
{Heap before GC invocations=3362 (full 0):
 PSYoungGen      total 59392K, used 58976K [0x000000076b580000, 0x0000000783080000, 0x00000007c0000000)
  eden space 58880K, 100% used [0x000000076b580000,0x000000076ef00000,0x000000076ef00000)
  from space 512K, 18% used [0x0000000782f80000,0x0000000782f98000,0x0000000783000000)
  to   space 512K, 0% used [0x0000000783000000,0x0000000783000000,0x0000000783080000)
 ParOldGen       total 173568K, used 2589K [0x00000006c2000000, 0x00000006cc980000, 0x000000076b580000)
  object space 173568K, 1% used [0x00000006c2000000,0x00000006c22876a0,0x00000006cc980000)
 Metaspace       used 10913K, capacity 11128K, committed 11392K, reserved 1058816K
  class space    used 1223K, capacity 1315K, committed 1408K, reserved 1048576K
Event: 180.771 GC heap after
Heap after GC invocations=3362 (full 0):
 PSYoungGen      total 58368K, used 96K [0x000000076b580000, 0x0000000783080000, 0x00000007c0000000)
  eden space 57856K, 0% used [0x000000076b580000,0x000000076b580000,0x000000076ee00000)
  from space 512K, 18% used [0x0000000783000000,0x0000000783018000,0x0000000783080000)
  to   space 512K, 0% used [0x0000000782f80000,0x0000000782f80000,0x0000000783000000)
 ParOldGen       total 173568K, used 2589K [0x00000006c2000000, 0x00000006cc980000, 0x000000076b580000)
  object space 173568K, 1% used [0x00000006c2000000,0x00000006c22876a0,0x00000006cc980000)
 Metaspace       used 10913K, capacity 11128K, committed 11392K, reserved 1058816K
  class space    used 1223K, capacity 1315K, committed 1408K, reserved 1048576K
}
Event: 180.816 GC heap before
{Heap before GC invocations=3363 (full 0):
 PSYoungGen      total 58368K, used 57952K [0x000000076b580000, 0x0000000783080000, 0x00000007c0000000)
  eden space 57856K, 100% used [0x000000076b580000,0x000000076ee00000,0x000000076ee00000)
  from space 512K, 18% used [0x0000000783000000,0x0000000783018000,0x0000000783080000)
  to   space 512K, 0% used [0x0000000782f80000,0x0000000782f80000,0x0000000783000000)
 ParOldGen       total 173568K, used 2589K [0x00000006c2000000, 0x00000006cc980000, 0x000000076b580000)
  object space 173568K, 1% used [0x00000006c2000000,0x00000006c22876a0,0x00000006cc980000)
 Metaspace       used 10913K, capacity 11128K, committed 11392K, reserved 1058816K
  class space    used 1223K, capacity 1315K, committed 1408K, reserved 1048576K
Event: 180.816 GC heap after
Heap after GC invocations=3363 (full 0):
 PSYoungGen      total 57344K, used 96K [0x000000076b580000, 0x0000000783080000, 0x00000007c0000000)
  eden space 56832K, 0% used [0x000000076b580000,0x000000076b580000,0x000000076ed00000)
  from space 512K, 18% used [0x0000000782f80000,0x0000000782f98000,0x0000000783000000)
  to   space 512K, 0% used [0x0000000783000000,0x0000000783000000,0x0000000783080000)
 ParOldGen       total 173568K, used 2589K [0x00000006c2000000, 0x00000006cc980000, 0x000000076b580000)
  object space 173568K, 1% used [0x00000006c2000000,0x00000006c22876a0,0x00000006cc980000)
 Metaspace       used 10913K, capacity 11128K, committed 11392K, reserved 1058816K
  class space    used 1223K, capacity 1315K, committed 1408K, reserved 1048576K
}
Event: 180.881 GC heap before
{Heap before GC invocations=3364 (full 0):
 PSYoungGen      total 57344K, used 56928K [0x000000076b580000, 0x0000000783080000, 0x00000007c0000000)
  eden space 56832K, 100% used [0x000000076b580000,0x000000076ed00000,0x000000076ed00000)
  from space 512K, 18% used [0x0000000782f80000,0x0000000782f98000,0x0000000783000000)
  to   space 512K, 0% used [0x0000000783000000,0x0000000783000000,0x0000000783080000)
 ParOldGen       total 173568K, used 2589K [0x00000006c2000000, 0x00000006cc980000, 0x000000076b580000)
  object space 173568K, 1% used [0x00000006c2000000,0x00000006c22876a0,0x00000006cc980000)
 Metaspace       used 10917K, capacity 11128K, committed 11392K, reserved 1058816K
  class space    used 1223K, capacity 1315K, committed 1408K, reserved 1048576K
Event: 180.887 GC heap after
Heap after GC invocations=3364 (full 0):
 PSYoungGen      total 69120K, used 32K [0x000000076b580000, 0x0000000783080000, 0x00000007c0000000)
  eden space 68608K, 0% used [0x000000076b580000,0x000000076b580000,0x000000076f880000)
  from space 512K, 6% used [0x0000000783000000,0x0000000783008000,0x0000000783080000)
  to   space 512K, 0% used [0x0000000782f80000,0x0000000782f80000,0x0000000783000000)
 ParOldGen       total 173568K, used 2589K [0x00000006c2000000, 0x00000006cc980000, 0x000000076b580000)
  object space 173568K, 1% used [0x00000006c2000000,0x00000006c22876a0,0x00000006cc980000)
 Metaspace       used 10917K, capacity 11128K, committed 11392K, reserved 1058816K
  class space    used 1223K, capacity 1315K, committed 1408K, reserved 1048576K
}

