# JRE version: Java(TM) SE Runtime Environment (8.0_91-b15) (build 1.8.0_91-b15)
# Java VM: Java HotSpot(TM) 64-Bit Server VM (25.91-b15 mixed mode windows-amd64 compressed oops)
Heap:
 PSYoungGen      total 528384K, used 485143K [0x000000076b580000, 0x000000078cf80000, 0x00000007c0000000)
  eden space 515072K, 91% used [0x000000076b580000,0x0000000788245e78,0x000000078ac80000)
  from space 13312K, 100% used [0x000000078bc80000,0x000000078c980000,0x000000078c980000)
  to   space 16384K, 0% used [0x000000078ac80000,0x000000078ac80000,0x000000078bc80000)
 ParOldGen       total 173568K, used 9486K [0x00000006c2000000, 0x00000006cc980000, 0x000000076b580000)
  object space 173568K, 5% used [0x00000006c2000000,0x00000006c29439f8,0x00000006cc980000)
 Metaspace       used 10878K, capacity 11060K, committed 11392K, reserved 1058816K
  class space    used 1223K, capacity 1315K, committed 1408K, reserved 1048576K
GC Heap History (10 events):
Event: 2.889 GC heap before
{Heap before GC invocations=4 (full 0):
 PSYoungGen      total 75776K, used 70537K [0x000000076b580000, 0x0000000774980000, 0x00000007c0000000)
  eden space 65024K, 100% used [0x000000076b580000,0x000000076f500000,0x000000076f500000)
  from space 10752K, 51% used [0x000000076f500000,0x000000076fa62640,0x000000076ff80000)
  to   space 10752K, 0% used [0x0000000773f00000,0x0000000773f00000,0x0000000774980000)
 ParOldGen       total 173568K, used 24K [0x00000006c2000000, 0x00000006cc980000, 0x000000076b580000)
  object space 173568K, 0% used [0x00000006c2000000,0x00000006c2006000,0x00000006cc980000)
 Metaspace       used 10855K, capacity 11028K, committed 11392K, reserved 1058816K
  class space    used 1220K, capacity 1283K, committed 1408K, reserved 1048576K
Event: 2.899 GC heap after
Heap after GC invocations=4 (full 0):
 PSYoungGen      total 140800K, used 5513K [0x000000076b580000, 0x0000000774980000, 0x00000007c0000000)
  eden space 130048K, 0% used [0x000000076b580000,0x000000076b580000,0x0000000773480000)
  from space 10752K, 51% used [0x0000000773f00000,0x0000000774462640,0x0000000774980000)
  to   space 10752K, 0% used [0x0000000773480000,0x0000000773480000,0x0000000773f00000)
 ParOldGen       total 173568K, used 24K [0x00000006c2000000, 0x00000006cc980000, 0x000000076b580000)
  object space 173568K, 0% used [0x00000006c2000000,0x00000006c2006000,0x00000006cc980000)
 Metaspace       used 10855K, capacity 11028K, committed 11392K, reserved 1058816K
  class space    used 1220K, capacity 1283K, committed 1408K, reserved 1048576K
}
Event: 3.757 GC heap before
{Heap before GC invocations=5 (full 0):
 PSYoungGen      total 140800K, used 135561K [0x000000076b580000, 0x0000000774980000, 0x00000007c0000000)
  eden space 130048K, 100% used [0x000000076b580000,0x0000000773480000,0x0000000773480000)
  from space 10752K, 51% used [0x0000000773f00000,0x0000000774462640,0x0000000774980000)
  to   space 10752K, 0% used [0x0000000773480000,0x0000000773480000,0x0000000773f00000)
 ParOldGen       total 173568K, used 24K [0x00000006c2000000, 0x00000006cc980000, 0x000000076b580000)
  object space 173568K, 0% used [0x00000006c2000000,0x00000006c2006000,0x00000006cc980000)
 Metaspace       used 10855K, capacity 11028K, committed 11392K, reserved 1058816K
  class space    used 1220K, capacity 1283K, committed 1408K, reserved 1048576K
Event: 3.780 GC heap after
Heap after GC invocations=5 (full 0):
 PSYoungGen      total 140800K, used 8537K [0x000000076b580000, 0x000000077c380000, 0x00000007c0000000)
  eden space 130048K, 0% used [0x000000076b580000,0x000000076b580000,0x0000000773480000)
  from space 10752K, 79% used [0x0000000773480000,0x0000000773cd6630,0x0000000773f00000)
  to   space 8192K, 0% used [0x000000077bb80000,0x000000077bb80000,0x000000077c380000)
 ParOldGen       total 173568K, used 32K [0x00000006c2000000, 0x00000006cc980000, 0x000000076b580000)
  object space 173568K, 0% used [0x00000006c2000000,0x00000006c2008000,0x00000006cc980000)
 Metaspace       used 10855K, capacity 11028K, committed 11392K, reserved 1058816K
  class space    used 1220K, capacity 1283K, committed 1408K, reserved 1048576K
}
Event: 4.597 GC heap before
{Heap before GC invocations=6 (full 0):
 PSYoungGen      total 140800K, used 138585K [0x000000076b580000, 0x000000077c380000, 0x00000007c0000000)
  eden space 130048K, 100% used [0x000000076b580000,0x0000000773480000,0x0000000773480000)
  from space 10752K, 79% used [0x0000000773480000,0x0000000773cd6630,0x0000000773f00000)
  to   space 8192K, 0% used [0x000000077bb80000,0x000000077bb80000,0x000000077c380000)
 ParOldGen       total 173568K, used 32K [0x00000006c2000000, 0x00000006cc980000, 0x000000076b580000)
  object space 173568K, 0% used [0x00000006c2000000,0x00000006c2008000,0x00000006cc980000)
 Metaspace       used 10856K, capacity 11028K, committed 11392K, reserved 1058816K
  class space    used 1220K, capacity 1283K, committed 1408K, reserved 1048576K
Event: 4.620 GC heap after
Heap after GC invocations=6 (full 0):
 PSYoungGen      total 267264K, used 8169K [0x000000076b580000, 0x000000077c580000, 0x00000007c0000000)
  eden space 259072K, 0% used [0x000000076b580000,0x000000076b580000,0x000000077b280000)
  from space 8192K, 99% used [0x000000077bb80000,0x000000077c37a640,0x000000077c380000)
  to   space 9216K, 0% used [0x000000077b280000,0x000000077b280000,0x000000077bb80000)
 ParOldGen       total 173568K, used 336K [0x00000006c2000000, 0x00000006cc980000, 0x000000076b580000)
  object space 173568K, 0% used [0x00000006c2000000,0x00000006c2054000,0x00000006cc980000)
 Metaspace       used 10856K, capacity 11028K, committed 11392K, reserved 1058816K
  class space    used 1220K, capacity 1283K, committed 1408K, reserved 1048576K
}
Event: 6.261 GC heap before
{Heap before GC invocations=7 (full 0):
 PSYoungGen      total 267264K, used 267241K [0x000000076b580000, 0x000000077c580000, 0x00000007c0000000)
  eden space 259072K, 100% used [0x000000076b580000,0x000000077b280000,0x000000077b280000)
  from space 8192K, 99% used [0x000000077bb80000,0x000000077c37a640,0x000000077c380000)
  to   space 9216K, 0% used [0x000000077b280000,0x000000077b280000,0x000000077bb80000)
 ParOldGen       total 173568K, used 336K [0x00000006c2000000, 0x00000006cc980000, 0x000000076b580000)
  object space 173568K, 0% used [0x00000006c2000000,0x00000006c2054000,0x00000006cc980000)
 Metaspace       used 10856K, capacity 11028K, committed 11392K, reserved 1058816K
  class space    used 1220K, capacity 1283K, committed 1408K, reserved 1048576K
Event: 6.306 GC heap after
Heap after GC invocations=7 (full 0):
 PSYoungGen      total 268288K, used 9216K [0x000000076b580000, 0x000000078c980000, 0x00000007c0000000)
  eden space 259072K, 0% used [0x000000076b580000,0x000000076b580000,0x000000077b280000)
  from space 9216K, 100% used [0x000000077b280000,0x000000077bb80000,0x000000077bb80000)
  to   space 13312K, 0% used [0x000000078bc80000,0x000000078bc80000,0x000000078c980000)
 ParOldGen       total 173568K, used 6142K [0x00000006c2000000, 0x00000006cc980000, 0x000000076b580000)
  object space 173568K, 3% used [0x00000006c2000000,0x00000006c25ff9f8,0x00000006cc980000)
 Metaspace       used 10856K, capacity 11028K, committed 11392K, reserved 1058816K
  class space    used 1220K, capacity 1283K, committed 1408K, reserved 1048576K
}
Event: 7.916 GC heap before
{Heap before GC invocations=8 (full 0):
 PSYoungGen      total 268288K, used 268288K [0x000000076b580000, 0x000000078c980000, 0x00000007c0000000)
  eden space 259072K, 100% used [0x000000076b580000,0x000000077b280000,0x000000077b280000)
  from space 9216K, 100% used [0x000000077b280000,0x000000077bb80000,0x000000077bb80000)
  to   space 13312K, 0% used [0x000000078bc80000,0x000000078bc80000,0x000000078c980000)
 ParOldGen       total 173568K, used 6142K [0x00000006c2000000, 0x00000006cc980000, 0x000000076b580000)
  object space 173568K, 3% used [0x00000006c2000000,0x00000006c25ff9f8,0x00000006cc980000)
 Metaspace       used 10856K, capacity 11028K, committed 11392K, reserved 1058816K
  class space    used 1220K, capacity 1283K, committed 1408K, reserved 1048576K
Event: 7.959 GC heap after
Heap after GC invocations=8 (full 0):
 PSYoungGen      total 528384K, used 13312K [0x000000076b580000, 0x000000078cf80000, 0x00000007c0000000)
  eden space 515072K, 0% used [0x000000076b580000,0x000000076b580000,0x000000078ac80000)
  from space 13312K, 100% used [0x000000078bc80000,0x000000078c980000,0x000000078c980000)
  to   space 16384K, 0% used [0x000000078ac80000,0x000000078ac80000,0x000000078bc80000)
 ParOldGen       total 173568K, used 9486K [0x00000006c2000000, 0x00000006cc980000, 0x000000076b580000)
  object space 173568K, 5% used [0x00000006c2000000,0x00000006c29439f8,0x00000006cc980000)
 Metaspace       used 10856K, capacity 11028K, committed 11392K, reserved 1058816K
  class space    used 1220K, capacity 1283K, committed 1408K, reserved 1048576K
}

