# JRE version: Java(TM) SE Runtime Environment (8.0_91-b15) (build 1.8.0_91-b15)
# Java VM: Java HotSpot(TM) 64-Bit Server VM (25.91-b15 mixed mode windows-amd64 compressed oops)
Heap:
 PSYoungGen      total 773120K, used 468158K [0x000000076b580000, 0x00000007b5e80000, 0x00000007c0000000)
  eden space 513536K, 76% used [0x000000076b580000,0x00000007832d4e20,0x000000078ab00000)
  from space 259584K, 29% used [0x000000078ab00000,0x000000078f6daa40,0x000000079a880000)
  to   space 280064K, 0% used [0x00000007a4d00000,0x00000007a4d00000,0x00000007b5e80000)
 ParOldGen       total 1435136K, used 1038143K [0x00000006c2000000, 0x0000000719980000, 0x000000076b580000)
  object space 1435136K, 72% used [0x00000006c2000000,0x00000007015cfde8,0x0000000719980000)
 Metaspace       used 12422K, capacity 12600K, committed 12800K, reserved 1060864K
  class space    used 1378K, capacity 1440K, committed 1536K, reserved 1048576K
GC Heap History (10 events):
Event: 9.734 GC heap before
{Heap before GC invocations=14 (full 3):
 PSYoungGen      total 600576K, used 543553K [0x000000076b580000, 0x00000007a3080000, 0x00000007c0000000)
  eden space 398336K, 100% used [0x000000076b580000,0x0000000783a80000,0x0000000783a80000)
  from space 202240K, 71% used [0x0000000792200000,0x000000079afd04d0,0x000000079e780000)
  to   space 237056K, 0% used [0x0000000783a80000,0x0000000783a80000,0x0000000792200000)
 ParOldGen       total 713216K, used 470415K [0x00000006c2000000, 0x00000006ed880000, 0x000000076b580000)
  object space 713216K, 65% used [0x00000006c2000000,0x00000006deb63e80,0x00000006ed880000)
 Metaspace       used 12374K, capacity 12600K, committed 12800K, reserved 1060864K
  class space    used 1375K, capacity 1440K, committed 1536K, reserved 1048576K
Event: 9.771 GC heap after
Heap after GC invocations=14 (full 3):
 PSYoungGen      total 635392K, used 150443K [0x000000076b580000, 0x00000007a9d00000, 0x00000007c0000000)
  eden space 398336K, 0% used [0x000000076b580000,0x000000076b580000,0x0000000783a80000)
  from space 237056K, 63% used [0x0000000783a80000,0x000000078cd6aec0,0x0000000792200000)
  to   space 245760K, 0% used [0x000000079ad00000,0x000000079ad00000,0x00000007a9d00000)
 ParOldGen       total 713216K, used 616713K [0x00000006c2000000, 0x00000006ed880000, 0x000000076b580000)
  object space 713216K, 86% used [0x00000006c2000000,0x00000006e7a427a0,0x00000006ed880000)
 Metaspace       used 12374K, capacity 12600K, committed 12800K, reserved 1060864K
  class space    used 1375K, capacity 1440K, committed 1536K, reserved 1048576K
}
Event: 9.771 GC heap before
{Heap before GC invocations=15 (full 4):
 PSYoungGen      total 635392K, used 150443K [0x000000076b580000, 0x00000007a9d00000, 0x00000007c0000000)
  eden space 398336K, 0% used [0x000000076b580000,0x000000076b580000,0x0000000783a80000)
  from space 237056K, 63% used [0x0000000783a80000,0x000000078cd6aec0,0x0000000792200000)
  to   space 245760K, 0% used [0x000000079ad00000,0x000000079ad00000,0x00000007a9d00000)
 ParOldGen       total 713216K, used 616713K [0x00000006c2000000, 0x00000006ed880000, 0x000000076b580000)
  object space 713216K, 86% used [0x00000006c2000000,0x00000006e7a427a0,0x00000006ed880000)
 Metaspace       used 12374K, capacity 12600K, committed 12800K, reserved 1060864K
  class space    used 1375K, capacity 1440K, committed 1536K, reserved 1048576K
Event: 9.840 GC heap after
Heap after GC invocations=15 (full 4):
 PSYoungGen      total 635392K, used 52731K [0x000000076b580000, 0x00000007a9d00000, 0x00000007c0000000)
  eden space 398336K, 0% used [0x000000076b580000,0x000000076b580000,0x0000000783a80000)
  from space 237056K, 22% used [0x0000000783a80000,0x0000000786dfecc0,0x0000000792200000)
  to   space 245760K, 0% used [0x000000079ad00000,0x000000079ad00000,0x00000007a9d00000)
 ParOldGen       total 1038336K, used 713139K [0x00000006c2000000, 0x0000000701600000, 0x000000076b580000)
  object space 1038336K, 68% used [0x00000006c2000000,0x00000006ed86cd88,0x0000000701600000)
 Metaspace       used 12374K, capacity 12600K, committed 12800K, reserved 1060864K
  class space    used 1375K, capacity 1440K, committed 1536K, reserved 1048576K
}
Event: 11.477 GC heap before
{Heap before GC invocations=16 (full 4):
 PSYoungGen      total 635392K, used 451067K [0x000000076b580000, 0x00000007a9d00000, 0x00000007c0000000)
  eden space 398336K, 100% used [0x000000076b580000,0x0000000783a80000,0x0000000783a80000)
  from space 237056K, 22% used [0x0000000783a80000,0x0000000786dfecc0,0x0000000792200000)
  to   space 245760K, 0% used [0x000000079ad00000,0x000000079ad00000,0x00000007a9d00000)
 ParOldGen       total 1038336K, used 713139K [0x00000006c2000000, 0x0000000701600000, 0x000000076b580000)
  object space 1038336K, 68% used [0x00000006c2000000,0x00000006ed86cd88,0x0000000701600000)
 Metaspace       used 12415K, capacity 12600K, committed 12800K, reserved 1060864K
  class space    used 1378K, capacity 1440K, committed 1536K, reserved 1048576K
Event: 11.509 GC heap after
Heap after GC invocations=16 (full 4):
 PSYoungGen      total 759296K, used 172388K [0x000000076b580000, 0x00000007aa600000, 0x00000007c0000000)
  eden space 513536K, 0% used [0x000000076b580000,0x000000076b580000,0x000000078ab00000)
  from space 245760K, 70% used [0x000000079ad00000,0x00000007a5559340,0x00000007a9d00000)
  to   space 259584K, 0% used [0x000000078ab00000,0x000000078ab00000,0x000000079a880000)
 ParOldGen       total 1038336K, used 773528K [0x00000006c2000000, 0x0000000701600000, 0x000000076b580000)
  object space 1038336K, 74% used [0x00000006c2000000,0x00000006f13661e8,0x0000000701600000)
 Metaspace       used 12415K, capacity 12600K, committed 12800K, reserved 1060864K
  class space    used 1378K, capacity 1440K, committed 1536K, reserved 1048576K
}
Event: 13.639 GC heap before
{Heap before GC invocations=17 (full 4):
 PSYoungGen      total 759296K, used 685924K [0x000000076b580000, 0x00000007aa600000, 0x00000007c0000000)
  eden space 513536K, 100% used [0x000000076b580000,0x000000078ab00000,0x000000078ab00000)
  from space 245760K, 70% used [0x000000079ad00000,0x00000007a5559340,0x00000007a9d00000)
  to   space 259584K, 0% used [0x000000078ab00000,0x000000078ab00000,0x000000079a880000)
 ParOldGen       total 1038336K, used 773528K [0x00000006c2000000, 0x0000000701600000, 0x000000076b580000)
  object space 1038336K, 74% used [0x00000006c2000000,0x00000006f13661e8,0x0000000701600000)
 Metaspace       used 12416K, capacity 12600K, committed 12800K, reserved 1060864K
  class space    used 1378K, capacity 1440K, committed 1536K, reserved 1048576K
Event: 13.687 GC heap after
Heap after GC invocations=17 (full 4):
 PSYoungGen      total 773120K, used 199194K [0x000000076b580000, 0x00000007b5e80000, 0x00000007c0000000)
  eden space 513536K, 0% used [0x000000076b580000,0x000000076b580000,0x000000078ab00000)
  from space 259584K, 76% used [0x000000078ab00000,0x0000000796d86840,0x000000079a880000)
  to   space 280064K, 0% used [0x00000007a4d00000,0x00000007a4d00000,0x00000007b5e80000)
 ParOldGen       total 1038336K, used 925241K [0x00000006c2000000, 0x0000000701600000, 0x000000076b580000)
  object space 1038336K, 89% used [0x00000006c2000000,0x00000006fa78e438,0x0000000701600000)
 Metaspace       used 12416K, capacity 12600K, committed 12800K, reserved 1060864K
  class space    used 1378K, capacity 1440K, committed 1536K, reserved 1048576K
}
Event: 13.687 GC heap before
{Heap before GC invocations=18 (full 5):
 PSYoungGen      total 773120K, used 199194K [0x000000076b580000, 0x00000007b5e80000, 0x00000007c0000000)
  eden space 513536K, 0% used [0x000000076b580000,0x000000076b580000,0x000000078ab00000)
  from space 259584K, 76% used [0x000000078ab00000,0x0000000796d86840,0x000000079a880000)
  to   space 280064K, 0% used [0x00000007a4d00000,0x00000007a4d00000,0x00000007b5e80000)
 ParOldGen       total 1038336K, used 925241K [0x00000006c2000000, 0x0000000701600000, 0x000000076b580000)
  object space 1038336K, 89% used [0x00000006c2000000,0x00000006fa78e438,0x0000000701600000)
 Metaspace       used 12416K, capacity 12600K, committed 12800K, reserved 1060864K
  class space    used 1378K, capacity 1440K, committed 1536K, reserved 1048576K
Event: 13.818 GC heap after
Heap after GC invocations=18 (full 5):
 PSYoungGen      total 773120K, used 77674K [0x000000076b580000, 0x00000007b5e80000, 0x00000007c0000000)
  eden space 513536K, 0% used [0x000000076b580000,0x000000076b580000,0x000000078ab00000)
  from space 259584K, 29% used [0x000000078ab00000,0x000000078f6daa40,0x000000079a880000)
  to   space 280064K, 0% used [0x00000007a4d00000,0x00000007a4d00000,0x00000007b5e80000)
 ParOldGen       total 1435136K, used 1038143K [0x00000006c2000000, 0x0000000719980000, 0x000000076b580000)
  object space 1435136K, 72% used [0x00000006c2000000,0x00000007015cfde8,0x0000000719980000)
 Metaspace       used 12416K, capacity 12600K, committed 12800K, reserved 1060864K
  class space    used 1378K, capacity 1440K, committed 1536K, reserved 1048576K
}

