# JRE version: Java(TM) SE Runtime Environment (8.0_91-b15) (build 1.8.0_91-b15)
# Java VM: Java HotSpot(TM) 64-Bit Server VM (25.91-b15 mixed mode windows-amd64 compressed oops)
Heap:
 PSYoungGen      total 70656K, used 31674K [0x000000076b580000, 0x0000000770800000, 0x00000007c0000000)
  eden space 57856K, 53% used [0x000000076b580000,0x000000076d3beac0,0x000000076ee00000)
  from space 12800K, 5% used [0x000000076fb80000,0x000000076fc30010,0x0000000770800000)
  to   space 13312K, 0% used [0x000000076ee00000,0x000000076ee00000,0x000000076fb00000)
 ParOldGen       total 173568K, used 7537K [0x00000006c2000000, 0x00000006cc980000, 0x000000076b580000)
  object space 173568K, 4% used [0x00000006c2000000,0x00000006c275c4e0,0x00000006cc980000)
 Metaspace       used 16463K, capacity 16690K, committed 16768K, reserved 1064960K
  class space    used 1806K, capacity 1877K, committed 1920K, reserved 1048576K
GC Heap History (10 events):
Event: 4.079 GC heap before
{Heap before GC invocations=6 (full 0):
 PSYoungGen      total 71680K, used 71476K [0x000000076b580000, 0x0000000770880000, 0x00000007c0000000)
  eden space 63488K, 100% used [0x000000076b580000,0x000000076f380000,0x000000076f380000)
  from space 8192K, 97% used [0x000000076f500000,0x000000076fccd0e8,0x000000076fd00000)
  to   space 10752K, 0% used [0x000000076fe00000,0x000000076fe00000,0x0000000770880000)
 ParOldGen       total 173568K, used 48K [0x00000006c2000000, 0x00000006cc980000, 0x000000076b580000)
  object space 173568K, 0% used [0x00000006c2000000,0x00000006c200c000,0x00000006cc980000)
 Metaspace       used 16205K, capacity 16434K, committed 16512K, reserved 1064960K
  class space    used 1805K, capacity 1877K, committed 1920K, reserved 1048576K
Event: 4.084 GC heap after
Heap after GC invocations=6 (full 0):
 PSYoungGen      total 70144K, used 8148K [0x000000076b580000, 0x0000000770600000, 0x00000007c0000000)
  eden space 61952K, 0% used [0x000000076b580000,0x000000076b580000,0x000000076f200000)
  from space 8192K, 99% used [0x000000076fe00000,0x00000007705f5118,0x0000000770600000)
  to   space 10240K, 0% used [0x000000076f200000,0x000000076f200000,0x000000076fc00000)
 ParOldGen       total 173568K, used 56K [0x00000006c2000000, 0x00000006cc980000, 0x000000076b580000)
  object space 173568K, 0% used [0x00000006c2000000,0x00000006c200e000,0x00000006cc980000)
 Metaspace       used 16205K, capacity 16434K, committed 16512K, reserved 1064960K
  class space    used 1805K, capacity 1877K, committed 1920K, reserved 1048576K
}
Event: 4.533 GC heap before
{Heap before GC invocations=7 (full 0):
 PSYoungGen      total 70144K, used 70100K [0x000000076b580000, 0x0000000770600000, 0x00000007c0000000)
  eden space 61952K, 100% used [0x000000076b580000,0x000000076f200000,0x000000076f200000)
  from space 8192K, 99% used [0x000000076fe00000,0x00000007705f5118,0x0000000770600000)
  to   space 10240K, 0% used [0x000000076f200000,0x000000076f200000,0x000000076fc00000)
 ParOldGen       total 173568K, used 56K [0x00000006c2000000, 0x00000006cc980000, 0x000000076b580000)
  object space 173568K, 0% used [0x00000006c2000000,0x00000006c200e000,0x00000006cc980000)
 Metaspace       used 16259K, capacity 16434K, committed 16512K, reserved 1064960K
  class space    used 1805K, capacity 1877K, committed 1920K, reserved 1048576K
Event: 4.539 GC heap after
Heap after GC invocations=7 (full 0):
 PSYoungGen      total 71168K, used 768K [0x000000076b580000, 0x0000000770800000, 0x00000007c0000000)
  eden space 60928K, 0% used [0x000000076b580000,0x000000076b580000,0x000000076f100000)
  from space 10240K, 7% used [0x000000076f200000,0x000000076f2c0010,0x000000076fc00000)
  to   space 11776K, 0% used [0x000000076fc80000,0x000000076fc80000,0x0000000770800000)
 ParOldGen       total 173568K, used 7433K [0x00000006c2000000, 0x00000006cc980000, 0x000000076b580000)
  object space 173568K, 4% used [0x00000006c2000000,0x00000006c27424e0,0x00000006cc980000)
 Metaspace       used 16259K, capacity 16434K, committed 16512K, reserved 1064960K
  class space    used 1805K, capacity 1877K, committed 1920K, reserved 1048576K
}
Event: 4.963 GC heap before
{Heap before GC invocations=8 (full 0):
 PSYoungGen      total 71168K, used 61696K [0x000000076b580000, 0x0000000770800000, 0x00000007c0000000)
  eden space 60928K, 100% used [0x000000076b580000,0x000000076f100000,0x000000076f100000)
  from space 10240K, 7% used [0x000000076f200000,0x000000076f2c0010,0x000000076fc00000)
  to   space 11776K, 0% used [0x000000076fc80000,0x000000076fc80000,0x0000000770800000)
 ParOldGen       total 173568K, used 7433K [0x00000006c2000000, 0x00000006cc980000, 0x000000076b580000)
  object space 173568K, 4% used [0x00000006c2000000,0x00000006c27424e0,0x00000006cc980000)
 Metaspace       used 16286K, capacity 16498K, committed 16768K, reserved 1064960K
  class space    used 1805K, capacity 1877K, committed 1920K, reserved 1048576K
Event: 4.964 GC heap after
Heap after GC invocations=8 (full 0):
 PSYoungGen      total 71680K, used 832K [0x000000076b580000, 0x0000000770900000, 0x00000007c0000000)
  eden space 59904K, 0% used [0x000000076b580000,0x000000076b580000,0x000000076f000000)
  from space 11776K, 7% used [0x000000076fc80000,0x000000076fd50010,0x0000000770800000)
  to   space 12800K, 0% used [0x000000076f000000,0x000000076f000000,0x000000076fc80000)
 ParOldGen       total 173568K, used 7465K [0x00000006c2000000, 0x00000006cc980000, 0x000000076b580000)
  object space 173568K, 4% used [0x00000006c2000000,0x00000006c274a4e0,0x00000006cc980000)
 Metaspace       used 16286K, capacity 16498K, committed 16768K, reserved 1064960K
  class space    used 1805K, capacity 1877K, committed 1920K, reserved 1048576K
}
Event: 5.383 GC heap before
{Heap before GC invocations=9 (full 0):
 PSYoungGen      total 71680K, used 60736K [0x000000076b580000, 0x0000000770900000, 0x00000007c0000000)
  eden space 59904K, 100% used [0x000000076b580000,0x000000076f000000,0x000000076f000000)
  from space 11776K, 7% used [0x000000076fc80000,0x000000076fd50010,0x0000000770800000)
  to   space 12800K, 0% used [0x000000076f000000,0x000000076f000000,0x000000076fc80000)
 ParOldGen       total 173568K, used 7465K [0x00000006c2000000, 0x00000006cc980000, 0x000000076b580000)
  object space 173568K, 4% used [0x00000006c2000000,0x00000006c274a4e0,0x00000006cc980000)
 Metaspace       used 16313K, capacity 16498K, committed 16768K, reserved 1064960K
  class space    used 1806K, capacity 1877K, committed 1920K, reserved 1048576K
Event: 5.384 GC heap after
Heap after GC invocations=9 (full 0):
 PSYoungGen      total 59904K, used 640K [0x000000076b580000, 0x0000000770800000, 0x00000007c0000000)
  eden space 58880K, 0% used [0x000000076b580000,0x000000076b580000,0x000000076ef00000)
  from space 1024K, 62% used [0x000000076f000000,0x000000076f0a0000,0x000000076f100000)
  to   space 12800K, 0% used [0x000000076fb80000,0x000000076fb80000,0x0000000770800000)
 ParOldGen       total 173568K, used 7505K [0x00000006c2000000, 0x00000006cc980000, 0x000000076b580000)
  object space 173568K, 4% used [0x00000006c2000000,0x00000006c27544e0,0x00000006cc980000)
 Metaspace       used 16313K, capacity 16498K, committed 16768K, reserved 1064960K
  class space    used 1806K, capacity 1877K, committed 1920K, reserved 1048576K
}
Event: 5.784 GC heap before
{Heap before GC invocations=10 (full 0):
 PSYoungGen      total 59904K, used 59520K [0x000000076b580000, 0x0000000770800000, 0x00000007c0000000)
  eden space 58880K, 100% used [0x000000076b580000,0x000000076ef00000,0x000000076ef00000)
  from space 1024K, 62% used [0x000000076f000000,0x000000076f0a0000,0x000000076f100000)
  to   space 12800K, 0% used [0x000000076fb80000,0x000000076fb80000,0x0000000770800000)
 ParOldGen       total 173568K, used 7505K [0x00000006c2000000, 0x00000006cc980000, 0x000000076b580000)
  object space 173568K, 4% used [0x00000006c2000000,0x00000006c27544e0,0x00000006cc980000)
 Metaspace       used 16459K, capacity 16690K, committed 16768K, reserved 1064960K
  class space    used 1806K, capacity 1877K, committed 1920K, reserved 1048576K
Event: 5.786 GC heap after
Heap after GC invocations=10 (full 0):
 PSYoungGen      total 70656K, used 704K [0x000000076b580000, 0x0000000770800000, 0x00000007c0000000)
  eden space 57856K, 0% used [0x000000076b580000,0x000000076b580000,0x000000076ee00000)
  from space 12800K, 5% used [0x000000076fb80000,0x000000076fc30010,0x0000000770800000)
  to   space 13312K, 0% used [0x000000076ee00000,0x000000076ee00000,0x000000076fb00000)
 ParOldGen       total 173568K, used 7537K [0x00000006c2000000, 0x00000006cc980000, 0x000000076b580000)
  object space 173568K, 4% used [0x00000006c2000000,0x00000006c275c4e0,0x00000006cc980000)
 Metaspace       used 16459K, capacity 16690K, committed 16768K, reserved 1064960K
  class space    used 1806K, capacity 1877K, committed 1920K, reserved 1048576K
}

