# JRE version: Java(TM) SE Runtime Environment (8.0_91-b15) (build 1.8.0_91-b15)
# Java VM: Java HotSpot(TM) 64-Bit Server VM (25.91-b15 mixed mode windows-amd64 compressed oops)
Heap:
 PSYoungGen      total 46080K, used 18939K [0x000000076b580000, 0x0000000779480000, 0x00000007c0000000)
  eden space 45568K, 41% used [0x000000076b580000,0x000000076c7eef60,0x000000076e200000)
  from space 512K, 12% used [0x0000000779380000,0x0000000779390000,0x0000000779400000)
  to   space 512K, 0% used [0x0000000779400000,0x0000000779400000,0x0000000779480000)
 ParOldGen       total 173568K, used 2601K [0x00000006c2000000, 0x00000006cc980000, 0x000000076b580000)
  object space 173568K, 1% used [0x00000006c2000000,0x00000006c228a690,0x00000006cc980000)
 Metaspace       used 10914K, capacity 11120K, committed 11392K, reserved 1058816K
  class space    used 1223K, capacity 1315K, committed 1408K, reserved 1048576K
GC Heap History (10 events):
Event: 51.354 GC heap before
{Heap before GC invocations=951 (full 0):
 PSYoungGen      total 32768K, used 32320K [0x000000076b580000, 0x0000000779480000, 0x00000007c0000000)
  eden space 32256K, 100% used [0x000000076b580000,0x000000076d500000,0x000000076d500000)
  from space 512K, 12% used [0x0000000779400000,0x0000000779410000,0x0000000779480000)
  to   space 512K, 0% used [0x0000000779380000,0x0000000779380000,0x0000000779400000)
 ParOldGen       total 173568K, used 2601K [0x00000006c2000000, 0x00000006cc980000, 0x000000076b580000)
  object space 173568K, 1% used [0x00000006c2000000,0x00000006c228a690,0x00000006cc980000)
 Metaspace       used 10909K, capacity 11120K, committed 11392K, reserved 1058816K
  class space    used 1223K, capacity 1315K, committed 1408K, reserved 1048576K
Event: 51.354 GC heap after
Heap after GC invocations=951 (full 0):
 PSYoungGen      total 32256K, used 96K [0x000000076b580000, 0x0000000779480000, 0x00000007c0000000)
  eden space 31744K, 0% used [0x000000076b580000,0x000000076b580000,0x000000076d480000)
  from space 512K, 18% used [0x0000000779380000,0x0000000779398000,0x0000000779400000)
  to   space 512K, 0% used [0x0000000779400000,0x0000000779400000,0x0000000779480000)
 ParOldGen       total 173568K, used 2601K [0x00000006c2000000, 0x00000006cc980000, 0x000000076b580000)
  object space 173568K, 1% used [0x00000006c2000000,0x00000006c228a690,0x00000006cc980000)
 Metaspace       used 10909K, capacity 11120K, committed 11392K, reserved 1058816K
  class space    used 1223K, capacity 1315K, committed 1408K, reserved 1048576K
}
Event: 51.395 GC heap before
{Heap before GC invocations=952 (full 0):
 PSYoungGen      total 32256K, used 31840K [0x000000076b580000, 0x0000000779480000, 0x00000007c0000000)
  eden space 31744K, 100% used [0x000000076b580000,0x000000076d480000,0x000000076d480000)
  from space 512K, 18% used [0x0000000779380000,0x0000000779398000,0x0000000779400000)
  to   space 512K, 0% used [0x0000000779400000,0x0000000779400000,0x0000000779480000)
 ParOldGen       total 173568K, used 2601K [0x00000006c2000000, 0x00000006cc980000, 0x000000076b580000)
  object space 173568K, 1% used [0x00000006c2000000,0x00000006c228a690,0x00000006cc980000)
 Metaspace       used 10909K, capacity 11120K, committed 11392K, reserved 1058816K
  class space    used 1223K, capacity 1315K, committed 1408K, reserved 1048576K
Event: 51.395 GC heap after
Heap after GC invocations=952 (full 0):
 PSYoungGen      total 31744K, used 96K [0x000000076b580000, 0x0000000779480000, 0x00000007c0000000)
  eden space 31232K, 0% used [0x000000076b580000,0x000000076b580000,0x000000076d400000)
  from space 512K, 18% used [0x0000000779400000,0x0000000779418000,0x0000000779480000)
  to   space 512K, 0% used [0x0000000779380000,0x0000000779380000,0x0000000779400000)
 ParOldGen       total 173568K, used 2601K [0x00000006c2000000, 0x00000006cc980000, 0x000000076b580000)
  object space 173568K, 1% used [0x00000006c2000000,0x00000006c228a690,0x00000006cc980000)
 Metaspace       used 10909K, capacity 11120K, committed 11392K, reserved 1058816K
  class space    used 1223K, capacity 1315K, committed 1408K, reserved 1048576K
}
Event: 51.431 GC heap before
{Heap before GC invocations=953 (full 0):
 PSYoungGen      total 31744K, used 31328K [0x000000076b580000, 0x0000000779480000, 0x00000007c0000000)
  eden space 31232K, 100% used [0x000000076b580000,0x000000076d400000,0x000000076d400000)
  from space 512K, 18% used [0x0000000779400000,0x0000000779418000,0x0000000779480000)
  to   space 512K, 0% used [0x0000000779380000,0x0000000779380000,0x0000000779400000)
 ParOldGen       total 173568K, used 2601K [0x00000006c2000000, 0x00000006cc980000, 0x000000076b580000)
  object space 173568K, 1% used [0x00000006c2000000,0x00000006c228a690,0x00000006cc980000)
 Metaspace       used 10909K, capacity 11120K, committed 11392K, reserved 1058816K
  class space    used 1223K, capacity 1315K, committed 1408K, reserved 1048576K
Event: 51.431 GC heap after
Heap after GC invocations=953 (full 0):
 PSYoungGen      total 31744K, used 96K [0x000000076b580000, 0x0000000779480000, 0x00000007c0000000)
  eden space 31232K, 0% used [0x000000076b580000,0x000000076b580000,0x000000076d400000)
  from space 512K, 18% used [0x0000000779380000,0x0000000779398000,0x0000000779400000)
  to   space 512K, 0% used [0x0000000779400000,0x0000000779400000,0x0000000779480000)
 ParOldGen       total 173568K, used 2601K [0x00000006c2000000, 0x00000006cc980000, 0x000000076b580000)
  object space 173568K, 1% used [0x00000006c2000000,0x00000006c228a690,0x00000006cc980000)
 Metaspace       used 10909K, capacity 11120K, committed 11392K, reserved 1058816K
  class space    used 1223K, capacity 1315K, committed 1408K, reserved 1048576K
}
Event: 51.463 GC heap before
{Heap before GC invocations=954 (full 0):
 PSYoungGen      total 31744K, used 31328K [0x000000076b580000, 0x0000000779480000, 0x00000007c0000000)
  eden space 31232K, 100% used [0x000000076b580000,0x000000076d400000,0x000000076d400000)
  from space 512K, 18% used [0x0000000779380000,0x0000000779398000,0x0000000779400000)
  to   space 512K, 0% used [0x0000000779400000,0x0000000779400000,0x0000000779480000)
 ParOldGen       total 173568K, used 2601K [0x00000006c2000000, 0x00000006cc980000, 0x000000076b580000)
  object space 173568K, 1% used [0x00000006c2000000,0x00000006c228a690,0x00000006cc980000)
 Metaspace       used 10909K, capacity 11120K, committed 11392K, reserved 1058816K
  class space    used 1223K, capacity 1315K, committed 1408K, reserved 1048576K
Event: 51.464 GC heap after
Heap after GC invocations=954 (full 0):
 PSYoungGen      total 38400K, used 32K [0x000000076b580000, 0x0000000779480000, 0x00000007c0000000)
  eden space 37888K, 0% used [0x000000076b580000,0x000000076b580000,0x000000076da80000)
  from space 512K, 6% used [0x0000000779400000,0x0000000779408000,0x0000000779480000)
  to   space 512K, 0% used [0x0000000779380000,0x0000000779380000,0x0000000779400000)
 ParOldGen       total 173568K, used 2601K [0x00000006c2000000, 0x00000006cc980000, 0x000000076b580000)
  object space 173568K, 1% used [0x00000006c2000000,0x00000006c228a690,0x00000006cc980000)
 Metaspace       used 10909K, capacity 11120K, committed 11392K, reserved 1058816K
  class space    used 1223K, capacity 1315K, committed 1408K, reserved 1048576K
}
Event: 51.544 GC heap before
{Heap before GC invocations=955 (full 0):
 PSYoungGen      total 38400K, used 37920K [0x000000076b580000, 0x0000000779480000, 0x00000007c0000000)
  eden space 37888K, 100% used [0x000000076b580000,0x000000076da80000,0x000000076da80000)
  from space 512K, 6% used [0x0000000779400000,0x0000000779408000,0x0000000779480000)
  to   space 512K, 0% used [0x0000000779380000,0x0000000779380000,0x0000000779400000)
 ParOldGen       total 173568K, used 2601K [0x00000006c2000000, 0x00000006cc980000, 0x000000076b580000)
  object space 173568K, 1% used [0x00000006c2000000,0x00000006c228a690,0x00000006cc980000)
 Metaspace       used 10914K, capacity 11120K, committed 11392K, reserved 1058816K
  class space    used 1223K, capacity 1315K, committed 1408K, reserved 1048576K
Event: 51.545 GC heap after
Heap after GC invocations=955 (full 0):
 PSYoungGen      total 46080K, used 64K [0x000000076b580000, 0x0000000779480000, 0x00000007c0000000)
  eden space 45568K, 0% used [0x000000076b580000,0x000000076b580000,0x000000076e200000)
  from space 512K, 12% used [0x0000000779380000,0x0000000779390000,0x0000000779400000)
  to   space 512K, 0% used [0x0000000779400000,0x0000000779400000,0x0000000779480000)
 ParOldGen       total 173568K, used 2601K [0x00000006c2000000, 0x00000006cc980000, 0x000000076b580000)
  object space 173568K, 1% used [0x00000006c2000000,0x00000006c228a690,0x00000006cc980000)
 Metaspace       used 10914K, capacity 11120K, committed 11392K, reserved 1058816K
  class space    used 1223K, capacity 1315K, committed 1408K, reserved 1048576K
}

