# JRE version: Java(TM) SE Runtime Environment (8.0_91-b15) (build 1.8.0_91-b15)
# Java VM: Java HotSpot(TM) 64-Bit Server VM (25.91-b15 mixed mode windows-amd64 compressed oops)
Heap:
 PSYoungGen      total 532480K, used 282556K [0x000000076b580000, 0x000000079c180000, 0x00000007c0000000)
  eden space 373248K, 33% used [0x000000076b580000,0x0000000772e04df0,0x0000000782200000)
  from space 159232K, 99% used [0x0000000782200000,0x000000078bd6a3c0,0x000000078bd80000)
  to   space 182272K, 0% used [0x0000000790f80000,0x0000000790f80000,0x000000079c180000)
 ParOldGen       total 1651200K, used 1254043K [0x00000006c2000000, 0x0000000726c80000, 0x000000076b580000)
  object space 1651200K, 75% used [0x00000006c2000000,0x000000070e8a6f18,0x0000000726c80000)
 Metaspace       used 12688K, capacity 12860K, committed 13056K, reserved 1060864K
  class space    used 1371K, capacity 1440K, committed 1536K, reserved 1048576K
GC Heap History (10 events):
Event: 42.380 GC heap before
{Heap before GC invocations=27 (full 5):
 PSYoungGen      total 373248K, used 266752K [0x000000076b580000, 0x000000078de00000, 0x00000007c0000000)
  eden space 266752K, 100% used [0x000000076b580000,0x000000077ba00000,0x000000077ba00000)
  from space 106496K, 0% used [0x000000077ba00000,0x000000077ba00000,0x0000000782200000)
  to   space 118784K, 0% used [0x0000000786a00000,0x0000000786a00000,0x000000078de00000)
 ParOldGen       total 1242112K, used 897079K [0x00000006c2000000, 0x000000070dd00000, 0x000000076b580000)
  object space 1242112K, 72% used [0x00000006c2000000,0x00000006f8c0ded0,0x000000070dd00000)
 Metaspace       used 12656K, capacity 12860K, committed 13056K, reserved 1060864K
  class space    used 1368K, capacity 1440K, committed 1536K, reserved 1048576K
Event: 42.398 GC heap after
Heap after GC invocations=27 (full 5):
 PSYoungGen      total 430080K, used 118778K [0x000000076b580000, 0x000000078ff80000, 0x00000007c0000000)
  eden space 311296K, 0% used [0x000000076b580000,0x000000076b580000,0x000000077e580000)
  from space 118784K, 99% used [0x0000000786a00000,0x000000078ddfeb80,0x000000078de00000)
  to   space 135680K, 0% used [0x000000077e580000,0x000000077e580000,0x0000000786a00000)
 ParOldGen       total 1242112K, used 899311K [0x00000006c2000000, 0x000000070dd00000, 0x000000076b580000)
  object space 1242112K, 72% used [0x00000006c2000000,0x00000006f8e3bc10,0x000000070dd00000)
 Metaspace       used 12656K, capacity 12860K, committed 13056K, reserved 1060864K
  class space    used 1368K, capacity 1440K, committed 1536K, reserved 1048576K
}
Event: 47.142 GC heap before
{Heap before GC invocations=28 (full 5):
 PSYoungGen      total 430080K, used 430074K [0x000000076b580000, 0x000000078ff80000, 0x00000007c0000000)
  eden space 311296K, 100% used [0x000000076b580000,0x000000077e580000,0x000000077e580000)
  from space 118784K, 99% used [0x0000000786a00000,0x000000078ddfeb80,0x000000078de00000)
  to   space 135680K, 0% used [0x000000077e580000,0x000000077e580000,0x0000000786a00000)
 ParOldGen       total 1242112K, used 899311K [0x00000006c2000000, 0x000000070dd00000, 0x000000076b580000)
  object space 1242112K, 72% used [0x00000006c2000000,0x00000006f8e3bc10,0x000000070dd00000)
 Metaspace       used 12656K, capacity 12860K, committed 13056K, reserved 1060864K
  class space    used 1368K, capacity 1440K, committed 1536K, reserved 1048576K
Event: 47.170 GC heap after
Heap after GC invocations=28 (full 5):
 PSYoungGen      total 446976K, used 120335K [0x000000076b580000, 0x0000000794f00000, 0x00000007c0000000)
  eden space 311296K, 0% used [0x000000076b580000,0x000000076b580000,0x000000077e580000)
  from space 135680K, 88% used [0x000000077e580000,0x0000000785b03f00,0x0000000786a00000)
  to   space 148992K, 0% used [0x000000078bd80000,0x000000078bd80000,0x0000000794f00000)
 ParOldGen       total 1242112K, used 1001161K [0x00000006c2000000, 0x000000070dd00000, 0x000000076b580000)
  object space 1242112K, 80% used [0x00000006c2000000,0x00000006ff1b2770,0x000000070dd00000)
 Metaspace       used 12656K, capacity 12860K, committed 13056K, reserved 1060864K
  class space    used 1368K, capacity 1440K, committed 1536K, reserved 1048576K
}
Event: 51.898 GC heap before
{Heap before GC invocations=29 (full 5):
 PSYoungGen      total 446976K, used 431631K [0x000000076b580000, 0x0000000794f00000, 0x00000007c0000000)
  eden space 311296K, 100% used [0x000000076b580000,0x000000077e580000,0x000000077e580000)
  from space 135680K, 88% used [0x000000077e580000,0x0000000785b03f00,0x0000000786a00000)
  to   space 148992K, 0% used [0x000000078bd80000,0x000000078bd80000,0x0000000794f00000)
 ParOldGen       total 1242112K, used 1001161K [0x00000006c2000000, 0x000000070dd00000, 0x000000076b580000)
  object space 1242112K, 80% used [0x00000006c2000000,0x00000006ff1b2770,0x000000070dd00000)
 Metaspace       used 12656K, capacity 12860K, committed 13056K, reserved 1060864K
  class space    used 1368K, capacity 1440K, committed 1536K, reserved 1048576K
Event: 51.934 GC heap after
Heap after GC invocations=29 (full 5):
 PSYoungGen      total 522240K, used 119573K [0x000000076b580000, 0x0000000796500000, 0x00000007c0000000)
  eden space 373248K, 0% used [0x000000076b580000,0x000000076b580000,0x0000000782200000)
  from space 148992K, 80% used [0x000000078bd80000,0x0000000793245540,0x0000000794f00000)
  to   space 159232K, 0% used [0x0000000782200000,0x0000000782200000,0x000000078bd80000)
 ParOldGen       total 1242112K, used 1124576K [0x00000006c2000000, 0x000000070dd00000, 0x000000076b580000)
  object space 1242112K, 90% used [0x00000006c2000000,0x0000000706a38370,0x000000070dd00000)
 Metaspace       used 12656K, capacity 12860K, committed 13056K, reserved 1060864K
  class space    used 1368K, capacity 1440K, committed 1536K, reserved 1048576K
}
Event: 51.934 GC heap before
{Heap before GC invocations=30 (full 6):
 PSYoungGen      total 522240K, used 119573K [0x000000076b580000, 0x0000000796500000, 0x00000007c0000000)
  eden space 373248K, 0% used [0x000000076b580000,0x000000076b580000,0x0000000782200000)
  from space 148992K, 80% used [0x000000078bd80000,0x0000000793245540,0x0000000794f00000)
  to   space 159232K, 0% used [0x0000000782200000,0x0000000782200000,0x000000078bd80000)
 ParOldGen       total 1242112K, used 1124576K [0x00000006c2000000, 0x000000070dd00000, 0x000000076b580000)
  object space 1242112K, 90% used [0x00000006c2000000,0x0000000706a38370,0x000000070dd00000)
 Metaspace       used 12656K, capacity 12860K, committed 13056K, reserved 1060864K
  class space    used 1368K, capacity 1440K, committed 1536K, reserved 1048576K
Event: 52.017 GC heap after
Heap after GC invocations=30 (full 6):
 PSYoungGen      total 522240K, used 0K [0x000000076b580000, 0x0000000796500000, 0x00000007c0000000)
  eden space 373248K, 0% used [0x000000076b580000,0x000000076b580000,0x0000000782200000)
  from space 148992K, 0% used [0x000000078bd80000,0x000000078bd80000,0x0000000794f00000)
  to   space 159232K, 0% used [0x0000000782200000,0x0000000782200000,0x000000078bd80000)
 ParOldGen       total 1651200K, used 1237608K [0x00000006c2000000, 0x0000000726c80000, 0x000000076b580000)
  object space 1651200K, 74% used [0x00000006c2000000,0x000000070d89a3b8,0x0000000726c80000)
 Metaspace       used 12656K, capacity 12860K, committed 13056K, reserved 1060864K
  class space    used 1368K, capacity 1440K, committed 1536K, reserved 1048576K
}
Event: 57.738 GC heap before
{Heap before GC invocations=31 (full 6):
 PSYoungGen      total 522240K, used 373248K [0x000000076b580000, 0x0000000796500000, 0x00000007c0000000)
  eden space 373248K, 100% used [0x000000076b580000,0x0000000782200000,0x0000000782200000)
  from space 148992K, 0% used [0x000000078bd80000,0x000000078bd80000,0x0000000794f00000)
  to   space 159232K, 0% used [0x0000000782200000,0x0000000782200000,0x000000078bd80000)
 ParOldGen       total 1651200K, used 1237608K [0x00000006c2000000, 0x0000000726c80000, 0x000000076b580000)
  object space 1651200K, 74% used [0x00000006c2000000,0x000000070d89a3b8,0x0000000726c80000)
 Metaspace       used 12656K, capacity 12860K, committed 13056K, reserved 1060864K
  class space    used 1368K, capacity 1440K, committed 1536K, reserved 1048576K
Event: 57.758 GC heap after
Heap after GC invocations=31 (full 6):
 PSYoungGen      total 532480K, used 159144K [0x000000076b580000, 0x000000079c180000, 0x00000007c0000000)
  eden space 373248K, 0% used [0x000000076b580000,0x000000076b580000,0x0000000782200000)
  from space 159232K, 99% used [0x0000000782200000,0x000000078bd6a3c0,0x000000078bd80000)
  to   space 182272K, 0% used [0x0000000790f80000,0x0000000790f80000,0x000000079c180000)
 ParOldGen       total 1651200K, used 1254043K [0x00000006c2000000, 0x0000000726c80000, 0x000000076b580000)
  object space 1651200K, 75% used [0x00000006c2000000,0x000000070e8a6f18,0x0000000726c80000)
 Metaspace       used 12656K, capacity 12860K, committed 13056K, reserved 1060864K
  class space    used 1368K, capacity 1440K, committed 1536K, reserved 1048576K
}

