# JRE version: Java(TM) SE Runtime Environment (8.0_91-b15) (build 1.8.0_91-b15)
# Java VM: Java HotSpot(TM) 64-Bit Server VM (25.91-b15 mixed mode windows-amd64 compressed oops)
Heap:
 PSYoungGen      total 641024K, used 261022K [0x000000076b580000, 0x00000007a1f00000, 0x00000007c0000000)
  eden space 459264K, 17% used [0x000000076b580000,0x000000077030bea0,0x0000000787600000)
  from space 181760K, 99% used [0x0000000794480000,0x000000079f5dbd20,0x000000079f600000)
  to   space 211456K, 0% used [0x0000000787600000,0x0000000787600000,0x0000000794480000)
 ParOldGen       total 720384K, used 513978K [0x00000006c2000000, 0x00000006edf80000, 0x000000076b580000)
  object space 720384K, 71% used [0x00000006c2000000,0x00000006e15eead0,0x00000006edf80000)
 Metaspace       used 12565K, capacity 12804K, committed 13056K, reserved 1060864K
  class space    used 1375K, capacity 1448K, committed 1536K, reserved 1048576K
GC Heap History (10 events):
Event: 4.414 GC heap before
{Heap before GC invocations=9 (full 2):
 PSYoungGen      total 301056K, used 56294K [0x000000076b580000, 0x000000078e480000, 0x00000007c0000000)
  eden space 244736K, 0% used [0x000000076b580000,0x000000076b580000,0x000000077a480000)
  from space 56320K, 99% used [0x000000077a480000,0x000000077db799e0,0x000000077db80000)
  to   space 99840K, 0% used [0x0000000788300000,0x0000000788300000,0x000000078e480000)
 ParOldGen       total 281600K, used 226014K [0x00000006c2000000, 0x00000006d3300000, 0x000000076b580000)
  object space 281600K, 80% used [0x00000006c2000000,0x00000006cfcb7a68,0x00000006d3300000)
 Metaspace       used 12408K, capacity 12612K, committed 12800K, reserved 1060864K
  class space    used 1374K, capacity 1448K, committed 1536K, reserved 1048576K
Event: 4.440 GC heap after
Heap after GC invocations=9 (full 2):
 PSYoungGen      total 301056K, used 0K [0x000000076b580000, 0x000000078e480000, 0x00000007c0000000)
  eden space 244736K, 0% used [0x000000076b580000,0x000000076b580000,0x000000077a480000)
  from space 56320K, 0% used [0x000000077a480000,0x000000077a480000,0x000000077db80000)
  to   space 99840K, 0% used [0x0000000788300000,0x0000000788300000,0x000000078e480000)
 ParOldGen       total 466432K, used 278902K [0x00000006c2000000, 0x00000006de780000, 0x000000076b580000)
  object space 466432K, 59% used [0x00000006c2000000,0x00000006d305d898,0x00000006de780000)
 Metaspace       used 12408K, capacity 12612K, committed 12800K, reserved 1060864K
  class space    used 1374K, capacity 1448K, committed 1536K, reserved 1048576K
}
Event: 5.470 GC heap before
{Heap before GC invocations=10 (full 2):
 PSYoungGen      total 301056K, used 244736K [0x000000076b580000, 0x000000078e480000, 0x00000007c0000000)
  eden space 244736K, 100% used [0x000000076b580000,0x000000077a480000,0x000000077a480000)
  from space 56320K, 0% used [0x000000077a480000,0x000000077a480000,0x000000077db80000)
  to   space 99840K, 0% used [0x0000000788300000,0x0000000788300000,0x000000078e480000)
 ParOldGen       total 466432K, used 278902K [0x00000006c2000000, 0x00000006de780000, 0x000000076b580000)
  object space 466432K, 59% used [0x00000006c2000000,0x00000006d305d898,0x00000006de780000)
 Metaspace       used 12512K, capacity 12740K, committed 13056K, reserved 1060864K
  class space    used 1374K, capacity 1448K, committed 1536K, reserved 1048576K
Event: 5.486 GC heap after
Heap after GC invocations=10 (full 2):
 PSYoungGen      total 456704K, used 96929K [0x000000076b580000, 0x0000000791600000, 0x00000007c0000000)
  eden space 356864K, 0% used [0x000000076b580000,0x000000076b580000,0x0000000781200000)
  from space 99840K, 97% used [0x0000000788300000,0x000000078e1a8700,0x000000078e480000)
  to   space 115712K, 0% used [0x0000000781200000,0x0000000781200000,0x0000000788300000)
 ParOldGen       total 466432K, used 278910K [0x00000006c2000000, 0x00000006de780000, 0x000000076b580000)
  object space 466432K, 59% used [0x00000006c2000000,0x00000006d305f898,0x00000006de780000)
 Metaspace       used 12512K, capacity 12740K, committed 13056K, reserved 1060864K
  class space    used 1374K, capacity 1448K, committed 1536K, reserved 1048576K
}
Event: 6.973 GC heap before
{Heap before GC invocations=11 (full 2):
 PSYoungGen      total 456704K, used 453793K [0x000000076b580000, 0x0000000791600000, 0x00000007c0000000)
  eden space 356864K, 100% used [0x000000076b580000,0x0000000781200000,0x0000000781200000)
  from space 99840K, 97% used [0x0000000788300000,0x000000078e1a8700,0x000000078e480000)
  to   space 115712K, 0% used [0x0000000781200000,0x0000000781200000,0x0000000788300000)
 ParOldGen       total 466432K, used 278910K [0x00000006c2000000, 0x00000006de780000, 0x000000076b580000)
  object space 466432K, 59% used [0x00000006c2000000,0x00000006d305f898,0x00000006de780000)
 Metaspace       used 12553K, capacity 12740K, committed 13056K, reserved 1060864K
  class space    used 1375K, capacity 1448K, committed 1536K, reserved 1048576K
Event: 7.010 GC heap after
Heap after GC invocations=11 (full 2):
 PSYoungGen      total 472576K, used 115683K [0x000000076b580000, 0x000000079f600000, 0x00000007c0000000)
  eden space 356864K, 0% used [0x000000076b580000,0x000000076b580000,0x0000000781200000)
  from space 115712K, 99% used [0x0000000781200000,0x00000007882f8fa0,0x0000000788300000)
  to   space 181760K, 0% used [0x0000000794480000,0x0000000794480000,0x000000079f600000)
 ParOldGen       total 466432K, used 395321K [0x00000006c2000000, 0x00000006de780000, 0x000000076b580000)
  object space 466432K, 84% used [0x00000006c2000000,0x00000006da20e6d8,0x00000006de780000)
 Metaspace       used 12553K, capacity 12740K, committed 13056K, reserved 1060864K
  class space    used 1375K, capacity 1448K, committed 1536K, reserved 1048576K
}
Event: 7.010 GC heap before
{Heap before GC invocations=12 (full 3):
 PSYoungGen      total 472576K, used 115683K [0x000000076b580000, 0x000000079f600000, 0x00000007c0000000)
  eden space 356864K, 0% used [0x000000076b580000,0x000000076b580000,0x0000000781200000)
  from space 115712K, 99% used [0x0000000781200000,0x00000007882f8fa0,0x0000000788300000)
  to   space 181760K, 0% used [0x0000000794480000,0x0000000794480000,0x000000079f600000)
 ParOldGen       total 466432K, used 395321K [0x00000006c2000000, 0x00000006de780000, 0x000000076b580000)
  object space 466432K, 84% used [0x00000006c2000000,0x00000006da20e6d8,0x00000006de780000)
 Metaspace       used 12553K, capacity 12740K, committed 13056K, reserved 1060864K
  class space    used 1375K, capacity 1448K, committed 1536K, reserved 1048576K
Event: 7.088 GC heap after
Heap after GC invocations=12 (full 3):
 PSYoungGen      total 472576K, used 43342K [0x000000076b580000, 0x000000079f600000, 0x00000007c0000000)
  eden space 356864K, 0% used [0x000000076b580000,0x000000076b580000,0x0000000781200000)
  from space 115712K, 37% used [0x0000000781200000,0x0000000783c53a80,0x0000000788300000)
  to   space 181760K, 0% used [0x0000000794480000,0x0000000794480000,0x000000079f600000)
 ParOldGen       total 720384K, used 466420K [0x00000006c2000000, 0x00000006edf80000, 0x000000076b580000)
  object space 720384K, 64% used [0x00000006c2000000,0x00000006de77d110,0x00000006edf80000)
 Metaspace       used 12553K, capacity 12740K, committed 13056K, reserved 1060864K
  class space    used 1375K, capacity 1448K, committed 1536K, reserved 1048576K
}
Event: 8.582 GC heap before
{Heap before GC invocations=13 (full 3):
 PSYoungGen      total 472576K, used 400206K [0x000000076b580000, 0x000000079f600000, 0x00000007c0000000)
  eden space 356864K, 100% used [0x000000076b580000,0x0000000781200000,0x0000000781200000)
  from space 115712K, 37% used [0x0000000781200000,0x0000000783c53a80,0x0000000788300000)
  to   space 181760K, 0% used [0x0000000794480000,0x0000000794480000,0x000000079f600000)
 ParOldGen       total 720384K, used 466420K [0x00000006c2000000, 0x00000006edf80000, 0x000000076b580000)
  object space 720384K, 64% used [0x00000006c2000000,0x00000006de77d110,0x00000006edf80000)
 Metaspace       used 12561K, capacity 12804K, committed 13056K, reserved 1060864K
  class space    used 1375K, capacity 1448K, committed 1536K, reserved 1048576K
Event: 8.618 GC heap after
Heap after GC invocations=13 (full 3):
 PSYoungGen      total 641024K, used 181615K [0x000000076b580000, 0x00000007a1f00000, 0x00000007c0000000)
  eden space 459264K, 0% used [0x000000076b580000,0x000000076b580000,0x0000000787600000)
  from space 181760K, 99% used [0x0000000794480000,0x000000079f5dbd20,0x000000079f600000)
  to   space 211456K, 0% used [0x0000000787600000,0x0000000787600000,0x0000000794480000)
 ParOldGen       total 720384K, used 513978K [0x00000006c2000000, 0x00000006edf80000, 0x000000076b580000)
  object space 720384K, 71% used [0x00000006c2000000,0x00000006e15eead0,0x00000006edf80000)
 Metaspace       used 12561K, capacity 12804K, committed 13056K, reserved 1060864K
  class space    used 1375K, capacity 1448K, committed 1536K, reserved 1048576K
}

