# JRE version: Java(TM) SE Runtime Environment (8.0_91-b15) (build 1.8.0_91-b15)
# Java VM: Java HotSpot(TM) 64-Bit Server VM (25.91-b15 mixed mode windows-amd64 compressed oops)
Heap:
 PSYoungGen      total 581120K, used 332701K [0x000000076b580000, 0x00000007a0880000, 0x00000007c0000000)
  eden space 389120K, 52% used [0x000000076b580000,0x0000000777dd8958,0x0000000783180000)
  from space 192000K, 66% used [0x0000000790b00000,0x000000079878edc0,0x000000079c680000)
  to   space 222720K, 0% used [0x0000000783180000,0x0000000783180000,0x0000000790b00000)
 ParOldGen       total 730112K, used 480752K [0x00000006c2000000, 0x00000006ee900000, 0x000000076b580000)
  object space 730112K, 65% used [0x00000006c2000000,0x00000006df57c1a8,0x00000006ee900000)
 Metaspace       used 12416K, capacity 12604K, committed 12800K, reserved 1060864K
  class space    used 1371K, capacity 1440K, committed 1536K, reserved 1048576K
GC Heap History (10 events):
Event: 5.234 GC heap before
{Heap before GC invocations=9 (full 1):
 PSYoungGen      total 312832K, used 312818K [0x000000076b580000, 0x000000078fa80000, 0x00000007c0000000)
  eden space 235008K, 100% used [0x000000076b580000,0x0000000779b00000,0x0000000779b00000)
  from space 77824K, 99% used [0x0000000779b00000,0x000000077e6fc980,0x000000077e700000)
  to   space 119296K, 0% used [0x0000000788600000,0x0000000788600000,0x000000078fa80000)
 ParOldGen       total 284160K, used 199907K [0x00000006c2000000, 0x00000006d3580000, 0x000000076b580000)
  object space 284160K, 70% used [0x00000006c2000000,0x00000006ce338eb8,0x00000006d3580000)
 Metaspace       used 12397K, capacity 12604K, committed 12800K, reserved 1060864K
  class space    used 1371K, capacity 1440K, committed 1536K, reserved 1048576K
Event: 5.261 GC heap after
Heap after GC invocations=9 (full 1):
 PSYoungGen      total 431616K, used 119272K [0x000000076b580000, 0x0000000797680000, 0x00000007c0000000)
  eden space 312320K, 0% used [0x000000076b580000,0x000000076b580000,0x000000077e680000)
  from space 119296K, 99% used [0x0000000788600000,0x000000078fa7a060,0x000000078fa80000)
  to   space 163328K, 0% used [0x000000077e680000,0x000000077e680000,0x0000000788600000)
 ParOldGen       total 284160K, used 252245K [0x00000006c2000000, 0x00000006d3580000, 0x000000076b580000)
  object space 284160K, 88% used [0x00000006c2000000,0x00000006d16557d8,0x00000006d3580000)
 Metaspace       used 12397K, capacity 12604K, committed 12800K, reserved 1060864K
  class space    used 1371K, capacity 1440K, committed 1536K, reserved 1048576K
}
Event: 5.261 GC heap before
{Heap before GC invocations=10 (full 2):
 PSYoungGen      total 431616K, used 119272K [0x000000076b580000, 0x0000000797680000, 0x00000007c0000000)
  eden space 312320K, 0% used [0x000000076b580000,0x000000076b580000,0x000000077e680000)
  from space 119296K, 99% used [0x0000000788600000,0x000000078fa7a060,0x000000078fa80000)
  to   space 163328K, 0% used [0x000000077e680000,0x000000077e680000,0x0000000788600000)
 ParOldGen       total 284160K, used 252245K [0x00000006c2000000, 0x00000006d3580000, 0x000000076b580000)
  object space 284160K, 88% used [0x00000006c2000000,0x00000006d16557d8,0x00000006d3580000)
 Metaspace       used 12397K, capacity 12604K, committed 12800K, reserved 1060864K
  class space    used 1371K, capacity 1440K, committed 1536K, reserved 1048576K
Event: 5.317 GC heap after
Heap after GC invocations=10 (full 2):
 PSYoungGen      total 431616K, used 82885K [0x000000076b580000, 0x0000000797680000, 0x00000007c0000000)
  eden space 312320K, 0% used [0x000000076b580000,0x000000076b580000,0x000000077e680000)
  from space 119296K, 69% used [0x0000000788600000,0x000000078d6f15a8,0x000000078fa80000)
  to   space 163328K, 0% used [0x000000077e680000,0x000000077e680000,0x0000000788600000)
 ParOldGen       total 480768K, used 283750K [0x00000006c2000000, 0x00000006df580000, 0x000000076b580000)
  object space 480768K, 59% used [0x00000006c2000000,0x00000006d3519988,0x00000006df580000)
 Metaspace       used 12397K, capacity 12604K, committed 12800K, reserved 1060864K
  class space    used 1371K, capacity 1440K, committed 1536K, reserved 1048576K
}
Event: 6.592 GC heap before
{Heap before GC invocations=11 (full 2):
 PSYoungGen      total 431616K, used 395205K [0x000000076b580000, 0x0000000797680000, 0x00000007c0000000)
  eden space 312320K, 100% used [0x000000076b580000,0x000000077e680000,0x000000077e680000)
  from space 119296K, 69% used [0x0000000788600000,0x000000078d6f15a8,0x000000078fa80000)
  to   space 163328K, 0% used [0x000000077e680000,0x000000077e680000,0x0000000788600000)
 ParOldGen       total 480768K, used 283750K [0x00000006c2000000, 0x00000006df580000, 0x000000076b580000)
  object space 480768K, 59% used [0x00000006c2000000,0x00000006d3519988,0x00000006df580000)
 Metaspace       used 12403K, capacity 12604K, committed 12800K, reserved 1060864K
  class space    used 1371K, capacity 1440K, committed 1536K, reserved 1048576K
Event: 6.621 GC heap after
Heap after GC invocations=11 (full 2):
 PSYoungGen      total 475648K, used 163258K [0x000000076b580000, 0x000000079c680000, 0x00000007c0000000)
  eden space 312320K, 0% used [0x000000076b580000,0x000000076b580000,0x000000077e680000)
  from space 163328K, 99% used [0x000000077e680000,0x00000007885ee960,0x0000000788600000)
  to   space 192000K, 0% used [0x0000000790b00000,0x0000000790b00000,0x000000079c680000)
 ParOldGen       total 480768K, used 328776K [0x00000006c2000000, 0x00000006df580000, 0x000000076b580000)
  object space 480768K, 68% used [0x00000006c2000000,0x00000006d6112128,0x00000006df580000)
 Metaspace       used 12403K, capacity 12604K, committed 12800K, reserved 1060864K
  class space    used 1371K, capacity 1440K, committed 1536K, reserved 1048576K
}
Event: 7.903 GC heap before
{Heap before GC invocations=12 (full 2):
 PSYoungGen      total 475648K, used 475578K [0x000000076b580000, 0x000000079c680000, 0x00000007c0000000)
  eden space 312320K, 100% used [0x000000076b580000,0x000000077e680000,0x000000077e680000)
  from space 163328K, 99% used [0x000000077e680000,0x00000007885ee960,0x0000000788600000)
  to   space 192000K, 0% used [0x0000000790b00000,0x0000000790b00000,0x000000079c680000)
 ParOldGen       total 480768K, used 328776K [0x00000006c2000000, 0x00000006df580000, 0x000000076b580000)
  object space 480768K, 68% used [0x00000006c2000000,0x00000006d6112128,0x00000006df580000)
 Metaspace       used 12404K, capacity 12604K, committed 12800K, reserved 1060864K
  class space    used 1371K, capacity 1440K, committed 1536K, reserved 1048576K
Event: 7.947 GC heap after
Heap after GC invocations=12 (full 2):
 PSYoungGen      total 581120K, used 191841K [0x000000076b580000, 0x00000007a0880000, 0x00000007c0000000)
  eden space 389120K, 0% used [0x000000076b580000,0x000000076b580000,0x0000000783180000)
  from space 192000K, 99% used [0x0000000790b00000,0x000000079c6585a0,0x000000079c680000)
  to   space 222720K, 0% used [0x0000000783180000,0x0000000783180000,0x0000000790b00000)
 ParOldGen       total 480768K, used 421789K [0x00000006c2000000, 0x00000006df580000, 0x000000076b580000)
  object space 480768K, 87% used [0x00000006c2000000,0x00000006dbbe7768,0x00000006df580000)
 Metaspace       used 12404K, capacity 12604K, committed 12800K, reserved 1060864K
  class space    used 1371K, capacity 1440K, committed 1536K, reserved 1048576K
}
Event: 7.947 GC heap before
{Heap before GC invocations=13 (full 3):
 PSYoungGen      total 581120K, used 191841K [0x000000076b580000, 0x00000007a0880000, 0x00000007c0000000)
  eden space 389120K, 0% used [0x000000076b580000,0x000000076b580000,0x0000000783180000)
  from space 192000K, 99% used [0x0000000790b00000,0x000000079c6585a0,0x000000079c680000)
  to   space 222720K, 0% used [0x0000000783180000,0x0000000783180000,0x0000000790b00000)
 ParOldGen       total 480768K, used 421789K [0x00000006c2000000, 0x00000006df580000, 0x000000076b580000)
  object space 480768K, 87% used [0x00000006c2000000,0x00000006dbbe7768,0x00000006df580000)
 Metaspace       used 12404K, capacity 12604K, committed 12800K, reserved 1060864K
  class space    used 1371K, capacity 1440K, committed 1536K, reserved 1048576K
Event: 8.012 GC heap after
Heap after GC invocations=13 (full 3):
 PSYoungGen      total 581120K, used 127547K [0x000000076b580000, 0x00000007a0880000, 0x00000007c0000000)
  eden space 389120K, 0% used [0x000000076b580000,0x000000076b580000,0x0000000783180000)
  from space 192000K, 66% used [0x0000000790b00000,0x000000079878edc0,0x000000079c680000)
  to   space 222720K, 0% used [0x0000000783180000,0x0000000783180000,0x0000000790b00000)
 ParOldGen       total 730112K, used 480752K [0x00000006c2000000, 0x00000006ee900000, 0x000000076b580000)
  object space 730112K, 65% used [0x00000006c2000000,0x00000006df57c1a8,0x00000006ee900000)
 Metaspace       used 12404K, capacity 12604K, committed 12800K, reserved 1060864K
  class space    used 1371K, capacity 1440K, committed 1536K, reserved 1048576K
}

