# JRE version: Java(TM) SE Runtime Environment (8.0_91-b15) (build 1.8.0_91-b15)
# Java VM: Java HotSpot(TM) 64-Bit Server VM (25.91-b15 mixed mode windows-amd64 compressed oops)
Heap:
 PSYoungGen      total 102400K, used 1261K [0x000000076b580000, 0x0000000775280000, 0x00000007c0000000)
  eden space 45056K, 2% used [0x000000076b580000,0x000000076b6bb540,0x000000076e180000)
  from space 57344K, 0% used [0x0000000771a80000,0x0000000771a80000,0x0000000775280000)
  to   space 57856K, 0% used [0x000000076e180000,0x000000076e180000,0x0000000771a00000)
 ParOldGen       total 334336K, used 241024K [0x00000006c2000000, 0x00000006d6680000, 0x000000076b580000)
  object space 334336K, 72% used [0x00000006c2000000,0x00000006d0b60028,0x00000006d6680000)
 Metaspace       used 13139K, capacity 13378K, committed 13568K, reserved 1060864K
  class space    used 1392K, capacity 1486K, committed 1536K, reserved 1048576K
GC Heap History (10 events):
Event: 23.237 GC heap before
{Heap before GC invocations=12 (full 1):
 PSYoungGen      total 98816K, used 79646K [0x000000076b580000, 0x0000000774d00000, 0x00000007c0000000)
  eden space 47616K, 100% used [0x000000076b580000,0x000000076e400000,0x000000076e400000)
  from space 51200K, 62% used [0x0000000771b00000,0x0000000773a47820,0x0000000774d00000)
  to   space 53760K, 0% used [0x000000076e400000,0x000000076e400000,0x0000000771880000)
 ParOldGen       total 268288K, used 175694K [0x00000006c2000000, 0x00000006d2600000, 0x000000076b580000)
  object space 268288K, 65% used [0x00000006c2000000,0x00000006ccb93ab0,0x00000006d2600000)
 Metaspace       used 13121K, capacity 13378K, committed 13568K, reserved 1060864K
  class space    used 1392K, capacity 1486K, committed 1536K, reserved 1048576K
Event: 23.243 GC heap after
Heap after GC invocations=12 (full 1):
 PSYoungGen      total 100864K, used 11180K [0x000000076b580000, 0x0000000775080000, 0x00000007c0000000)
  eden space 47104K, 0% used [0x000000076b580000,0x000000076b580000,0x000000076e380000)
  from space 53760K, 20% used [0x000000076e400000,0x000000076eeeb240,0x0000000771880000)
  to   space 55808K, 0% used [0x0000000771a00000,0x0000000771a00000,0x0000000775080000)
 ParOldGen       total 268288K, used 201014K [0x00000006c2000000, 0x00000006d2600000, 0x000000076b580000)
  object space 268288K, 74% used [0x00000006c2000000,0x00000006ce44db20,0x00000006d2600000)
 Metaspace       used 13121K, capacity 13378K, committed 13568K, reserved 1060864K
  class space    used 1392K, capacity 1486K, committed 1536K, reserved 1048576K
}
Event: 24.210 GC heap before
{Heap before GC invocations=13 (full 1):
 PSYoungGen      total 100864K, used 58284K [0x000000076b580000, 0x0000000775080000, 0x00000007c0000000)
  eden space 47104K, 100% used [0x000000076b580000,0x000000076e380000,0x000000076e380000)
  from space 53760K, 20% used [0x000000076e400000,0x000000076eeeb240,0x0000000771880000)
  to   space 55808K, 0% used [0x0000000771a00000,0x0000000771a00000,0x0000000775080000)
 ParOldGen       total 268288K, used 201014K [0x00000006c2000000, 0x00000006d2600000, 0x000000076b580000)
  object space 268288K, 74% used [0x00000006c2000000,0x00000006ce44db20,0x00000006d2600000)
 Metaspace       used 13122K, capacity 13378K, committed 13568K, reserved 1060864K
  class space    used 1392K, capacity 1486K, committed 1536K, reserved 1048576K
Event: 24.215 GC heap after
Heap after GC invocations=13 (full 1):
 PSYoungGen      total 101888K, used 10450K [0x000000076b580000, 0x0000000775200000, 0x00000007c0000000)
  eden space 46080K, 0% used [0x000000076b580000,0x000000076b580000,0x000000076e280000)
  from space 55808K, 18% used [0x0000000771a00000,0x0000000772434880,0x0000000775080000)
  to   space 56832K, 0% used [0x000000076e280000,0x000000076e280000,0x0000000771a00000)
 ParOldGen       total 268288K, used 214957K [0x00000006c2000000, 0x00000006d2600000, 0x000000076b580000)
  object space 268288K, 80% used [0x00000006c2000000,0x00000006cf1eb460,0x00000006d2600000)
 Metaspace       used 13122K, capacity 13378K, committed 13568K, reserved 1060864K
  class space    used 1392K, capacity 1486K, committed 1536K, reserved 1048576K
}
Event: 25.242 GC heap before
{Heap before GC invocations=14 (full 1):
 PSYoungGen      total 101888K, used 56530K [0x000000076b580000, 0x0000000775200000, 0x00000007c0000000)
  eden space 46080K, 100% used [0x000000076b580000,0x000000076e280000,0x000000076e280000)
  from space 55808K, 18% used [0x0000000771a00000,0x0000000772434880,0x0000000775080000)
  to   space 56832K, 0% used [0x000000076e280000,0x000000076e280000,0x0000000771a00000)
 ParOldGen       total 268288K, used 214957K [0x00000006c2000000, 0x00000006d2600000, 0x000000076b580000)
  object space 268288K, 80% used [0x00000006c2000000,0x00000006cf1eb460,0x00000006d2600000)
 Metaspace       used 13123K, capacity 13378K, committed 13568K, reserved 1060864K
  class space    used 1392K, capacity 1486K, committed 1536K, reserved 1048576K
Event: 25.246 GC heap after
Heap after GC invocations=14 (full 1):
 PSYoungGen      total 102400K, used 10450K [0x000000076b580000, 0x0000000775300000, 0x00000007c0000000)
  eden space 45568K, 0% used [0x000000076b580000,0x000000076b580000,0x000000076e200000)
  from space 56832K, 18% used [0x000000076e280000,0x000000076ecb4880,0x0000000771a00000)
  to   space 57856K, 0% used [0x0000000771a80000,0x0000000771a80000,0x0000000775300000)
 ParOldGen       total 268288K, used 229621K [0x00000006c2000000, 0x00000006d2600000, 0x000000076b580000)
  object space 268288K, 85% used [0x00000006c2000000,0x00000006d003d760,0x00000006d2600000)
 Metaspace       used 13123K, capacity 13378K, committed 13568K, reserved 1060864K
  class space    used 1392K, capacity 1486K, committed 1536K, reserved 1048576K
}
Event: 26.274 GC heap before
{Heap before GC invocations=15 (full 1):
 PSYoungGen      total 102400K, used 56018K [0x000000076b580000, 0x0000000775300000, 0x00000007c0000000)
  eden space 45568K, 100% used [0x000000076b580000,0x000000076e200000,0x000000076e200000)
  from space 56832K, 18% used [0x000000076e280000,0x000000076ecb4880,0x0000000771a00000)
  to   space 57856K, 0% used [0x0000000771a80000,0x0000000771a80000,0x0000000775300000)
 ParOldGen       total 268288K, used 229621K [0x00000006c2000000, 0x00000006d2600000, 0x000000076b580000)
  object space 268288K, 85% used [0x00000006c2000000,0x00000006d003d760,0x00000006d2600000)
 Metaspace       used 13138K, capacity 13378K, committed 13568K, reserved 1060864K
  class space    used 1392K, capacity 1486K, committed 1536K, reserved 1048576K
Event: 26.279 GC heap after
Heap after GC invocations=15 (full 1):
 PSYoungGen      total 102400K, used 10450K [0x000000076b580000, 0x0000000775280000, 0x00000007c0000000)
  eden space 45056K, 0% used [0x000000076b580000,0x000000076b580000,0x000000076e180000)
  from space 57344K, 18% used [0x0000000771a80000,0x00000007724b4880,0x0000000775280000)
  to   space 57856K, 0% used [0x000000076e180000,0x000000076e180000,0x0000000771a00000)
 ParOldGen       total 268288K, used 242825K [0x00000006c2000000, 0x00000006d2600000, 0x000000076b580000)
  object space 268288K, 90% used [0x00000006c2000000,0x00000006d0d226e0,0x00000006d2600000)
 Metaspace       used 13138K, capacity 13378K, committed 13568K, reserved 1060864K
  class space    used 1392K, capacity 1486K, committed 1536K, reserved 1048576K
}
Event: 26.279 GC heap before
{Heap before GC invocations=16 (full 2):
 PSYoungGen      total 102400K, used 10450K [0x000000076b580000, 0x0000000775280000, 0x00000007c0000000)
  eden space 45056K, 0% used [0x000000076b580000,0x000000076b580000,0x000000076e180000)
  from space 57344K, 18% used [0x0000000771a80000,0x00000007724b4880,0x0000000775280000)
  to   space 57856K, 0% used [0x000000076e180000,0x000000076e180000,0x0000000771a00000)
 ParOldGen       total 268288K, used 242825K [0x00000006c2000000, 0x00000006d2600000, 0x000000076b580000)
  object space 268288K, 90% used [0x00000006c2000000,0x00000006d0d226e0,0x00000006d2600000)
 Metaspace       used 13138K, capacity 13378K, committed 13568K, reserved 1060864K
  class space    used 1392K, capacity 1486K, committed 1536K, reserved 1048576K
Event: 26.296 GC heap after
Heap after GC invocations=16 (full 2):
 PSYoungGen      total 102400K, used 0K [0x000000076b580000, 0x0000000775280000, 0x00000007c0000000)
  eden space 45056K, 0% used [0x000000076b580000,0x000000076b580000,0x000000076e180000)
  from space 57344K, 0% used [0x0000000771a80000,0x0000000771a80000,0x0000000775280000)
  to   space 57856K, 0% used [0x000000076e180000,0x000000076e180000,0x0000000771a00000)
 ParOldGen       total 334336K, used 241024K [0x00000006c2000000, 0x00000006d6680000, 0x000000076b580000)
  object space 334336K, 72% used [0x00000006c2000000,0x00000006d0b60028,0x00000006d6680000)
 Metaspace       used 13138K, capacity 13378K, committed 13568K, reserved 1060864K
  class space    used 1392K, capacity 1486K, committed 1536K, reserved 1048576K
}

