# JRE version: Java(TM) SE Runtime Environment (8.0_91-b15) (build 1.8.0_91-b15)
# Java VM: Java HotSpot(TM) 64-Bit Server VM (25.91-b15 mixed mode windows-amd64 compressed oops)
Heap:
 PSYoungGen      total 34304K, used 1950K [0x000000076b580000, 0x000000076e080000, 0x00000007c0000000)
  eden space 31232K, 6% used [0x000000076b580000,0x000000076b767a80,0x000000076d400000)
  from space 3072K, 0% used [0x000000076d700000,0x000000076d700000,0x000000076da00000)
  to   space 3072K, 0% used [0x000000076d400000,0x000000076d400000,0x000000076d700000)
 ParOldGen       total 178176K, used 100517K [0x00000006c2000000, 0x00000006cce00000, 0x000000076b580000)
  object space 178176K, 56% used [0x00000006c2000000,0x00000006c8229618,0x00000006cce00000)
 Metaspace       used 12550K, capacity 12768K, committed 13056K, reserved 1060864K
  class space    used 1381K, capacity 1472K, committed 1536K, reserved 1048576K
GC Heap History (10 events):
Event: 12.936 GC heap before
{Heap before GC invocations=65 (full 0):
 PSYoungGen      total 34304K, used 32487K [0x000000076b580000, 0x000000076da00000, 0x00000007c0000000)
  eden space 31232K, 100% used [0x000000076b580000,0x000000076d400000,0x000000076d400000)
  from space 3072K, 40% used [0x000000076d700000,0x000000076d839ea0,0x000000076da00000)
  to   space 3072K, 0% used [0x000000076d400000,0x000000076d400000,0x000000076d700000)
 ParOldGen       total 173568K, used 163362K [0x00000006c2000000, 0x00000006cc980000, 0x000000076b580000)
  object space 173568K, 94% used [0x00000006c2000000,0x00000006cbf88978,0x00000006cc980000)
 Metaspace       used 12543K, capacity 12768K, committed 13056K, reserved 1060864K
  class space    used 1381K, capacity 1472K, committed 1536K, reserved 1048576K
Event: 12.937 GC heap after
Heap after GC invocations=65 (full 0):
 PSYoungGen      total 34304K, used 2018K [0x000000076b580000, 0x000000076da00000, 0x00000007c0000000)
  eden space 31232K, 0% used [0x000000076b580000,0x000000076b580000,0x000000076d400000)
  from space 3072K, 65% used [0x000000076d400000,0x000000076d5f8860,0x000000076d700000)
  to   space 3072K, 0% used [0x000000076d700000,0x000000076d700000,0x000000076da00000)
 ParOldGen       total 173568K, used 165950K [0x00000006c2000000, 0x00000006cc980000, 0x000000076b580000)
  object space 173568K, 95% used [0x00000006c2000000,0x00000006cc20fb98,0x00000006cc980000)
 Metaspace       used 12543K, capacity 12768K, committed 13056K, reserved 1060864K
  class space    used 1381K, capacity 1472K, committed 1536K, reserved 1048576K
}
Event: 13.063 GC heap before
{Heap before GC invocations=66 (full 0):
 PSYoungGen      total 34304K, used 33250K [0x000000076b580000, 0x000000076da00000, 0x00000007c0000000)
  eden space 31232K, 100% used [0x000000076b580000,0x000000076d400000,0x000000076d400000)
  from space 3072K, 65% used [0x000000076d400000,0x000000076d5f8860,0x000000076d700000)
  to   space 3072K, 0% used [0x000000076d700000,0x000000076d700000,0x000000076da00000)
 ParOldGen       total 173568K, used 165950K [0x00000006c2000000, 0x00000006cc980000, 0x000000076b580000)
  object space 173568K, 95% used [0x00000006c2000000,0x00000006cc20fb98,0x00000006cc980000)
 Metaspace       used 12546K, capacity 12768K, committed 13056K, reserved 1060864K
  class space    used 1381K, capacity 1472K, committed 1536K, reserved 1048576K
Event: 13.065 GC heap after
Heap after GC invocations=66 (full 0):
 PSYoungGen      total 34304K, used 1620K [0x000000076b580000, 0x000000076da00000, 0x00000007c0000000)
  eden space 31232K, 0% used [0x000000076b580000,0x000000076b580000,0x000000076d400000)
  from space 3072K, 52% used [0x000000076d700000,0x000000076d895380,0x000000076da00000)
  to   space 3072K, 0% used [0x000000076d400000,0x000000076d400000,0x000000076d700000)
 ParOldGen       total 173568K, used 168166K [0x00000006c2000000, 0x00000006cc980000, 0x000000076b580000)
  object space 173568K, 96% used [0x00000006c2000000,0x00000006cc4398d8,0x00000006cc980000)
 Metaspace       used 12546K, capacity 12768K, committed 13056K, reserved 1060864K
  class space    used 1381K, capacity 1472K, committed 1536K, reserved 1048576K
}
Event: 13.191 GC heap before
{Heap before GC invocations=67 (full 0):
 PSYoungGen      total 34304K, used 32852K [0x000000076b580000, 0x000000076da00000, 0x00000007c0000000)
  eden space 31232K, 100% used [0x000000076b580000,0x000000076d400000,0x000000076d400000)
  from space 3072K, 52% used [0x000000076d700000,0x000000076d895380,0x000000076da00000)
  to   space 3072K, 0% used [0x000000076d400000,0x000000076d400000,0x000000076d700000)
 ParOldGen       total 173568K, used 168166K [0x00000006c2000000, 0x00000006cc980000, 0x000000076b580000)
  object space 173568K, 96% used [0x00000006c2000000,0x00000006cc4398d8,0x00000006cc980000)
 Metaspace       used 12546K, capacity 12768K, committed 13056K, reserved 1060864K
  class space    used 1381K, capacity 1472K, committed 1536K, reserved 1048576K
Event: 13.192 GC heap after
Heap after GC invocations=67 (full 0):
 PSYoungGen      total 34304K, used 2748K [0x000000076b580000, 0x000000076da00000, 0x00000007c0000000)
  eden space 31232K, 0% used [0x000000076b580000,0x000000076b580000,0x000000076d400000)
  from space 3072K, 89% used [0x000000076d400000,0x000000076d6af220,0x000000076d700000)
  to   space 3072K, 0% used [0x000000076d700000,0x000000076d700000,0x000000076da00000)
 ParOldGen       total 173568K, used 169651K [0x00000006c2000000, 0x00000006cc980000, 0x000000076b580000)
  object space 173568K, 97% used [0x00000006c2000000,0x00000006cc5acc58,0x00000006cc980000)
 Metaspace       used 12546K, capacity 12768K, committed 13056K, reserved 1060864K
  class space    used 1381K, capacity 1472K, committed 1536K, reserved 1048576K
}
Event: 13.332 GC heap before
{Heap before GC invocations=68 (full 0):
 PSYoungGen      total 34304K, used 33980K [0x000000076b580000, 0x000000076da00000, 0x00000007c0000000)
  eden space 31232K, 100% used [0x000000076b580000,0x000000076d400000,0x000000076d400000)
  from space 3072K, 89% used [0x000000076d400000,0x000000076d6af220,0x000000076d700000)
  to   space 3072K, 0% used [0x000000076d700000,0x000000076d700000,0x000000076da00000)
 ParOldGen       total 173568K, used 169651K [0x00000006c2000000, 0x00000006cc980000, 0x000000076b580000)
  object space 173568K, 97% used [0x00000006c2000000,0x00000006cc5acc58,0x00000006cc980000)
 Metaspace       used 12550K, capacity 12768K, committed 13056K, reserved 1060864K
  class space    used 1381K, capacity 1472K, committed 1536K, reserved 1048576K
Event: 13.335 GC heap after
Heap after GC invocations=68 (full 0):
 PSYoungGen      total 34304K, used 1588K [0x000000076b580000, 0x000000076e080000, 0x00000007c0000000)
  eden space 31232K, 0% used [0x000000076b580000,0x000000076b580000,0x000000076d400000)
  from space 3072K, 51% used [0x000000076d700000,0x000000076d88d380,0x000000076da00000)
  to   space 3072K, 0% used [0x000000076d400000,0x000000076d400000,0x000000076d700000)
 ParOldGen       total 173568K, used 171493K [0x00000006c2000000, 0x00000006cc980000, 0x000000076b580000)
  object space 173568K, 98% used [0x00000006c2000000,0x00000006cc7794b8,0x00000006cc980000)
 Metaspace       used 12550K, capacity 12768K, committed 13056K, reserved 1060864K
  class space    used 1381K, capacity 1472K, committed 1536K, reserved 1048576K
}
Event: 13.335 GC heap before
{Heap before GC invocations=69 (full 1):
 PSYoungGen      total 34304K, used 1588K [0x000000076b580000, 0x000000076e080000, 0x00000007c0000000)
  eden space 31232K, 0% used [0x000000076b580000,0x000000076b580000,0x000000076d400000)
  from space 3072K, 51% used [0x000000076d700000,0x000000076d88d380,0x000000076da00000)
  to   space 3072K, 0% used [0x000000076d400000,0x000000076d400000,0x000000076d700000)
 ParOldGen       total 173568K, used 171493K [0x00000006c2000000, 0x00000006cc980000, 0x000000076b580000)
  object space 173568K, 98% used [0x00000006c2000000,0x00000006cc7794b8,0x00000006cc980000)
 Metaspace       used 12550K, capacity 12768K, committed 13056K, reserved 1060864K
  class space    used 1381K, capacity 1472K, committed 1536K, reserved 1048576K
Event: 13.358 GC heap after
Heap after GC invocations=69 (full 1):
 PSYoungGen      total 34304K, used 0K [0x000000076b580000, 0x000000076e080000, 0x00000007c0000000)
  eden space 31232K, 0% used [0x000000076b580000,0x000000076b580000,0x000000076d400000)
  from space 3072K, 0% used [0x000000076d700000,0x000000076d700000,0x000000076da00000)
  to   space 3072K, 0% used [0x000000076d400000,0x000000076d400000,0x000000076d700000)
 ParOldGen       total 178176K, used 100517K [0x00000006c2000000, 0x00000006cce00000, 0x000000076b580000)
  object space 178176K, 56% used [0x00000006c2000000,0x00000006c8229618,0x00000006cce00000)
 Metaspace       used 12550K, capacity 12768K, committed 13056K, reserved 1060864K
  class space    used 1381K, capacity 1472K, committed 1536K, reserved 1048576K
}

