# JRE version: Java(TM) SE Runtime Environment (8.0_91-b15) (build 1.8.0_91-b15)
# Java VM: Java HotSpot(TM) 64-Bit Server VM (25.91-b15 mixed mode windows-amd64 compressed oops)
Heap:
 PSYoungGen      total 75776K, used 56798K [0x000000076b580000, 0x0000000770a00000, 0x00000007c0000000)
  eden space 65024K, 70% used [0x000000076b580000,0x000000076e27e690,0x000000076f500000)
  from space 10752K, 99% used [0x000000076ff80000,0x00000007709f9388,0x0000000770a00000)
  to   space 10752K, 0% used [0x000000076f500000,0x000000076f500000,0x000000076ff80000)
 ParOldGen       total 173568K, used 92788K [0x00000006c2000000, 0x00000006cc980000, 0x000000076b580000)
  object space 173568K, 53% used [0x00000006c2000000,0x00000006c7a9d110,0x00000006cc980000)
 Metaspace       used 12628K, capacity 12800K, committed 13056K, reserved 1060864K
  class space    used 1375K, capacity 1440K, committed 1536K, reserved 1048576K
GC Heap History (8 events):
Event: 1.770 GC heap before
{Heap before GC invocations=1 (full 0):
 PSYoungGen      total 75776K, used 65024K [0x000000076b580000, 0x0000000770a00000, 0x00000007c0000000)
  eden space 65024K, 100% used [0x000000076b580000,0x000000076f500000,0x000000076f500000)
  from space 10752K, 0% used [0x000000076ff80000,0x000000076ff80000,0x0000000770a00000)
  to   space 10752K, 0% used [0x000000076f500000,0x000000076f500000,0x000000076ff80000)
 ParOldGen       total 173568K, used 0K [0x00000006c2000000, 0x00000006cc980000, 0x000000076b580000)
  object space 173568K, 0% used [0x00000006c2000000,0x00000006c2000000,0x00000006cc980000)
 Metaspace       used 12028K, capacity 12212K, committed 12544K, reserved 1060864K
  class space    used 1375K, capacity 1440K, committed 1536K, reserved 1048576K
Event: 1.776 GC heap after
Heap after GC invocations=1 (full 0):
 PSYoungGen      total 75776K, used 10730K [0x000000076b580000, 0x0000000770a00000, 0x00000007c0000000)
  eden space 65024K, 0% used [0x000000076b580000,0x000000076b580000,0x000000076f500000)
  from space 10752K, 99% used [0x000000076f500000,0x000000076ff7a9e8,0x000000076ff80000)
  to   space 10752K, 0% used [0x000000076ff80000,0x000000076ff80000,0x0000000770a00000)
 ParOldGen       total 173568K, used 13993K [0x00000006c2000000, 0x00000006cc980000, 0x000000076b580000)
  object space 173568K, 8% used [0x00000006c2000000,0x00000006c2daa780,0x00000006cc980000)
 Metaspace       used 12028K, capacity 12212K, committed 12544K, reserved 1060864K
  class space    used 1375K, capacity 1440K, committed 1536K, reserved 1048576K
}
Event: 3.026 GC heap before
{Heap before GC invocations=2 (full 0):
 PSYoungGen      total 75776K, used 75754K [0x000000076b580000, 0x0000000770a00000, 0x00000007c0000000)
  eden space 65024K, 100% used [0x000000076b580000,0x000000076f500000,0x000000076f500000)
  from space 10752K, 99% used [0x000000076f500000,0x000000076ff7a9e8,0x000000076ff80000)
  to   space 10752K, 0% used [0x000000076ff80000,0x000000076ff80000,0x0000000770a00000)
 ParOldGen       total 173568K, used 14001K [0x00000006c2000000, 0x00000006cc980000, 0x000000076b580000)
  object space 173568K, 8% used [0x00000006c2000000,0x00000006c2dac7a0,0x00000006cc980000)
 Metaspace       used 12355K, capacity 12540K, committed 12800K, reserved 1060864K
  class space    used 1375K, capacity 1440K, committed 1536K, reserved 1048576K
Event: 3.034 GC heap after
Heap after GC invocations=2 (full 0):
 PSYoungGen      total 75776K, used 10730K [0x000000076b580000, 0x0000000770a00000, 0x00000007c0000000)
  eden space 65024K, 0% used [0x000000076b580000,0x000000076b580000,0x000000076f500000)
  from space 10752K, 99% used [0x000000076ff80000,0x00000007709fa9c8,0x0000000770a00000)
  to   space 10752K, 0% used [0x000000076f500000,0x000000076f500000,0x000000076ff80000)
 ParOldGen       total 173568K, used 42910K [0x00000006c2000000, 0x00000006cc980000, 0x000000076b580000)
  object space 173568K, 24% used [0x00000006c2000000,0x00000006c49e78c0,0x00000006cc980000)
 Metaspace       used 12355K, capacity 12540K, committed 12800K, reserved 1060864K
  class space    used 1375K, capacity 1440K, committed 1536K, reserved 1048576K
}
Event: 5.014 GC heap before
{Heap before GC invocations=3 (full 0):
 PSYoungGen      total 75776K, used 75754K [0x000000076b580000, 0x0000000770a00000, 0x00000007c0000000)
  eden space 65024K, 100% used [0x000000076b580000,0x000000076f500000,0x000000076f500000)
  from space 10752K, 99% used [0x000000076ff80000,0x00000007709fa9c8,0x0000000770a00000)
  to   space 10752K, 0% used [0x000000076f500000,0x000000076f500000,0x000000076ff80000)
 ParOldGen       total 173568K, used 42916K [0x00000006c2000000, 0x00000006cc980000, 0x000000076b580000)
  object space 173568K, 24% used [0x00000006c2000000,0x00000006c49e93c0,0x00000006cc980000)
 Metaspace       used 12495K, capacity 12672K, committed 12800K, reserved 1060864K
  class space    used 1375K, capacity 1440K, committed 1536K, reserved 1048576K
Event: 5.020 GC heap after
Heap after GC invocations=3 (full 0):
 PSYoungGen      total 75776K, used 10740K [0x000000076b580000, 0x0000000770a00000, 0x00000007c0000000)
  eden space 65024K, 0% used [0x000000076b580000,0x000000076b580000,0x000000076f500000)
  from space 10752K, 99% used [0x000000076f500000,0x000000076ff7d398,0x000000076ff80000)
  to   space 10752K, 0% used [0x000000076ff80000,0x000000076ff80000,0x0000000770a00000)
 ParOldGen       total 173568K, used 68190K [0x00000006c2000000, 0x00000006cc980000, 0x000000076b580000)
  object space 173568K, 39% used [0x00000006c2000000,0x00000006c6297a70,0x00000006cc980000)
 Metaspace       used 12495K, capacity 12672K, committed 12800K, reserved 1060864K
  class space    used 1375K, capacity 1440K, committed 1536K, reserved 1048576K
}
Event: 6.942 GC heap before
{Heap before GC invocations=4 (full 0):
 PSYoungGen      total 75776K, used 75764K [0x000000076b580000, 0x0000000770a00000, 0x00000007c0000000)
  eden space 65024K, 100% used [0x000000076b580000,0x000000076f500000,0x000000076f500000)
  from space 10752K, 99% used [0x000000076f500000,0x000000076ff7d398,0x000000076ff80000)
  to   space 10752K, 0% used [0x000000076ff80000,0x000000076ff80000,0x0000000770a00000)
 ParOldGen       total 173568K, used 68190K [0x00000006c2000000, 0x00000006cc980000, 0x000000076b580000)
  object space 173568K, 39% used [0x00000006c2000000,0x00000006c6297a70,0x00000006cc980000)
 Metaspace       used 12545K, capacity 12736K, committed 13056K, reserved 1060864K
  class space    used 1375K, capacity 1440K, committed 1536K, reserved 1048576K
Event: 6.949 GC heap after
Heap after GC invocations=4 (full 0):
 PSYoungGen      total 75776K, used 10724K [0x000000076b580000, 0x0000000770a00000, 0x00000007c0000000)
  eden space 65024K, 0% used [0x000000076b580000,0x000000076b580000,0x000000076f500000)
  from space 10752K, 99% used [0x000000076ff80000,0x00000007709f9388,0x0000000770a00000)
  to   space 10752K, 0% used [0x000000076f500000,0x000000076f500000,0x000000076ff80000)
 ParOldGen       total 173568K, used 92788K [0x00000006c2000000, 0x00000006cc980000, 0x000000076b580000)
  object space 173568K, 53% used [0x00000006c2000000,0x00000006c7a9d110,0x00000006cc980000)
 Metaspace       used 12545K, capacity 12736K, committed 13056K, reserved 1060864K
  class space    used 1375K, capacity 1440K, committed 1536K, reserved 1048576K
}

