# JRE version: Java(TM) SE Runtime Environment (8.0_91-b15) (build 1.8.0_91-b15)
# Java VM: Java HotSpot(TM) 64-Bit Server VM (25.91-b15 mixed mode windows-amd64 compressed oops)
Heap:
 PSYoungGen      total 43008K, used 28407K [0x000000076b580000, 0x000000076e980000, 0x00000007c0000000)
  eden space 41984K, 66% used [0x000000076b580000,0x000000076d0b5cb8,0x000000076de80000)
  from space 1024K, 53% used [0x000000076df00000,0x000000076df88010,0x000000076e000000)
  to   space 5632K, 0% used [0x000000076e400000,0x000000076e400000,0x000000076e980000)
 ParOldGen       total 173568K, used 8474K [0x00000006c2000000, 0x00000006cc980000, 0x000000076b580000)
  object space 173568K, 4% used [0x00000006c2000000,0x00000006c2846b80,0x00000006cc980000)
 Metaspace       used 16920K, capacity 17158K, committed 17280K, reserved 1064960K
  class space    used 1807K, capacity 1877K, committed 1920K, reserved 1048576K
GC Heap History (10 events):
Event: 11.471 GC heap before
{Heap before GC invocations=27 (full 0):
 PSYoungGen      total 51200K, used 45120K [0x000000076b580000, 0x000000076f000000, 0x00000007c0000000)
  eden space 44544K, 100% used [0x000000076b580000,0x000000076e100000,0x000000076e100000)
  from space 6656K, 8% used [0x000000076e980000,0x000000076ea10010,0x000000076f000000)
  to   space 7680K, 0% used [0x000000076e100000,0x000000076e100000,0x000000076e880000)
 ParOldGen       total 173568K, used 8346K [0x00000006c2000000, 0x00000006cc980000, 0x000000076b580000)
  object space 173568K, 4% used [0x00000006c2000000,0x00000006c2826b80,0x00000006cc980000)
 Metaspace       used 16908K, capacity 17158K, committed 17280K, reserved 1064960K
  class space    used 1807K, capacity 1877K, committed 1920K, reserved 1048576K
Event: 11.472 GC heap after
Heap after GC invocations=27 (full 0):
 PSYoungGen      total 44544K, used 512K [0x000000076b580000, 0x000000076ee80000, 0x00000007c0000000)
  eden space 44032K, 0% used [0x000000076b580000,0x000000076b580000,0x000000076e080000)
  from space 512K, 100% used [0x000000076e100000,0x000000076e180000,0x000000076e180000)
  to   space 7168K, 0% used [0x000000076e780000,0x000000076e780000,0x000000076ee80000)
 ParOldGen       total 173568K, used 8378K [0x00000006c2000000, 0x00000006cc980000, 0x000000076b580000)
  object space 173568K, 4% used [0x00000006c2000000,0x00000006c282eb80,0x00000006cc980000)
 Metaspace       used 16908K, capacity 17158K, committed 17280K, reserved 1064960K
  class space    used 1807K, capacity 1877K, committed 1920K, reserved 1048576K
}
Event: 11.761 GC heap before
{Heap before GC invocations=28 (full 0):
 PSYoungGen      total 44544K, used 44544K [0x000000076b580000, 0x000000076ee80000, 0x00000007c0000000)
  eden space 44032K, 100% used [0x000000076b580000,0x000000076e080000,0x000000076e080000)
  from space 512K, 100% used [0x000000076e100000,0x000000076e180000,0x000000076e180000)
  to   space 7168K, 0% used [0x000000076e780000,0x000000076e780000,0x000000076ee80000)
 ParOldGen       total 173568K, used 8378K [0x00000006c2000000, 0x00000006cc980000, 0x000000076b580000)
  object space 173568K, 4% used [0x00000006c2000000,0x00000006c282eb80,0x00000006cc980000)
 Metaspace       used 16908K, capacity 17158K, committed 17280K, reserved 1064960K
  class space    used 1807K, capacity 1877K, committed 1920K, reserved 1048576K
Event: 11.762 GC heap after
Heap after GC invocations=28 (full 0):
 PSYoungGen      total 49152K, used 512K [0x000000076b580000, 0x000000076ed00000, 0x00000007c0000000)
  eden space 43520K, 0% used [0x000000076b580000,0x000000076b580000,0x000000076e000000)
  from space 5632K, 9% used [0x000000076e780000,0x000000076e800010,0x000000076ed00000)
  to   space 6656K, 0% used [0x000000076e000000,0x000000076e000000,0x000000076e680000)
 ParOldGen       total 173568K, used 8402K [0x00000006c2000000, 0x00000006cc980000, 0x000000076b580000)
  object space 173568K, 4% used [0x00000006c2000000,0x00000006c2834b80,0x00000006cc980000)
 Metaspace       used 16908K, capacity 17158K, committed 17280K, reserved 1064960K
  class space    used 1807K, capacity 1877K, committed 1920K, reserved 1048576K
}
Event: 12.047 GC heap before
{Heap before GC invocations=29 (full 0):
 PSYoungGen      total 49152K, used 44032K [0x000000076b580000, 0x000000076ed00000, 0x00000007c0000000)
  eden space 43520K, 100% used [0x000000076b580000,0x000000076e000000,0x000000076e000000)
  from space 5632K, 9% used [0x000000076e780000,0x000000076e800010,0x000000076ed00000)
  to   space 6656K, 0% used [0x000000076e000000,0x000000076e000000,0x000000076e680000)
 ParOldGen       total 173568K, used 8402K [0x00000006c2000000, 0x00000006cc980000, 0x000000076b580000)
  object space 173568K, 4% used [0x00000006c2000000,0x00000006c2834b80,0x00000006cc980000)
 Metaspace       used 16908K, capacity 17158K, committed 17280K, reserved 1064960K
  class space    used 1807K, capacity 1877K, committed 1920K, reserved 1048576K
Event: 12.048 GC heap after
Heap after GC invocations=29 (full 0):
 PSYoungGen      total 44032K, used 608K [0x000000076b580000, 0x000000076ec80000, 0x00000007c0000000)
  eden space 43008K, 0% used [0x000000076b580000,0x000000076b580000,0x000000076df80000)
  from space 1024K, 59% used [0x000000076e000000,0x000000076e098010,0x000000076e100000)
  to   space 6656K, 0% used [0x000000076e600000,0x000000076e600000,0x000000076ec80000)
 ParOldGen       total 173568K, used 8434K [0x00000006c2000000, 0x00000006cc980000, 0x000000076b580000)
  object space 173568K, 4% used [0x00000006c2000000,0x00000006c283cb80,0x00000006cc980000)
 Metaspace       used 16908K, capacity 17158K, committed 17280K, reserved 1064960K
  class space    used 1807K, capacity 1877K, committed 1920K, reserved 1048576K
}
Event: 12.335 GC heap before
{Heap before GC invocations=30 (full 0):
 PSYoungGen      total 44032K, used 43616K [0x000000076b580000, 0x000000076ec80000, 0x00000007c0000000)
  eden space 43008K, 100% used [0x000000076b580000,0x000000076df80000,0x000000076df80000)
  from space 1024K, 59% used [0x000000076e000000,0x000000076e098010,0x000000076e100000)
  to   space 6656K, 0% used [0x000000076e600000,0x000000076e600000,0x000000076ec80000)
 ParOldGen       total 173568K, used 8434K [0x00000006c2000000, 0x00000006cc980000, 0x000000076b580000)
  object space 173568K, 4% used [0x00000006c2000000,0x00000006c283cb80,0x00000006cc980000)
 Metaspace       used 16908K, capacity 17158K, committed 17280K, reserved 1064960K
  class space    used 1807K, capacity 1877K, committed 1920K, reserved 1048576K
Event: 12.336 GC heap after
Heap after GC invocations=30 (full 0):
 PSYoungGen      total 47616K, used 512K [0x000000076b580000, 0x000000076eb00000, 0x00000007c0000000)
  eden space 42496K, 0% used [0x000000076b580000,0x000000076b580000,0x000000076df00000)
  from space 5120K, 10% used [0x000000076e600000,0x000000076e680000,0x000000076eb00000)
  to   space 6144K, 0% used [0x000000076df00000,0x000000076df00000,0x000000076e500000)
 ParOldGen       total 173568K, used 8458K [0x00000006c2000000, 0x00000006cc980000, 0x000000076b580000)
  object space 173568K, 4% used [0x00000006c2000000,0x00000006c2842b80,0x00000006cc980000)
 Metaspace       used 16908K, capacity 17158K, committed 17280K, reserved 1064960K
  class space    used 1807K, capacity 1877K, committed 1920K, reserved 1048576K
}
Event: 12.625 GC heap before
{Heap before GC invocations=31 (full 0):
 PSYoungGen      total 47616K, used 42911K [0x000000076b580000, 0x000000076eb00000, 0x00000007c0000000)
  eden space 42496K, 99% used [0x000000076b580000,0x000000076dee7ef0,0x000000076df00000)
  from space 5120K, 10% used [0x000000076e600000,0x000000076e680000,0x000000076eb00000)
  to   space 6144K, 0% used [0x000000076df00000,0x000000076df00000,0x000000076e500000)
 ParOldGen       total 173568K, used 8458K [0x00000006c2000000, 0x00000006cc980000, 0x000000076b580000)
  object space 173568K, 4% used [0x00000006c2000000,0x00000006c2842b80,0x00000006cc980000)
 Metaspace       used 16918K, capacity 17158K, committed 17280K, reserved 1064960K
  class space    used 1807K, capacity 1877K, committed 1920K, reserved 1048576K
Event: 12.626 GC heap after
Heap after GC invocations=31 (full 0):
 PSYoungGen      total 43008K, used 544K [0x000000076b580000, 0x000000076e980000, 0x00000007c0000000)
  eden space 41984K, 0% used [0x000000076b580000,0x000000076b580000,0x000000076de80000)
  from space 1024K, 53% used [0x000000076df00000,0x000000076df88010,0x000000076e000000)
  to   space 5632K, 0% used [0x000000076e400000,0x000000076e400000,0x000000076e980000)
 ParOldGen       total 173568K, used 8474K [0x00000006c2000000, 0x00000006cc980000, 0x000000076b580000)
  object space 173568K, 4% used [0x00000006c2000000,0x00000006c2846b80,0x00000006cc980000)
 Metaspace       used 16918K, capacity 17158K, committed 17280K, reserved 1064960K
  class space    used 1807K, capacity 1877K, committed 1920K, reserved 1048576K
}

