# JRE version: Java(TM) SE Runtime Environment (8.0_91-b15) (build 1.8.0_91-b15)
# Java VM: Java HotSpot(TM) 64-Bit Server VM (25.91-b15 mixed mode windows-amd64 compressed oops)
Heap:
 PSYoungGen      total 1279488K, used 1107597K [0x000000076b580000, 0x00000007c0000000, 0x00000007c0000000)
  eden space 1226240K, 86% used [0x000000076b580000,0x00000007abb635e8,0x00000007b6300000)
  from space 53248K, 99% used [0x00000007b6300000,0x00000007b96c0000,0x00000007b9700000)
  to   space 83456K, 0% used [0x00000007bae80000,0x00000007bae80000,0x00000007c0000000)
 ParOldGen       total 173568K, used 93510K [0x00000006c2000000, 0x00000006cc980000, 0x000000076b580000)
  object space 173568K, 53% used [0x00000006c2000000,0x00000006c7b51870,0x00000006cc980000)
 Metaspace       used 10863K, capacity 11064K, committed 11392K, reserved 1058816K
  class space    used 1222K, capacity 1315K, committed 1408K, reserved 1048576K
GC Heap History (10 events):
Event: 16.118 GC heap before
{Heap before GC invocations=13 (full 0):
 PSYoungGen      total 1335808K, used 1329056K [0x000000076b580000, 0x00000007c0000000, 0x00000007c0000000)
  eden space 1293824K, 100% used [0x000000076b580000,0x00000007ba500000,0x00000007ba500000)
  from space 41984K, 83% used [0x00000007bd680000,0x00000007bf8e8000,0x00000007bff80000)
  to   space 46592K, 0% used [0x00000007ba500000,0x00000007ba500000,0x00000007bd280000)
 ParOldGen       total 173568K, used 56102K [0x00000006c2000000, 0x00000006cc980000, 0x000000076b580000)
  object space 173568K, 32% used [0x00000006c2000000,0x00000006c56c9870,0x00000006cc980000)
 Metaspace       used 10841K, capacity 11032K, committed 11392K, reserved 1058816K
  class space    used 1219K, capacity 1283K, committed 1408K, reserved 1048576K
Event: 16.271 GC heap after
Heap after GC invocations=13 (full 0):
 PSYoungGen      total 1340416K, used 46592K [0x000000076b580000, 0x00000007c0000000, 0x00000007c0000000)
  eden space 1293824K, 0% used [0x000000076b580000,0x000000076b580000,0x00000007ba500000)
  from space 46592K, 100% used [0x00000007ba500000,0x00000007bd280000,0x00000007bd280000)
  to   space 46592K, 0% used [0x00000007bd280000,0x00000007bd280000,0x00000007c0000000)
 ParOldGen       total 173568K, used 65462K [0x00000006c2000000, 0x00000006cc980000, 0x000000076b580000)
  object space 173568K, 37% used [0x00000006c2000000,0x00000006c5fed870,0x00000006cc980000)
 Metaspace       used 10841K, capacity 11032K, committed 11392K, reserved 1058816K
  class space    used 1219K, capacity 1283K, committed 1408K, reserved 1048576K
}
Event: 19.851 GC heap before
{Heap before GC invocations=14 (full 0):
 PSYoungGen      total 1340416K, used 1340416K [0x000000076b580000, 0x00000007c0000000, 0x00000007c0000000)
  eden space 1293824K, 100% used [0x000000076b580000,0x00000007ba500000,0x00000007ba500000)
  from space 46592K, 100% used [0x00000007ba500000,0x00000007bd280000,0x00000007bd280000)
  to   space 46592K, 0% used [0x00000007bd280000,0x00000007bd280000,0x00000007c0000000)
 ParOldGen       total 173568K, used 65462K [0x00000006c2000000, 0x00000006cc980000, 0x000000076b580000)
  object space 173568K, 37% used [0x00000006c2000000,0x00000006c5fed870,0x00000006cc980000)
 Metaspace       used 10841K, capacity 11032K, committed 11392K, reserved 1058816K
  class space    used 1219K, capacity 1283K, committed 1408K, reserved 1048576K
Event: 20.026 GC heap after
Heap after GC invocations=14 (full 0):
 PSYoungGen      total 1293312K, used 46592K [0x000000076b580000, 0x00000007c0000000, 0x00000007c0000000)
  eden space 1246720K, 0% used [0x000000076b580000,0x000000076b580000,0x00000007b7700000)
  from space 46592K, 100% used [0x00000007bd280000,0x00000007c0000000,0x00000007c0000000)
  to   space 70144K, 0% used [0x00000007b7700000,0x00000007b7700000,0x00000007bbb80000)
 ParOldGen       total 173568K, used 84158K [0x00000006c2000000, 0x00000006cc980000, 0x000000076b580000)
  object space 173568K, 48% used [0x00000006c2000000,0x00000006c722f870,0x00000006cc980000)
 Metaspace       used 10841K, capacity 11032K, committed 11392K, reserved 1058816K
  class space    used 1219K, capacity 1283K, committed 1408K, reserved 1048576K
}
Event: 23.468 GC heap before
{Heap before GC invocations=15 (full 0):
 PSYoungGen      total 1293312K, used 1293312K [0x000000076b580000, 0x00000007c0000000, 0x00000007c0000000)
  eden space 1246720K, 100% used [0x000000076b580000,0x00000007b7700000,0x00000007b7700000)
  from space 46592K, 100% used [0x00000007bd280000,0x00000007c0000000,0x00000007c0000000)
  to   space 70144K, 0% used [0x00000007b7700000,0x00000007b7700000,0x00000007bbb80000)
 ParOldGen       total 173568K, used 84158K [0x00000006c2000000, 0x00000006cc980000, 0x000000076b580000)
  object space 173568K, 48% used [0x00000006c2000000,0x00000006c722f870,0x00000006cc980000)
 Metaspace       used 10841K, capacity 11032K, committed 11392K, reserved 1058816K
  class space    used 1219K, capacity 1283K, committed 1408K, reserved 1048576K
Event: 23.626 GC heap after
Heap after GC invocations=15 (full 0):
 PSYoungGen      total 1300992K, used 53888K [0x000000076b580000, 0x00000007c0000000, 0x00000007c0000000)
  eden space 1246720K, 0% used [0x000000076b580000,0x000000076b580000,0x00000007b7700000)
  from space 54272K, 99% used [0x00000007b7700000,0x00000007baba0000,0x00000007bac00000)
  to   space 75776K, 0% used [0x00000007bb600000,0x00000007bb600000,0x00000007c0000000)
 ParOldGen       total 173568K, used 93494K [0x00000006c2000000, 0x00000006cc980000, 0x000000076b580000)
  object space 173568K, 53% used [0x00000006c2000000,0x00000006c7b4d870,0x00000006cc980000)
 Metaspace       used 10841K, capacity 11032K, committed 11392K, reserved 1058816K
  class space    used 1219K, capacity 1283K, committed 1408K, reserved 1048576K
}
Event: 27.131 GC heap before
{Heap before GC invocations=16 (full 0):
 PSYoungGen      total 1300992K, used 1300608K [0x000000076b580000, 0x00000007c0000000, 0x00000007c0000000)
  eden space 1246720K, 100% used [0x000000076b580000,0x00000007b7700000,0x00000007b7700000)
  from space 54272K, 99% used [0x00000007b7700000,0x00000007baba0000,0x00000007bac00000)
  to   space 75776K, 0% used [0x00000007bb600000,0x00000007bb600000,0x00000007c0000000)
 ParOldGen       total 173568K, used 93494K [0x00000006c2000000, 0x00000006cc980000, 0x000000076b580000)
  object space 173568K, 53% used [0x00000006c2000000,0x00000006c7b4d870,0x00000006cc980000)
 Metaspace       used 10841K, capacity 11032K, committed 11392K, reserved 1058816K
  class space    used 1219K, capacity 1283K, committed 1408K, reserved 1048576K
Event: 27.284 GC heap after
Heap after GC invocations=16 (full 0):
 PSYoungGen      total 1302016K, used 53888K [0x000000076b580000, 0x00000007c0000000, 0x00000007c0000000)
  eden space 1226240K, 0% used [0x000000076b580000,0x000000076b580000,0x00000007b6300000)
  from space 75776K, 71% used [0x00000007bb600000,0x00000007beaa0000,0x00000007c0000000)
  to   space 80384K, 0% used [0x00000007b6300000,0x00000007b6300000,0x00000007bb180000)
 ParOldGen       total 173568K, used 93510K [0x00000006c2000000, 0x00000006cc980000, 0x000000076b580000)
  object space 173568K, 53% used [0x00000006c2000000,0x00000006c7b51870,0x00000006cc980000)
 Metaspace       used 10841K, capacity 11032K, committed 11392K, reserved 1058816K
  class space    used 1219K, capacity 1283K, committed 1408K, reserved 1048576K
}
Event: 30.756 GC heap before
{Heap before GC invocations=17 (full 0):
 PSYoungGen      total 1302016K, used 1280128K [0x000000076b580000, 0x00000007c0000000, 0x00000007c0000000)
  eden space 1226240K, 100% used [0x000000076b580000,0x00000007b6300000,0x00000007b6300000)
  from space 75776K, 71% used [0x00000007bb600000,0x00000007beaa0000,0x00000007c0000000)
  to   space 80384K, 0% used [0x00000007b6300000,0x00000007b6300000,0x00000007bb180000)
 ParOldGen       total 173568K, used 93510K [0x00000006c2000000, 0x00000006cc980000, 0x000000076b580000)
  object space 173568K, 53% used [0x00000006c2000000,0x00000006c7b51870,0x00000006cc980000)
 Metaspace       used 10841K, capacity 11032K, committed 11392K, reserved 1058816K
  class space    used 1219K, capacity 1283K, committed 1408K, reserved 1048576K
Event: 30.899 GC heap after
Heap after GC invocations=17 (full 0):
 PSYoungGen      total 1279488K, used 52992K [0x000000076b580000, 0x00000007c0000000, 0x00000007c0000000)
  eden space 1226240K, 0% used [0x000000076b580000,0x000000076b580000,0x00000007b6300000)
  from space 53248K, 99% used [0x00000007b6300000,0x00000007b96c0000,0x00000007b9700000)
  to   space 83456K, 0% used [0x00000007bae80000,0x00000007bae80000,0x00000007c0000000)
 ParOldGen       total 173568K, used 93510K [0x00000006c2000000, 0x00000006cc980000, 0x000000076b580000)
  object space 173568K, 53% used [0x00000006c2000000,0x00000006c7b51870,0x00000006cc980000)
 Metaspace       used 10841K, capacity 11032K, committed 11392K, reserved 1058816K
  class space    used 1219K, capacity 1283K, committed 1408K, reserved 1048576K
}

