# JRE version: Java(TM) SE Runtime Environment (8.0_91-b15) (build 1.8.0_91-b15)
# Java VM: Java HotSpot(TM) 64-Bit Server VM (25.91-b15 mixed mode windows-amd64 compressed oops)
Heap:
 PSYoungGen      total 267776K, used 37268K [0x000000076b580000, 0x000000078c680000, 0x00000007c0000000)
  eden space 259584K, 11% used [0x000000076b580000,0x000000076d1e5348,0x000000077b300000)
  from space 8192K, 100% used [0x000000077b300000,0x000000077bb00000,0x000000077bb00000)
  to   space 11264K, 0% used [0x000000078bb80000,0x000000078bb80000,0x000000078c680000)
 ParOldGen       total 173568K, used 4806K [0x00000006c2000000, 0x00000006cc980000, 0x000000076b580000)
  object space 173568K, 2% used [0x00000006c2000000,0x00000006c24b1b60,0x00000006cc980000)
 Metaspace       used 11024K, capacity 11208K, committed 11392K, reserved 1058816K
  class space    used 1259K, capacity 1342K, committed 1408K, reserved 1048576K
GC Heap History (10 events):
Event: 1.817 GC heap before
{Heap before GC invocations=3 (full 0):
 PSYoungGen      total 75776K, used 70597K [0x000000076b580000, 0x0000000774980000, 0x00000007c0000000)
  eden space 65024K, 100% used [0x000000076b580000,0x000000076f500000,0x000000076f500000)
  from space 10752K, 51% used [0x000000076ff80000,0x00000007704f1798,0x0000000770a00000)
  to   space 10752K, 0% used [0x000000076f500000,0x000000076f500000,0x000000076ff80000)
 ParOldGen       total 173568K, used 24K [0x00000006c2000000, 0x00000006cc980000, 0x000000076b580000)
  object space 173568K, 0% used [0x00000006c2000000,0x00000006c2006000,0x00000006cc980000)
 Metaspace       used 10973K, capacity 11112K, committed 11392K, reserved 1058816K
  class space    used 1256K, capacity 1310K, committed 1408K, reserved 1048576K
Event: 1.825 GC heap after
Heap after GC invocations=3 (full 0):
 PSYoungGen      total 75776K, used 5637K [0x000000076b580000, 0x0000000774980000, 0x00000007c0000000)
  eden space 65024K, 0% used [0x000000076b580000,0x000000076b580000,0x000000076f500000)
  from space 10752K, 52% used [0x000000076f500000,0x000000076fa817b8,0x000000076ff80000)
  to   space 10752K, 0% used [0x0000000773f00000,0x0000000773f00000,0x0000000774980000)
 ParOldGen       total 173568K, used 32K [0x00000006c2000000, 0x00000006cc980000, 0x000000076b580000)
  object space 173568K, 0% used [0x00000006c2000000,0x00000006c2008000,0x00000006cc980000)
 Metaspace       used 10973K, capacity 11112K, committed 11392K, reserved 1058816K
  class space    used 1256K, capacity 1310K, committed 1408K, reserved 1048576K
}
Event: 2.114 GC heap before
{Heap before GC invocations=4 (full 0):
 PSYoungGen      total 75776K, used 70661K [0x000000076b580000, 0x0000000774980000, 0x00000007c0000000)
  eden space 65024K, 100% used [0x000000076b580000,0x000000076f500000,0x000000076f500000)
  from space 10752K, 52% used [0x000000076f500000,0x000000076fa817b8,0x000000076ff80000)
  to   space 10752K, 0% used [0x0000000773f00000,0x0000000773f00000,0x0000000774980000)
 ParOldGen       total 173568K, used 32K [0x00000006c2000000, 0x00000006cc980000, 0x000000076b580000)
  object space 173568K, 0% used [0x00000006c2000000,0x00000006c2008000,0x00000006cc980000)
 Metaspace       used 10984K, capacity 11112K, committed 11392K, reserved 1058816K
  class space    used 1256K, capacity 1310K, committed 1408K, reserved 1048576K
Event: 2.122 GC heap after
Heap after GC invocations=4 (full 0):
 PSYoungGen      total 140800K, used 5637K [0x000000076b580000, 0x0000000774980000, 0x00000007c0000000)
  eden space 130048K, 0% used [0x000000076b580000,0x000000076b580000,0x0000000773480000)
  from space 10752K, 52% used [0x0000000773f00000,0x00000007744817b8,0x0000000774980000)
  to   space 10752K, 0% used [0x0000000773480000,0x0000000773480000,0x0000000773f00000)
 ParOldGen       total 173568K, used 32K [0x00000006c2000000, 0x00000006cc980000, 0x000000076b580000)
  object space 173568K, 0% used [0x00000006c2000000,0x00000006c2008000,0x00000006cc980000)
 Metaspace       used 10984K, capacity 11112K, committed 11392K, reserved 1058816K
  class space    used 1256K, capacity 1310K, committed 1408K, reserved 1048576K
}
Event: 2.696 GC heap before
{Heap before GC invocations=5 (full 0):
 PSYoungGen      total 140800K, used 135685K [0x000000076b580000, 0x0000000774980000, 0x00000007c0000000)
  eden space 130048K, 100% used [0x000000076b580000,0x0000000773480000,0x0000000773480000)
  from space 10752K, 52% used [0x0000000773f00000,0x00000007744817b8,0x0000000774980000)
  to   space 10752K, 0% used [0x0000000773480000,0x0000000773480000,0x0000000773f00000)
 ParOldGen       total 173568K, used 32K [0x00000006c2000000, 0x00000006cc980000, 0x000000076b580000)
  object space 173568K, 0% used [0x00000006c2000000,0x00000006c2008000,0x00000006cc980000)
 Metaspace       used 10985K, capacity 11112K, committed 11392K, reserved 1058816K
  class space    used 1256K, capacity 1310K, committed 1408K, reserved 1048576K
Event: 2.714 GC heap after
Heap after GC invocations=5 (full 0):
 PSYoungGen      total 140800K, used 7861K [0x000000076b580000, 0x000000077c280000, 0x00000007c0000000)
  eden space 130048K, 0% used [0x000000076b580000,0x000000076b580000,0x0000000773480000)
  from space 10752K, 73% used [0x0000000773480000,0x0000000773c2d7a8,0x0000000773f00000)
  to   space 7680K, 0% used [0x000000077bb00000,0x000000077bb00000,0x000000077c280000)
 ParOldGen       total 173568K, used 40K [0x00000006c2000000, 0x00000006cc980000, 0x000000076b580000)
  object space 173568K, 0% used [0x00000006c2000000,0x00000006c200a000,0x00000006cc980000)
 Metaspace       used 10985K, capacity 11112K, committed 11392K, reserved 1058816K
  class space    used 1256K, capacity 1310K, committed 1408K, reserved 1048576K
}
Event: 3.263 GC heap before
{Heap before GC invocations=6 (full 0):
 PSYoungGen      total 140800K, used 137909K [0x000000076b580000, 0x000000077c280000, 0x00000007c0000000)
  eden space 130048K, 100% used [0x000000076b580000,0x0000000773480000,0x0000000773480000)
  from space 10752K, 73% used [0x0000000773480000,0x0000000773c2d7a8,0x0000000773f00000)
  to   space 7680K, 0% used [0x000000077bb00000,0x000000077bb00000,0x000000077c280000)
 ParOldGen       total 173568K, used 40K [0x00000006c2000000, 0x00000006cc980000, 0x000000076b580000)
  object space 173568K, 0% used [0x00000006c2000000,0x00000006c200a000,0x00000006cc980000)
 Metaspace       used 11020K, capacity 11208K, committed 11392K, reserved 1058816K
  class space    used 1259K, capacity 1342K, committed 1408K, reserved 1048576K
Event: 3.279 GC heap after
Heap after GC invocations=6 (full 0):
 PSYoungGen      total 267264K, used 7653K [0x000000076b580000, 0x000000077c380000, 0x00000007c0000000)
  eden space 259584K, 0% used [0x000000076b580000,0x000000076b580000,0x000000077b300000)
  from space 7680K, 99% used [0x000000077bb00000,0x000000077c279798,0x000000077c280000)
  to   space 8192K, 0% used [0x000000077b300000,0x000000077b300000,0x000000077bb00000)
 ParOldGen       total 173568K, used 288K [0x00000006c2000000, 0x00000006cc980000, 0x000000076b580000)
  object space 173568K, 0% used [0x00000006c2000000,0x00000006c2048000,0x00000006cc980000)
 Metaspace       used 11020K, capacity 11208K, committed 11392K, reserved 1058816K
  class space    used 1259K, capacity 1342K, committed 1408K, reserved 1048576K
}
Event: 4.439 GC heap before
{Heap before GC invocations=7 (full 0):
 PSYoungGen      total 267264K, used 267237K [0x000000076b580000, 0x000000077c380000, 0x00000007c0000000)
  eden space 259584K, 100% used [0x000000076b580000,0x000000077b300000,0x000000077b300000)
  from space 7680K, 99% used [0x000000077bb00000,0x000000077c279798,0x000000077c280000)
  to   space 8192K, 0% used [0x000000077b300000,0x000000077b300000,0x000000077bb00000)
 ParOldGen       total 173568K, used 288K [0x00000006c2000000, 0x00000006cc980000, 0x000000076b580000)
  object space 173568K, 0% used [0x00000006c2000000,0x00000006c2048000,0x00000006cc980000)
 Metaspace       used 11020K, capacity 11208K, committed 11392K, reserved 1058816K
  class space    used 1259K, capacity 1342K, committed 1408K, reserved 1048576K
Event: 4.473 GC heap after
Heap after GC invocations=7 (full 0):
 PSYoungGen      total 267776K, used 8192K [0x000000076b580000, 0x000000078c680000, 0x00000007c0000000)
  eden space 259584K, 0% used [0x000000076b580000,0x000000076b580000,0x000000077b300000)
  from space 8192K, 100% used [0x000000077b300000,0x000000077bb00000,0x000000077bb00000)
  to   space 11264K, 0% used [0x000000078bb80000,0x000000078bb80000,0x000000078c680000)
 ParOldGen       total 173568K, used 4806K [0x00000006c2000000, 0x00000006cc980000, 0x000000076b580000)
  object space 173568K, 2% used [0x00000006c2000000,0x00000006c24b1b60,0x00000006cc980000)
 Metaspace       used 11020K, capacity 11208K, committed 11392K, reserved 1058816K
  class space    used 1259K, capacity 1342K, committed 1408K, reserved 1048576K
}

