# JRE version: Java(TM) SE Runtime Environment (8.0_91-b15) (build 1.8.0_91-b15)
# Java VM: Java HotSpot(TM) 64-Bit Server VM (25.91-b15 mixed mode windows-amd64 compressed oops)
Heap:
 PSYoungGen      total 72704K, used 46186K [0x000000076b580000, 0x0000000770a00000, 0x00000007c0000000)
  eden space 59904K, 75% used [0x000000076b580000,0x000000076e1e2980,0x000000076f000000)
  from space 12800K, 5% used [0x000000076fd80000,0x000000076fe38010,0x0000000770a00000)
  to   space 13312K, 0% used [0x000000076f000000,0x000000076f000000,0x000000076fd00000)
 ParOldGen       total 173568K, used 8409K [0x00000006c2000000, 0x00000006cc980000, 0x000000076b580000)
  object space 173568K, 4% used [0x00000006c2000000,0x00000006c2836790,0x00000006cc980000)
 Metaspace       used 16390K, capacity 16566K, committed 16768K, reserved 1064960K
  class space    used 1809K, capacity 1877K, committed 1920K, reserved 1048576K
GC Heap History (10 events):
Event: 3.373 GC heap before
{Heap before GC invocations=4 (full 0):
 PSYoungGen      total 75776K, used 73870K [0x000000076b580000, 0x0000000770a00000, 0x00000007c0000000)
  eden space 65024K, 100% used [0x000000076b580000,0x000000076f500000,0x000000076f500000)
  from space 10752K, 82% used [0x000000076f500000,0x000000076fda3ab8,0x000000076ff80000)
  to   space 10752K, 0% used [0x000000076ff80000,0x000000076ff80000,0x0000000770a00000)
 ParOldGen       total 173568K, used 254K [0x00000006c2000000, 0x00000006cc980000, 0x000000076b580000)
  object space 173568K, 0% used [0x00000006c2000000,0x00000006c203fac0,0x00000006cc980000)
 Metaspace       used 16186K, capacity 16434K, committed 16512K, reserved 1064960K
  class space    used 1808K, capacity 1877K, committed 1920K, reserved 1048576K
Event: 3.377 GC heap after
Heap after GC invocations=4 (full 0):
 PSYoungGen      total 75776K, used 8734K [0x000000076b580000, 0x0000000770a00000, 0x00000007c0000000)
  eden space 65024K, 0% used [0x000000076b580000,0x000000076b580000,0x000000076f500000)
  from space 10752K, 81% used [0x000000076ff80000,0x0000000770807ac8,0x0000000770a00000)
  to   space 10752K, 0% used [0x000000076f500000,0x000000076f500000,0x000000076ff80000)
 ParOldGen       total 173568K, used 262K [0x00000006c2000000, 0x00000006cc980000, 0x000000076b580000)
  object space 173568K, 0% used [0x00000006c2000000,0x00000006c2041ac0,0x00000006cc980000)
 Metaspace       used 16186K, capacity 16434K, committed 16512K, reserved 1064960K
  class space    used 1808K, capacity 1877K, committed 1920K, reserved 1048576K
}
Event: 3.830 GC heap before
{Heap before GC invocations=5 (full 0):
 PSYoungGen      total 75776K, used 73644K [0x000000076b580000, 0x0000000770a00000, 0x00000007c0000000)
  eden space 65024K, 99% used [0x000000076b580000,0x000000076f4e3920,0x000000076f500000)
  from space 10752K, 81% used [0x000000076ff80000,0x0000000770807ac8,0x0000000770a00000)
  to   space 10752K, 0% used [0x000000076f500000,0x000000076f500000,0x000000076ff80000)
 ParOldGen       total 173568K, used 262K [0x00000006c2000000, 0x00000006cc980000, 0x000000076b580000)
  object space 173568K, 0% used [0x00000006c2000000,0x00000006c2041ac0,0x00000006cc980000)
 Metaspace       used 16278K, capacity 16502K, committed 16768K, reserved 1064960K
  class space    used 1808K, capacity 1877K, committed 1920K, reserved 1048576K
Event: 3.834 GC heap after
Heap after GC invocations=5 (full 0):
 PSYoungGen      total 72704K, used 8782K [0x000000076b580000, 0x0000000770980000, 0x00000007c0000000)
  eden space 63488K, 0% used [0x000000076b580000,0x000000076b580000,0x000000076f380000)
  from space 9216K, 95% used [0x000000076f500000,0x000000076fd93ab8,0x000000076fe00000)
  to   space 11264K, 0% used [0x000000076fe80000,0x000000076fe80000,0x0000000770980000)
 ParOldGen       total 173568K, used 270K [0x00000006c2000000, 0x00000006cc980000, 0x000000076b580000)
  object space 173568K, 0% used [0x00000006c2000000,0x00000006c2043ac0,0x00000006cc980000)
 Metaspace       used 16278K, capacity 16502K, committed 16768K, reserved 1064960K
  class space    used 1808K, capacity 1877K, committed 1920K, reserved 1048576K
}
Event: 4.258 GC heap before
{Heap before GC invocations=6 (full 0):
 PSYoungGen      total 72704K, used 72270K [0x000000076b580000, 0x0000000770980000, 0x00000007c0000000)
  eden space 63488K, 100% used [0x000000076b580000,0x000000076f380000,0x000000076f380000)
  from space 9216K, 95% used [0x000000076f500000,0x000000076fd93ab8,0x000000076fe00000)
  to   space 11264K, 0% used [0x000000076fe80000,0x000000076fe80000,0x0000000770980000)
 ParOldGen       total 173568K, used 270K [0x00000006c2000000, 0x00000006cc980000, 0x000000076b580000)
  object space 173568K, 0% used [0x00000006c2000000,0x00000006c2043ac0,0x00000006cc980000)
 Metaspace       used 16299K, capacity 16502K, committed 16768K, reserved 1064960K
  class space    used 1808K, capacity 1877K, committed 1920K, reserved 1048576K
Event: 4.262 GC heap after
Heap after GC invocations=6 (full 0):
 PSYoungGen      total 71168K, used 8766K [0x000000076b580000, 0x0000000770780000, 0x00000007c0000000)
  eden space 61952K, 0% used [0x000000076b580000,0x000000076b580000,0x000000076f200000)
  from space 9216K, 95% used [0x000000076fe80000,0x000000077070fa98,0x0000000770780000)
  to   space 10752K, 0% used [0x000000076f280000,0x000000076f280000,0x000000076fd00000)
 ParOldGen       total 173568K, used 278K [0x00000006c2000000, 0x00000006cc980000, 0x000000076b580000)
  object space 173568K, 0% used [0x00000006c2000000,0x00000006c2045ac0,0x00000006cc980000)
 Metaspace       used 16299K, capacity 16502K, committed 16768K, reserved 1064960K
  class space    used 1808K, capacity 1877K, committed 1920K, reserved 1048576K
}
Event: 4.712 GC heap before
{Heap before GC invocations=7 (full 0):
 PSYoungGen      total 71168K, used 70718K [0x000000076b580000, 0x0000000770780000, 0x00000007c0000000)
  eden space 61952K, 99% used [0x000000076b580000,0x000000076f1fffe8,0x000000076f200000)
  from space 9216K, 95% used [0x000000076fe80000,0x000000077070fa98,0x0000000770780000)
  to   space 10752K, 0% used [0x000000076f280000,0x000000076f280000,0x000000076fd00000)
 ParOldGen       total 173568K, used 278K [0x00000006c2000000, 0x00000006cc980000, 0x000000076b580000)
  object space 173568K, 0% used [0x00000006c2000000,0x00000006c2045ac0,0x00000006cc980000)
 Metaspace       used 16356K, capacity 16566K, committed 16768K, reserved 1064960K
  class space    used 1808K, capacity 1877K, committed 1920K, reserved 1048576K
Event: 4.718 GC heap after
Heap after GC invocations=7 (full 0):
 PSYoungGen      total 71680K, used 704K [0x000000076b580000, 0x0000000770a00000, 0x00000007c0000000)
  eden space 60928K, 0% used [0x000000076b580000,0x000000076b580000,0x000000076f100000)
  from space 10752K, 6% used [0x000000076f280000,0x000000076f330000,0x000000076fd00000)
  to   space 12800K, 0% used [0x000000076fd80000,0x000000076fd80000,0x0000000770a00000)
 ParOldGen       total 173568K, used 8377K [0x00000006c2000000, 0x00000006cc980000, 0x000000076b580000)
  object space 173568K, 4% used [0x00000006c2000000,0x00000006c282e790,0x00000006cc980000)
 Metaspace       used 16356K, capacity 16566K, committed 16768K, reserved 1064960K
  class space    used 1808K, capacity 1877K, committed 1920K, reserved 1048576K
}
Event: 5.125 GC heap before
{Heap before GC invocations=8 (full 0):
 PSYoungGen      total 71680K, used 61632K [0x000000076b580000, 0x0000000770a00000, 0x00000007c0000000)
  eden space 60928K, 100% used [0x000000076b580000,0x000000076f100000,0x000000076f100000)
  from space 10752K, 6% used [0x000000076f280000,0x000000076f330000,0x000000076fd00000)
  to   space 12800K, 0% used [0x000000076fd80000,0x000000076fd80000,0x0000000770a00000)
 ParOldGen       total 173568K, used 8377K [0x00000006c2000000, 0x00000006cc980000, 0x000000076b580000)
  object space 173568K, 4% used [0x00000006c2000000,0x00000006c282e790,0x00000006cc980000)
 Metaspace       used 16382K, capacity 16566K, committed 16768K, reserved 1064960K
  class space    used 1808K, capacity 1877K, committed 1920K, reserved 1048576K
Event: 5.126 GC heap after
Heap after GC invocations=8 (full 0):
 PSYoungGen      total 72704K, used 736K [0x000000076b580000, 0x0000000770a00000, 0x00000007c0000000)
  eden space 59904K, 0% used [0x000000076b580000,0x000000076b580000,0x000000076f000000)
  from space 12800K, 5% used [0x000000076fd80000,0x000000076fe38010,0x0000000770a00000)
  to   space 13312K, 0% used [0x000000076f000000,0x000000076f000000,0x000000076fd00000)
 ParOldGen       total 173568K, used 8409K [0x00000006c2000000, 0x00000006cc980000, 0x000000076b580000)
  object space 173568K, 4% used [0x00000006c2000000,0x00000006c2836790,0x00000006cc980000)
 Metaspace       used 16382K, capacity 16566K, committed 16768K, reserved 1064960K
  class space    used 1808K, capacity 1877K, committed 1920K, reserved 1048576K
}

