# JRE version: Java(TM) SE Runtime Environment (8.0_91-b15) (build 1.8.0_91-b15)
# Java VM: Java HotSpot(TM) 64-Bit Server VM (25.91-b15 mixed mode windows-amd64 compressed oops)
Heap:
 PSYoungGen      total 528896K, used 493960K [0x000000076b580000, 0x000000078c480000, 0x00000007c0000000)
  eden space 518144K, 93% used [0x000000076b580000,0x0000000788ed23f0,0x000000078af80000)
  from space 10752K, 86% used [0x000000078ba00000,0x000000078c310000,0x000000078c480000)
  to   space 10752K, 0% used [0x000000078af80000,0x000000078af80000,0x000000078ba00000)
 ParOldGen       total 173568K, used 6411K [0x00000006c2000000, 0x00000006cc980000, 0x000000076b580000)
  object space 173568K, 3% used [0x00000006c2000000,0x00000006c2642cb8,0x00000006cc980000)
 Metaspace       used 11667K, capacity 11844K, committed 11904K, reserved 1060864K
  class space    used 1322K, capacity 1406K, committed 1408K, reserved 1048576K
GC Heap History (10 events):
Event: 2.516 GC heap before
{Heap before GC invocations=4 (full 0):
 PSYoungGen      total 75776K, used 73006K [0x000000076b580000, 0x0000000774980000, 0x00000007c0000000)
  eden space 65024K, 100% used [0x000000076b580000,0x000000076f500000,0x000000076f500000)
  from space 10752K, 74% used [0x000000076f500000,0x000000076fccba78,0x000000076ff80000)
  to   space 10752K, 0% used [0x0000000773f00000,0x0000000773f00000,0x0000000774980000)
 ParOldGen       total 173568K, used 32K [0x00000006c2000000, 0x00000006cc980000, 0x000000076b580000)
  object space 173568K, 0% used [0x00000006c2000000,0x00000006c2008000,0x00000006cc980000)
 Metaspace       used 11608K, capacity 11748K, committed 11904K, reserved 1060864K
  class space    used 1319K, capacity 1374K, committed 1408K, reserved 1048576K
Event: 2.524 GC heap after
Heap after GC invocations=4 (full 0):
 PSYoungGen      total 140800K, used 7950K [0x000000076b580000, 0x0000000774980000, 0x00000007c0000000)
  eden space 130048K, 0% used [0x000000076b580000,0x000000076b580000,0x0000000773480000)
  from space 10752K, 73% used [0x0000000773f00000,0x00000007746c3a78,0x0000000774980000)
  to   space 10752K, 0% used [0x0000000773480000,0x0000000773480000,0x0000000773f00000)
 ParOldGen       total 173568K, used 32K [0x00000006c2000000, 0x00000006cc980000, 0x000000076b580000)
  object space 173568K, 0% used [0x00000006c2000000,0x00000006c2008000,0x00000006cc980000)
 Metaspace       used 11608K, capacity 11748K, committed 11904K, reserved 1060864K
  class space    used 1319K, capacity 1374K, committed 1408K, reserved 1048576K
}
Event: 3.104 GC heap before
{Heap before GC invocations=5 (full 0):
 PSYoungGen      total 140800K, used 137998K [0x000000076b580000, 0x0000000774980000, 0x00000007c0000000)
  eden space 130048K, 100% used [0x000000076b580000,0x0000000773480000,0x0000000773480000)
  from space 10752K, 73% used [0x0000000773f00000,0x00000007746c3a78,0x0000000774980000)
  to   space 10752K, 0% used [0x0000000773480000,0x0000000773480000,0x0000000773f00000)
 ParOldGen       total 173568K, used 32K [0x00000006c2000000, 0x00000006cc980000, 0x000000076b580000)
  object space 173568K, 0% used [0x00000006c2000000,0x00000006c2008000,0x00000006cc980000)
 Metaspace       used 11610K, capacity 11748K, committed 11904K, reserved 1060864K
  class space    used 1319K, capacity 1374K, committed 1408K, reserved 1048576K
Event: 3.122 GC heap after
Heap after GC invocations=5 (full 0):
 PSYoungGen      total 140800K, used 10126K [0x000000076b580000, 0x000000077c680000, 0x00000007c0000000)
  eden space 130048K, 0% used [0x000000076b580000,0x000000076b580000,0x0000000773480000)
  from space 10752K, 94% used [0x0000000773480000,0x0000000773e63a78,0x0000000773f00000)
  to   space 9728K, 0% used [0x000000077bd00000,0x000000077bd00000,0x000000077c680000)
 ParOldGen       total 173568K, used 40K [0x00000006c2000000, 0x00000006cc980000, 0x000000076b580000)
  object space 173568K, 0% used [0x00000006c2000000,0x00000006c200a000,0x00000006cc980000)
 Metaspace       used 11610K, capacity 11748K, committed 11904K, reserved 1060864K
  class space    used 1319K, capacity 1374K, committed 1408K, reserved 1048576K
}
Event: 3.699 GC heap before
{Heap before GC invocations=6 (full 0):
 PSYoungGen      total 140800K, used 140174K [0x000000076b580000, 0x000000077c680000, 0x00000007c0000000)
  eden space 130048K, 100% used [0x000000076b580000,0x0000000773480000,0x0000000773480000)
  from space 10752K, 94% used [0x0000000773480000,0x0000000773e63a78,0x0000000773f00000)
  to   space 9728K, 0% used [0x000000077bd00000,0x000000077bd00000,0x000000077c680000)
 ParOldGen       total 173568K, used 40K [0x00000006c2000000, 0x00000006cc980000, 0x000000076b580000)
  object space 173568K, 0% used [0x00000006c2000000,0x00000006c200a000,0x00000006cc980000)
 Metaspace       used 11610K, capacity 11748K, committed 11904K, reserved 1060864K
  class space    used 1319K, capacity 1374K, committed 1408K, reserved 1048576K
Event: 3.715 GC heap after
Heap after GC invocations=6 (full 0):
 PSYoungGen      total 268800K, used 9710K [0x000000076b580000, 0x000000077c880000, 0x00000007c0000000)
  eden space 259072K, 0% used [0x000000076b580000,0x000000076b580000,0x000000077b280000)
  from space 9728K, 99% used [0x000000077bd00000,0x000000077c67ba78,0x000000077c680000)
  to   space 10752K, 0% used [0x000000077b280000,0x000000077b280000,0x000000077bd00000)
 ParOldGen       total 173568K, used 576K [0x00000006c2000000, 0x00000006cc980000, 0x000000076b580000)
  object space 173568K, 0% used [0x00000006c2000000,0x00000006c2090000,0x00000006cc980000)
 Metaspace       used 11610K, capacity 11748K, committed 11904K, reserved 1060864K
  class space    used 1319K, capacity 1374K, committed 1408K, reserved 1048576K
}
Event: 4.864 GC heap before
{Heap before GC invocations=7 (full 0):
 PSYoungGen      total 268800K, used 268782K [0x000000076b580000, 0x000000077c880000, 0x00000007c0000000)
  eden space 259072K, 100% used [0x000000076b580000,0x000000077b280000,0x000000077b280000)
  from space 9728K, 99% used [0x000000077bd00000,0x000000077c67ba78,0x000000077c680000)
  to   space 10752K, 0% used [0x000000077b280000,0x000000077b280000,0x000000077bd00000)
 ParOldGen       total 173568K, used 576K [0x00000006c2000000, 0x00000006cc980000, 0x000000076b580000)
  object space 173568K, 0% used [0x00000006c2000000,0x00000006c2090000,0x00000006cc980000)
 Metaspace       used 11613K, capacity 11748K, committed 11904K, reserved 1060864K
  class space    used 1319K, capacity 1374K, committed 1408K, reserved 1048576K
Event: 4.896 GC heap after
Heap after GC invocations=7 (full 0):
 PSYoungGen      total 269824K, used 9408K [0x000000076b580000, 0x000000078c480000, 0x00000007c0000000)
  eden space 259072K, 0% used [0x000000076b580000,0x000000076b580000,0x000000077b280000)
  from space 10752K, 87% used [0x000000077b280000,0x000000077bbb0000,0x000000077bd00000)
  to   space 10752K, 0% used [0x000000078ba00000,0x000000078ba00000,0x000000078c480000)
 ParOldGen       total 173568K, used 6411K [0x00000006c2000000, 0x00000006cc980000, 0x000000076b580000)
  object space 173568K, 3% used [0x00000006c2000000,0x00000006c2642cb8,0x00000006cc980000)
 Metaspace       used 11613K, capacity 11748K, committed 11904K, reserved 1060864K
  class space    used 1319K, capacity 1374K, committed 1408K, reserved 1048576K
}
Event: 5.987 GC heap before
{Heap before GC invocations=8 (full 0):
 PSYoungGen      total 269824K, used 268480K [0x000000076b580000, 0x000000078c480000, 0x00000007c0000000)
  eden space 259072K, 100% used [0x000000076b580000,0x000000077b280000,0x000000077b280000)
  from space 10752K, 87% used [0x000000077b280000,0x000000077bbb0000,0x000000077bd00000)
  to   space 10752K, 0% used [0x000000078ba00000,0x000000078ba00000,0x000000078c480000)
 ParOldGen       total 173568K, used 6411K [0x00000006c2000000, 0x00000006cc980000, 0x000000076b580000)
  object space 173568K, 3% used [0x00000006c2000000,0x00000006c2642cb8,0x00000006cc980000)
 Metaspace       used 11613K, capacity 11748K, committed 11904K, reserved 1060864K
  class space    used 1319K, capacity 1374K, committed 1408K, reserved 1048576K
Event: 6.015 GC heap after
Heap after GC invocations=8 (full 0):
 PSYoungGen      total 528896K, used 9280K [0x000000076b580000, 0x000000078c480000, 0x00000007c0000000)
  eden space 518144K, 0% used [0x000000076b580000,0x000000076b580000,0x000000078af80000)
  from space 10752K, 86% used [0x000000078ba00000,0x000000078c310000,0x000000078c480000)
  to   space 10752K, 0% used [0x000000078af80000,0x000000078af80000,0x000000078ba00000)
 ParOldGen       total 173568K, used 6411K [0x00000006c2000000, 0x00000006cc980000, 0x000000076b580000)
  object space 173568K, 3% used [0x00000006c2000000,0x00000006c2642cb8,0x00000006cc980000)
 Metaspace       used 11613K, capacity 11748K, committed 11904K, reserved 1060864K
  class space    used 1319K, capacity 1374K, committed 1408K, reserved 1048576K
}

